
════════════════════════════════════════════════════════════
  📅 2026-04-05 01:01:17
  🏦 OKX | XPL/USDT | FUTURES | TF: 1m
  💲 Цена: 0.116960
────────────────────────────────────────────────────────────
  📉 SHORT | Уверенность: 81% | СИЛЬНЫЙ 🟢
  🛑 Stop-Loss:   0.117267
  🎯 Take-Profit: 0.116346
────────────────────────────────────────────────────────────
  ▲ ЛОНГ сигналы:
    ✓ BB сужение — готовится движение
    ✓ Цена у поддержки 0.11673 (0.20%)
  ▼ ШОРТ сигналы:
    ✓ MA20 пересёк MA50 вниз ↓
    ✓ MA тренд ВНИЗ (0.11713<0.11715)
    ✓ MACD гистограмма- (-0.000031)
    ✓ BB сужение — готовится движение
    ✓ Цена у сопротивления 0.11715 (0.16%)
════════════════════════════════════════════════════════════

════════════════════════════════════════════════════════════
  📅 2026-04-05 01:01:17
  🏦 OKX | XPL/USDT | FUTURES | TF: 5m
  💲 Цена: 0.116980
────────────────────────────────────────────────────────────
  🚀 LONG | Уверенность: 52% | СЛАБЫЙ ⚪
  🛑 Stop-Loss:   0.116108
  🎯 Take-Profit: 0.118724
────────────────────────────────────────────────────────────
  ▲ ЛОНГ сигналы:
    ✓ Stoch RSI перепродан (<20)
    ✓ MA тренд ВВЕРХ (0.11702>0.11532)
    ✓ BB сужение — готовится движение
  ▼ ШОРТ сигналы:
    ✓ MACD гистограмма- (-0.000101)
    ✓ BB сужение — готовится движение
    ✓ Цена у сопротивления 0.11736 (0.33%)
════════════════════════════════════════════════════════════

════════════════════════════════════════════════════════════
  📅 2026-04-05 01:01:17
  🏦 OKX | XPL/USDT | FUTURES | TF: 15m
  💲 Цена: 0.116980
────────────────────────────────────────────────────────────
  📉 SHORT | Уверенность: 53% | СЛАБЫЙ ⚪
  🛑 Stop-Loss:   0.118505
  🎯 Take-Profit: 0.113930
────────────────────────────────────────────────────────────
  ▲ ЛОНГ сигналы:
    ✓ MACD гистограмма+ (0.000319)
    ✓ Скрытая бычья дивергенция: цена ↑ (0.11685→0.11686), RSI ↓ (56.6→55.4) — продолжение роста
    ✓ Цена у поддержки 0.11657 (0.35%)
  ▼ ШОРТ сигналы:
    ✓ Stoch RSI перекуплен (>80)
    ✓ MA тренд ВНИЗ (0.11547<0.11684)
    ✓ Цена у сопротивления 0.11752 (0.47%)
════════════════════════════════════════════════════════════

▓▓▓▓▓▓▓▓▓▓▓▓▓▓▓▓▓▓▓▓▓▓▓▓▓▓▓▓▓▓▓▓▓▓▓▓▓▓▓▓▓▓▓▓▓▓▓▓▓▓▓▓▓▓▓▓▓▓▓▓
  📊 МУЛЬТИ-ТАЙМФРЕЙМ АНАЛИЗ
  📅 2026-04-05 01:01:17 | OKX | XPL/USDT | FUTURES
────────────────────────────────────────────────────────────
  1m → SHORT (81%)
  5m → LONG (52%)
  15m → SHORT (53%)
────────────────────────────────────────────────────────────
  🏆 ИТОГ: SHORT | Уверенность: 67%
▓▓▓▓▓▓▓▓▓▓▓▓▓▓▓▓▓▓▓▓▓▓▓▓▓▓▓▓▓▓▓▓▓▓▓▓▓▓▓▓▓▓▓▓▓▓▓▓▓▓▓▓▓▓▓▓▓▓▓▓

════════════════════════════════════════════════════════════
  📅 2026-04-05 01:02:18
  🏦 OKX | XPL/USDT | FUTURES | TF: 1m
  💲 Цена: 0.117110
────────────────────────────────────────────────────────────
  📉 SHORT | Уверенность: 61% | СРЕДНИЙ 🟡
  🛑 Stop-Loss:   0.117426
  🎯 Take-Profit: 0.116479
────────────────────────────────────────────────────────────
  ▲ ЛОНГ сигналы:
    ✓ Stoch RSI: K пересёк D вверх
    ✓ BB сужение — готовится движение
    ✓ Цена у поддержки 0.11673 (0.33%)
  ▼ ШОРТ сигналы:
    ✓ MA тренд ВНИЗ (0.11714<0.11716)
    ✓ MACD гистограмма- (-0.000017)
    ✓ BB сужение — готовится движение
    ✓ Цена у сопротивления 0.11715 (0.03%)
════════════════════════════════════════════════════════════

════════════════════════════════════════════════════════════
  📅 2026-04-05 01:02:18
  🏦 OKX | XPL/USDT | FUTURES | TF: 5m
  💲 Цена: 0.117110
────────────────────────────────────────────────────────────
  🚀 LONG | Уверенность: 71% | СРЕДНИЙ 🟡
  🛑 Stop-Loss:   0.116226
  🎯 Take-Profit: 0.118878
────────────────────────────────────────────────────────────
  ▲ ЛОНГ сигналы:
    ✓ Stoch RSI перепродан (<20)
    ✓ Stoch RSI: K пересёк D вверх
    ✓ MA тренд ВВЕРХ (0.11703>0.11533)
    ✓ BB сужение — готовится движение
    ✓ Цена у поддержки 0.11701 (0.08%)
  ▼ ШОРТ сигналы:
    ✓ MACD гистограмма- (-0.000093)
    ✓ BB сужение — готовится движение
    ✓ Цена у сопротивления 0.11736 (0.22%)
════════════════════════════════════════════════════════════

════════════════════════════════════════════════════════════
  📅 2026-04-05 01:02:18
  🏦 OKX | XPL/USDT | FUTURES | TF: 15m
  💲 Цена: 0.117110
────────────────────────────────────────────────────────────
  📉 SHORT | Уверенность: 53% | СЛАБЫЙ ⚪
  🛑 Stop-Loss:   0.118647
  🎯 Take-Profit: 0.114036
────────────────────────────────────────────────────────────
  ▲ ЛОНГ сигналы:
    ✓ MACD гистограмма+ (0.000328)
    ✓ Скрытая бычья дивергенция: цена ↑ (0.11685→0.11686), RSI ↓ (56.6→55.4) — продолжение роста
    ✓ Цена у поддержки 0.11657 (0.46%)
  ▼ ШОРТ сигналы:
    ✓ Stoch RSI перекуплен (>80)
    ✓ MA тренд ВНИЗ (0.11548<0.11684)
    ✓ Цена у сопротивления 0.11752 (0.35%)
════════════════════════════════════════════════════════════

▓▓▓▓▓▓▓▓▓▓▓▓▓▓▓▓▓▓▓▓▓▓▓▓▓▓▓▓▓▓▓▓▓▓▓▓▓▓▓▓▓▓▓▓▓▓▓▓▓▓▓▓▓▓▓▓▓▓▓▓
  📊 МУЛЬТИ-ТАЙМФРЕЙМ АНАЛИЗ
  📅 2026-04-05 01:02:18 | OKX | XPL/USDT | FUTURES
────────────────────────────────────────────────────────────
  1m → SHORT (61%)
  5m → LONG (71%)
  15m → SHORT (53%)
────────────────────────────────────────────────────────────
  🏆 ИТОГ: SHORT | Уверенность: 67%
▓▓▓▓▓▓▓▓▓▓▓▓▓▓▓▓▓▓▓▓▓▓▓▓▓▓▓▓▓▓▓▓▓▓▓▓▓▓▓▓▓▓▓▓▓▓▓▓▓▓▓▓▓▓▓▓▓▓▓▓

════════════════════════════════════════════════════════════
  📅 2026-04-05 01:03:20
  🏦 OKX | XPL/USDT | FUTURES | TF: 1m
  💲 Цена: 0.116960
────────────────────────────────────────────────────────────
  📉 SHORT | Уверенность: 82% | СИЛЬНЫЙ 🟢
  🛑 Stop-Loss:   0.117272
  🎯 Take-Profit: 0.116336
────────────────────────────────────────────────────────────
  🕯️  Паттерны: Bearish Engulfing 🔴
────────────────────────────────────────────────────────────
  ▲ ЛОНГ сигналы:
    ✓ BB сужение — готовится движение
    ✓ Цена у поддержки 0.11673 (0.20%)
  ▼ ШОРТ сигналы:
    ✓ MA тренд ВНИЗ (0.11713<0.11716)
    ✓ MACD гистограмма- (-0.000021)
    ✓ BB сужение — готовится движение
    ✓ Bearish Engulfing 🔴: Медвежье поглощение — сильный сигнал падения
    ✓ Цена у сопротивления 0.11715 (0.16%)
════════════════════════════════════════════════════════════

════════════════════════════════════════════════════════════
  📅 2026-04-05 01:03:20
  🏦 OKX | XPL/USDT | FUTURES | TF: 5m
  💲 Цена: 0.116990
────────────────────────────────────────────────────────────
  🚀 LONG | Уверенность: 52% | СЛАБЫЙ ⚪
  🛑 Stop-Loss:   0.116104
  🎯 Take-Profit: 0.118762
────────────────────────────────────────────────────────────
  ▲ ЛОНГ сигналы:
    ✓ Stoch RSI перепродан (<20)
    ✓ MA тренд ВВЕРХ (0.11702>0.11532)
    ✓ BB сужение — готовится движение
  ▼ ШОРТ сигналы:
    ✓ MACD гистограмма- (-0.000100)
    ✓ BB сужение — готовится движение
    ✓ Цена у сопротивления 0.11736 (0.32%)
════════════════════════════════════════════════════════════

════════════════════════════════════════════════════════════
  📅 2026-04-05 01:03:20
  🏦 OKX | XPL/USDT | FUTURES | TF: 15m
  💲 Цена: 0.116990
────────────────────────────────────────────────────────────
  📉 SHORT | Уверенность: 53% | СЛАБЫЙ ⚪
  🛑 Stop-Loss:   0.118529
  🎯 Take-Profit: 0.113912
────────────────────────────────────────────────────────────
  ▲ ЛОНГ сигналы:
    ✓ MACD гистограмма+ (0.000320)
    ✓ Скрытая бычья дивергенция: цена ↑ (0.11685→0.11686), RSI ↓ (56.6→55.4) — продолжение роста
    ✓ Цена у поддержки 0.11657 (0.36%)
  ▼ ШОРТ сигналы:
    ✓ Stoch RSI перекуплен (>80)
    ✓ MA тренд ВНИЗ (0.11548<0.11684)
    ✓ Цена у сопротивления 0.11752 (0.46%)
════════════════════════════════════════════════════════════

▓▓▓▓▓▓▓▓▓▓▓▓▓▓▓▓▓▓▓▓▓▓▓▓▓▓▓▓▓▓▓▓▓▓▓▓▓▓▓▓▓▓▓▓▓▓▓▓▓▓▓▓▓▓▓▓▓▓▓▓
  📊 МУЛЬТИ-ТАЙМФРЕЙМ АНАЛИЗ
  📅 2026-04-05 01:03:20 | OKX | XPL/USDT | FUTURES
────────────────────────────────────────────────────────────
  1m → SHORT (82%)
  5m → LONG (52%)
  15m → SHORT (53%)
────────────────────────────────────────────────────────────
  🏆 ИТОГ: SHORT | Уверенность: 67%
▓▓▓▓▓▓▓▓▓▓▓▓▓▓▓▓▓▓▓▓▓▓▓▓▓▓▓▓▓▓▓▓▓▓▓▓▓▓▓▓▓▓▓▓▓▓▓▓▓▓▓▓▓▓▓▓▓▓▓▓

════════════════════════════════════════════════════════════
  📅 2026-04-05 01:04:21
  🏦 OKX | XPL/USDT | FUTURES | TF: 1m
  💲 Цена: 0.116910
────────────────────────────────────────────────────────────
  📉 SHORT | Уверенность: 73% | СРЕДНИЙ 🟡
  🛑 Stop-Loss:   0.117212
  🎯 Take-Profit: 0.116306
────────────────────────────────────────────────────────────
  ▲ ЛОНГ сигналы:
    ✓ BB сужение — готовится движение
    ✓ Цена у поддержки 0.11673 (0.16%)
  ▼ ШОРТ сигналы:
    ✓ MA тренд ВНИЗ (0.11711<0.11716)
    ✓ MACD гистограмма- (-0.000028)
    ✓ BB сужение — готовится движение
    ✓ Цена у сопротивления 0.11715 (0.20%)
════════════════════════════════════════════════════════════

════════════════════════════════════════════════════════════
  📅 2026-04-05 01:04:21
  🏦 OKX | XPL/USDT | FUTURES | TF: 5m
  💲 Цена: 0.116920
────────────────────────────────────────────────────────────
  🚀 LONG | Уверенность: 52% | СЛАБЫЙ ⚪
  🛑 Stop-Loss:   0.116034
  🎯 Take-Profit: 0.118692
────────────────────────────────────────────────────────────
  ▲ ЛОНГ сигналы:
    ✓ Stoch RSI перепродан (<20)
    ✓ MA тренд ВВЕРХ (0.11702>0.11532)
    ✓ BB сужение — готовится движение
  ▼ ШОРТ сигналы:
    ✓ MACD гистограмма- (-0.000105)
    ✓ BB сужение — готовится движение
    ✓ Цена у сопротивления 0.11736 (0.38%)
════════════════════════════════════════════════════════════

════════════════════════════════════════════════════════════
  📅 2026-04-05 01:04:21
  🏦 OKX | XPL/USDT | FUTURES | TF: 15m
  💲 Цена: 0.116910
────────────────────────────────────────────────────────────
  🚀 LONG | Уверенность: 58% | СЛАБЫЙ ⚪
  🛑 Stop-Loss:   0.115371
  🎯 Take-Profit: 0.119988
────────────────────────────────────────────────────────────
  ▲ ЛОНГ сигналы:
    ✓ MACD гистограмма+ (0.000315)
    ✓ Скрытая бычья дивергенция: цена ↑ (0.11685→0.11686), RSI ↓ (56.6→55.4) — продолжение роста
    ✓ Цена у поддержки 0.11657 (0.29%)
  ▼ ШОРТ сигналы:
    ✓ Stoch RSI перекуплен (>80)
    ✓ MA тренд ВНИЗ (0.11547<0.11684)
════════════════════════════════════════════════════════════

▓▓▓▓▓▓▓▓▓▓▓▓▓▓▓▓▓▓▓▓▓▓▓▓▓▓▓▓▓▓▓▓▓▓▓▓▓▓▓▓▓▓▓▓▓▓▓▓▓▓▓▓▓▓▓▓▓▓▓▓
  📊 МУЛЬТИ-ТАЙМФРЕЙМ АНАЛИЗ
  📅 2026-04-05 01:04:21 | OKX | XPL/USDT | FUTURES
────────────────────────────────────────────────────────────
  1m → SHORT (73%)
  5m → LONG (52%)
  15m → LONG (58%)
────────────────────────────────────────────────────────────
  🏆 ИТОГ: LONG | Уверенность: 67%
▓▓▓▓▓▓▓▓▓▓▓▓▓▓▓▓▓▓▓▓▓▓▓▓▓▓▓▓▓▓▓▓▓▓▓▓▓▓▓▓▓▓▓▓▓▓▓▓▓▓▓▓▓▓▓▓▓▓▓▓

════════════════════════════════════════════════════════════
  📅 2026-04-05 01:05:21
  🏦 OKX | XPL/USDT | FUTURES | TF: 1m
  💲 Цена: 0.116980
────────────────────────────────────────────────────────────
  📉 SHORT | Уверенность: 73% | СРЕДНИЙ 🟡
  🛑 Stop-Loss:   0.117279
  🎯 Take-Profit: 0.116382
────────────────────────────────────────────────────────────
  ▲ ЛОНГ сигналы:
    ✓ BB сужение — готовится движение
    ✓ Цена у поддержки 0.11673 (0.22%)
  ▼ ШОРТ сигналы:
    ✓ MA тренд ВНИЗ (0.11710<0.11716)
    ✓ MACD гистограмма- (-0.000023)
    ✓ BB сужение — готовится движение
    ✓ Цена у сопротивления 0.11715 (0.14%)
════════════════════════════════════════════════════════════

════════════════════════════════════════════════════════════
  📅 2026-04-05 01:05:21
  🏦 OKX | XPL/USDT | FUTURES | TF: 5m
  💲 Цена: 0.116980
────────────────────────────────────────────────────────────
  🚀 LONG | Уверенность: 52% | СЛАБЫЙ ⚪
  🛑 Stop-Loss:   0.116147
  🎯 Take-Profit: 0.118647
────────────────────────────────────────────────────────────
  ▲ ЛОНГ сигналы:
    ✓ Stoch RSI перепродан (<20)
    ✓ MA тренд ВВЕРХ (0.11706>0.11537)
    ✓ BB сужение — готовится движение
  ▼ ШОРТ сигналы:
    ✓ MACD гистограмма- (-0.000111)
    ✓ BB сужение — готовится движение
    ✓ Цена у сопротивления 0.11738 (0.34%)
════════════════════════════════════════════════════════════

════════════════════════════════════════════════════════════
  📅 2026-04-05 01:05:21
  🏦 OKX | XPL/USDT | FUTURES | TF: 15m
  💲 Цена: 0.116980
────────────────────────────────────────────────────────────
  📉 SHORT | Уверенность: 53% | СЛАБЫЙ ⚪
  🛑 Stop-Loss:   0.118519
  🎯 Take-Profit: 0.113902
────────────────────────────────────────────────────────────
  ▲ ЛОНГ сигналы:
    ✓ MACD гистограмма+ (0.000319)
    ✓ Скрытая бычья дивергенция: цена ↑ (0.11685→0.11686), RSI ↓ (56.6→55.4) — продолжение роста
    ✓ Цена у поддержки 0.11657 (0.35%)
  ▼ ШОРТ сигналы:
    ✓ Stoch RSI перекуплен (>80)
    ✓ MA тренд ВНИЗ (0.11547<0.11684)
    ✓ Цена у сопротивления 0.11752 (0.47%)
════════════════════════════════════════════════════════════

▓▓▓▓▓▓▓▓▓▓▓▓▓▓▓▓▓▓▓▓▓▓▓▓▓▓▓▓▓▓▓▓▓▓▓▓▓▓▓▓▓▓▓▓▓▓▓▓▓▓▓▓▓▓▓▓▓▓▓▓
  📊 МУЛЬТИ-ТАЙМФРЕЙМ АНАЛИЗ
  📅 2026-04-05 01:05:21 | OKX | XPL/USDT | FUTURES
────────────────────────────────────────────────────────────
  1m → SHORT (73%)
  5m → LONG (52%)
  15m → SHORT (53%)
────────────────────────────────────────────────────────────
  🏆 ИТОГ: SHORT | Уверенность: 67%
▓▓▓▓▓▓▓▓▓▓▓▓▓▓▓▓▓▓▓▓▓▓▓▓▓▓▓▓▓▓▓▓▓▓▓▓▓▓▓▓▓▓▓▓▓▓▓▓▓▓▓▓▓▓▓▓▓▓▓▓

════════════════════════════════════════════════════════════
  📅 2026-04-05 01:06:22
  🏦 OKX | XPL/USDT | FUTURES | TF: 1m
  💲 Цена: 0.116980
────────────────────────────────────────────────────────────
  📉 SHORT | Уверенность: 70% | СРЕДНИЙ 🟡
  🛑 Stop-Loss:   0.117285
  🎯 Take-Profit: 0.116371
────────────────────────────────────────────────────────────
  ▲ ЛОНГ сигналы:
    ✓ Stoch RSI: K пересёк D вверх
    ✓ BB сужение — готовится движение
    ✓ Цена у поддержки 0.11673 (0.21%)
  ▼ ШОРТ сигналы:
    ✓ MA тренд ВНИЗ (0.11709<0.11717)
    ✓ MACD гистограмма- (-0.000014)
    ✓ BB сужение — готовится движение
    ✓ Скрытая медвежья дивергенция: цена ↓ (0.11711→0.11710), RSI ↑ (48.9→49.8) — продолжение падения
    ✓ Цена у сопротивления 0.11715 (0.14%)
════════════════════════════════════════════════════════════

════════════════════════════════════════════════════════════
  📅 2026-04-05 01:06:22
  🏦 OKX | XPL/USDT | FUTURES | TF: 5m
  💲 Цена: 0.117030
────────────────────────────────────────────────────────────
  🚀 LONG | Уверенность: 64% | СРЕДНИЙ 🟡
  🛑 Stop-Loss:   0.116182
  🎯 Take-Profit: 0.118727
────────────────────────────────────────────────────────────
  ▲ ЛОНГ сигналы:
    ✓ Stoch RSI перепродан (<20)
    ✓ MA тренд ВВЕРХ (0.11706>0.11537)
    ✓ BB сужение — готовится движение
    ✓ Цена у поддержки 0.11701 (0.02%)
  ▼ ШОРТ сигналы:
    ✓ MACD гистограмма- (-0.000108)
    ✓ BB сужение — готовится движение
    ✓ Цена у сопротивления 0.11738 (0.30%)
════════════════════════════════════════════════════════════

════════════════════════════════════════════════════════════
  📅 2026-04-05 01:06:22
  🏦 OKX | XPL/USDT | FUTURES | TF: 15m
  💲 Цена: 0.117030
────────────────────────────────────────────────────────────
  📉 SHORT | Уверенность: 53% | СЛАБЫЙ ⚪
  🛑 Stop-Loss:   0.118569
  🎯 Take-Profit: 0.113952
────────────────────────────────────────────────────────────
  ▲ ЛОНГ сигналы:
    ✓ MACD гистограмма+ (0.000322)
    ✓ Скрытая бычья дивергенция: цена ↑ (0.11685→0.11686), RSI ↓ (56.6→55.4) — продолжение роста
    ✓ Цена у поддержки 0.11657 (0.39%)
  ▼ ШОРТ сигналы:
    ✓ Stoch RSI перекуплен (>80)
    ✓ MA тренд ВНИЗ (0.11548<0.11684)
    ✓ Цена у сопротивления 0.11752 (0.42%)
════════════════════════════════════════════════════════════

▓▓▓▓▓▓▓▓▓▓▓▓▓▓▓▓▓▓▓▓▓▓▓▓▓▓▓▓▓▓▓▓▓▓▓▓▓▓▓▓▓▓▓▓▓▓▓▓▓▓▓▓▓▓▓▓▓▓▓▓
  📊 МУЛЬТИ-ТАЙМФРЕЙМ АНАЛИЗ
  📅 2026-04-05 01:06:22 | OKX | XPL/USDT | FUTURES
────────────────────────────────────────────────────────────
  1m → SHORT (70%)
  5m → LONG (64%)
  15m → SHORT (53%)
────────────────────────────────────────────────────────────
  🏆 ИТОГ: SHORT | Уверенность: 67%
▓▓▓▓▓▓▓▓▓▓▓▓▓▓▓▓▓▓▓▓▓▓▓▓▓▓▓▓▓▓▓▓▓▓▓▓▓▓▓▓▓▓▓▓▓▓▓▓▓▓▓▓▓▓▓▓▓▓▓▓

════════════════════════════════════════════════════════════
  📅 2026-04-05 01:07:24
  🏦 OKX | XPL/USDT | FUTURES | TF: 1m
  💲 Цена: 0.117000
────────────────────────────────────────────────────────────
  📉 SHORT | Уверенность: 81% | СИЛЬНЫЙ 🟢
  🛑 Stop-Loss:   0.117288
  🎯 Take-Profit: 0.116424
────────────────────────────────────────────────────────────
  ▲ ЛОНГ сигналы:
    ✓ BB сужение — готовится движение
    ✓ Цена у поддержки 0.11673 (0.23%)
  ▼ ШОРТ сигналы:
    ✓ MA тренд ВНИЗ (0.11708<0.11717)
    ✓ MACD гистограмма- (-0.000009)
    ✓ BB сужение — готовится движение
    ✓ Скрытая медвежья дивергенция: цена ↓ (0.11711→0.11710), RSI ↑ (48.9→49.8) — продолжение падения
    ✓ Цена у сопротивления 0.11715 (0.12%)
════════════════════════════════════════════════════════════

════════════════════════════════════════════════════════════
  📅 2026-04-05 01:07:24
  🏦 OKX | XPL/USDT | FUTURES | TF: 5m
  💲 Цена: 0.117000
────────────────────────────────────────────────────────────
  🚀 LONG | Уверенность: 52% | СЛАБЫЙ ⚪
  🛑 Stop-Loss:   0.116152
  🎯 Take-Profit: 0.118697
────────────────────────────────────────────────────────────
  ▲ ЛОНГ сигналы:
    ✓ Stoch RSI перепродан (<20)
    ✓ MA тренд ВВЕРХ (0.11706>0.11537)
    ✓ BB сужение — готовится движение
  ▼ ШОРТ сигналы:
    ✓ MACD гистограмма- (-0.000110)
    ✓ BB сужение — готовится движение
    ✓ Цена у сопротивления 0.11738 (0.33%)
════════════════════════════════════════════════════════════

════════════════════════════════════════════════════════════
  📅 2026-04-05 01:07:24
  🏦 OKX | XPL/USDT | FUTURES | TF: 15m
  💲 Цена: 0.117000
────────────────────────────────────────────────────────────
  📉 SHORT | Уверенность: 53% | СЛАБЫЙ ⚪
  🛑 Stop-Loss:   0.118539
  🎯 Take-Profit: 0.113922
────────────────────────────────────────────────────────────
  ▲ ЛОНГ сигналы:
    ✓ MACD гистограмма+ (0.000321)
    ✓ Скрытая бычья дивергенция: цена ↑ (0.11685→0.11686), RSI ↓ (56.6→55.4) — продолжение роста
    ✓ Цена у поддержки 0.11657 (0.37%)
  ▼ ШОРТ сигналы:
    ✓ Stoch RSI перекуплен (>80)
    ✓ MA тренд ВНИЗ (0.11548<0.11684)
    ✓ Цена у сопротивления 0.11752 (0.45%)
════════════════════════════════════════════════════════════

▓▓▓▓▓▓▓▓▓▓▓▓▓▓▓▓▓▓▓▓▓▓▓▓▓▓▓▓▓▓▓▓▓▓▓▓▓▓▓▓▓▓▓▓▓▓▓▓▓▓▓▓▓▓▓▓▓▓▓▓
  📊 МУЛЬТИ-ТАЙМФРЕЙМ АНАЛИЗ
  📅 2026-04-05 01:07:24 | OKX | XPL/USDT | FUTURES
────────────────────────────────────────────────────────────
  1m → SHORT (81%)
  5m → LONG (52%)
  15m → SHORT (53%)
────────────────────────────────────────────────────────────
  🏆 ИТОГ: SHORT | Уверенность: 67%
▓▓▓▓▓▓▓▓▓▓▓▓▓▓▓▓▓▓▓▓▓▓▓▓▓▓▓▓▓▓▓▓▓▓▓▓▓▓▓▓▓▓▓▓▓▓▓▓▓▓▓▓▓▓▓▓▓▓▓▓

════════════════════════════════════════════════════════════
  📅 2026-04-05 01:08:25
  🏦 OKX | XPL/USDT | FUTURES | TF: 1m
  💲 Цена: 0.116950
────────────────────────────────────────────────────────────
  📉 SHORT | Уверенность: 87% | СИЛЬНЫЙ 🟢
  🛑 Stop-Loss:   0.117226
  🎯 Take-Profit: 0.116398
────────────────────────────────────────────────────────────
  🕯️  Паттерны: Three Black Crows 🐦🐦🐦
────────────────────────────────────────────────────────────
  ▲ ЛОНГ сигналы:
    ✓ BB сужение — готовится движение
    ✓ Цена у поддержки 0.11673 (0.19%)
  ▼ ШОРТ сигналы:
    ✓ MA тренд ВНИЗ (0.11707<0.11717)
    ✓ MACD гистограмма- (-0.000011)
    ✓ BB сужение — готовится движение
    ✓ Three Black Crows 🐦🐦🐦: Три чёрные вороны — сильный нисходящий тренд
    ✓ Скрытая медвежья дивергенция: цена ↓ (0.11711→0.11710), RSI ↑ (48.9→49.8) — продолжение падения
    ✓ Цена у сопротивления 0.11715 (0.17%)
════════════════════════════════════════════════════════════

════════════════════════════════════════════════════════════
  📅 2026-04-05 01:08:25
  🏦 OKX | XPL/USDT | FUTURES | TF: 5m
  💲 Цена: 0.116960
────────────────────────────────────────────────────────────
  🚀 LONG | Уверенность: 52% | СЛАБЫЙ ⚪
  🛑 Stop-Loss:   0.116112
  🎯 Take-Profit: 0.118657
────────────────────────────────────────────────────────────
  ▲ ЛОНГ сигналы:
    ✓ Stoch RSI перепродан (<20)
    ✓ MA тренд ВВЕРХ (0.11706>0.11537)
    ✓ BB сужение — готовится движение
  ▼ ШОРТ сигналы:
    ✓ MACD гистограмма- (-0.000112)
    ✓ BB сужение — готовится движение
    ✓ Цена у сопротивления 0.11738 (0.36%)
════════════════════════════════════════════════════════════

════════════════════════════════════════════════════════════
  📅 2026-04-05 01:08:25
  🏦 OKX | XPL/USDT | FUTURES | TF: 15m
  💲 Цена: 0.116950
────────────────────────────────────────────────────────────
  📉 SHORT | Уверенность: 53% | СЛАБЫЙ ⚪
  🛑 Stop-Loss:   0.118489
  🎯 Take-Profit: 0.113872
────────────────────────────────────────────────────────────
  ▲ ЛОНГ сигналы:
    ✓ MACD гистограмма+ (0.000317)
    ✓ Скрытая бычья дивергенция: цена ↑ (0.11685→0.11686), RSI ↓ (56.6→55.4) — продолжение роста
    ✓ Цена у поддержки 0.11657 (0.32%)
  ▼ ШОРТ сигналы:
    ✓ Stoch RSI перекуплен (>80)
    ✓ MA тренд ВНИЗ (0.11547<0.11684)
    ✓ Цена у сопротивления 0.11752 (0.49%)
════════════════════════════════════════════════════════════

▓▓▓▓▓▓▓▓▓▓▓▓▓▓▓▓▓▓▓▓▓▓▓▓▓▓▓▓▓▓▓▓▓▓▓▓▓▓▓▓▓▓▓▓▓▓▓▓▓▓▓▓▓▓▓▓▓▓▓▓
  📊 МУЛЬТИ-ТАЙМФРЕЙМ АНАЛИЗ
  📅 2026-04-05 01:08:25 | OKX | XPL/USDT | FUTURES
────────────────────────────────────────────────────────────
  1m → SHORT (87%)
  5m → LONG (52%)
  15m → SHORT (53%)
────────────────────────────────────────────────────────────
  🏆 ИТОГ: SHORT | Уверенность: 67%
▓▓▓▓▓▓▓▓▓▓▓▓▓▓▓▓▓▓▓▓▓▓▓▓▓▓▓▓▓▓▓▓▓▓▓▓▓▓▓▓▓▓▓▓▓▓▓▓▓▓▓▓▓▓▓▓▓▓▓▓

════════════════════════════════════════════════════════════
  📅 2026-04-05 01:09:25
  🏦 OKX | XPL/USDT | FUTURES | TF: 1m
  💲 Цена: 0.117060
────────────────────────────────────────────────────────────
  📉 SHORT | Уверенность: 64% | СРЕДНИЙ 🟡
  🛑 Stop-Loss:   0.117334
  🎯 Take-Profit: 0.116512
────────────────────────────────────────────────────────────
  🕯️  Паттерны: Doji, Shooting Star ⭐
────────────────────────────────────────────────────────────
  ▲ ЛОНГ сигналы:
    ✓ MACD кроссовер ↑
    ✓ MACD гистограмма+ (0.000000)
    ✓ BB сужение — готовится движение
    ✓ Doji
    ✓ Цена у поддержки 0.11674 (0.27%)
  ▼ ШОРТ сигналы:
    ✓ MA тренд ВНИЗ (0.11708<0.11717)
    ✓ BB сужение — готовится движение
    ✓ Doji
    ✓ Shooting Star ⭐: Падающая звезда — сигнал разворота вниз
    ✓ Скрытая медвежья дивергенция: цена ↓ (0.11711→0.11710), RSI ↑ (48.9→49.8) — продолжение падения
    ✓ Цена у сопротивления 0.11715 (0.07%)
════════════════════════════════════════════════════════════

════════════════════════════════════════════════════════════
  📅 2026-04-05 01:09:25
  🏦 OKX | XPL/USDT | FUTURES | TF: 5m
  💲 Цена: 0.116970
────────────────────────────────────────────────────────────
  🚀 LONG | Уверенность: 52% | СЛАБЫЙ ⚪
  🛑 Stop-Loss:   0.116117
  🎯 Take-Profit: 0.118676
────────────────────────────────────────────────────────────
  ▲ ЛОНГ сигналы:
    ✓ Stoch RSI перепродан (<20)
    ✓ MA тренд ВВЕРХ (0.11706>0.11537)
    ✓ BB сужение — готовится движение
  ▼ ШОРТ сигналы:
    ✓ MACD гистограмма- (-0.000112)
    ✓ BB сужение — готовится движение
    ✓ Цена у сопротивления 0.11738 (0.35%)
════════════════════════════════════════════════════════════

════════════════════════════════════════════════════════════
  📅 2026-04-05 01:09:25
  🏦 OKX | XPL/USDT | FUTURES | TF: 15m
  💲 Цена: 0.117060
────────────────────────────────────────────────────────────
  📉 SHORT | Уверенность: 53% | СЛАБЫЙ ⚪
  🛑 Stop-Loss:   0.118600
  🎯 Take-Profit: 0.113980
────────────────────────────────────────────────────────────
  ▲ ЛОНГ сигналы:
    ✓ MACD гистограмма+ (0.000324)
    ✓ Скрытая бычья дивергенция: цена ↑ (0.11685→0.11686), RSI ↓ (56.6→55.4) — продолжение роста
    ✓ Цена у поддержки 0.11657 (0.42%)
  ▼ ШОРТ сигналы:
    ✓ Stoch RSI перекуплен (>80)
    ✓ MA тренд ВНИЗ (0.11548<0.11684)
    ✓ Цена у сопротивления 0.11752 (0.40%)
════════════════════════════════════════════════════════════

▓▓▓▓▓▓▓▓▓▓▓▓▓▓▓▓▓▓▓▓▓▓▓▓▓▓▓▓▓▓▓▓▓▓▓▓▓▓▓▓▓▓▓▓▓▓▓▓▓▓▓▓▓▓▓▓▓▓▓▓
  📊 МУЛЬТИ-ТАЙМФРЕЙМ АНАЛИЗ
  📅 2026-04-05 01:09:25 | OKX | XPL/USDT | FUTURES
────────────────────────────────────────────────────────────
  1m → SHORT (64%)
  5m → LONG (52%)
  15m → SHORT (53%)
────────────────────────────────────────────────────────────
  🏆 ИТОГ: SHORT | Уверенность: 67%
▓▓▓▓▓▓▓▓▓▓▓▓▓▓▓▓▓▓▓▓▓▓▓▓▓▓▓▓▓▓▓▓▓▓▓▓▓▓▓▓▓▓▓▓▓▓▓▓▓▓▓▓▓▓▓▓▓▓▓▓

════════════════════════════════════════════════════════════
  📅 2026-04-05 01:10:26
  🏦 OKX | XPL/USDT | FUTURES | TF: 1m
  💲 Цена: 0.116880
────────────────────────────────────────────────────────────
  📉 SHORT | Уверенность: 73% | СРЕДНИЙ 🟡
  🛑 Stop-Loss:   0.117156
  🎯 Take-Profit: 0.116328
────────────────────────────────────────────────────────────
  ▲ ЛОНГ сигналы:
    ✓ BB сужение — готовится движение
    ✓ Цена у поддержки 0.11674 (0.12%)
  ▼ ШОРТ сигналы:
    ✓ MA тренд ВНИЗ (0.11707<0.11716)
    ✓ MACD гистограмма- (-0.000010)
    ✓ BB сужение — готовится движение
    ✓ Цена у сопротивления 0.11715 (0.23%)
════════════════════════════════════════════════════════════

════════════════════════════════════════════════════════════
  📅 2026-04-05 01:10:26
  🏦 OKX | XPL/USDT | FUTURES | TF: 5m
  💲 Цена: 0.116880
────────────────────────────────────────────────────────────
  🚀 LONG | Уверенность: 50% | СЛАБЫЙ ⚪
  🛑 Stop-Loss:   0.116075
  🎯 Take-Profit: 0.118489
────────────────────────────────────────────────────────────
  🕯️  Паттерны: Bearish Engulfing 🔴
────────────────────────────────────────────────────────────
  ▲ ЛОНГ сигналы:
    ✓ Stoch RSI перепродан (<20)
    ✓ MA тренд ВВЕРХ (0.11707>0.11542)
    ✓ BB сужение — готовится движение
    ✓ Цена у поддержки 0.11632 (0.48%)
  ▼ ШОРТ сигналы:
    ✓ MACD гистограмма- (-0.000119)
    ✓ BB сужение — готовится движение
    ✓ Bearish Engulfing 🔴: Медвежье поглощение — сильный сигнал падения
    ✓ Цена у сопротивления 0.11738 (0.43%)
════════════════════════════════════════════════════════════

════════════════════════════════════════════════════════════
  📅 2026-04-05 01:10:26
  🏦 OKX | XPL/USDT | FUTURES | TF: 15m
  💲 Цена: 0.116880
────────────────────────────────────────────────────────────
  🚀 LONG | Уверенность: 57% | СЛАБЫЙ ⚪
  🛑 Stop-Loss:   0.115340
  🎯 Take-Profit: 0.119960
────────────────────────────────────────────────────────────
  🕯️  Паттерны: Doji
────────────────────────────────────────────────────────────
  ▲ ЛОНГ сигналы:
    ✓ MACD гистограмма+ (0.000313)
    ✓ Doji
    ✓ Скрытая бычья дивергенция: цена ↑ (0.11685→0.11686), RSI ↓ (56.6→55.4) — продолжение роста
    ✓ Цена у поддержки 0.11657 (0.27%)
  ▼ ШОРТ сигналы:
    ✓ Stoch RSI перекуплен (>80)
    ✓ MA тренд ВНИЗ (0.11547<0.11684)
    ✓ Doji
════════════════════════════════════════════════════════════

▓▓▓▓▓▓▓▓▓▓▓▓▓▓▓▓▓▓▓▓▓▓▓▓▓▓▓▓▓▓▓▓▓▓▓▓▓▓▓▓▓▓▓▓▓▓▓▓▓▓▓▓▓▓▓▓▓▓▓▓
  📊 МУЛЬТИ-ТАЙМФРЕЙМ АНАЛИЗ
  📅 2026-04-05 01:10:26 | OKX | XPL/USDT | FUTURES
────────────────────────────────────────────────────────────
  1m → SHORT (73%)
  5m → LONG (50%)
  15m → LONG (57%)
────────────────────────────────────────────────────────────
  🏆 ИТОГ: LONG | Уверенность: 67%
▓▓▓▓▓▓▓▓▓▓▓▓▓▓▓▓▓▓▓▓▓▓▓▓▓▓▓▓▓▓▓▓▓▓▓▓▓▓▓▓▓▓▓▓▓▓▓▓▓▓▓▓▓▓▓▓▓▓▓▓

════════════════════════════════════════════════════════════
  📅 2026-04-05 01:11:28
  🏦 OKX | XPL/USDT | FUTURES | TF: 1m
  💲 Цена: 0.116720
────────────────────────────────────────────────────────────
  📉 SHORT | Уверенность: 85% | СИЛЬНЫЙ 🟢
  🛑 Stop-Loss:   0.116996
  🎯 Take-Profit: 0.116167
────────────────────────────────────────────────────────────
  🕯️  Паттерны: Three Black Crows 🐦🐦🐦
────────────────────────────────────────────────────────────
  ▲ ЛОНГ сигналы:
    ✓ Цена у нижней BB (0.11674)
    ✓ BB сужение — готовится движение
  ▼ ШОРТ сигналы:
    ✓ MA тренд ВНИЗ (0.11705<0.11714)
    ✓ MACD гистограмма- (-0.000025)
    ✓ BB сужение — готовится движение
    ✓ Three Black Crows 🐦🐦🐦: Три чёрные вороны — сильный нисходящий тренд
    ✓ Цена у сопротивления 0.11715 (0.37%)
════════════════════════════════════════════════════════════

════════════════════════════════════════════════════════════
  📅 2026-04-05 01:11:28
  🏦 OKX | XPL/USDT | FUTURES | TF: 5m
  💲 Цена: 0.116720
────────────────────────────────────────────────────────────
  🚀 LONG | Уверенность: 60% | СРЕДНИЙ 🟡
  🛑 Stop-Loss:   0.115898
  🎯 Take-Profit: 0.118364
────────────────────────────────────────────────────────────
  🕯️  Паттерны: Bearish Engulfing 🔴
────────────────────────────────────────────────────────────
  ▲ ЛОНГ сигналы:
    ✓ Stoch RSI перепродан (<20)
    ✓ MA тренд ВВЕРХ (0.11706>0.11542)
    ✓ BB сужение — готовится движение
    ✓ Цена у поддержки 0.11632 (0.34%)
  ▼ ШОРТ сигналы:
    ✓ MACD гистограмма- (-0.000129)
    ✓ BB сужение — готовится движение
    ✓ Bearish Engulfing 🔴: Медвежье поглощение — сильный сигнал падения
════════════════════════════════════════════════════════════

════════════════════════════════════════════════════════════
  📅 2026-04-05 01:11:28
  🏦 OKX | XPL/USDT | FUTURES | TF: 15m
  💲 Цена: 0.116720
────────────────────────────────────────────────────────────
  📉 SHORT | Уверенность: 69% | СРЕДНИЙ 🟡
  🛑 Stop-Loss:   0.118264
  🎯 Take-Profit: 0.113631
────────────────────────────────────────────────────────────
  🕯️  Паттерны: Shooting Star ⭐
────────────────────────────────────────────────────────────
  ▲ ЛОНГ сигналы:
    ✓ MACD гистограмма+ (0.000303)
    ✓ Цена у поддержки 0.11657 (0.13%)
  ▼ ШОРТ сигналы:
    ✓ Stoch RSI перекуплен (>80)
    ✓ MA тренд ВНИЗ (0.11546<0.11683)
    ✓ Shooting Star ⭐: Падающая звезда — сигнал разворота вниз
════════════════════════════════════════════════════════════

▓▓▓▓▓▓▓▓▓▓▓▓▓▓▓▓▓▓▓▓▓▓▓▓▓▓▓▓▓▓▓▓▓▓▓▓▓▓▓▓▓▓▓▓▓▓▓▓▓▓▓▓▓▓▓▓▓▓▓▓
  📊 МУЛЬТИ-ТАЙМФРЕЙМ АНАЛИЗ
  📅 2026-04-05 01:11:28 | OKX | XPL/USDT | FUTURES
────────────────────────────────────────────────────────────
  1m → SHORT (85%)
  5m → LONG (60%)
  15m → SHORT (69%)
────────────────────────────────────────────────────────────
  🏆 ИТОГ: SHORT | Уверенность: 67%
▓▓▓▓▓▓▓▓▓▓▓▓▓▓▓▓▓▓▓▓▓▓▓▓▓▓▓▓▓▓▓▓▓▓▓▓▓▓▓▓▓▓▓▓▓▓▓▓▓▓▓▓▓▓▓▓▓▓▓▓

════════════════════════════════════════════════════════════
  📅 2026-04-05 01:12:29
  🏦 OKX | XPL/USDT | FUTURES | TF: 1m
  💲 Цена: 0.116730
────────────────────────────────────────────────────────────
  📉 SHORT | Уверенность: 100% | СИЛЬНЫЙ 🟢
  🛑 Stop-Loss:   0.117029
  🎯 Take-Profit: 0.116131
────────────────────────────────────────────────────────────
  ▲ ЛОНГ сигналы:
    ✓ BB сужение — готовится движение
  ▼ ШОРТ сигналы:
    ✓ MA тренд ВНИЗ (0.11703<0.11713)
    ✓ MACD гистограмма- (-0.000036)
    ✓ BB сужение — готовится движение
    ✓ Высокий объём 1.7x — подтверждает падение
    ✓ Цена у сопротивления 0.11715 (0.36%)
════════════════════════════════════════════════════════════

════════════════════════════════════════════════════════════
  📅 2026-04-05 01:12:29
  🏦 OKX | XPL/USDT | FUTURES | TF: 5m
  💲 Цена: 0.116730
────────────────────────────────────────────────────────────
  🚀 LONG | Уверенность: 60% | СРЕДНИЙ 🟡
  🛑 Stop-Loss:   0.115881
  🎯 Take-Profit: 0.118427
────────────────────────────────────────────────────────────
  🕯️  Паттерны: Bearish Engulfing 🔴
────────────────────────────────────────────────────────────
  ▲ ЛОНГ сигналы:
    ✓ Stoch RSI перепродан (<20)
    ✓ MA тренд ВВЕРХ (0.11706>0.11542)
    ✓ BB сужение — готовится движение
    ✓ Цена у поддержки 0.11632 (0.35%)
  ▼ ШОРТ сигналы:
    ✓ MACD гистограмма- (-0.000129)
    ✓ BB сужение — готовится движение
    ✓ Bearish Engulfing 🔴: Медвежье поглощение — сильный сигнал падения
════════════════════════════════════════════════════════════

════════════════════════════════════════════════════════════
  📅 2026-04-05 01:12:29
  🏦 OKX | XPL/USDT | FUTURES | TF: 15m
  💲 Цена: 0.116680
────────────────────────────────────────────────────────────
  📉 SHORT | Уверенность: 51% | СЛАБЫЙ ⚪
  🛑 Stop-Loss:   0.118251
  🎯 Take-Profit: 0.113538
────────────────────────────────────────────────────────────
  ▲ ЛОНГ сигналы:
    ✓ MACD гистограмма+ (0.000300)
    ✓ Цена у поддержки 0.11657 (0.09%)
  ▼ ШОРТ сигналы:
    ✓ Stoch RSI перекуплен (>80)
    ✓ MA тренд ВНИЗ (0.11546<0.11683)
════════════════════════════════════════════════════════════

▓▓▓▓▓▓▓▓▓▓▓▓▓▓▓▓▓▓▓▓▓▓▓▓▓▓▓▓▓▓▓▓▓▓▓▓▓▓▓▓▓▓▓▓▓▓▓▓▓▓▓▓▓▓▓▓▓▓▓▓
  📊 МУЛЬТИ-ТАЙМФРЕЙМ АНАЛИЗ
  📅 2026-04-05 01:12:29 | OKX | XPL/USDT | FUTURES
────────────────────────────────────────────────────────────
  1m → SHORT (100%)
  5m → LONG (60%)
  15m → SHORT (51%)
────────────────────────────────────────────────────────────
  🏆 ИТОГ: SHORT | Уверенность: 67%
▓▓▓▓▓▓▓▓▓▓▓▓▓▓▓▓▓▓▓▓▓▓▓▓▓▓▓▓▓▓▓▓▓▓▓▓▓▓▓▓▓▓▓▓▓▓▓▓▓▓▓▓▓▓▓▓▓▓▓▓

════════════════════════════════════════════════════════════
  📅 2026-04-05 01:13:30
  🏦 OKX | XPL/USDT | FUTURES | TF: 1m
  💲 Цена: 0.116610
────────────────────────────────────────────────────────────
  📉 SHORT | Уверенность: 77% | СИЛЬНЫЙ 🟢
  🛑 Stop-Loss:   0.116896
  🎯 Take-Profit: 0.116039
────────────────────────────────────────────────────────────
  ▲ ЛОНГ сигналы:
    ✓ Stoch RSI перепродан (<20)
    ✓ BB сужение — готовится движение
  ▼ ШОРТ сигналы:
    ✓ MA тренд ВНИЗ (0.11699<0.11711)
    ✓ MACD гистограмма- (-0.000048)
    ✓ BB сужение — готовится движение
    ✓ Цена у сопротивления 0.11715 (0.46%)
════════════════════════════════════════════════════════════

════════════════════════════════════════════════════════════
  📅 2026-04-05 01:13:30
  🏦 OKX | XPL/USDT | FUTURES | TF: 5m
  💲 Цена: 0.116610
────────────────────────────────────────────────────────────
  🚀 LONG | Уверенность: 58% | СЛАБЫЙ ⚪
  🛑 Stop-Loss:   0.115761
  🎯 Take-Profit: 0.118307
────────────────────────────────────────────────────────────
  🕯️  Паттерны: Bearish Engulfing 🔴
────────────────────────────────────────────────────────────
  ▲ ЛОНГ сигналы:
    ✓ Stoch RSI перепродан (<20)
    ✓ MA тренд ВВЕРХ (0.11705>0.11542)
    ✓ Цена у нижней BB (0.11664)
    ✓ BB сужение — готовится движение
    ✓ Цена у поддержки 0.11632 (0.25%)
  ▼ ШОРТ сигналы:
    ✓ MACD гистограмма- (-0.000136)
    ✓ BB сужение — готовится движение
    ✓ Bearish Engulfing 🔴: Медвежье поглощение — сильный сигнал падения
    ✓ Цена у сопротивления 0.11666 (0.04%)
════════════════════════════════════════════════════════════

════════════════════════════════════════════════════════════
  📅 2026-04-05 01:13:30
  🏦 OKX | XPL/USDT | FUTURES | TF: 15m
  💲 Цена: 0.116610
────────────────────────────────────────────────────────────
  📉 SHORT | Уверенность: 51% | СЛАБЫЙ ⚪
  🛑 Stop-Loss:   0.118181
  🎯 Take-Profit: 0.113468
────────────────────────────────────────────────────────────
  ▲ ЛОНГ сигналы:
    ✓ MACD гистограмма+ (0.000296)
    ✓ Цена у поддержки 0.11657 (0.03%)
  ▼ ШОРТ сигналы:
    ✓ Stoch RSI перекуплен (>80)
    ✓ MA тренд ВНИЗ (0.11546<0.11683)
════════════════════════════════════════════════════════════

▓▓▓▓▓▓▓▓▓▓▓▓▓▓▓▓▓▓▓▓▓▓▓▓▓▓▓▓▓▓▓▓▓▓▓▓▓▓▓▓▓▓▓▓▓▓▓▓▓▓▓▓▓▓▓▓▓▓▓▓
  📊 МУЛЬТИ-ТАЙМФРЕЙМ АНАЛИЗ
  📅 2026-04-05 01:13:30 | OKX | XPL/USDT | FUTURES
────────────────────────────────────────────────────────────
  1m → SHORT (77%)
  5m → LONG (58%)
  15m → SHORT (51%)
────────────────────────────────────────────────────────────
  🏆 ИТОГ: SHORT | Уверенность: 67%
▓▓▓▓▓▓▓▓▓▓▓▓▓▓▓▓▓▓▓▓▓▓▓▓▓▓▓▓▓▓▓▓▓▓▓▓▓▓▓▓▓▓▓▓▓▓▓▓▓▓▓▓▓▓▓▓▓▓▓▓

════════════════════════════════════════════════════════════
  📅 2026-04-05 01:14:31
  🏦 OKX | XPL/USDT | FUTURES | TF: 1m
  💲 Цена: 0.116600
────────────────────────────────────────────────────────────
  📉 SHORT | Уверенность: 64% | СРЕДНИЙ 🟡
  🛑 Stop-Loss:   0.116889
  🎯 Take-Profit: 0.116022
────────────────────────────────────────────────────────────
  ▲ ЛОНГ сигналы:
    ✓ Stoch RSI перепродан (<20)
    ✓ Stoch RSI: K пересёк D вверх
    ✓ BB сужение — готовится движение
  ▼ ШОРТ сигналы:
    ✓ MA тренд ВНИЗ (0.11696<0.11710)
    ✓ MACD гистограмма- (-0.000045)
    ✓ BB сужение — готовится движение
    ✓ Цена у сопротивления 0.11715 (0.47%)
════════════════════════════════════════════════════════════

════════════════════════════════════════════════════════════
  📅 2026-04-05 01:14:31
  🏦 OKX | XPL/USDT | FUTURES | TF: 5m
  💲 Цена: 0.116600
────────────────────────────────────────────────────────────
  🚀 LONG | Уверенность: 58% | СЛАБЫЙ ⚪
  🛑 Stop-Loss:   0.115751
  🎯 Take-Profit: 0.118297
────────────────────────────────────────────────────────────
  🕯️  Паттерны: Bearish Engulfing 🔴
────────────────────────────────────────────────────────────
  ▲ ЛОНГ сигналы:
    ✓ Stoch RSI перепродан (<20)
    ✓ MA тренд ВВЕРХ (0.11705>0.11542)
    ✓ Цена у нижней BB (0.11664)
    ✓ BB сужение — готовится движение
    ✓ Цена у поддержки 0.11632 (0.24%)
  ▼ ШОРТ сигналы:
    ✓ MACD гистограмма- (-0.000137)
    ✓ BB сужение — готовится движение
    ✓ Bearish Engulfing 🔴: Медвежье поглощение — сильный сигнал падения
    ✓ Цена у сопротивления 0.11666 (0.05%)
════════════════════════════════════════════════════════════

════════════════════════════════════════════════════════════
  📅 2026-04-05 01:14:31
  🏦 OKX | XPL/USDT | FUTURES | TF: 15m
  💲 Цена: 0.116600
────────────────────────────────────────────────────────────
  📉 SHORT | Уверенность: 51% | СЛАБЫЙ ⚪
  🛑 Stop-Loss:   0.118171
  🎯 Take-Profit: 0.113458
────────────────────────────────────────────────────────────
  ▲ ЛОНГ сигналы:
    ✓ MACD гистограмма+ (0.000295)
    ✓ Цена у поддержки 0.11657 (0.03%)
  ▼ ШОРТ сигналы:
    ✓ Stoch RSI перекуплен (>80)
    ✓ MA тренд ВНИЗ (0.11546<0.11683)
════════════════════════════════════════════════════════════

▓▓▓▓▓▓▓▓▓▓▓▓▓▓▓▓▓▓▓▓▓▓▓▓▓▓▓▓▓▓▓▓▓▓▓▓▓▓▓▓▓▓▓▓▓▓▓▓▓▓▓▓▓▓▓▓▓▓▓▓
  📊 МУЛЬТИ-ТАЙМФРЕЙМ АНАЛИЗ
  📅 2026-04-05 01:14:31 | OKX | XPL/USDT | FUTURES
────────────────────────────────────────────────────────────
  1m → SHORT (64%)
  5m → LONG (58%)
  15m → SHORT (51%)
────────────────────────────────────────────────────────────
  🏆 ИТОГ: SHORT | Уверенность: 67%
▓▓▓▓▓▓▓▓▓▓▓▓▓▓▓▓▓▓▓▓▓▓▓▓▓▓▓▓▓▓▓▓▓▓▓▓▓▓▓▓▓▓▓▓▓▓▓▓▓▓▓▓▓▓▓▓▓▓▓▓

════════════════════════════════════════════════════════════
  📅 2026-04-05 01:15:32
  🏦 OKX | XPL/USDT | FUTURES | TF: 1m
  💲 Цена: 0.116380
────────────────────────────────────────────────────────────
  🚀 LONG | Уверенность: 58% | СЛАБЫЙ ⚪
  🛑 Stop-Loss:   0.116087
  🎯 Take-Profit: 0.116965
────────────────────────────────────────────────────────────
  ▲ ЛОНГ сигналы:
    ✓ Stoch RSI перепродан (<20)
    ✓ Цена у нижней BB (0.11643)
    ✓ BB сужение — готовится движение
    ✓ Цена у поддержки 0.11587 (0.44%)
  ▼ ШОРТ сигналы:
    ✓ MA тренд ВНИЗ (0.11691<0.11709)
    ✓ MACD гистограмма- (-0.000056)
    ✓ BB сужение — готовится движение
════════════════════════════════════════════════════════════

════════════════════════════════════════════════════════════
  📅 2026-04-05 01:15:32
  🏦 OKX | XPL/USDT | FUTURES | TF: 5m
  💲 Цена: 0.116400
────────────────────────────────────────────────────────────
  🚀 LONG | Уверенность: 71% | СРЕДНИЙ 🟡
  🛑 Stop-Loss:   0.115587
  🎯 Take-Profit: 0.118025
────────────────────────────────────────────────────────────
  ▲ ЛОНГ сигналы:
    ✓ Stoch RSI перепродан (<20)
    ✓ MA тренд ВВЕРХ (0.11702>0.11546)
    ✓ Цена у нижней BB (0.11651)
    ✓ BB сужение — готовится движение
    ✓ Цена у поддержки 0.11632 (0.07%)
  ▼ ШОРТ сигналы:
    ✓ MACD гистограмма- (-0.000165)
    ✓ BB сужение — готовится движение
    ✓ Цена у сопротивления 0.11666 (0.22%)
════════════════════════════════════════════════════════════

════════════════════════════════════════════════════════════
  📅 2026-04-05 01:15:32
  🏦 OKX | XPL/USDT | FUTURES | TF: 15m
  💲 Цена: 0.116400
────────────────────────────────────────────────────────────
  📉 SHORT | Уверенность: 55% | СЛАБЫЙ ⚪
  🛑 Stop-Loss:   0.117884
  🎯 Take-Profit: 0.113433
────────────────────────────────────────────────────────────
  ▲ ЛОНГ сигналы:
    ✓ MACD гистограмма+ (0.000227)
    ✓ Цена у поддержки 0.11599 (0.36%)
  ▼ ШОРТ сигналы:
    ✓ MA тренд ВНИЗ (0.11545<0.11678)
    ✓ Цена у сопротивления 0.11647 (0.06%)
════════════════════════════════════════════════════════════

▓▓▓▓▓▓▓▓▓▓▓▓▓▓▓▓▓▓▓▓▓▓▓▓▓▓▓▓▓▓▓▓▓▓▓▓▓▓▓▓▓▓▓▓▓▓▓▓▓▓▓▓▓▓▓▓▓▓▓▓
  📊 МУЛЬТИ-ТАЙМФРЕЙМ АНАЛИЗ
  📅 2026-04-05 01:15:32 | OKX | XPL/USDT | FUTURES
────────────────────────────────────────────────────────────
  1m → LONG (58%)
  5m → LONG (71%)
  15m → SHORT (55%)
────────────────────────────────────────────────────────────
  🏆 ИТОГ: LONG | Уверенность: 67%
▓▓▓▓▓▓▓▓▓▓▓▓▓▓▓▓▓▓▓▓▓▓▓▓▓▓▓▓▓▓▓▓▓▓▓▓▓▓▓▓▓▓▓▓▓▓▓▓▓▓▓▓▓▓▓▓▓▓▓▓

════════════════════════════════════════════════════════════
  📅 2026-04-05 01:16:33
  🏦 OKX | XPL/USDT | FUTURES | TF: 1m
  💲 Цена: 0.116450
────────────────────────────────────────────────────────────
  📉 SHORT | Уверенность: 61% | СРЕДНИЙ 🟡
  🛑 Stop-Loss:   0.116739
  🎯 Take-Profit: 0.115873
────────────────────────────────────────────────────────────
  ▲ ЛОНГ сигналы:
    ✓ Stoch RSI перепродан (<20)
    ✓ BB сужение — готовится движение
    ✓ Цена у поддержки 0.11587 (0.50%)
  ▼ ШОРТ сигналы:
    ✓ MA тренд ВНИЗ (0.11688<0.11708)
    ✓ MACD гистограмма- (-0.000048)
    ✓ BB сужение — готовится движение
    ✓ Цена у сопротивления 0.11669 (0.21%)
════════════════════════════════════════════════════════════

════════════════════════════════════════════════════════════
  📅 2026-04-05 01:16:33
  🏦 OKX | XPL/USDT | FUTURES | TF: 5m
  💲 Цена: 0.116450
────────────────────────────────────────────────────────────
  🚀 LONG | Уверенность: 71% | СРЕДНИЙ 🟡
  🛑 Stop-Loss:   0.115637
  🎯 Take-Profit: 0.118075
────────────────────────────────────────────────────────────
  ▲ ЛОНГ сигналы:
    ✓ Stoch RSI перепродан (<20)
    ✓ MA тренд ВВЕРХ (0.11702>0.11546)
    ✓ Цена у нижней BB (0.11653)
    ✓ BB сужение — готовится движение
    ✓ Цена у поддержки 0.11632 (0.11%)
  ▼ ШОРТ сигналы:
    ✓ MACD гистограмма- (-0.000162)
    ✓ BB сужение — готовится движение
    ✓ Цена у сопротивления 0.11666 (0.18%)
════════════════════════════════════════════════════════════

════════════════════════════════════════════════════════════
  📅 2026-04-05 01:16:33
  🏦 OKX | XPL/USDT | FUTURES | TF: 15m
  💲 Цена: 0.116480
────────────────────────────────────────────────────────────
  🚀 LONG | Уверенность: 64% | СРЕДНИЙ 🟡
  🛑 Stop-Loss:   0.114996
  🎯 Take-Profit: 0.119447
────────────────────────────────────────────────────────────
  ▲ ЛОНГ сигналы:
    ✓ MACD гистограмма+ (0.000232)
    ✓ Цена у поддержки 0.11599 (0.42%)
  ▼ ШОРТ сигналы:
    ✓ MA тренд ВНИЗ (0.11545<0.11678)
════════════════════════════════════════════════════════════

▓▓▓▓▓▓▓▓▓▓▓▓▓▓▓▓▓▓▓▓▓▓▓▓▓▓▓▓▓▓▓▓▓▓▓▓▓▓▓▓▓▓▓▓▓▓▓▓▓▓▓▓▓▓▓▓▓▓▓▓
  📊 МУЛЬТИ-ТАЙМФРЕЙМ АНАЛИЗ
  📅 2026-04-05 01:16:33 | OKX | XPL/USDT | FUTURES
────────────────────────────────────────────────────────────
  1m → SHORT (61%)
  5m → LONG (71%)
  15m → LONG (64%)
────────────────────────────────────────────────────────────
  🏆 ИТОГ: LONG | Уверенность: 67%
▓▓▓▓▓▓▓▓▓▓▓▓▓▓▓▓▓▓▓▓▓▓▓▓▓▓▓▓▓▓▓▓▓▓▓▓▓▓▓▓▓▓▓▓▓▓▓▓▓▓▓▓▓▓▓▓▓▓▓▓

════════════════════════════════════════════════════════════
  📅 2026-04-05 01:17:34
  🏦 OKX | XPL/USDT | FUTURES | TF: 1m
  💲 Цена: 0.116360
────────────────────────────────────────────────────────────
  📉 SHORT | Уверенность: 67% | СРЕДНИЙ 🟡
  🛑 Stop-Loss:   0.116664
  🎯 Take-Profit: 0.115751
────────────────────────────────────────────────────────────
  🕯️  Паттерны: Doji
────────────────────────────────────────────────────────────
  ▲ ЛОНГ сигналы:
    ✓ Stoch RSI перепродан (<20)
    ✓ BB сужение — готовится движение
    ✓ Doji
    ✓ Цена у поддержки 0.11587 (0.42%)
  ▼ ШОРТ сигналы:
    ✓ MA тренд ВНИЗ (0.11683<0.11707)
    ✓ MACD гистограмма- (-0.000055)
    ✓ BB сужение — готовится движение
    ✓ Высокий объём 3.8x — подтверждает падение
    ✓ Doji
    ✓ Цена у сопротивления 0.11669 (0.29%)
════════════════════════════════════════════════════════════

════════════════════════════════════════════════════════════
  📅 2026-04-05 01:17:34
  🏦 OKX | XPL/USDT | FUTURES | TF: 5m
  💲 Цена: 0.116430
────────────────────────────────────────────────────────────
  🚀 LONG | Уверенность: 71% | СРЕДНИЙ 🟡
  🛑 Stop-Loss:   0.115608
  🎯 Take-Profit: 0.118075
────────────────────────────────────────────────────────────
  ▲ ЛОНГ сигналы:
    ✓ Stoch RSI перепродан (<20)
    ✓ MA тренд ВВЕРХ (0.11702>0.11546)
    ✓ Цена у нижней BB (0.11652)
    ✓ BB сужение — готовится движение
    ✓ Цена у поддержки 0.11632 (0.09%)
  ▼ ШОРТ сигналы:
    ✓ MACD гистограмма- (-0.000163)
    ✓ BB сужение — готовится движение
    ✓ Цена у сопротивления 0.11666 (0.20%)
════════════════════════════════════════════════════════════

════════════════════════════════════════════════════════════
  📅 2026-04-05 01:17:34
  🏦 OKX | XPL/USDT | FUTURES | TF: 15m
  💲 Цена: 0.116360
────────────────────────────────────────────────────────────
  📉 SHORT | Уверенность: 55% | СЛАБЫЙ ⚪
  🛑 Stop-Loss:   0.117853
  🎯 Take-Profit: 0.113374
────────────────────────────────────────────────────────────
  ▲ ЛОНГ сигналы:
    ✓ MACD гистограмма+ (0.000224)
    ✓ Цена у поддержки 0.11599 (0.32%)
  ▼ ШОРТ сигналы:
    ✓ MA тренд ВНИЗ (0.11544<0.11678)
    ✓ Цена у сопротивления 0.11647 (0.10%)
════════════════════════════════════════════════════════════

▓▓▓▓▓▓▓▓▓▓▓▓▓▓▓▓▓▓▓▓▓▓▓▓▓▓▓▓▓▓▓▓▓▓▓▓▓▓▓▓▓▓▓▓▓▓▓▓▓▓▓▓▓▓▓▓▓▓▓▓
  📊 МУЛЬТИ-ТАЙМФРЕЙМ АНАЛИЗ
  📅 2026-04-05 01:17:34 | OKX | XPL/USDT | FUTURES
────────────────────────────────────────────────────────────
  1m → SHORT (67%)
  5m → LONG (71%)
  15m → SHORT (55%)
────────────────────────────────────────────────────────────
  🏆 ИТОГ: SHORT | Уверенность: 67%
▓▓▓▓▓▓▓▓▓▓▓▓▓▓▓▓▓▓▓▓▓▓▓▓▓▓▓▓▓▓▓▓▓▓▓▓▓▓▓▓▓▓▓▓▓▓▓▓▓▓▓▓▓▓▓▓▓▓▓▓

════════════════════════════════════════════════════════════
  📅 2026-04-05 01:18:35
  🏦 OKX | XPL/USDT | FUTURES | TF: 1m
  💲 Цена: 0.116220
────────────────────────────────────────────────────────────
  🚀 LONG | Уверенность: 54% | СЛАБЫЙ ⚪
  🛑 Stop-Loss:   0.115919
  🎯 Take-Profit: 0.116822
────────────────────────────────────────────────────────────
  ▲ ЛОНГ сигналы:
    ✓ RSI=27.8 перепродан (<30)
    ✓ Stoch RSI перепродан (<20)
    ✓ Цена у нижней BB (0.11624)
    ✓ BB сужение — готовится движение
    ✓ Цена у поддержки 0.11587 (0.30%)
  ▼ ШОРТ сигналы:
    ✓ MA тренд ВНИЗ (0.11678<0.11705)
    ✓ MACD гистограмма- (-0.000062)
    ✓ BB сужение — готовится движение
    ✓ Цена у сопротивления 0.11669 (0.41%)
════════════════════════════════════════════════════════════

════════════════════════════════════════════════════════════
  📅 2026-04-05 01:18:35
  🏦 OKX | XPL/USDT | FUTURES | TF: 5m
  💲 Цена: 0.116220
────────────────────────────────────────────────────────────
  🚀 LONG | Уверенность: 70% | СРЕДНИЙ 🟡
  🛑 Stop-Loss:   0.115388
  🎯 Take-Profit: 0.117884
────────────────────────────────────────────────────────────
  ▲ ЛОНГ сигналы:
    ✓ Stoch RSI перепродан (<20)
    ✓ MA тренд ВВЕРХ (0.11701>0.11546)
    ✓ Цена у нижней BB (0.11646)
    ✓ BB сужение — готовится движение
    ✓ Высокий объём 1.8x — подтверждает рост
  ▼ ШОРТ сигналы:
    ✓ MACD гистограмма- (-0.000176)
    ✓ BB сужение — готовится движение
    ✓ Цена у сопротивления 0.11666 (0.38%)
════════════════════════════════════════════════════════════

════════════════════════════════════════════════════════════
  📅 2026-04-05 01:18:35
  🏦 OKX | XPL/USDT | FUTURES | TF: 15m
  💲 Цена: 0.116210
────────────────────────────────────────────────────────────
  📉 SHORT | Уверенность: 55% | СЛАБЫЙ ⚪
  🛑 Stop-Loss:   0.117713
  🎯 Take-Profit: 0.113204
────────────────────────────────────────────────────────────
  ▲ ЛОНГ сигналы:
    ✓ MACD гистограмма+ (0.000214)
    ✓ Цена у поддержки 0.11599 (0.19%)
  ▼ ШОРТ сигналы:
    ✓ MA тренд ВНИЗ (0.11544<0.11677)
    ✓ Цена у сопротивления 0.11647 (0.23%)
════════════════════════════════════════════════════════════

▓▓▓▓▓▓▓▓▓▓▓▓▓▓▓▓▓▓▓▓▓▓▓▓▓▓▓▓▓▓▓▓▓▓▓▓▓▓▓▓▓▓▓▓▓▓▓▓▓▓▓▓▓▓▓▓▓▓▓▓
  📊 МУЛЬТИ-ТАЙМФРЕЙМ АНАЛИЗ
  📅 2026-04-05 01:18:35 | OKX | XPL/USDT | FUTURES
────────────────────────────────────────────────────────────
  1m → LONG (54%)
  5m → LONG (70%)
  15m → SHORT (55%)
────────────────────────────────────────────────────────────
  🏆 ИТОГ: LONG | Уверенность: 67%
▓▓▓▓▓▓▓▓▓▓▓▓▓▓▓▓▓▓▓▓▓▓▓▓▓▓▓▓▓▓▓▓▓▓▓▓▓▓▓▓▓▓▓▓▓▓▓▓▓▓▓▓▓▓▓▓▓▓▓▓

════════════════════════════════════════════════════════════
  📅 2026-04-05 01:19:36
  🏦 OKX | XPL/USDT | FUTURES | TF: 1m
  💲 Цена: 0.116080
────────────────────────────────────────────────────────────
  📉 SHORT | Уверенность: 51% | СЛАБЫЙ ⚪
  🛑 Stop-Loss:   0.116399
  🎯 Take-Profit: 0.115442
────────────────────────────────────────────────────────────
  ▲ ЛОНГ сигналы:
    ✓ RSI=25.0 перепродан (<30)
    ✓ Stoch RSI перепродан (<20)
    ✓ Цена у нижней BB (0.11614)
    ✓ BB сужение — готовится движение
    ✓ Цена у поддержки 0.11587 (0.18%)
  ▼ ШОРТ сигналы:
    ✓ MA тренд ВНИЗ (0.11675<0.11704)
    ✓ MACD гистограмма- (-0.000068)
    ✓ BB сужение — готовится движение
    ✓ Высокий объём 2.5x — подтверждает падение
    ✓ Цена у сопротивления 0.11615 (0.06%)
════════════════════════════════════════════════════════════

════════════════════════════════════════════════════════════
  📅 2026-04-05 01:19:36
  🏦 OKX | XPL/USDT | FUTURES | TF: 5m
  💲 Цена: 0.115990
────────────────────────────────────────────────────────────
  🚀 LONG | Уверенность: 90% | СИЛЬНЫЙ 🟢
  🛑 Stop-Loss:   0.115128
  🎯 Take-Profit: 0.117714
────────────────────────────────────────────────────────────
  ▲ ЛОНГ сигналы:
    ✓ Stoch RSI перепродан (<20)
    ✓ MA тренд ВВЕРХ (0.11700>0.11545)
    ✓ Цена у нижней BB (0.11638)
    ✓ BB сужение — готовится движение
    ✓ Высокий объём 2.2x — подтверждает рост
    ✓ Цена у поддержки 0.11555 (0.38%)
  ▼ ШОРТ сигналы:
    ✓ MACD гистограмма- (-0.000191)
    ✓ BB сужение — готовится движение
════════════════════════════════════════════════════════════

════════════════════════════════════════════════════════════
  📅 2026-04-05 01:19:36
  🏦 OKX | XPL/USDT | FUTURES | TF: 15m
  💲 Цена: 0.116040
────────────────────────────────────────────────────────────
  📉 SHORT | Уверенность: 55% | СЛАБЫЙ ⚪
  🛑 Stop-Loss:   0.117574
  🎯 Take-Profit: 0.112972
────────────────────────────────────────────────────────────
  ▲ ЛОНГ сигналы:
    ✓ MACD гистограмма+ (0.000204)
    ✓ Цена у поддержки 0.11599 (0.05%)
  ▼ ШОРТ сигналы:
    ✓ MA тренд ВНИЗ (0.11543<0.11677)
    ✓ Цена у сопротивления 0.11647 (0.37%)
════════════════════════════════════════════════════════════

▓▓▓▓▓▓▓▓▓▓▓▓▓▓▓▓▓▓▓▓▓▓▓▓▓▓▓▓▓▓▓▓▓▓▓▓▓▓▓▓▓▓▓▓▓▓▓▓▓▓▓▓▓▓▓▓▓▓▓▓
  📊 МУЛЬТИ-ТАЙМФРЕЙМ АНАЛИЗ
  📅 2026-04-05 01:19:36 | OKX | XPL/USDT | FUTURES
────────────────────────────────────────────────────────────
  1m → SHORT (51%)
  5m → LONG (90%)
  15m → SHORT (55%)
────────────────────────────────────────────────────────────
  🏆 ИТОГ: SHORT | Уверенность: 67%
▓▓▓▓▓▓▓▓▓▓▓▓▓▓▓▓▓▓▓▓▓▓▓▓▓▓▓▓▓▓▓▓▓▓▓▓▓▓▓▓▓▓▓▓▓▓▓▓▓▓▓▓▓▓▓▓▓▓▓▓

════════════════════════════════════════════════════════════
  📅 2026-04-05 01:20:37
  🏦 OKX | XPL/USDT | FUTURES | TF: 1m
  💲 Цена: 0.116140
────────────────────────────────────────────────────────────
  📉 SHORT | Уверенность: 52% | СЛАБЫЙ ⚪
  🛑 Stop-Loss:   0.116453
  🎯 Take-Profit: 0.115513
────────────────────────────────────────────────────────────
  ▲ ЛОНГ сигналы:
    ✓ Stoch RSI перепродан (<20)
    ✓ Stoch RSI: K пересёк D вверх
    ✓ BB сужение — готовится движение
    ✓ Цена у поддержки 0.11584 (0.26%)
  ▼ ШОРТ сигналы:
    ✓ MA тренд ВНИЗ (0.11670<0.11702)
    ✓ MACD гистограмма- (-0.000067)
    ✓ BB сужение — готовится движение
    ✓ Цена у сопротивления 0.11615 (0.01%)
════════════════════════════════════════════════════════════

════════════════════════════════════════════════════════════
  📅 2026-04-05 01:20:37
  🏦 OKX | XPL/USDT | FUTURES | TF: 5m
  💲 Цена: 0.116110
────────────────────────────────────────────────────────────
  🚀 LONG | Уверенность: 71% | СРЕДНИЙ 🟡
  🛑 Stop-Loss:   0.115291
  🎯 Take-Profit: 0.117747
────────────────────────────────────────────────────────────
  ▲ ЛОНГ сигналы:
    ✓ Stoch RSI перепродан (<20)
    ✓ MA тренд ВВЕРХ (0.11695>0.11550)
    ✓ Цена у нижней BB (0.11623)
    ✓ BB сужение — готовится движение
    ✓ Цена у поддержки 0.11555 (0.48%)
  ▼ ШОРТ сигналы:
    ✓ MACD гистограмма- (-0.000209)
    ✓ BB сужение — готовится движение
    ✓ Цена у сопротивления 0.11666 (0.47%)
════════════════════════════════════════════════════════════

════════════════════════════════════════════════════════════
  📅 2026-04-05 01:20:37
  🏦 OKX | XPL/USDT | FUTURES | TF: 15m
  💲 Цена: 0.116140
────────────────────────────────────────────────────────────
  📉 SHORT | Уверенность: 55% | СЛАБЫЙ ⚪
  🛑 Stop-Loss:   0.117674
  🎯 Take-Profit: 0.113072
────────────────────────────────────────────────────────────
  ▲ ЛОНГ сигналы:
    ✓ MACD гистограмма+ (0.000210)
    ✓ Цена у поддержки 0.11599 (0.13%)
  ▼ ШОРТ сигналы:
    ✓ MA тренд ВНИЗ (0.11543<0.11677)
    ✓ Цена у сопротивления 0.11647 (0.29%)
════════════════════════════════════════════════════════════

▓▓▓▓▓▓▓▓▓▓▓▓▓▓▓▓▓▓▓▓▓▓▓▓▓▓▓▓▓▓▓▓▓▓▓▓▓▓▓▓▓▓▓▓▓▓▓▓▓▓▓▓▓▓▓▓▓▓▓▓
  📊 МУЛЬТИ-ТАЙМФРЕЙМ АНАЛИЗ
  📅 2026-04-05 01:20:37 | OKX | XPL/USDT | FUTURES
────────────────────────────────────────────────────────────
  1m → SHORT (52%)
  5m → LONG (71%)
  15m → SHORT (55%)
────────────────────────────────────────────────────────────
  🏆 ИТОГ: SHORT | Уверенность: 67%
▓▓▓▓▓▓▓▓▓▓▓▓▓▓▓▓▓▓▓▓▓▓▓▓▓▓▓▓▓▓▓▓▓▓▓▓▓▓▓▓▓▓▓▓▓▓▓▓▓▓▓▓▓▓▓▓▓▓▓▓

════════════════════════════════════════════════════════════
  📅 2026-04-05 01:21:37
  🏦 OKX | XPL/USDT | FUTURES | TF: 1m
  💲 Цена: 0.115990
────────────────────────────────────────────────────────────
  📉 SHORT | Уверенность: 62% | СРЕДНИЙ 🟡
  🛑 Stop-Loss:   0.116295
  🎯 Take-Profit: 0.115380
────────────────────────────────────────────────────────────
  🕯️  Паттерны: Bearish Engulfing 🔴
────────────────────────────────────────────────────────────
  ▲ ЛОНГ сигналы:
    ✓ RSI=25.5 перепродан (<30)
    ✓ Stoch RSI перепродан (<20)
    ✓ BB сужение — готовится движение
    ✓ Цена у поддержки 0.11585 (0.12%)
  ▼ ШОРТ сигналы:
    ✓ MA тренд ВНИЗ (0.11665<0.11699)
    ✓ MACD гистограмма- (-0.000071)
    ✓ BB сужение — готовится движение
    ✓ Bearish Engulfing 🔴: Медвежье поглощение — сильный сигнал падения
    ✓ Цена у сопротивления 0.11615 (0.14%)
════════════════════════════════════════════════════════════

════════════════════════════════════════════════════════════
  📅 2026-04-05 01:21:37
  🏦 OKX | XPL/USDT | FUTURES | TF: 5m
  💲 Цена: 0.115990
────────────────────────────────────────────────────────────
  🚀 LONG | Уверенность: 55% | СЛАБЫЙ ⚪
  🛑 Stop-Loss:   0.115171
  🎯 Take-Profit: 0.117627
────────────────────────────────────────────────────────────
  🕯️  Паттерны: Shooting Star ⭐, Three Black Crows 🐦🐦🐦
────────────────────────────────────────────────────────────
  ▲ ЛОНГ сигналы:
    ✓ Stoch RSI перепродан (<20)
    ✓ MA тренд ВВЕРХ (0.11695>0.11550)
    ✓ Цена у нижней BB (0.11619)
    ✓ BB сужение — готовится движение
    ✓ Цена у поддержки 0.11555 (0.38%)
  ▼ ШОРТ сигналы:
    ✓ MACD гистограмма- (-0.000217)
    ✓ BB сужение — готовится движение
    ✓ Shooting Star ⭐: Падающая звезда — сигнал разворота вниз
    ✓ Three Black Crows 🐦🐦🐦: Три чёрные вороны — сильный нисходящий тренд
════════════════════════════════════════════════════════════

════════════════════════════════════════════════════════════
  📅 2026-04-05 01:21:37
  🏦 OKX | XPL/USDT | FUTURES | TF: 15m
  💲 Цена: 0.115990
────────────────────────────────────────────────────────────
  📉 SHORT | Уверенность: 55% | СЛАБЫЙ ⚪
  🛑 Stop-Loss:   0.117524
  🎯 Take-Profit: 0.112922
────────────────────────────────────────────────────────────
  ▲ ЛОНГ сигналы:
    ✓ MACD гистограмма+ (0.000200)
    ✓ Цена у поддержки 0.11599 (0.00%)
  ▼ ШОРТ сигналы:
    ✓ MA тренд ВНИЗ (0.11543<0.11677)
    ✓ Цена у сопротивления 0.11647 (0.42%)
════════════════════════════════════════════════════════════

▓▓▓▓▓▓▓▓▓▓▓▓▓▓▓▓▓▓▓▓▓▓▓▓▓▓▓▓▓▓▓▓▓▓▓▓▓▓▓▓▓▓▓▓▓▓▓▓▓▓▓▓▓▓▓▓▓▓▓▓
  📊 МУЛЬТИ-ТАЙМФРЕЙМ АНАЛИЗ
  📅 2026-04-05 01:21:37 | OKX | XPL/USDT | FUTURES
────────────────────────────────────────────────────────────
  1m → SHORT (62%)
  5m → LONG (55%)
  15m → SHORT (55%)
────────────────────────────────────────────────────────────
  🏆 ИТОГ: SHORT | Уверенность: 67%
▓▓▓▓▓▓▓▓▓▓▓▓▓▓▓▓▓▓▓▓▓▓▓▓▓▓▓▓▓▓▓▓▓▓▓▓▓▓▓▓▓▓▓▓▓▓▓▓▓▓▓▓▓▓▓▓▓▓▓▓

════════════════════════════════════════════════════════════
  📅 2026-04-05 01:22:38
  🏦 OKX | XPL/USDT | FUTURES | TF: 1m
  💲 Цена: 0.116170
────────────────────────────────────────────────────────────
  📉 SHORT | Уверенность: 55% | СЛАБЫЙ ⚪
  🛑 Stop-Loss:   0.116466
  🎯 Take-Profit: 0.115578
────────────────────────────────────────────────────────────
  🕯️  Паттерны: Bullish Engulfing 🟢
────────────────────────────────────────────────────────────
  ▲ ЛОНГ сигналы:
    ✓ BB сужение — готовится движение
    ✓ Bullish Engulfing 🟢: Бычье поглощение — сильный сигнал роста
    ✓ Цена у поддержки 0.11585 (0.28%)
  ▼ ШОРТ сигналы:
    ✓ MA тренд ВНИЗ (0.11660<0.11697)
    ✓ MACD гистограмма- (-0.000051)
    ✓ BB сужение — готовится движение
    ✓ Цена у сопротивления 0.11669 (0.45%)
════════════════════════════════════════════════════════════

════════════════════════════════════════════════════════════
  📅 2026-04-05 01:22:38
  🏦 OKX | XPL/USDT | FUTURES | TF: 5m
  💲 Цена: 0.116170
────────────────────────────────────────────────────────────
  🚀 LONG | Уверенность: 63% | СРЕДНИЙ 🟡
  🛑 Stop-Loss:   0.115347
  🎯 Take-Profit: 0.117816
────────────────────────────────────────────────────────────
  ▲ ЛОНГ сигналы:
    ✓ Stoch RSI перепродан (<20)
    ✓ MA тренд ВВЕРХ (0.11695>0.11550)
    ✓ Цена у нижней BB (0.11624)
    ✓ BB сужение — готовится движение
  ▼ ШОРТ сигналы:
    ✓ MACD гистограмма- (-0.000205)
    ✓ BB сужение — готовится движение
    ✓ Цена у сопротивления 0.11666 (0.42%)
════════════════════════════════════════════════════════════

════════════════════════════════════════════════════════════
  📅 2026-04-05 01:22:38
  🏦 OKX | XPL/USDT | FUTURES | TF: 15m
  💲 Цена: 0.116170
────────────────────────────────────────────────────────────
  📉 SHORT | Уверенность: 55% | СЛАБЫЙ ⚪
  🛑 Stop-Loss:   0.117704
  🎯 Take-Profit: 0.113102
────────────────────────────────────────────────────────────
  ▲ ЛОНГ сигналы:
    ✓ MACD гистограмма+ (0.000212)
    ✓ Цена у поддержки 0.11599 (0.16%)
  ▼ ШОРТ сигналы:
    ✓ MA тренд ВНИЗ (0.11543<0.11677)
    ✓ Цена у сопротивления 0.11647 (0.26%)
════════════════════════════════════════════════════════════

▓▓▓▓▓▓▓▓▓▓▓▓▓▓▓▓▓▓▓▓▓▓▓▓▓▓▓▓▓▓▓▓▓▓▓▓▓▓▓▓▓▓▓▓▓▓▓▓▓▓▓▓▓▓▓▓▓▓▓▓
  📊 МУЛЬТИ-ТАЙМФРЕЙМ АНАЛИЗ
  📅 2026-04-05 01:22:38 | OKX | XPL/USDT | FUTURES
────────────────────────────────────────────────────────────
  1m → SHORT (55%)
  5m → LONG (63%)
  15m → SHORT (55%)
────────────────────────────────────────────────────────────
  🏆 ИТОГ: SHORT | Уверенность: 67%
▓▓▓▓▓▓▓▓▓▓▓▓▓▓▓▓▓▓▓▓▓▓▓▓▓▓▓▓▓▓▓▓▓▓▓▓▓▓▓▓▓▓▓▓▓▓▓▓▓▓▓▓▓▓▓▓▓▓▓▓

════════════════════════════════════════════════════════════
  📅 2026-04-05 01:23:39
  🏦 OKX | XPL/USDT | FUTURES | TF: 1m
  💲 Цена: 0.116220
────────────────────────────────────────────────────────────
  📉 SHORT | Уверенность: 73% | СРЕДНИЙ 🟡
  🛑 Stop-Loss:   0.116499
  🎯 Take-Profit: 0.115662
────────────────────────────────────────────────────────────
  ▲ ЛОНГ сигналы:
    ✓ BB сужение — готовится движение
    ✓ Цена у поддержки 0.11585 (0.32%)
  ▼ ШОРТ сигналы:
    ✓ MA тренд ВНИЗ (0.11657<0.11694)
    ✓ MACD гистограмма- (-0.000033)
    ✓ BB сужение — готовится движение
    ✓ Цена у сопротивления 0.11669 (0.41%)
════════════════════════════════════════════════════════════

════════════════════════════════════════════════════════════
  📅 2026-04-05 01:23:39
  🏦 OKX | XPL/USDT | FUTURES | TF: 5m
  💲 Цена: 0.116220
────────────────────────────────────────────────────────────
  🚀 LONG | Уверенность: 63% | СРЕДНИЙ 🟡
  🛑 Stop-Loss:   0.115394
  🎯 Take-Profit: 0.117872
────────────────────────────────────────────────────────────
  ▲ ЛОНГ сигналы:
    ✓ Stoch RSI перепродан (<20)
    ✓ MA тренд ВВЕРХ (0.11696>0.11550)
    ✓ Цена у нижней BB (0.11626)
    ✓ BB сужение — готовится движение
  ▼ ШОРТ сигналы:
    ✓ MACD гистограмма- (-0.000202)
    ✓ BB сужение — готовится движение
    ✓ Цена у сопротивления 0.11666 (0.38%)
════════════════════════════════════════════════════════════

════════════════════════════════════════════════════════════
  📅 2026-04-05 01:23:39
  🏦 OKX | XPL/USDT | FUTURES | TF: 15m
  💲 Цена: 0.116220
────────────────────────────────────────────────────────────
  📉 SHORT | Уверенность: 55% | СЛАБЫЙ ⚪
  🛑 Stop-Loss:   0.117754
  🎯 Take-Profit: 0.113152
────────────────────────────────────────────────────────────
  ▲ ЛОНГ сигналы:
    ✓ MACD гистограмма+ (0.000215)
    ✓ Цена у поддержки 0.11599 (0.20%)
  ▼ ШОРТ сигналы:
    ✓ MA тренд ВНИЗ (0.11544<0.11677)
    ✓ Цена у сопротивления 0.11647 (0.22%)
════════════════════════════════════════════════════════════

▓▓▓▓▓▓▓▓▓▓▓▓▓▓▓▓▓▓▓▓▓▓▓▓▓▓▓▓▓▓▓▓▓▓▓▓▓▓▓▓▓▓▓▓▓▓▓▓▓▓▓▓▓▓▓▓▓▓▓▓
  📊 МУЛЬТИ-ТАЙМФРЕЙМ АНАЛИЗ
  📅 2026-04-05 01:23:39 | OKX | XPL/USDT | FUTURES
────────────────────────────────────────────────────────────
  1m → SHORT (73%)
  5m → LONG (63%)
  15m → SHORT (55%)
────────────────────────────────────────────────────────────
  🏆 ИТОГ: SHORT | Уверенность: 67%
▓▓▓▓▓▓▓▓▓▓▓▓▓▓▓▓▓▓▓▓▓▓▓▓▓▓▓▓▓▓▓▓▓▓▓▓▓▓▓▓▓▓▓▓▓▓▓▓▓▓▓▓▓▓▓▓▓▓▓▓

════════════════════════════════════════════════════════════
  📅 2026-04-05 01:24:40
  🏦 OKX | XPL/USDT | FUTURES | TF: 1m
  💲 Цена: 0.116620
────────────────────────────────────────────────────────────
  🚀 LONG | Уверенность: 56% | СЛАБЫЙ ⚪
  🛑 Stop-Loss:   0.116316
  🎯 Take-Profit: 0.117227
────────────────────────────────────────────────────────────
  🕯️  Паттерны: Three White Soldiers 🪖🪖🪖
────────────────────────────────────────────────────────────
  ▲ ЛОНГ сигналы:
    ✓ MACD кроссовер ↑
    ✓ MACD гистограмма+ (0.000009)
    ✓ BB сужение — готовится движение
    ✓ Three White Soldiers 🪖🪖🪖: Три белых солдата — сильный восходящий тренд
  ▼ ШОРТ сигналы:
    ✓ MA тренд ВНИЗ (0.11656<0.11693)
    ✓ BB сужение — готовится движение
    ✓ Цена у сопротивления 0.11669 (0.06%)
════════════════════════════════════════════════════════════

════════════════════════════════════════════════════════════
  📅 2026-04-05 01:24:40
  🏦 OKX | XPL/USDT | FUTURES | TF: 5m
  💲 Цена: 0.116600
────────────────────────────────────────────────────────────
  🚀 LONG | Уверенность: 71% | СРЕДНИЙ 🟡
  🛑 Stop-Loss:   0.115729
  🎯 Take-Profit: 0.118342
────────────────────────────────────────────────────────────
  ▲ ЛОНГ сигналы:
    ✓ Stoch RSI перепродан (<20)
    ✓ Stoch RSI: K пересёк D вверх
    ✓ MA тренд ВВЕРХ (0.11698>0.11551)
    ✓ BB сужение — готовится движение
    ✓ Цена у поддержки 0.11632 (0.24%)
  ▼ ШОРТ сигналы:
    ✓ MACD гистограмма- (-0.000178)
    ✓ BB сужение — готовится движение
    ✓ Цена у сопротивления 0.11666 (0.05%)
════════════════════════════════════════════════════════════

════════════════════════════════════════════════════════════
  📅 2026-04-05 01:24:40
  🏦 OKX | XPL/USDT | FUTURES | TF: 15m
  💲 Цена: 0.116620
────────────────────────────────────────────────────────────
  📉 SHORT | Уверенность: 52% | СЛАБЫЙ ⚪
  🛑 Stop-Loss:   0.118159
  🎯 Take-Profit: 0.113541
────────────────────────────────────────────────────────────
  🕯️  Паттерны: Doji
────────────────────────────────────────────────────────────
  ▲ ЛОНГ сигналы:
    ✓ MACD гистограмма+ (0.000241)
    ✓ Doji
    ✓ Цена у поддержки 0.11657 (0.04%)
  ▼ ШОРТ сигналы:
    ✓ Stoch RSI перекуплен (>80)
    ✓ MA тренд ВНИЗ (0.11546<0.11678)
    ✓ Doji
════════════════════════════════════════════════════════════

▓▓▓▓▓▓▓▓▓▓▓▓▓▓▓▓▓▓▓▓▓▓▓▓▓▓▓▓▓▓▓▓▓▓▓▓▓▓▓▓▓▓▓▓▓▓▓▓▓▓▓▓▓▓▓▓▓▓▓▓
  📊 МУЛЬТИ-ТАЙМФРЕЙМ АНАЛИЗ
  📅 2026-04-05 01:24:40 | OKX | XPL/USDT | FUTURES
────────────────────────────────────────────────────────────
  1m → LONG (56%)
  5m → LONG (71%)
  15m → SHORT (52%)
────────────────────────────────────────────────────────────
  🏆 ИТОГ: LONG | Уверенность: 67%
▓▓▓▓▓▓▓▓▓▓▓▓▓▓▓▓▓▓▓▓▓▓▓▓▓▓▓▓▓▓▓▓▓▓▓▓▓▓▓▓▓▓▓▓▓▓▓▓▓▓▓▓▓▓▓▓▓▓▓▓

════════════════════════════════════════════════════════════
  📅 2026-04-05 01:25:41
  🏦 OKX | XPL/USDT | FUTURES | TF: 1m
  💲 Цена: 0.116880
────────────────────────────────────────────────────────────
  📉 SHORT | Уверенность: 64% | СРЕДНИЙ 🟡
  🛑 Stop-Loss:   0.117207
  🎯 Take-Profit: 0.116226
────────────────────────────────────────────────────────────
  ▲ ЛОНГ сигналы:
    ✓ MACD гистограмма+ (0.000050)
    ✓ BB сужение — готовится движение
    ✓ Цена у поддержки 0.11672 (0.14%)
  ▼ ШОРТ сигналы:
    ✓ MA тренд ВНИЗ (0.11655<0.11692)
    ✓ BB сужение — готовится движение
    ✓ Высокий объём 1.9x — подтверждает падение
    ✓ Цена у сопротивления 0.11728 (0.34%)
════════════════════════════════════════════════════════════

════════════════════════════════════════════════════════════
  📅 2026-04-05 01:25:41
  🏦 OKX | XPL/USDT | FUTURES | TF: 5m
  💲 Цена: 0.116880
────────────────────────────────────────────────────────────
  🚀 LONG | Уверенность: 55% | СЛАБЫЙ ⚪
  🛑 Stop-Loss:   0.116026
  🎯 Take-Profit: 0.118588
────────────────────────────────────────────────────────────
  ▲ ЛОНГ сигналы:
    ✓ MA тренд ВВЕРХ (0.11698>0.11557)
    ✓ BB сужение — готовится движение
    ✓ Цена у поддержки 0.11632 (0.48%)
  ▼ ШОРТ сигналы:
    ✓ MACD гистограмма- (-0.000146)
    ✓ BB сужение — готовится движение
    ✓ Цена у сопротивления 0.11738 (0.43%)
════════════════════════════════════════════════════════════

════════════════════════════════════════════════════════════
  📅 2026-04-05 01:25:41
  🏦 OKX | XPL/USDT | FUTURES | TF: 15m
  💲 Цена: 0.116880
────────────────────────────────────────────────────────────
  📉 SHORT | Уверенность: 51% | СЛАБЫЙ ⚪
  🛑 Stop-Loss:   0.118461
  🎯 Take-Profit: 0.113718
────────────────────────────────────────────────────────────
  ▲ ЛОНГ сигналы:
    ✓ MACD гистограмма+ (0.000257)
    ✓ Цена у поддержки 0.11657 (0.27%)
  ▼ ШОРТ сигналы:
    ✓ Stoch RSI перекуплен (>80)
    ✓ MA тренд ВНИЗ (0.11547<0.11679)
════════════════════════════════════════════════════════════

▓▓▓▓▓▓▓▓▓▓▓▓▓▓▓▓▓▓▓▓▓▓▓▓▓▓▓▓▓▓▓▓▓▓▓▓▓▓▓▓▓▓▓▓▓▓▓▓▓▓▓▓▓▓▓▓▓▓▓▓
  📊 МУЛЬТИ-ТАЙМФРЕЙМ АНАЛИЗ
  📅 2026-04-05 01:25:41 | OKX | XPL/USDT | FUTURES
────────────────────────────────────────────────────────────
  1m → SHORT (64%)
  5m → LONG (55%)
  15m → SHORT (51%)
────────────────────────────────────────────────────────────
  🏆 ИТОГ: SHORT | Уверенность: 67%
▓▓▓▓▓▓▓▓▓▓▓▓▓▓▓▓▓▓▓▓▓▓▓▓▓▓▓▓▓▓▓▓▓▓▓▓▓▓▓▓▓▓▓▓▓▓▓▓▓▓▓▓▓▓▓▓▓▓▓▓

════════════════════════════════════════════════════════════
  📅 2026-04-05 01:26:42
  🏦 OKX | XPL/USDT | FUTURES | TF: 1m
  💲 Цена: 0.116900
────────────────────────────────────────────────────────────
  📉 SHORT | Уверенность: 64% | СРЕДНИЙ 🟡
  🛑 Stop-Loss:   0.117219
  🎯 Take-Profit: 0.116263
────────────────────────────────────────────────────────────
  ▲ ЛОНГ сигналы:
    ✓ MACD гистограмма+ (0.000075)
    ✓ BB сужение — готовится движение
    ✓ Цена у поддержки 0.11672 (0.15%)
  ▼ ШОРТ сигналы:
    ✓ Stoch RSI перекуплен (>80)
    ✓ MA тренд ВНИЗ (0.11654<0.11691)
    ✓ BB сужение — готовится движение
    ✓ Цена у сопротивления 0.11724 (0.29%)
════════════════════════════════════════════════════════════

════════════════════════════════════════════════════════════
  📅 2026-04-05 01:26:42
  🏦 OKX | XPL/USDT | FUTURES | TF: 5m
  💲 Цена: 0.116900
────────────────────────────────────────────────────────────
  🚀 LONG | Уверенность: 55% | СЛАБЫЙ ⚪
  🛑 Stop-Loss:   0.116046
  🎯 Take-Profit: 0.118608
────────────────────────────────────────────────────────────
  ▲ ЛОНГ сигналы:
    ✓ MA тренд ВВЕРХ (0.11698>0.11557)
    ✓ BB сужение — готовится движение
    ✓ Цена у поддержки 0.11632 (0.50%)
  ▼ ШОРТ сигналы:
    ✓ MACD гистограмма- (-0.000145)
    ✓ BB сужение — готовится движение
    ✓ Цена у сопротивления 0.11738 (0.41%)
════════════════════════════════════════════════════════════

════════════════════════════════════════════════════════════
  📅 2026-04-05 01:26:42
  🏦 OKX | XPL/USDT | FUTURES | TF: 15m
  💲 Цена: 0.116910
────────────────────────────────────────────────────────────
  📉 SHORT | Уверенность: 51% | СЛАБЫЙ ⚪
  🛑 Stop-Loss:   0.118491
  🎯 Take-Profit: 0.113748
────────────────────────────────────────────────────────────
  ▲ ЛОНГ сигналы:
    ✓ MACD гистограмма+ (0.000259)
    ✓ Цена у поддержки 0.11657 (0.29%)
  ▼ ШОРТ сигналы:
    ✓ Stoch RSI перекуплен (>80)
    ✓ MA тренд ВНИЗ (0.11547<0.11679)
════════════════════════════════════════════════════════════

▓▓▓▓▓▓▓▓▓▓▓▓▓▓▓▓▓▓▓▓▓▓▓▓▓▓▓▓▓▓▓▓▓▓▓▓▓▓▓▓▓▓▓▓▓▓▓▓▓▓▓▓▓▓▓▓▓▓▓▓
  📊 МУЛЬТИ-ТАЙМФРЕЙМ АНАЛИЗ
  📅 2026-04-05 01:26:42 | OKX | XPL/USDT | FUTURES
────────────────────────────────────────────────────────────
  1m → SHORT (64%)
  5m → LONG (55%)
  15m → SHORT (51%)
────────────────────────────────────────────────────────────
  🏆 ИТОГ: SHORT | Уверенность: 67%
▓▓▓▓▓▓▓▓▓▓▓▓▓▓▓▓▓▓▓▓▓▓▓▓▓▓▓▓▓▓▓▓▓▓▓▓▓▓▓▓▓▓▓▓▓▓▓▓▓▓▓▓▓▓▓▓▓▓▓▓

════════════════════════════════════════════════════════════
  📅 2026-04-05 01:27:43
  🏦 OKX | XPL/USDT | FUTURES | TF: 1m
  💲 Цена: 0.116810
────────────────────────────────────────────────────────────
  📉 SHORT | Уверенность: 64% | СРЕДНИЙ 🟡
  🛑 Stop-Loss:   0.117117
  🎯 Take-Profit: 0.116195
────────────────────────────────────────────────────────────
  ▲ ЛОНГ сигналы:
    ✓ MACD гистограмма+ (0.000081)
    ✓ BB сужение — готовится движение
    ✓ Цена у поддержки 0.11672 (0.08%)
  ▼ ШОРТ сигналы:
    ✓ Stoch RSI перекуплен (>80)
    ✓ MA тренд ВНИЗ (0.11653<0.11689)
    ✓ BB сужение — готовится движение
    ✓ Цена у сопротивления 0.11723 (0.36%)
════════════════════════════════════════════════════════════

════════════════════════════════════════════════════════════
  📅 2026-04-05 01:27:43
  🏦 OKX | XPL/USDT | FUTURES | TF: 5m
  💲 Цена: 0.116810
────────────────────────────────────────────────────────────
  🚀 LONG | Уверенность: 55% | СЛАБЫЙ ⚪
  🛑 Stop-Loss:   0.115956
  🎯 Take-Profit: 0.118518
────────────────────────────────────────────────────────────
  ▲ ЛОНГ сигналы:
    ✓ MA тренд ВВЕРХ (0.11698>0.11557)
    ✓ BB сужение — готовится движение
    ✓ Цена у поддержки 0.11632 (0.42%)
  ▼ ШОРТ сигналы:
    ✓ MACD гистограмма- (-0.000151)
    ✓ BB сужение — готовится движение
    ✓ Цена у сопротивления 0.11738 (0.49%)
════════════════════════════════════════════════════════════

════════════════════════════════════════════════════════════
  📅 2026-04-05 01:27:43
  🏦 OKX | XPL/USDT | FUTURES | TF: 15m
  💲 Цена: 0.116810
────────────────────────────────────────────────────────────
  📉 SHORT | Уверенность: 51% | СЛАБЫЙ ⚪
  🛑 Stop-Loss:   0.118391
  🎯 Take-Profit: 0.113648
────────────────────────────────────────────────────────────
  ▲ ЛОНГ сигналы:
    ✓ MACD гистограмма+ (0.000253)
    ✓ Цена у поддержки 0.11657 (0.21%)
  ▼ ШОРТ сигналы:
    ✓ Stoch RSI перекуплен (>80)
    ✓ MA тренд ВНИЗ (0.11547<0.11679)
════════════════════════════════════════════════════════════

▓▓▓▓▓▓▓▓▓▓▓▓▓▓▓▓▓▓▓▓▓▓▓▓▓▓▓▓▓▓▓▓▓▓▓▓▓▓▓▓▓▓▓▓▓▓▓▓▓▓▓▓▓▓▓▓▓▓▓▓
  📊 МУЛЬТИ-ТАЙМФРЕЙМ АНАЛИЗ
  📅 2026-04-05 01:27:43 | OKX | XPL/USDT | FUTURES
────────────────────────────────────────────────────────────
  1m → SHORT (64%)
  5m → LONG (55%)
  15m → SHORT (51%)
────────────────────────────────────────────────────────────
  🏆 ИТОГ: SHORT | Уверенность: 67%
▓▓▓▓▓▓▓▓▓▓▓▓▓▓▓▓▓▓▓▓▓▓▓▓▓▓▓▓▓▓▓▓▓▓▓▓▓▓▓▓▓▓▓▓▓▓▓▓▓▓▓▓▓▓▓▓▓▓▓▓

════════════════════════════════════════════════════════════
  📅 2026-04-05 01:28:44
  🏦 OKX | XPL/USDT | FUTURES | TF: 1m
  💲 Цена: 0.116770
────────────────────────────────────────────────────────────
  📉 SHORT | Уверенность: 78% | СИЛЬНЫЙ 🟢
  🛑 Stop-Loss:   0.117060
  🎯 Take-Profit: 0.116191
────────────────────────────────────────────────────────────
  🕯️  Паттерны: Bearish Engulfing 🔴
────────────────────────────────────────────────────────────
  ▲ ЛОНГ сигналы:
    ✓ MACD гистограмма+ (0.000083)
    ✓ BB сужение — готовится движение
    ✓ Цена у поддержки 0.11672 (0.04%)
  ▼ ШОРТ сигналы:
    ✓ Stoch RSI перекуплен (>80)
    ✓ Stoch RSI: K пересёк D вниз
    ✓ MA тренд ВНИЗ (0.11651<0.11688)
    ✓ BB сужение — готовится движение
    ✓ Bearish Engulfing 🔴: Медвежье поглощение — сильный сигнал падения
    ✓ Цена у сопротивления 0.11723 (0.39%)
════════════════════════════════════════════════════════════

════════════════════════════════════════════════════════════
  📅 2026-04-05 01:28:44
  🏦 OKX | XPL/USDT | FUTURES | TF: 5m
  💲 Цена: 0.116770
────────────────────────────────────────────────────────────
  🚀 LONG | Уверенность: 73% | СРЕДНИЙ 🟡
  🛑 Stop-Loss:   0.115916
  🎯 Take-Profit: 0.118478
────────────────────────────────────────────────────────────
  ▲ ЛОНГ сигналы:
    ✓ MA тренд ВВЕРХ (0.11698>0.11557)
    ✓ BB сужение — готовится движение
    ✓ Цена у поддержки 0.11632 (0.39%)
  ▼ ШОРТ сигналы:
    ✓ MACD гистограмма- (-0.000153)
    ✓ BB сужение — готовится движение
════════════════════════════════════════════════════════════

════════════════════════════════════════════════════════════
  📅 2026-04-05 01:28:44
  🏦 OKX | XPL/USDT | FUTURES | TF: 15m
  💲 Цена: 0.116770
────────────────────────────────────────────────────────────
  📉 SHORT | Уверенность: 51% | СЛАБЫЙ ⚪
  🛑 Stop-Loss:   0.118351
  🎯 Take-Profit: 0.113608
────────────────────────────────────────────────────────────
  ▲ ЛОНГ сигналы:
    ✓ MACD гистограмма+ (0.000250)
    ✓ Цена у поддержки 0.11657 (0.17%)
  ▼ ШОРТ сигналы:
    ✓ Stoch RSI перекуплен (>80)
    ✓ MA тренд ВНИЗ (0.11546<0.11679)
════════════════════════════════════════════════════════════

▓▓▓▓▓▓▓▓▓▓▓▓▓▓▓▓▓▓▓▓▓▓▓▓▓▓▓▓▓▓▓▓▓▓▓▓▓▓▓▓▓▓▓▓▓▓▓▓▓▓▓▓▓▓▓▓▓▓▓▓
  📊 МУЛЬТИ-ТАЙМФРЕЙМ АНАЛИЗ
  📅 2026-04-05 01:28:44 | OKX | XPL/USDT | FUTURES
────────────────────────────────────────────────────────────
  1m → SHORT (78%)
  5m → LONG (73%)
  15m → SHORT (51%)
────────────────────────────────────────────────────────────
  🏆 ИТОГ: SHORT | Уверенность: 67%
▓▓▓▓▓▓▓▓▓▓▓▓▓▓▓▓▓▓▓▓▓▓▓▓▓▓▓▓▓▓▓▓▓▓▓▓▓▓▓▓▓▓▓▓▓▓▓▓▓▓▓▓▓▓▓▓▓▓▓▓

════════════════════════════════════════════════════════════
  📅 2026-04-05 01:29:44
  🏦 OKX | XPL/USDT | FUTURES | TF: 1m
  💲 Цена: 0.116780
────────────────────────────────────────────────────────────
  📉 SHORT | Уверенность: 73% | СРЕДНИЙ 🟡
  🛑 Stop-Loss:   0.117065
  🎯 Take-Profit: 0.116211
────────────────────────────────────────────────────────────
  🕯️  Паттерны: Doji, Shooting Star ⭐
────────────────────────────────────────────────────────────
  ▲ ЛОНГ сигналы:
    ✓ MACD гистограмма+ (0.000082)
    ✓ BB сужение — готовится движение
    ✓ Doji
    ✓ Цена у поддержки 0.11672 (0.05%)
  ▼ ШОРТ сигналы:
    ✓ Stoch RSI перекуплен (>80)
    ✓ MA тренд ВНИЗ (0.11650<0.11687)
    ✓ BB сужение — готовится движение
    ✓ Doji
    ✓ Shooting Star ⭐: Падающая звезда — сигнал разворота вниз
    ✓ Цена у сопротивления 0.11723 (0.39%)
════════════════════════════════════════════════════════════

════════════════════════════════════════════════════════════
  📅 2026-04-05 01:29:44
  🏦 OKX | XPL/USDT | FUTURES | TF: 5m
  💲 Цена: 0.116770
────────────────────────────────────────────────────────────
  🚀 LONG | Уверенность: 73% | СРЕДНИЙ 🟡
  🛑 Stop-Loss:   0.115916
  🎯 Take-Profit: 0.118478
────────────────────────────────────────────────────────────
  ▲ ЛОНГ сигналы:
    ✓ MA тренд ВВЕРХ (0.11698>0.11557)
    ✓ BB сужение — готовится движение
    ✓ Цена у поддержки 0.11632 (0.39%)
  ▼ ШОРТ сигналы:
    ✓ MACD гистограмма- (-0.000153)
    ✓ BB сужение — готовится движение
════════════════════════════════════════════════════════════

════════════════════════════════════════════════════════════
  📅 2026-04-05 01:29:44
  🏦 OKX | XPL/USDT | FUTURES | TF: 15m
  💲 Цена: 0.116780
────────────────────────────────────────────────────────────
  📉 SHORT | Уверенность: 51% | СЛАБЫЙ ⚪
  🛑 Stop-Loss:   0.118361
  🎯 Take-Profit: 0.113618
────────────────────────────────────────────────────────────
  ▲ ЛОНГ сигналы:
    ✓ MACD гистограмма+ (0.000251)
    ✓ Цена у поддержки 0.11657 (0.18%)
  ▼ ШОРТ сигналы:
    ✓ Stoch RSI перекуплен (>80)
    ✓ MA тренд ВНИЗ (0.11547<0.11679)
════════════════════════════════════════════════════════════

▓▓▓▓▓▓▓▓▓▓▓▓▓▓▓▓▓▓▓▓▓▓▓▓▓▓▓▓▓▓▓▓▓▓▓▓▓▓▓▓▓▓▓▓▓▓▓▓▓▓▓▓▓▓▓▓▓▓▓▓
  📊 МУЛЬТИ-ТАЙМФРЕЙМ АНАЛИЗ
  📅 2026-04-05 01:29:44 | OKX | XPL/USDT | FUTURES
────────────────────────────────────────────────────────────
  1m → SHORT (73%)
  5m → LONG (73%)
  15m → SHORT (51%)
────────────────────────────────────────────────────────────
  🏆 ИТОГ: SHORT | Уверенность: 67%
▓▓▓▓▓▓▓▓▓▓▓▓▓▓▓▓▓▓▓▓▓▓▓▓▓▓▓▓▓▓▓▓▓▓▓▓▓▓▓▓▓▓▓▓▓▓▓▓▓▓▓▓▓▓▓▓▓▓▓▓

════════════════════════════════════════════════════════════
  📅 2026-04-05 01:30:45
  🏦 OKX | XPL/USDT | FUTURES | TF: 1m
  💲 Цена: 0.116660
────────────────────────────────────────────────────────────
  📉 SHORT | Уверенность: 81% | СИЛЬНЫЙ 🟢
  🛑 Stop-Loss:   0.116941
  🎯 Take-Profit: 0.116097
────────────────────────────────────────────────────────────
  ▲ ЛОНГ сигналы:
    ✓ MACD гистограмма+ (0.000070)
    ✓ BB сужение — готовится движение
  ▼ ШОРТ сигналы:
    ✓ Stoch RSI перекуплен (>80)
    ✓ MA тренд ВНИЗ (0.11649<0.11685)
    ✓ BB сужение — готовится движение
    ✓ Цена у сопротивления 0.11723 (0.49%)
════════════════════════════════════════════════════════════

════════════════════════════════════════════════════════════
  📅 2026-04-05 01:30:45
  🏦 OKX | XPL/USDT | FUTURES | TF: 5m
  💲 Цена: 0.116660
────────────────────────────────────────────────────────────
  🚀 LONG | Уверенность: 73% | СРЕДНИЙ 🟡
  🛑 Stop-Loss:   0.115851
  🎯 Take-Profit: 0.118278
────────────────────────────────────────────────────────────
  ▲ ЛОНГ сигналы:
    ✓ MA тренд ВВЕРХ (0.11696>0.11563)
    ✓ BB сужение — готовится движение
    ✓ Цена у поддержки 0.11632 (0.29%)
  ▼ ШОРТ сигналы:
    ✓ MACD гистограмма- (-0.000141)
    ✓ BB сужение — готовится движение
════════════════════════════════════════════════════════════

════════════════════════════════════════════════════════════
  📅 2026-04-05 01:30:45
  🏦 OKX | XPL/USDT | FUTURES | TF: 15m
  💲 Цена: 0.116660
────────────────────────────────────────────────────────────
  🚀 LONG | Уверенность: 64% | СРЕДНИЙ 🟡
  🛑 Stop-Loss:   0.115176
  🎯 Take-Profit: 0.119628
────────────────────────────────────────────────────────────
  ▲ ЛОНГ сигналы:
    ✓ MACD гистограмма+ (0.000203)
    ✓ Цена у поддержки 0.11657 (0.08%)
  ▼ ШОРТ сигналы:
    ✓ MA тренд ВНИЗ (0.11549<0.11673)
════════════════════════════════════════════════════════════

▓▓▓▓▓▓▓▓▓▓▓▓▓▓▓▓▓▓▓▓▓▓▓▓▓▓▓▓▓▓▓▓▓▓▓▓▓▓▓▓▓▓▓▓▓▓▓▓▓▓▓▓▓▓▓▓▓▓▓▓
  📊 МУЛЬТИ-ТАЙМФРЕЙМ АНАЛИЗ
  📅 2026-04-05 01:30:45 | OKX | XPL/USDT | FUTURES
────────────────────────────────────────────────────────────
  1m → SHORT (81%)
  5m → LONG (73%)
  15m → LONG (64%)
────────────────────────────────────────────────────────────
  🏆 ИТОГ: LONG | Уверенность: 67%
▓▓▓▓▓▓▓▓▓▓▓▓▓▓▓▓▓▓▓▓▓▓▓▓▓▓▓▓▓▓▓▓▓▓▓▓▓▓▓▓▓▓▓▓▓▓▓▓▓▓▓▓▓▓▓▓▓▓▓▓

════════════════════════════════════════════════════════════
  📅 2026-04-05 01:31:46
  🏦 OKX | XPL/USDT | FUTURES | TF: 1m
  💲 Цена: 0.116780
────────────────────────────────────────────────────────────
  📉 SHORT | Уверенность: 50% | СЛАБЫЙ ⚪
  🛑 Stop-Loss:   0.117066
  🎯 Take-Profit: 0.116208
────────────────────────────────────────────────────────────
  🕯️  Паттерны: Bullish Engulfing 🟢
────────────────────────────────────────────────────────────
  ▲ ЛОНГ сигналы:
    ✓ MACD гистограмма+ (0.000068)
    ✓ BB сужение — готовится движение
    ✓ Bullish Engulfing 🟢: Бычье поглощение — сильный сигнал роста
    ✓ Цена у поддержки 0.11672 (0.05%)
  ▼ ШОРТ сигналы:
    ✓ Stoch RSI перекуплен (>80)
    ✓ MA тренд ВНИЗ (0.11650<0.11685)
    ✓ BB сужение — готовится движение
    ✓ Цена у сопротивления 0.11723 (0.39%)
════════════════════════════════════════════════════════════

════════════════════════════════════════════════════════════
  📅 2026-04-05 01:31:46
  🏦 OKX | XPL/USDT | FUTURES | TF: 5m
  💲 Цена: 0.116780
────────────────────────────────────────────────────────────
  🚀 LONG | Уверенность: 71% | СРЕДНИЙ 🟡
  🛑 Stop-Loss:   0.115956
  🎯 Take-Profit: 0.118428
────────────────────────────────────────────────────────────
  🕯️  Паттерны: Doji
────────────────────────────────────────────────────────────
  ▲ ЛОНГ сигналы:
    ✓ MA тренд ВВЕРХ (0.11696>0.11563)
    ✓ BB сужение — готовится движение
    ✓ Doji
    ✓ Цена у поддержки 0.11632 (0.39%)
  ▼ ШОРТ сигналы:
    ✓ MACD гистограмма- (-0.000133)
    ✓ BB сужение — готовится движение
    ✓ Doji
════════════════════════════════════════════════════════════

════════════════════════════════════════════════════════════
  📅 2026-04-05 01:31:46
  🏦 OKX | XPL/USDT | FUTURES | TF: 15m
  💲 Цена: 0.116860
────────────────────────────────────────────────────────────
  📉 SHORT | Уверенность: 51% | СЛАБЫЙ ⚪
  🛑 Stop-Loss:   0.118359
  🎯 Take-Profit: 0.113862
────────────────────────────────────────────────────────────
  ▲ ЛОНГ сигналы:
    ✓ MACD гистограмма+ (0.000216)
    ✓ Цена у поддержки 0.11657 (0.25%)
  ▼ ШОРТ сигналы:
    ✓ Stoch RSI перекуплен (>80)
    ✓ MA тренд ВНИЗ (0.11550<0.11674)
════════════════════════════════════════════════════════════

▓▓▓▓▓▓▓▓▓▓▓▓▓▓▓▓▓▓▓▓▓▓▓▓▓▓▓▓▓▓▓▓▓▓▓▓▓▓▓▓▓▓▓▓▓▓▓▓▓▓▓▓▓▓▓▓▓▓▓▓
  📊 МУЛЬТИ-ТАЙМФРЕЙМ АНАЛИЗ
  📅 2026-04-05 01:31:46 | OKX | XPL/USDT | FUTURES
────────────────────────────────────────────────────────────
  1m → SHORT (50%)
  5m → LONG (71%)
  15m → SHORT (51%)
────────────────────────────────────────────────────────────
  🏆 ИТОГ: SHORT | Уверенность: 67%
▓▓▓▓▓▓▓▓▓▓▓▓▓▓▓▓▓▓▓▓▓▓▓▓▓▓▓▓▓▓▓▓▓▓▓▓▓▓▓▓▓▓▓▓▓▓▓▓▓▓▓▓▓▓▓▓▓▓▓▓

════════════════════════════════════════════════════════════
  📅 2026-04-05 01:32:47
  🏦 OKX | XPL/USDT | FUTURES | TF: 1m
  💲 Цена: 0.116970
────────────────────────────────────────────────────────────
  📉 SHORT | Уверенность: 64% | СРЕДНИЙ 🟡
  🛑 Stop-Loss:   0.117255
  🎯 Take-Profit: 0.116400
────────────────────────────────────────────────────────────
  ▲ ЛОНГ сигналы:
    ✓ MACD гистограмма+ (0.000077)
    ✓ BB сужение — готовится движение
    ✓ Цена у поддержки 0.11671 (0.22%)
  ▼ ШОРТ сигналы:
    ✓ Stoch RSI перекуплен (>80)
    ✓ MA тренд ВНИЗ (0.11652<0.11684)
    ✓ BB сужение — готовится движение
    ✓ Цена у сопротивления 0.11723 (0.22%)
════════════════════════════════════════════════════════════

════════════════════════════════════════════════════════════
  📅 2026-04-05 01:32:47
  🏦 OKX | XPL/USDT | FUTURES | TF: 5m
  💲 Цена: 0.116970
────────────────────────────────────────────────────────────
  📉 SHORT | Уверенность: 60% | СРЕДНИЙ 🟡
  🛑 Stop-Loss:   0.117801
  🎯 Take-Profit: 0.115307
────────────────────────────────────────────────────────────
  ▲ ЛОНГ сигналы:
    ✓ MA тренд ВВЕРХ (0.11697>0.11564)
    ✓ BB сужение — готовится движение
  ▼ ШОРТ сигналы:
    ✓ MACD гистограмма- (-0.000121)
    ✓ BB сужение — готовится движение
    ✓ Цена у сопротивления 0.11738 (0.35%)
════════════════════════════════════════════════════════════

════════════════════════════════════════════════════════════
  📅 2026-04-05 01:32:47
  🏦 OKX | XPL/USDT | FUTURES | TF: 15m
  💲 Цена: 0.116970
────────────────────────────────────────────────────────────
  📉 SHORT | Уверенность: 66% | СРЕДНИЙ 🟡
  🛑 Stop-Loss:   0.118477
  🎯 Take-Profit: 0.113957
────────────────────────────────────────────────────────────
  ▲ ЛОНГ сигналы:
    ✓ MACD гистограмма+ (0.000223)
    ✓ Цена у поддержки 0.11657 (0.34%)
  ▼ ШОРТ сигналы:
    ✓ Stoch RSI перекуплен (>80)
    ✓ MA тренд ВНИЗ (0.11551<0.11674)
    ✓ Цена у сопротивления 0.11752 (0.47%)
════════════════════════════════════════════════════════════

▓▓▓▓▓▓▓▓▓▓▓▓▓▓▓▓▓▓▓▓▓▓▓▓▓▓▓▓▓▓▓▓▓▓▓▓▓▓▓▓▓▓▓▓▓▓▓▓▓▓▓▓▓▓▓▓▓▓▓▓
  📊 МУЛЬТИ-ТАЙМФРЕЙМ АНАЛИЗ
  📅 2026-04-05 01:32:47 | OKX | XPL/USDT | FUTURES
────────────────────────────────────────────────────────────
  1m → SHORT (64%)
  5m → SHORT (60%)
  15m → SHORT (66%)
────────────────────────────────────────────────────────────
  🏆 ИТОГ: SHORT | Уверенность: 100%
▓▓▓▓▓▓▓▓▓▓▓▓▓▓▓▓▓▓▓▓▓▓▓▓▓▓▓▓▓▓▓▓▓▓▓▓▓▓▓▓▓▓▓▓▓▓▓▓▓▓▓▓▓▓▓▓▓▓▓▓

════════════════════════════════════════════════════════════
  📅 2026-04-05 01:33:48
  🏦 OKX | XPL/USDT | FUTURES | TF: 1m
  💲 Цена: 0.117420
────────────────────────────────────────────────────────────
  📉 SHORT | Уверенность: 77% | СИЛЬНЫЙ 🟢
  🛑 Stop-Loss:   0.117737
  🎯 Take-Profit: 0.116786
────────────────────────────────────────────────────────────
  🕯️  Паттерны: Three White Soldiers 🪖🪖🪖
────────────────────────────────────────────────────────────
  ▲ ЛОНГ сигналы:
    ✓ MACD гистограмма+ (0.000107)
    ✓ BB сужение — готовится движение
    ✓ Three White Soldiers 🪖🪖🪖: Три белых солдата — сильный восходящий тренд
  ▼ ШОРТ сигналы:
    ✓ RSI=70.4 перекуплен (>70)
    ✓ Stoch RSI перекуплен (>80)
    ✓ MA тренд ВНИЗ (0.11656<0.11685)
    ✓ Цена у верхней BB (0.11725)
    ✓ BB сужение — готовится движение
    ✓ Высокий объём 1.5x — подтверждает падение
    ✓ Цена у сопротивления 0.11777 (0.30%)
════════════════════════════════════════════════════════════

════════════════════════════════════════════════════════════
  📅 2026-04-05 01:33:48
  🏦 OKX | XPL/USDT | FUTURES | TF: 5m
  💲 Цена: 0.117420
────────────────────────────────────────────────────────────
  🚀 LONG | Уверенность: 55% | СЛАБЫЙ ⚪
  🛑 Stop-Loss:   0.116536
  🎯 Take-Profit: 0.119188
────────────────────────────────────────────────────────────
  ▲ ЛОНГ сигналы:
    ✓ MA тренд ВВЕРХ (0.11700>0.11565)
    ✓ BB сужение — готовится движение
    ✓ Цена у поддержки 0.11701 (0.35%)
  ▼ ШОРТ сигналы:
    ✓ MACD гистограмма- (-0.000092)
    ✓ BB сужение — готовится движение
    ✓ Цена у сопротивления 0.11789 (0.40%)
════════════════════════════════════════════════════════════

════════════════════════════════════════════════════════════
  📅 2026-04-05 01:33:48
  🏦 OKX | XPL/USDT | FUTURES | TF: 15m
  💲 Цена: 0.117460
────────────────────────────────────────────────────────────
  📉 SHORT | Уверенность: 87% | СИЛЬНЫЙ 🟢
  🛑 Stop-Loss:   0.119019
  🎯 Take-Profit: 0.114342
────────────────────────────────────────────────────────────
  ▲ ЛОНГ сигналы:
    ✓ MACD гистограмма+ (0.000254)
  ▼ ШОРТ сигналы:
    ✓ Stoch RSI перекуплен (>80)
    ✓ MA тренд ВНИЗ (0.11553<0.11675)
    ✓ Цена у сопротивления 0.11752 (0.06%)
════════════════════════════════════════════════════════════

▓▓▓▓▓▓▓▓▓▓▓▓▓▓▓▓▓▓▓▓▓▓▓▓▓▓▓▓▓▓▓▓▓▓▓▓▓▓▓▓▓▓▓▓▓▓▓▓▓▓▓▓▓▓▓▓▓▓▓▓
  📊 МУЛЬТИ-ТАЙМФРЕЙМ АНАЛИЗ
  📅 2026-04-05 01:33:48 | OKX | XPL/USDT | FUTURES
────────────────────────────────────────────────────────────
  1m → SHORT (77%)
  5m → LONG (55%)
  15m → SHORT (87%)
────────────────────────────────────────────────────────────
  🏆 ИТОГ: SHORT | Уверенность: 67%
▓▓▓▓▓▓▓▓▓▓▓▓▓▓▓▓▓▓▓▓▓▓▓▓▓▓▓▓▓▓▓▓▓▓▓▓▓▓▓▓▓▓▓▓▓▓▓▓▓▓▓▓▓▓▓▓▓▓▓▓

════════════════════════════════════════════════════════════
  📅 2026-04-05 01:34:49
  🏦 OKX | XPL/USDT | FUTURES | TF: 1m
  💲 Цена: 0.117270
────────────────────────────────────────────────────────────
  📉 SHORT | Уверенность: 64% | СРЕДНИЙ 🟡
  🛑 Stop-Loss:   0.117583
  🎯 Take-Profit: 0.116645
────────────────────────────────────────────────────────────
  ▲ ЛОНГ сигналы:
    ✓ MACD гистограмма+ (0.000101)
    ✓ BB сужение — готовится движение
    ✓ Цена у поддержки 0.11671 (0.47%)
  ▼ ШОРТ сигналы:
    ✓ Stoch RSI перекуплен (>80)
    ✓ MA тренд ВНИЗ (0.11658<0.11684)
    ✓ BB сужение — готовится движение
    ✓ Цена у сопротивления 0.11777 (0.43%)
════════════════════════════════════════════════════════════

════════════════════════════════════════════════════════════
  📅 2026-04-05 01:34:49
  🏦 OKX | XPL/USDT | FUTURES | TF: 5m
  💲 Цена: 0.117270
────────────────────────────────────────────────────────────
  🚀 LONG | Уверенность: 55% | СЛАБЫЙ ⚪
  🛑 Stop-Loss:   0.116386
  🎯 Take-Profit: 0.119038
────────────────────────────────────────────────────────────
  ▲ ЛОНГ сигналы:
    ✓ MA тренд ВВЕРХ (0.11699>0.11564)
    ✓ BB сужение — готовится движение
    ✓ Цена у поддержки 0.11701 (0.22%)
  ▼ ШОРТ сигналы:
    ✓ MACD гистограмма- (-0.000102)
    ✓ BB сужение — готовится движение
    ✓ Цена у сопротивления 0.11738 (0.09%)
════════════════════════════════════════════════════════════

════════════════════════════════════════════════════════════
  📅 2026-04-05 01:34:49
  🏦 OKX | XPL/USDT | FUTURES | TF: 15m
  💲 Цена: 0.117270
────────────────────────────────────────────────────────────
  📉 SHORT | Уверенность: 87% | СИЛЬНЫЙ 🟢
  🛑 Stop-Loss:   0.118829
  🎯 Take-Profit: 0.114152
────────────────────────────────────────────────────────────
  ▲ ЛОНГ сигналы:
    ✓ MACD гистограмма+ (0.000242)
  ▼ ШОРТ сигналы:
    ✓ Stoch RSI перекуплен (>80)
    ✓ MA тренд ВНИЗ (0.11553<0.11675)
    ✓ Цена у сопротивления 0.11752 (0.22%)
════════════════════════════════════════════════════════════

▓▓▓▓▓▓▓▓▓▓▓▓▓▓▓▓▓▓▓▓▓▓▓▓▓▓▓▓▓▓▓▓▓▓▓▓▓▓▓▓▓▓▓▓▓▓▓▓▓▓▓▓▓▓▓▓▓▓▓▓
  📊 МУЛЬТИ-ТАЙМФРЕЙМ АНАЛИЗ
  📅 2026-04-05 01:34:49 | OKX | XPL/USDT | FUTURES
────────────────────────────────────────────────────────────
  1m → SHORT (64%)
  5m → LONG (55%)
  15m → SHORT (87%)
────────────────────────────────────────────────────────────
  🏆 ИТОГ: SHORT | Уверенность: 67%
▓▓▓▓▓▓▓▓▓▓▓▓▓▓▓▓▓▓▓▓▓▓▓▓▓▓▓▓▓▓▓▓▓▓▓▓▓▓▓▓▓▓▓▓▓▓▓▓▓▓▓▓▓▓▓▓▓▓▓▓

════════════════════════════════════════════════════════════
  📅 2026-04-05 01:35:50
  🏦 OKX | XPL/USDT | FUTURES | TF: 1m
  💲 Цена: 0.116960
────────────────────────────────────────────────────────────
  📉 SHORT | Уверенность: 78% | СИЛЬНЫЙ 🟢
  🛑 Stop-Loss:   0.117279
  🎯 Take-Profit: 0.116322
────────────────────────────────────────────────────────────
  🕯️  Паттерны: Evening Star 🌆
────────────────────────────────────────────────────────────
  ▲ ЛОНГ сигналы:
    ✓ MACD гистограмма+ (0.000079)
    ✓ BB сужение — готовится движение
    ✓ Цена у поддержки 0.11671 (0.21%)
  ▼ ШОРТ сигналы:
    ✓ Stoch RSI перекуплен (>80)
    ✓ Stoch RSI: K пересёк D вниз
    ✓ MA тренд ВНИЗ (0.11660<0.11684)
    ✓ BB сужение — готовится движение
    ✓ Evening Star 🌆: Вечерняя звезда — сильный медвежий разворот
    ✓ Цена у сопротивления 0.11724 (0.24%)
════════════════════════════════════════════════════════════

════════════════════════════════════════════════════════════
  📅 2026-04-05 01:35:50
  🏦 OKX | XPL/USDT | FUTURES | TF: 5m
  💲 Цена: 0.116950
────────────────────────────────────────────────────────────
  📉 SHORT | Уверенность: 60% | СРЕДНИЙ 🟡
  🛑 Stop-Loss:   0.117801
  🎯 Take-Profit: 0.115248
────────────────────────────────────────────────────────────
  ▲ ЛОНГ сигналы:
    ✓ MA тренд ВВЕРХ (0.11697>0.11572)
    ✓ BB сужение — готовится движение
  ▼ ШОРТ сигналы:
    ✓ MACD гистограмма- (-0.000091)
    ✓ BB сужение — готовится движение
    ✓ Цена у сопротивления 0.11738 (0.37%)
════════════════════════════════════════════════════════════

════════════════════════════════════════════════════════════
  📅 2026-04-05 01:35:50
  🏦 OKX | XPL/USDT | FUTURES | TF: 15m
  💲 Цена: 0.116950
────────────────────────────────────────────────────────────
  📉 SHORT | Уверенность: 66% | СРЕДНИЙ 🟡
  🛑 Stop-Loss:   0.118509
  🎯 Take-Profit: 0.113832
────────────────────────────────────────────────────────────
  ▲ ЛОНГ сигналы:
    ✓ MACD гистограмма+ (0.000222)
    ✓ Цена у поддержки 0.11657 (0.32%)
  ▼ ШОРТ сигналы:
    ✓ Stoch RSI перекуплен (>80)
    ✓ MA тренд ВНИЗ (0.11551<0.11674)
    ✓ Цена у сопротивления 0.11752 (0.49%)
════════════════════════════════════════════════════════════

▓▓▓▓▓▓▓▓▓▓▓▓▓▓▓▓▓▓▓▓▓▓▓▓▓▓▓▓▓▓▓▓▓▓▓▓▓▓▓▓▓▓▓▓▓▓▓▓▓▓▓▓▓▓▓▓▓▓▓▓
  📊 МУЛЬТИ-ТАЙМФРЕЙМ АНАЛИЗ
  📅 2026-04-05 01:35:50 | OKX | XPL/USDT | FUTURES
────────────────────────────────────────────────────────────
  1m → SHORT (78%)
  5m → SHORT (60%)
  15m → SHORT (66%)
────────────────────────────────────────────────────────────
  🏆 ИТОГ: SHORT | Уверенность: 100%
▓▓▓▓▓▓▓▓▓▓▓▓▓▓▓▓▓▓▓▓▓▓▓▓▓▓▓▓▓▓▓▓▓▓▓▓▓▓▓▓▓▓▓▓▓▓▓▓▓▓▓▓▓▓▓▓▓▓▓▓

════════════════════════════════════════════════════════════
  📅 2026-04-05 01:36:51
  🏦 OKX | XPL/USDT | FUTURES | TF: 1m
  💲 Цена: 0.116970
────────────────────────────────────────────────────────────
  📉 SHORT | Уверенность: 64% | СРЕДНИЙ 🟡
  🛑 Stop-Loss:   0.117285
  🎯 Take-Profit: 0.116339
────────────────────────────────────────────────────────────
  ▲ ЛОНГ сигналы:
    ✓ MACD гистограмма+ (0.000066)
    ✓ BB сужение — готовится движение
    ✓ Цена у поддержки 0.11671 (0.22%)
  ▼ ШОРТ сигналы:
    ✓ Stoch RSI перекуплен (>80)
    ✓ MA тренд ВНИЗ (0.11663<0.11683)
    ✓ BB сужение — готовится движение
    ✓ Цена у сопротивления 0.11724 (0.23%)
════════════════════════════════════════════════════════════

════════════════════════════════════════════════════════════
  📅 2026-04-05 01:36:51
  🏦 OKX | XPL/USDT | FUTURES | TF: 5m
  💲 Цена: 0.116980
────────────────────────────────────────────────────────────
  📉 SHORT | Уверенность: 60% | СРЕДНИЙ 🟡
  🛑 Stop-Loss:   0.117844
  🎯 Take-Profit: 0.115253
────────────────────────────────────────────────────────────
  ▲ ЛОНГ сигналы:
    ✓ MA тренд ВВЕРХ (0.11697>0.11572)
    ✓ BB сужение — готовится движение
  ▼ ШОРТ сигналы:
    ✓ MACD гистограмма- (-0.000089)
    ✓ BB сужение — готовится движение
    ✓ Цена у сопротивления 0.11738 (0.34%)
════════════════════════════════════════════════════════════

════════════════════════════════════════════════════════════
  📅 2026-04-05 01:36:51
  🏦 OKX | XPL/USDT | FUTURES | TF: 15m
  💲 Цена: 0.116970
────────────────────────────────────────────────────────────
  📉 SHORT | Уверенность: 66% | СРЕДНИЙ 🟡
  🛑 Stop-Loss:   0.118529
  🎯 Take-Profit: 0.113852
────────────────────────────────────────────────────────────
  ▲ ЛОНГ сигналы:
    ✓ MACD гистограмма+ (0.000223)
    ✓ Цена у поддержки 0.11657 (0.34%)
  ▼ ШОРТ сигналы:
    ✓ Stoch RSI перекуплен (>80)
    ✓ MA тренд ВНИЗ (0.11551<0.11674)
    ✓ Цена у сопротивления 0.11752 (0.47%)
════════════════════════════════════════════════════════════

▓▓▓▓▓▓▓▓▓▓▓▓▓▓▓▓▓▓▓▓▓▓▓▓▓▓▓▓▓▓▓▓▓▓▓▓▓▓▓▓▓▓▓▓▓▓▓▓▓▓▓▓▓▓▓▓▓▓▓▓
  📊 МУЛЬТИ-ТАЙМФРЕЙМ АНАЛИЗ
  📅 2026-04-05 01:36:51 | OKX | XPL/USDT | FUTURES
────────────────────────────────────────────────────────────
  1m → SHORT (64%)
  5m → SHORT (60%)
  15m → SHORT (66%)
────────────────────────────────────────────────────────────
  🏆 ИТОГ: SHORT | Уверенность: 100%
▓▓▓▓▓▓▓▓▓▓▓▓▓▓▓▓▓▓▓▓▓▓▓▓▓▓▓▓▓▓▓▓▓▓▓▓▓▓▓▓▓▓▓▓▓▓▓▓▓▓▓▓▓▓▓▓▓▓▓▓
