
════════════════════════════════════════════════════════════
  📅 2026-05-18 07:44:12
  🏦 OKX | XPL/USDT | FUTURES | TF: 15m
  💲 Цена: 0.083010
────────────────────────────────────────────────────────────
  📉 SHORT | Уверенность: 86% | СИЛЬНЫЙ 🟢
  🛑 Stop-Loss:   0.083836
  🎯 Take-Profit: 0.081358
────────────────────────────────────────────────────────────
  ▲ ЛОНГ сигналы:
    ✓ MACD гистограмма+ (0.000127)
    ✓ BB сужение — готовится движение
  ▼ ШОРТ сигналы:
    ✓ MA тренд ВНИЗ (0.08207<0.08279)
    ✓ Цена у верхней BB (0.08279)
    ✓ BB сужение — готовится движение
    ✓ Высокий объём 2.1x — подтверждает падение
    ✓ Скрытая медвежья дивергенция: цена ↓ (0.08205→0.08183), RSI ↑ (38.8→39.1) — продолжение падения
════════════════════════════════════════════════════════════

════════════════════════════════════════════════════════════
  📅 2026-05-18 07:44:12
  🏦 OKX | XPL/USDT | FUTURES | TF: 1h
  💲 Цена: 0.082950
────────────────────────────────────────────────────────────
  🚀 LONG | Уверенность: 62% | СРЕДНИЙ 🟡
  🛑 Stop-Loss:   0.081267
  🎯 Take-Profit: 0.086316
────────────────────────────────────────────────────────────
  🕯️  Паттерны: Morning Star 🌅
────────────────────────────────────────────────────────────
  ▲ ЛОНГ сигналы:
    ✓ Morning Star 🌅: Утренняя звезда — сильный бычий разворот
    ✓ Бычья дивергенция RSI: цена ↓ (0.08207→0.08178), RSI ↑ (26.5→28.4) — сигнал разворота ВВЕРХ
  ▼ ШОРТ сигналы:
    ✓ MA тренд ВНИЗ (0.08409<0.08547)
    ✓ MACD гистограмма- (-0.000099)
════════════════════════════════════════════════════════════

════════════════════════════════════════════════════════════
  📅 2026-05-18 07:44:12
  🏦 OKX | XPL/USDT | FUTURES | TF: 4h
  💲 Цена: 0.083010
────────────────────────────────────────────────────────────
  📉 SHORT | Уверенность: 110% | СИЛЬНЫЙ 🟢
  🛑 Stop-Loss:   0.086825
  🎯 Take-Profit: 0.075380
  ▼ ШОРТ сигналы:
    ✓ MA тренд ВНИЗ (0.08700<0.09451)
    ✓ MACD гистограмма- (-0.000097)
    ✓ Скрытая медвежья дивергенция: цена ↓ (0.08717→0.08679), RSI ↑ (36.5→36.9) — продолжение падения
════════════════════════════════════════════════════════════

▓▓▓▓▓▓▓▓▓▓▓▓▓▓▓▓▓▓▓▓▓▓▓▓▓▓▓▓▓▓▓▓▓▓▓▓▓▓▓▓▓▓▓▓▓▓▓▓▓▓▓▓▓▓▓▓▓▓▓▓
  📊 МУЛЬТИ-ТАЙМФРЕЙМ АНАЛИЗ
  📅 2026-05-18 07:44:12 | OKX | XPL/USDT | FUTURES
────────────────────────────────────────────────────────────
  15m → SHORT (86%)
  1h → LONG (62%)
  4h → SHORT (110%)
────────────────────────────────────────────────────────────
  🏆 ИТОГ: SHORT | Уверенность: 67%
▓▓▓▓▓▓▓▓▓▓▓▓▓▓▓▓▓▓▓▓▓▓▓▓▓▓▓▓▓▓▓▓▓▓▓▓▓▓▓▓▓▓▓▓▓▓▓▓▓▓▓▓▓▓▓▓▓▓▓▓

════════════════════════════════════════════════════════════
  📅 2026-05-18 07:45:13
  🏦 OKX | XPL/USDT | FUTURES | TF: 15m
  💲 Цена: 0.082920
────────────────────────────────────────────────────────────
  📉 SHORT | Уверенность: 72% | СРЕДНИЙ 🟡
  🛑 Stop-Loss:   0.083701
  🎯 Take-Profit: 0.081358
────────────────────────────────────────────────────────────
  ▲ ЛОНГ сигналы:
    ✓ MACD гистограмма+ (0.000172)
    ✓ BB сужение — готовится движение
  ▼ ШОРТ сигналы:
    ✓ MA тренд ВНИЗ (0.08208<0.08276)
    ✓ Цена у верхней BB (0.08286)
    ✓ BB сужение — готовится движение
════════════════════════════════════════════════════════════

════════════════════════════════════════════════════════════
  📅 2026-05-18 07:45:13
  🏦 OKX | XPL/USDT | FUTURES | TF: 1h
  💲 Цена: 0.083020
────────────────────────────────────────────────────────────
  🚀 LONG | Уверенность: 62% | СРЕДНИЙ 🟡
  🛑 Stop-Loss:   0.081337
  🎯 Take-Profit: 0.086386
────────────────────────────────────────────────────────────
  🕯️  Паттерны: Morning Star 🌅
────────────────────────────────────────────────────────────
  ▲ ЛОНГ сигналы:
    ✓ Morning Star 🌅: Утренняя звезда — сильный бычий разворот
    ✓ Бычья дивергенция RSI: цена ↓ (0.08207→0.08178), RSI ↑ (26.5→28.4) — сигнал разворота ВВЕРХ
  ▼ ШОРТ сигналы:
    ✓ MA тренд ВНИЗ (0.08409<0.08548)
    ✓ MACD гистограмма- (-0.000094)
════════════════════════════════════════════════════════════

════════════════════════════════════════════════════════════
  📅 2026-05-18 07:45:13
  🏦 OKX | XPL/USDT | FUTURES | TF: 4h
  💲 Цена: 0.082980
────────────────────────────────────────────────────────────
  📉 SHORT | Уверенность: 110% | СИЛЬНЫЙ 🟢
  🛑 Stop-Loss:   0.086795
  🎯 Take-Profit: 0.075350
  ▼ ШОРТ сигналы:
    ✓ MA тренд ВНИЗ (0.08700<0.09451)
    ✓ MACD гистограмма- (-0.000099)
    ✓ Скрытая медвежья дивергенция: цена ↓ (0.08717→0.08679), RSI ↑ (36.5→36.9) — продолжение падения
════════════════════════════════════════════════════════════

▓▓▓▓▓▓▓▓▓▓▓▓▓▓▓▓▓▓▓▓▓▓▓▓▓▓▓▓▓▓▓▓▓▓▓▓▓▓▓▓▓▓▓▓▓▓▓▓▓▓▓▓▓▓▓▓▓▓▓▓
  📊 МУЛЬТИ-ТАЙМФРЕЙМ АНАЛИЗ
  📅 2026-05-18 07:45:13 | OKX | XPL/USDT | FUTURES
────────────────────────────────────────────────────────────
  15m → SHORT (72%)
  1h → LONG (62%)
  4h → SHORT (110%)
────────────────────────────────────────────────────────────
  🏆 ИТОГ: SHORT | Уверенность: 67%
▓▓▓▓▓▓▓▓▓▓▓▓▓▓▓▓▓▓▓▓▓▓▓▓▓▓▓▓▓▓▓▓▓▓▓▓▓▓▓▓▓▓▓▓▓▓▓▓▓▓▓▓▓▓▓▓▓▓▓▓

════════════════════════════════════════════════════════════
  📅 2026-05-18 07:46:14
  🏦 OKX | XPL/USDT | FUTURES | TF: 15m
  💲 Цена: 0.082860
────────────────────────────────────────────────────────────
  📉 SHORT | Уверенность: 72% | СРЕДНИЙ 🟡
  🛑 Stop-Loss:   0.083649
  🎯 Take-Profit: 0.081281
────────────────────────────────────────────────────────────
  ▲ ЛОНГ сигналы:
    ✓ MACD гистограмма+ (0.000169)
    ✓ BB сужение — готовится движение
  ▼ ШОРТ сигналы:
    ✓ MA тренд ВНИЗ (0.08208<0.08275)
    ✓ Цена у верхней BB (0.08285)
    ✓ BB сужение — готовится движение
════════════════════════════════════════════════════════════

════════════════════════════════════════════════════════════
  📅 2026-05-18 07:46:14
  🏦 OKX | XPL/USDT | FUTURES | TF: 1h
  💲 Цена: 0.082880
────────────────────────────────────────────────────────────
  🚀 LONG | Уверенность: 62% | СРЕДНИЙ 🟡
  🛑 Stop-Loss:   0.081197
  🎯 Take-Profit: 0.086246
────────────────────────────────────────────────────────────
  🕯️  Паттерны: Morning Star 🌅
────────────────────────────────────────────────────────────
  ▲ ЛОНГ сигналы:
    ✓ Morning Star 🌅: Утренняя звезда — сильный бычий разворот
    ✓ Бычья дивергенция RSI: цена ↓ (0.08207→0.08178), RSI ↑ (26.5→28.4) — сигнал разворота ВВЕРХ
  ▼ ШОРТ сигналы:
    ✓ MA тренд ВНИЗ (0.08408<0.08547)
    ✓ MACD гистограмма- (-0.000103)
════════════════════════════════════════════════════════════

════════════════════════════════════════════════════════════
  📅 2026-05-18 07:46:14
  🏦 OKX | XPL/USDT | FUTURES | TF: 4h
  💲 Цена: 0.082870
────────────────────────────────────────────────────────────
  📉 SHORT | Уверенность: 82% | СИЛЬНЫЙ 🟢
  🛑 Stop-Loss:   0.086685
  🎯 Take-Profit: 0.075240
────────────────────────────────────────────────────────────
  ▲ ЛОНГ сигналы:
    ✓ Stoch RSI перепродан (<20)
  ▼ ШОРТ сигналы:
    ✓ MA тренд ВНИЗ (0.08699<0.09450)
    ✓ MACD гистограмма- (-0.000106)
    ✓ Скрытая медвежья дивергенция: цена ↓ (0.08717→0.08679), RSI ↑ (36.5→36.9) — продолжение падения
════════════════════════════════════════════════════════════

▓▓▓▓▓▓▓▓▓▓▓▓▓▓▓▓▓▓▓▓▓▓▓▓▓▓▓▓▓▓▓▓▓▓▓▓▓▓▓▓▓▓▓▓▓▓▓▓▓▓▓▓▓▓▓▓▓▓▓▓
  📊 МУЛЬТИ-ТАЙМФРЕЙМ АНАЛИЗ
  📅 2026-05-18 07:46:14 | OKX | XPL/USDT | FUTURES
────────────────────────────────────────────────────────────
  15m → SHORT (72%)
  1h → LONG (62%)
  4h → SHORT (82%)
────────────────────────────────────────────────────────────
  🏆 ИТОГ: SHORT | Уверенность: 67%
▓▓▓▓▓▓▓▓▓▓▓▓▓▓▓▓▓▓▓▓▓▓▓▓▓▓▓▓▓▓▓▓▓▓▓▓▓▓▓▓▓▓▓▓▓▓▓▓▓▓▓▓▓▓▓▓▓▓▓▓

════════════════════════════════════════════════════════════
  📅 2026-05-18 07:47:15
  🏦 OKX | XPL/USDT | FUTURES | TF: 15m
  💲 Цена: 0.082880
────────────────────────────────────────────────────────────
  📉 SHORT | Уверенность: 72% | СРЕДНИЙ 🟡
  🛑 Stop-Loss:   0.083669
  🎯 Take-Profit: 0.081301
────────────────────────────────────────────────────────────
  ▲ ЛОНГ сигналы:
    ✓ MACD гистограмма+ (0.000170)
    ✓ BB сужение — готовится движение
  ▼ ШОРТ сигналы:
    ✓ MA тренд ВНИЗ (0.08208<0.08276)
    ✓ Цена у верхней BB (0.08285)
    ✓ BB сужение — готовится движение
════════════════════════════════════════════════════════════

════════════════════════════════════════════════════════════
  📅 2026-05-18 07:47:15
  🏦 OKX | XPL/USDT | FUTURES | TF: 1h
  💲 Цена: 0.082880
────────────────────────────────────────────────────────────
  🚀 LONG | Уверенность: 62% | СРЕДНИЙ 🟡
  🛑 Stop-Loss:   0.081197
  🎯 Take-Profit: 0.086246
────────────────────────────────────────────────────────────
  🕯️  Паттерны: Morning Star 🌅
────────────────────────────────────────────────────────────
  ▲ ЛОНГ сигналы:
    ✓ Morning Star 🌅: Утренняя звезда — сильный бычий разворот
    ✓ Бычья дивергенция RSI: цена ↓ (0.08207→0.08178), RSI ↑ (26.5→28.4) — сигнал разворота ВВЕРХ
  ▼ ШОРТ сигналы:
    ✓ MA тренд ВНИЗ (0.08408<0.08547)
    ✓ MACD гистограмма- (-0.000103)
════════════════════════════════════════════════════════════

════════════════════════════════════════════════════════════
  📅 2026-05-18 07:47:15
  🏦 OKX | XPL/USDT | FUTURES | TF: 4h
  💲 Цена: 0.082880
────────────────────────────────────────────────────────────
  📉 SHORT | Уверенность: 82% | СИЛЬНЫЙ 🟢
  🛑 Stop-Loss:   0.086695
  🎯 Take-Profit: 0.075250
────────────────────────────────────────────────────────────
  ▲ ЛОНГ сигналы:
    ✓ Stoch RSI перепродан (<20)
  ▼ ШОРТ сигналы:
    ✓ MA тренд ВНИЗ (0.08699<0.09450)
    ✓ MACD гистограмма- (-0.000105)
    ✓ Скрытая медвежья дивергенция: цена ↓ (0.08717→0.08679), RSI ↑ (36.5→36.9) — продолжение падения
════════════════════════════════════════════════════════════

▓▓▓▓▓▓▓▓▓▓▓▓▓▓▓▓▓▓▓▓▓▓▓▓▓▓▓▓▓▓▓▓▓▓▓▓▓▓▓▓▓▓▓▓▓▓▓▓▓▓▓▓▓▓▓▓▓▓▓▓
  📊 МУЛЬТИ-ТАЙМФРЕЙМ АНАЛИЗ
  📅 2026-05-18 07:47:15 | OKX | XPL/USDT | FUTURES
────────────────────────────────────────────────────────────
  15m → SHORT (72%)
  1h → LONG (62%)
  4h → SHORT (82%)
────────────────────────────────────────────────────────────
  🏆 ИТОГ: SHORT | Уверенность: 67%
▓▓▓▓▓▓▓▓▓▓▓▓▓▓▓▓▓▓▓▓▓▓▓▓▓▓▓▓▓▓▓▓▓▓▓▓▓▓▓▓▓▓▓▓▓▓▓▓▓▓▓▓▓▓▓▓▓▓▓▓

════════════════════════════════════════════════════════════
  📅 2026-05-18 07:48:16
  🏦 OKX | XPL/USDT | FUTURES | TF: 15m
  💲 Цена: 0.082860
────────────────────────────────────────────────────────────
  📉 SHORT | Уверенность: 72% | СРЕДНИЙ 🟡
  🛑 Stop-Loss:   0.083649
  🎯 Take-Profit: 0.081281
────────────────────────────────────────────────────────────
  ▲ ЛОНГ сигналы:
    ✓ MACD гистограмма+ (0.000169)
    ✓ BB сужение — готовится движение
  ▼ ШОРТ сигналы:
    ✓ MA тренд ВНИЗ (0.08208<0.08275)
    ✓ Цена у верхней BB (0.08285)
    ✓ BB сужение — готовится движение
════════════════════════════════════════════════════════════

════════════════════════════════════════════════════════════
  📅 2026-05-18 07:48:16
  🏦 OKX | XPL/USDT | FUTURES | TF: 1h
  💲 Цена: 0.082870
────────────────────────────────────────────────────────────
  🚀 LONG | Уверенность: 62% | СРЕДНИЙ 🟡
  🛑 Stop-Loss:   0.081187
  🎯 Take-Profit: 0.086236
────────────────────────────────────────────────────────────
  🕯️  Паттерны: Morning Star 🌅
────────────────────────────────────────────────────────────
  ▲ ЛОНГ сигналы:
    ✓ Morning Star 🌅: Утренняя звезда — сильный бычий разворот
    ✓ Бычья дивергенция RSI: цена ↓ (0.08207→0.08178), RSI ↑ (26.5→28.4) — сигнал разворота ВВЕРХ
  ▼ ШОРТ сигналы:
    ✓ MA тренд ВНИЗ (0.08408<0.08547)
    ✓ MACD гистограмма- (-0.000104)
════════════════════════════════════════════════════════════

════════════════════════════════════════════════════════════
  📅 2026-05-18 07:48:16
  🏦 OKX | XPL/USDT | FUTURES | TF: 4h
  💲 Цена: 0.082870
────────────────────────────────────────────────────────────
  📉 SHORT | Уверенность: 82% | СИЛЬНЫЙ 🟢
  🛑 Stop-Loss:   0.086685
  🎯 Take-Profit: 0.075240
────────────────────────────────────────────────────────────
  ▲ ЛОНГ сигналы:
    ✓ Stoch RSI перепродан (<20)
  ▼ ШОРТ сигналы:
    ✓ MA тренд ВНИЗ (0.08699<0.09450)
    ✓ MACD гистограмма- (-0.000106)
    ✓ Скрытая медвежья дивергенция: цена ↓ (0.08717→0.08679), RSI ↑ (36.5→36.9) — продолжение падения
════════════════════════════════════════════════════════════

▓▓▓▓▓▓▓▓▓▓▓▓▓▓▓▓▓▓▓▓▓▓▓▓▓▓▓▓▓▓▓▓▓▓▓▓▓▓▓▓▓▓▓▓▓▓▓▓▓▓▓▓▓▓▓▓▓▓▓▓
  📊 МУЛЬТИ-ТАЙМФРЕЙМ АНАЛИЗ
  📅 2026-05-18 07:48:16 | OKX | XPL/USDT | FUTURES
────────────────────────────────────────────────────────────
  15m → SHORT (72%)
  1h → LONG (62%)
  4h → SHORT (82%)
────────────────────────────────────────────────────────────
  🏆 ИТОГ: SHORT | Уверенность: 67%
▓▓▓▓▓▓▓▓▓▓▓▓▓▓▓▓▓▓▓▓▓▓▓▓▓▓▓▓▓▓▓▓▓▓▓▓▓▓▓▓▓▓▓▓▓▓▓▓▓▓▓▓▓▓▓▓▓▓▓▓

════════════════════════════════════════════════════════════
  📅 2026-05-18 07:49:17
  🏦 OKX | XPL/USDT | FUTURES | TF: 15m
  💲 Цена: 0.082760
────────────────────────────────────────────────────────────
  📉 SHORT | Уверенность: 55% | СЛАБЫЙ ⚪
  🛑 Stop-Loss:   0.083558
  🎯 Take-Profit: 0.081164
────────────────────────────────────────────────────────────
  ▲ ЛОНГ сигналы:
    ✓ MACD гистограмма+ (0.000162)
    ✓ BB сужение — готовится движение
  ▼ ШОРТ сигналы:
    ✓ MA тренд ВНИЗ (0.08208<0.08275)
    ✓ BB сужение — готовится движение
════════════════════════════════════════════════════════════

════════════════════════════════════════════════════════════
  📅 2026-05-18 07:49:17
  🏦 OKX | XPL/USDT | FUTURES | TF: 1h
  💲 Цена: 0.082760
────────────────────────────────────────────────────────────
  🚀 LONG | Уверенность: 62% | СРЕДНИЙ 🟡
  🛑 Stop-Loss:   0.081077
  🎯 Take-Profit: 0.086126
────────────────────────────────────────────────────────────
  🕯️  Паттерны: Morning Star 🌅
────────────────────────────────────────────────────────────
  ▲ ЛОНГ сигналы:
    ✓ Morning Star 🌅: Утренняя звезда — сильный бычий разворот
    ✓ Бычья дивергенция RSI: цена ↓ (0.08207→0.08178), RSI ↑ (26.5→28.4) — сигнал разворота ВВЕРХ
  ▼ ШОРТ сигналы:
    ✓ MA тренд ВНИЗ (0.08408<0.08547)
    ✓ MACD гистограмма- (-0.000111)
════════════════════════════════════════════════════════════

════════════════════════════════════════════════════════════
  📅 2026-05-18 07:49:17
  🏦 OKX | XPL/USDT | FUTURES | TF: 4h
  💲 Цена: 0.082760
────────────────────────────────────────────────────────────
  📉 SHORT | Уверенность: 82% | СИЛЬНЫЙ 🟢
  🛑 Stop-Loss:   0.086575
  🎯 Take-Profit: 0.075130
────────────────────────────────────────────────────────────
  ▲ ЛОНГ сигналы:
    ✓ Stoch RSI перепродан (<20)
  ▼ ШОРТ сигналы:
    ✓ MA тренд ВНИЗ (0.08699<0.09450)
    ✓ MACD гистограмма- (-0.000113)
    ✓ Скрытая медвежья дивергенция: цена ↓ (0.08717→0.08679), RSI ↑ (36.5→36.9) — продолжение падения
════════════════════════════════════════════════════════════

▓▓▓▓▓▓▓▓▓▓▓▓▓▓▓▓▓▓▓▓▓▓▓▓▓▓▓▓▓▓▓▓▓▓▓▓▓▓▓▓▓▓▓▓▓▓▓▓▓▓▓▓▓▓▓▓▓▓▓▓
  📊 МУЛЬТИ-ТАЙМФРЕЙМ АНАЛИЗ
  📅 2026-05-18 07:49:17 | OKX | XPL/USDT | FUTURES
────────────────────────────────────────────────────────────
  15m → SHORT (55%)
  1h → LONG (62%)
  4h → SHORT (82%)
────────────────────────────────────────────────────────────
  🏆 ИТОГ: SHORT | Уверенность: 67%
▓▓▓▓▓▓▓▓▓▓▓▓▓▓▓▓▓▓▓▓▓▓▓▓▓▓▓▓▓▓▓▓▓▓▓▓▓▓▓▓▓▓▓▓▓▓▓▓▓▓▓▓▓▓▓▓▓▓▓▓

════════════════════════════════════════════════════════════
  📅 2026-05-18 07:50:18
  🏦 OKX | XPL/USDT | FUTURES | TF: 15m
  💲 Цена: 0.082760
────────────────────────────────────────────────────────────
  📉 SHORT | Уверенность: 55% | СЛАБЫЙ ⚪
  🛑 Stop-Loss:   0.083566
  🎯 Take-Profit: 0.081149
────────────────────────────────────────────────────────────
  ▲ ЛОНГ сигналы:
    ✓ MACD гистограмма+ (0.000162)
    ✓ BB сужение — готовится движение
  ▼ ШОРТ сигналы:
    ✓ MA тренд ВНИЗ (0.08208<0.08275)
    ✓ BB сужение — готовится движение
════════════════════════════════════════════════════════════

════════════════════════════════════════════════════════════
  📅 2026-05-18 07:50:18
  🏦 OKX | XPL/USDT | FUTURES | TF: 1h
  💲 Цена: 0.082760
────────────────────────────────────────────────────────────
  🚀 LONG | Уверенность: 62% | СРЕДНИЙ 🟡
  🛑 Stop-Loss:   0.081077
  🎯 Take-Profit: 0.086126
────────────────────────────────────────────────────────────
  🕯️  Паттерны: Morning Star 🌅
────────────────────────────────────────────────────────────
  ▲ ЛОНГ сигналы:
    ✓ Morning Star 🌅: Утренняя звезда — сильный бычий разворот
    ✓ Бычья дивергенция RSI: цена ↓ (0.08207→0.08178), RSI ↑ (26.5→28.4) — сигнал разворота ВВЕРХ
  ▼ ШОРТ сигналы:
    ✓ MA тренд ВНИЗ (0.08408<0.08547)
    ✓ MACD гистограмма- (-0.000111)
════════════════════════════════════════════════════════════

════════════════════════════════════════════════════════════
  📅 2026-05-18 07:50:18
  🏦 OKX | XPL/USDT | FUTURES | TF: 4h
  💲 Цена: 0.082760
────────────────────────────────────────────────────────────
  📉 SHORT | Уверенность: 82% | СИЛЬНЫЙ 🟢
  🛑 Stop-Loss:   0.086575
  🎯 Take-Profit: 0.075130
────────────────────────────────────────────────────────────
  ▲ ЛОНГ сигналы:
    ✓ Stoch RSI перепродан (<20)
  ▼ ШОРТ сигналы:
    ✓ MA тренд ВНИЗ (0.08699<0.09450)
    ✓ MACD гистограмма- (-0.000113)
    ✓ Скрытая медвежья дивергенция: цена ↓ (0.08717→0.08679), RSI ↑ (36.5→36.9) — продолжение падения
════════════════════════════════════════════════════════════

▓▓▓▓▓▓▓▓▓▓▓▓▓▓▓▓▓▓▓▓▓▓▓▓▓▓▓▓▓▓▓▓▓▓▓▓▓▓▓▓▓▓▓▓▓▓▓▓▓▓▓▓▓▓▓▓▓▓▓▓
  📊 МУЛЬТИ-ТАЙМФРЕЙМ АНАЛИЗ
  📅 2026-05-18 07:50:18 | OKX | XPL/USDT | FUTURES
────────────────────────────────────────────────────────────
  15m → SHORT (55%)
  1h → LONG (62%)
  4h → SHORT (82%)
────────────────────────────────────────────────────────────
  🏆 ИТОГ: SHORT | Уверенность: 67%
▓▓▓▓▓▓▓▓▓▓▓▓▓▓▓▓▓▓▓▓▓▓▓▓▓▓▓▓▓▓▓▓▓▓▓▓▓▓▓▓▓▓▓▓▓▓▓▓▓▓▓▓▓▓▓▓▓▓▓▓

════════════════════════════════════════════════════════════
  📅 2026-05-18 07:51:19
  🏦 OKX | XPL/USDT | FUTURES | TF: 15m
  💲 Цена: 0.082790
────────────────────────────────────────────────────────────
  📉 SHORT | Уверенность: 55% | СЛАБЫЙ ⚪
  🛑 Stop-Loss:   0.083596
  🎯 Take-Profit: 0.081179
────────────────────────────────────────────────────────────
  ▲ ЛОНГ сигналы:
    ✓ MACD гистограмма+ (0.000164)
    ✓ BB сужение — готовится движение
  ▼ ШОРТ сигналы:
    ✓ MA тренд ВНИЗ (0.08208<0.08275)
    ✓ BB сужение — готовится движение
════════════════════════════════════════════════════════════

════════════════════════════════════════════════════════════
  📅 2026-05-18 07:51:19
  🏦 OKX | XPL/USDT | FUTURES | TF: 1h
  💲 Цена: 0.082840
────────────────────────────────────────────────────────────
  🚀 LONG | Уверенность: 62% | СРЕДНИЙ 🟡
  🛑 Stop-Loss:   0.081157
  🎯 Take-Profit: 0.086206
────────────────────────────────────────────────────────────
  🕯️  Паттерны: Morning Star 🌅
────────────────────────────────────────────────────────────
  ▲ ЛОНГ сигналы:
    ✓ Morning Star 🌅: Утренняя звезда — сильный бычий разворот
    ✓ Бычья дивергенция RSI: цена ↓ (0.08207→0.08178), RSI ↑ (26.5→28.4) — сигнал разворота ВВЕРХ
  ▼ ШОРТ сигналы:
    ✓ MA тренд ВНИЗ (0.08408<0.08547)
    ✓ MACD гистограмма- (-0.000106)
════════════════════════════════════════════════════════════

════════════════════════════════════════════════════════════
  📅 2026-05-18 07:51:19
  🏦 OKX | XPL/USDT | FUTURES | TF: 4h
  💲 Цена: 0.082840
────────────────────────────────────────────────────────────
  📉 SHORT | Уверенность: 82% | СИЛЬНЫЙ 🟢
  🛑 Stop-Loss:   0.086655
  🎯 Take-Profit: 0.075210
────────────────────────────────────────────────────────────
  ▲ ЛОНГ сигналы:
    ✓ Stoch RSI перепродан (<20)
  ▼ ШОРТ сигналы:
    ✓ MA тренд ВНИЗ (0.08699<0.09450)
    ✓ MACD гистограмма- (-0.000108)
    ✓ Скрытая медвежья дивергенция: цена ↓ (0.08717→0.08679), RSI ↑ (36.5→36.9) — продолжение падения
════════════════════════════════════════════════════════════

▓▓▓▓▓▓▓▓▓▓▓▓▓▓▓▓▓▓▓▓▓▓▓▓▓▓▓▓▓▓▓▓▓▓▓▓▓▓▓▓▓▓▓▓▓▓▓▓▓▓▓▓▓▓▓▓▓▓▓▓
  📊 МУЛЬТИ-ТАЙМФРЕЙМ АНАЛИЗ
  📅 2026-05-18 07:51:19 | OKX | XPL/USDT | FUTURES
────────────────────────────────────────────────────────────
  15m → SHORT (55%)
  1h → LONG (62%)
  4h → SHORT (82%)
────────────────────────────────────────────────────────────
  🏆 ИТОГ: SHORT | Уверенность: 67%
▓▓▓▓▓▓▓▓▓▓▓▓▓▓▓▓▓▓▓▓▓▓▓▓▓▓▓▓▓▓▓▓▓▓▓▓▓▓▓▓▓▓▓▓▓▓▓▓▓▓▓▓▓▓▓▓▓▓▓▓

════════════════════════════════════════════════════════════
  📅 2026-05-18 07:52:20
  🏦 OKX | XPL/USDT | FUTURES | TF: 15m
  💲 Цена: 0.082660
────────────────────────────────────────────────────────────
  📉 SHORT | Уверенность: 55% | СЛАБЫЙ ⚪
  🛑 Stop-Loss:   0.083469
  🎯 Take-Profit: 0.081043
────────────────────────────────────────────────────────────
  ▲ ЛОНГ сигналы:
    ✓ MACD гистограмма+ (0.000156)
    ✓ BB сужение — готовится движение
  ▼ ШОРТ сигналы:
    ✓ MA тренд ВНИЗ (0.08207<0.08275)
    ✓ BB сужение — готовится движение
════════════════════════════════════════════════════════════

════════════════════════════════════════════════════════════
  📅 2026-05-18 07:52:20
  🏦 OKX | XPL/USDT | FUTURES | TF: 1h
  💲 Цена: 0.082660
────────────────────────────────────────────────────────────
  🚀 LONG | Уверенность: 62% | СРЕДНИЙ 🟡
  🛑 Stop-Loss:   0.080977
  🎯 Take-Profit: 0.086026
────────────────────────────────────────────────────────────
  🕯️  Паттерны: Morning Star 🌅
────────────────────────────────────────────────────────────
  ▲ ЛОНГ сигналы:
    ✓ Morning Star 🌅: Утренняя звезда — сильный бычий разворот
    ✓ Бычья дивергенция RSI: цена ↓ (0.08207→0.08178), RSI ↑ (26.5→28.4) — сигнал разворота ВВЕРХ
  ▼ ШОРТ сигналы:
    ✓ MA тренд ВНИЗ (0.08407<0.08547)
    ✓ MACD гистограмма- (-0.000117)
════════════════════════════════════════════════════════════

════════════════════════════════════════════════════════════
  📅 2026-05-18 07:52:20
  🏦 OKX | XPL/USDT | FUTURES | TF: 4h
  💲 Цена: 0.082660
────────────────────────────────────────────────────────────
  📉 SHORT | Уверенность: 82% | СИЛЬНЫЙ 🟢
  🛑 Stop-Loss:   0.086475
  🎯 Take-Profit: 0.075030
────────────────────────────────────────────────────────────
  ▲ ЛОНГ сигналы:
    ✓ Stoch RSI перепродан (<20)
  ▼ ШОРТ сигналы:
    ✓ MA тренд ВНИЗ (0.08698<0.09450)
    ✓ MACD гистограмма- (-0.000119)
    ✓ Скрытая медвежья дивергенция: цена ↓ (0.08717→0.08679), RSI ↑ (36.5→36.9) — продолжение падения
════════════════════════════════════════════════════════════

▓▓▓▓▓▓▓▓▓▓▓▓▓▓▓▓▓▓▓▓▓▓▓▓▓▓▓▓▓▓▓▓▓▓▓▓▓▓▓▓▓▓▓▓▓▓▓▓▓▓▓▓▓▓▓▓▓▓▓▓
  📊 МУЛЬТИ-ТАЙМФРЕЙМ АНАЛИЗ
  📅 2026-05-18 07:52:20 | OKX | XPL/USDT | FUTURES
────────────────────────────────────────────────────────────
  15m → SHORT (55%)
  1h → LONG (62%)
  4h → SHORT (82%)
────────────────────────────────────────────────────────────
  🏆 ИТОГ: SHORT | Уверенность: 67%
▓▓▓▓▓▓▓▓▓▓▓▓▓▓▓▓▓▓▓▓▓▓▓▓▓▓▓▓▓▓▓▓▓▓▓▓▓▓▓▓▓▓▓▓▓▓▓▓▓▓▓▓▓▓▓▓▓▓▓▓
