
════════════════════════════════════════════════════════════
  📅 2026-04-03 05:48:02
  🏦 OKX | XPL/USDT | FUTURES | TF: 15m
  💲 Цена: 0.120530
────────────────────────────────────────────────────────────
  🚀 LONG | Уверенность: 110% | СИЛЬНЫЙ 🟢
  🛑 Stop-Loss:   0.116718
  🎯 Take-Profit: 0.128154
────────────────────────────────────────────────────────────
  ▲ ЛОНГ сигналы:
    ✓ MA тренд ВВЕРХ (0.11919>0.11795)
    ✓ MACD гистограмма+ (0.000302)
════════════════════════════════════════════════════════════

════════════════════════════════════════════════════════════
  📅 2026-04-03 05:48:02
  🏦 OKX | XPL/USDT | FUTURES | TF: 1h
  💲 Цена: 0.120530
────────────────────────────────────────────────────────────
  🚀 LONG | Уверенность: 76% | СИЛЬНЫЙ 🟢
  🛑 Stop-Loss:   0.110611
  🎯 Take-Profit: 0.140368
────────────────────────────────────────────────────────────
  ▲ ЛОНГ сигналы:
    ✓ Stoch RSI перепродан (<20)
    ✓ MA тренд ВВЕРХ (0.11941>0.11067)
  ▼ ШОРТ сигналы:
    ✓ MACD гистограмма- (-0.000511)
════════════════════════════════════════════════════════════

════════════════════════════════════════════════════════════
  📅 2026-04-03 05:48:02
  🏦 OKX | XPL/USDT | FUTURES | TF: 4h
  💲 Цена: 0.120540
────────────────────────────────────────────────────────────
  🚀 LONG | Уверенность: 110% | СИЛЬНЫЙ 🟢
  🛑 Stop-Loss:   0.107132
  🎯 Take-Profit: 0.147355
────────────────────────────────────────────────────────────
  ▲ ЛОНГ сигналы:
    ✓ MA тренд ВВЕРХ (0.10439>0.09593)
    ✓ MACD гистограмма+ (0.001567)
    ✓ Скрытая бычья дивергенция: цена ↑ (0.10937→0.11383), RSI ↓ (72.0→61.8) — продолжение роста
════════════════════════════════════════════════════════════

▓▓▓▓▓▓▓▓▓▓▓▓▓▓▓▓▓▓▓▓▓▓▓▓▓▓▓▓▓▓▓▓▓▓▓▓▓▓▓▓▓▓▓▓▓▓▓▓▓▓▓▓▓▓▓▓▓▓▓▓
  📊 МУЛЬТИ-ТАЙМФРЕЙМ АНАЛИЗ
  📅 2026-04-03 05:48:02 | OKX | XPL/USDT | FUTURES
────────────────────────────────────────────────────────────
  15m → LONG (110%)
  1h → LONG (76%)
  4h → LONG (110%)
────────────────────────────────────────────────────────────
  🏆 ИТОГ: LONG | Уверенность: 100%
▓▓▓▓▓▓▓▓▓▓▓▓▓▓▓▓▓▓▓▓▓▓▓▓▓▓▓▓▓▓▓▓▓▓▓▓▓▓▓▓▓▓▓▓▓▓▓▓▓▓▓▓▓▓▓▓▓▓▓▓

════════════════════════════════════════════════════════════
  📅 2026-04-03 05:49:03
  🏦 OKX | XPL/USDT | FUTURES | TF: 15m
  💲 Цена: 0.120500
────────────────────────────────────────────────────────────
  🚀 LONG | Уверенность: 110% | СИЛЬНЫЙ 🟢
  🛑 Stop-Loss:   0.116688
  🎯 Take-Profit: 0.128124
────────────────────────────────────────────────────────────
  ▲ ЛОНГ сигналы:
    ✓ MA тренд ВВЕРХ (0.11919>0.11795)
    ✓ MACD гистограмма+ (0.000300)
════════════════════════════════════════════════════════════

════════════════════════════════════════════════════════════
  📅 2026-04-03 05:49:03
  🏦 OKX | XPL/USDT | FUTURES | TF: 1h
  💲 Цена: 0.120500
────────────────────────────────────────────────────────────
  🚀 LONG | Уверенность: 76% | СИЛЬНЫЙ 🟢
  🛑 Stop-Loss:   0.110581
  🎯 Take-Profit: 0.140338
────────────────────────────────────────────────────────────
  ▲ ЛОНГ сигналы:
    ✓ Stoch RSI перепродан (<20)
    ✓ MA тренд ВВЕРХ (0.11941>0.11067)
  ▼ ШОРТ сигналы:
    ✓ MACD гистограмма- (-0.000513)
════════════════════════════════════════════════════════════

════════════════════════════════════════════════════════════
  📅 2026-04-03 05:49:03
  🏦 OKX | XPL/USDT | FUTURES | TF: 4h
  💲 Цена: 0.120490
────────────────────────────────────────────────────────────
  🚀 LONG | Уверенность: 110% | СИЛЬНЫЙ 🟢
  🛑 Stop-Loss:   0.107082
  🎯 Take-Profit: 0.147305
────────────────────────────────────────────────────────────
  ▲ ЛОНГ сигналы:
    ✓ MA тренд ВВЕРХ (0.10439>0.09593)
    ✓ MACD гистограмма+ (0.001564)
    ✓ Скрытая бычья дивергенция: цена ↑ (0.10937→0.11383), RSI ↓ (72.0→61.8) — продолжение роста
════════════════════════════════════════════════════════════

▓▓▓▓▓▓▓▓▓▓▓▓▓▓▓▓▓▓▓▓▓▓▓▓▓▓▓▓▓▓▓▓▓▓▓▓▓▓▓▓▓▓▓▓▓▓▓▓▓▓▓▓▓▓▓▓▓▓▓▓
  📊 МУЛЬТИ-ТАЙМФРЕЙМ АНАЛИЗ
  📅 2026-04-03 05:49:03 | OKX | XPL/USDT | FUTURES
────────────────────────────────────────────────────────────
  15m → LONG (110%)
  1h → LONG (76%)
  4h → LONG (110%)
────────────────────────────────────────────────────────────
  🏆 ИТОГ: LONG | Уверенность: 100%
▓▓▓▓▓▓▓▓▓▓▓▓▓▓▓▓▓▓▓▓▓▓▓▓▓▓▓▓▓▓▓▓▓▓▓▓▓▓▓▓▓▓▓▓▓▓▓▓▓▓▓▓▓▓▓▓▓▓▓▓

════════════════════════════════════════════════════════════
  📅 2026-04-03 05:50:04
  🏦 OKX | XPL/USDT | FUTURES | TF: 15m
  💲 Цена: 0.119880
────────────────────────────────────────────────────────────
  🚀 LONG | Уверенность: 110% | СИЛЬНЫЙ 🟢
  🛑 Stop-Loss:   0.116018
  🎯 Take-Profit: 0.127605
────────────────────────────────────────────────────────────
  ▲ ЛОНГ сигналы:
    ✓ MA тренд ВВЕРХ (0.11916>0.11793)
    ✓ MACD гистограмма+ (0.000261)
════════════════════════════════════════════════════════════

════════════════════════════════════════════════════════════
  📅 2026-04-03 05:50:04
  🏦 OKX | XPL/USDT | FUTURES | TF: 1h
  💲 Цена: 0.119910
────────────────────────────────────────────────────────────
  📉 SHORT | Уверенность: 52% | СЛАБЫЙ ⚪
  🛑 Stop-Loss:   0.129858
  🎯 Take-Profit: 0.100014
────────────────────────────────────────────────────────────
  🕯️  Паттерны: Shooting Star ⭐
────────────────────────────────────────────────────────────
  ▲ ЛОНГ сигналы:
    ✓ Stoch RSI перепродан (<20)
    ✓ MA тренд ВВЕРХ (0.11938>0.11066)
  ▼ ШОРТ сигналы:
    ✓ MACD гистограмма- (-0.000551)
    ✓ Shooting Star ⭐: Падающая звезда — сигнал разворота вниз
════════════════════════════════════════════════════════════

════════════════════════════════════════════════════════════
  📅 2026-04-03 05:50:04
  🏦 OKX | XPL/USDT | FUTURES | TF: 4h
  💲 Цена: 0.119870
────────────────────────────────────────────────────────────
  🚀 LONG | Уверенность: 110% | СИЛЬНЫЙ 🟢
  🛑 Stop-Loss:   0.106462
  🎯 Take-Profit: 0.146685
────────────────────────────────────────────────────────────
  ▲ ЛОНГ сигналы:
    ✓ MA тренд ВВЕРХ (0.10436>0.09591)
    ✓ MACD гистограмма+ (0.001524)
    ✓ Скрытая бычья дивергенция: цена ↑ (0.10937→0.11383), RSI ↓ (72.0→61.8) — продолжение роста
════════════════════════════════════════════════════════════

▓▓▓▓▓▓▓▓▓▓▓▓▓▓▓▓▓▓▓▓▓▓▓▓▓▓▓▓▓▓▓▓▓▓▓▓▓▓▓▓▓▓▓▓▓▓▓▓▓▓▓▓▓▓▓▓▓▓▓▓
  📊 МУЛЬТИ-ТАЙМФРЕЙМ АНАЛИЗ
  📅 2026-04-03 05:50:04 | OKX | XPL/USDT | FUTURES
────────────────────────────────────────────────────────────
  15m → LONG (110%)
  1h → SHORT (52%)
  4h → LONG (110%)
────────────────────────────────────────────────────────────
  🏆 ИТОГ: LONG | Уверенность: 67%
▓▓▓▓▓▓▓▓▓▓▓▓▓▓▓▓▓▓▓▓▓▓▓▓▓▓▓▓▓▓▓▓▓▓▓▓▓▓▓▓▓▓▓▓▓▓▓▓▓▓▓▓▓▓▓▓▓▓▓▓

════════════════════════════════════════════════════════════
  📅 2026-04-03 05:51:05
  🏦 OKX | XPL/USDT | FUTURES | TF: 15m
  💲 Цена: 0.120130
────────────────────────────────────────────────────────────
  🚀 LONG | Уверенность: 110% | СИЛЬНЫЙ 🟢
  🛑 Stop-Loss:   0.116268
  🎯 Take-Profit: 0.127855
────────────────────────────────────────────────────────────
  ▲ ЛОНГ сигналы:
    ✓ MA тренд ВВЕРХ (0.11917>0.11794)
    ✓ MACD гистограмма+ (0.000276)
════════════════════════════════════════════════════════════

════════════════════════════════════════════════════════════
  📅 2026-04-03 05:51:05
  🏦 OKX | XPL/USDT | FUTURES | TF: 1h
  💲 Цена: 0.120230
────────────────────────────────────────────────────────────
  🚀 LONG | Уверенность: 76% | СИЛЬНЫЙ 🟢
  🛑 Stop-Loss:   0.110282
  🎯 Take-Profit: 0.140126
────────────────────────────────────────────────────────────
  ▲ ЛОНГ сигналы:
    ✓ Stoch RSI перепродан (<20)
    ✓ MA тренд ВВЕРХ (0.11940>0.11067)
  ▼ ШОРТ сигналы:
    ✓ MACD гистограмма- (-0.000530)
════════════════════════════════════════════════════════════

════════════════════════════════════════════════════════════
  📅 2026-04-03 05:51:05
  🏦 OKX | XPL/USDT | FUTURES | TF: 4h
  💲 Цена: 0.120130
────────────────────────────────────────────────────────────
  🚀 LONG | Уверенность: 110% | СИЛЬНЫЙ 🟢
  🛑 Stop-Loss:   0.106722
  🎯 Take-Profit: 0.146945
────────────────────────────────────────────────────────────
  ▲ ЛОНГ сигналы:
    ✓ MA тренд ВВЕРХ (0.10437>0.09592)
    ✓ MACD гистограмма+ (0.001541)
    ✓ Скрытая бычья дивергенция: цена ↑ (0.10937→0.11383), RSI ↓ (72.0→61.8) — продолжение роста
════════════════════════════════════════════════════════════

▓▓▓▓▓▓▓▓▓▓▓▓▓▓▓▓▓▓▓▓▓▓▓▓▓▓▓▓▓▓▓▓▓▓▓▓▓▓▓▓▓▓▓▓▓▓▓▓▓▓▓▓▓▓▓▓▓▓▓▓
  📊 МУЛЬТИ-ТАЙМФРЕЙМ АНАЛИЗ
  📅 2026-04-03 05:51:05 | OKX | XPL/USDT | FUTURES
────────────────────────────────────────────────────────────
  15m → LONG (110%)
  1h → LONG (76%)
  4h → LONG (110%)
────────────────────────────────────────────────────────────
  🏆 ИТОГ: LONG | Уверенность: 100%
▓▓▓▓▓▓▓▓▓▓▓▓▓▓▓▓▓▓▓▓▓▓▓▓▓▓▓▓▓▓▓▓▓▓▓▓▓▓▓▓▓▓▓▓▓▓▓▓▓▓▓▓▓▓▓▓▓▓▓▓

════════════════════════════════════════════════════════════
  📅 2026-04-03 05:52:06
  🏦 OKX | XPL/USDT | FUTURES | TF: 15m
  💲 Цена: 0.120080
────────────────────────────────────────────────────────────
  🚀 LONG | Уверенность: 110% | СИЛЬНЫЙ 🟢
  🛑 Stop-Loss:   0.116218
  🎯 Take-Profit: 0.127805
────────────────────────────────────────────────────────────
  ▲ ЛОНГ сигналы:
    ✓ MA тренд ВВЕРХ (0.11917>0.11794)
    ✓ MACD гистограмма+ (0.000273)
════════════════════════════════════════════════════════════

════════════════════════════════════════════════════════════
  📅 2026-04-03 05:52:06
  🏦 OKX | XPL/USDT | FUTURES | TF: 1h
  💲 Цена: 0.120080
────────────────────────────────────────────────────────────
  📉 SHORT | Уверенность: 52% | СЛАБЫЙ ⚪
  🛑 Stop-Loss:   0.130028
  🎯 Take-Profit: 0.100184
────────────────────────────────────────────────────────────
  🕯️  Паттерны: Shooting Star ⭐
────────────────────────────────────────────────────────────
  ▲ ЛОНГ сигналы:
    ✓ Stoch RSI перепродан (<20)
    ✓ MA тренд ВВЕРХ (0.11939>0.11066)
  ▼ ШОРТ сигналы:
    ✓ MACD гистограмма- (-0.000540)
    ✓ Shooting Star ⭐: Падающая звезда — сигнал разворота вниз
════════════════════════════════════════════════════════════

════════════════════════════════════════════════════════════
  📅 2026-04-03 05:52:06
  🏦 OKX | XPL/USDT | FUTURES | TF: 4h
  💲 Цена: 0.120080
────────────────────────────────────────────────────────────
  🚀 LONG | Уверенность: 110% | СИЛЬНЫЙ 🟢
  🛑 Stop-Loss:   0.106672
  🎯 Take-Profit: 0.146895
────────────────────────────────────────────────────────────
  ▲ ЛОНГ сигналы:
    ✓ MA тренд ВВЕРХ (0.10437>0.09592)
    ✓ MACD гистограмма+ (0.001538)
    ✓ Скрытая бычья дивергенция: цена ↑ (0.10937→0.11383), RSI ↓ (72.0→61.8) — продолжение роста
════════════════════════════════════════════════════════════

▓▓▓▓▓▓▓▓▓▓▓▓▓▓▓▓▓▓▓▓▓▓▓▓▓▓▓▓▓▓▓▓▓▓▓▓▓▓▓▓▓▓▓▓▓▓▓▓▓▓▓▓▓▓▓▓▓▓▓▓
  📊 МУЛЬТИ-ТАЙМФРЕЙМ АНАЛИЗ
  📅 2026-04-03 05:52:06 | OKX | XPL/USDT | FUTURES
────────────────────────────────────────────────────────────
  15m → LONG (110%)
  1h → SHORT (52%)
  4h → LONG (110%)
────────────────────────────────────────────────────────────
  🏆 ИТОГ: LONG | Уверенность: 67%
▓▓▓▓▓▓▓▓▓▓▓▓▓▓▓▓▓▓▓▓▓▓▓▓▓▓▓▓▓▓▓▓▓▓▓▓▓▓▓▓▓▓▓▓▓▓▓▓▓▓▓▓▓▓▓▓▓▓▓▓

════════════════════════════════════════════════════════════
  📅 2026-04-03 05:53:07
  🏦 OKX | XPL/USDT | FUTURES | TF: 15m
  💲 Цена: 0.120490
────────────────────────────────────────────────────────────
  🚀 LONG | Уверенность: 110% | СИЛЬНЫЙ 🟢
  🛑 Stop-Loss:   0.116628
  🎯 Take-Profit: 0.128215
────────────────────────────────────────────────────────────
  ▲ ЛОНГ сигналы:
    ✓ MA тренд ВВЕРХ (0.11919>0.11795)
    ✓ MACD гистограмма+ (0.000299)
════════════════════════════════════════════════════════════

════════════════════════════════════════════════════════════
  📅 2026-04-03 05:53:07
  🏦 OKX | XPL/USDT | FUTURES | TF: 1h
  💲 Цена: 0.120490
────────────────────────────────────────────────────────────
  🚀 LONG | Уверенность: 76% | СИЛЬНЫЙ 🟢
  🛑 Stop-Loss:   0.110542
  🎯 Take-Profit: 0.140386
────────────────────────────────────────────────────────────
  ▲ ЛОНГ сигналы:
    ✓ Stoch RSI перепродан (<20)
    ✓ MA тренд ВВЕРХ (0.11941>0.11067)
  ▼ ШОРТ сигналы:
    ✓ MACD гистограмма- (-0.000514)
════════════════════════════════════════════════════════════

════════════════════════════════════════════════════════════
  📅 2026-04-03 05:53:07
  🏦 OKX | XPL/USDT | FUTURES | TF: 4h
  💲 Цена: 0.120450
────────────────────────────────────────────────────────────
  🚀 LONG | Уверенность: 110% | СИЛЬНЫЙ 🟢
  🛑 Stop-Loss:   0.107042
  🎯 Take-Profit: 0.147265
────────────────────────────────────────────────────────────
  ▲ ЛОНГ сигналы:
    ✓ MA тренд ВВЕРХ (0.10439>0.09593)
    ✓ MACD гистограмма+ (0.001561)
    ✓ Скрытая бычья дивергенция: цена ↑ (0.10937→0.11383), RSI ↓ (72.0→61.8) — продолжение роста
════════════════════════════════════════════════════════════

▓▓▓▓▓▓▓▓▓▓▓▓▓▓▓▓▓▓▓▓▓▓▓▓▓▓▓▓▓▓▓▓▓▓▓▓▓▓▓▓▓▓▓▓▓▓▓▓▓▓▓▓▓▓▓▓▓▓▓▓
  📊 МУЛЬТИ-ТАЙМФРЕЙМ АНАЛИЗ
  📅 2026-04-03 05:53:07 | OKX | XPL/USDT | FUTURES
────────────────────────────────────────────────────────────
  15m → LONG (110%)
  1h → LONG (76%)
  4h → LONG (110%)
────────────────────────────────────────────────────────────
  🏆 ИТОГ: LONG | Уверенность: 100%
▓▓▓▓▓▓▓▓▓▓▓▓▓▓▓▓▓▓▓▓▓▓▓▓▓▓▓▓▓▓▓▓▓▓▓▓▓▓▓▓▓▓▓▓▓▓▓▓▓▓▓▓▓▓▓▓▓▓▓▓

════════════════════════════════════════════════════════════
  📅 2026-04-03 05:54:08
  🏦 OKX | XPL/USDT | FUTURES | TF: 15m
  💲 Цена: 0.120480
────────────────────────────────────────────────────────────
  🚀 LONG | Уверенность: 110% | СИЛЬНЫЙ 🟢
  🛑 Stop-Loss:   0.116618
  🎯 Take-Profit: 0.128205
────────────────────────────────────────────────────────────
  ▲ ЛОНГ сигналы:
    ✓ MA тренд ВВЕРХ (0.11919>0.11795)
    ✓ MACD гистограмма+ (0.000299)
════════════════════════════════════════════════════════════

════════════════════════════════════════════════════════════
  📅 2026-04-03 05:54:08
  🏦 OKX | XPL/USDT | FUTURES | TF: 1h
  💲 Цена: 0.120480
────────────────────────────────────────────────────────────
  🚀 LONG | Уверенность: 76% | СИЛЬНЫЙ 🟢
  🛑 Stop-Loss:   0.110532
  🎯 Take-Profit: 0.140376
────────────────────────────────────────────────────────────
  ▲ ЛОНГ сигналы:
    ✓ Stoch RSI перепродан (<20)
    ✓ MA тренд ВВЕРХ (0.11941>0.11067)
  ▼ ШОРТ сигналы:
    ✓ MACD гистограмма- (-0.000514)
════════════════════════════════════════════════════════════

════════════════════════════════════════════════════════════
  📅 2026-04-03 05:54:08
  🏦 OKX | XPL/USDT | FUTURES | TF: 4h
  💲 Цена: 0.120480
────────────────────────────────────────────────────────────
  🚀 LONG | Уверенность: 110% | СИЛЬНЫЙ 🟢
  🛑 Stop-Loss:   0.107072
  🎯 Take-Profit: 0.147295
────────────────────────────────────────────────────────────
  ▲ ЛОНГ сигналы:
    ✓ MA тренд ВВЕРХ (0.10439>0.09593)
    ✓ MACD гистограмма+ (0.001563)
    ✓ Скрытая бычья дивергенция: цена ↑ (0.10937→0.11383), RSI ↓ (72.0→61.8) — продолжение роста
════════════════════════════════════════════════════════════

▓▓▓▓▓▓▓▓▓▓▓▓▓▓▓▓▓▓▓▓▓▓▓▓▓▓▓▓▓▓▓▓▓▓▓▓▓▓▓▓▓▓▓▓▓▓▓▓▓▓▓▓▓▓▓▓▓▓▓▓
  📊 МУЛЬТИ-ТАЙМФРЕЙМ АНАЛИЗ
  📅 2026-04-03 05:54:08 | OKX | XPL/USDT | FUTURES
────────────────────────────────────────────────────────────
  15m → LONG (110%)
  1h → LONG (76%)
  4h → LONG (110%)
────────────────────────────────────────────────────────────
  🏆 ИТОГ: LONG | Уверенность: 100%
▓▓▓▓▓▓▓▓▓▓▓▓▓▓▓▓▓▓▓▓▓▓▓▓▓▓▓▓▓▓▓▓▓▓▓▓▓▓▓▓▓▓▓▓▓▓▓▓▓▓▓▓▓▓▓▓▓▓▓▓

════════════════════════════════════════════════════════════
  📅 2026-04-03 05:55:09
  🏦 OKX | XPL/USDT | FUTURES | TF: 15m
  💲 Цена: 0.120400
────────────────────────────────────────────────────────────
  🚀 LONG | Уверенность: 110% | СИЛЬНЫЙ 🟢
  🛑 Stop-Loss:   0.116538
  🎯 Take-Profit: 0.128125
────────────────────────────────────────────────────────────
  ▲ ЛОНГ сигналы:
    ✓ MA тренд ВВЕРХ (0.11918>0.11795)
    ✓ MACD гистограмма+ (0.000294)
════════════════════════════════════════════════════════════

════════════════════════════════════════════════════════════
  📅 2026-04-03 05:55:09
  🏦 OKX | XPL/USDT | FUTURES | TF: 1h
  💲 Цена: 0.120400
────────────────────────────────────────────────────────────
  🚀 LONG | Уверенность: 76% | СИЛЬНЫЙ 🟢
  🛑 Stop-Loss:   0.110452
  🎯 Take-Profit: 0.140296
────────────────────────────────────────────────────────────
  ▲ ЛОНГ сигналы:
    ✓ Stoch RSI перепродан (<20)
    ✓ MA тренд ВВЕРХ (0.11941>0.11067)
  ▼ ШОРТ сигналы:
    ✓ MACD гистограмма- (-0.000519)
════════════════════════════════════════════════════════════

════════════════════════════════════════════════════════════
  📅 2026-04-03 05:55:09
  🏦 OKX | XPL/USDT | FUTURES | TF: 4h
  💲 Цена: 0.120400
────────────────────────────────────────────────────────────
  🚀 LONG | Уверенность: 110% | СИЛЬНЫЙ 🟢
  🛑 Stop-Loss:   0.106992
  🎯 Take-Profit: 0.147215
────────────────────────────────────────────────────────────
  ▲ ЛОНГ сигналы:
    ✓ MA тренд ВВЕРХ (0.10439>0.09593)
    ✓ MACD гистограмма+ (0.001558)
    ✓ Скрытая бычья дивергенция: цена ↑ (0.10937→0.11383), RSI ↓ (72.0→61.8) — продолжение роста
════════════════════════════════════════════════════════════

▓▓▓▓▓▓▓▓▓▓▓▓▓▓▓▓▓▓▓▓▓▓▓▓▓▓▓▓▓▓▓▓▓▓▓▓▓▓▓▓▓▓▓▓▓▓▓▓▓▓▓▓▓▓▓▓▓▓▓▓
  📊 МУЛЬТИ-ТАЙМФРЕЙМ АНАЛИЗ
  📅 2026-04-03 05:55:09 | OKX | XPL/USDT | FUTURES
────────────────────────────────────────────────────────────
  15m → LONG (110%)
  1h → LONG (76%)
  4h → LONG (110%)
────────────────────────────────────────────────────────────
  🏆 ИТОГ: LONG | Уверенность: 100%
▓▓▓▓▓▓▓▓▓▓▓▓▓▓▓▓▓▓▓▓▓▓▓▓▓▓▓▓▓▓▓▓▓▓▓▓▓▓▓▓▓▓▓▓▓▓▓▓▓▓▓▓▓▓▓▓▓▓▓▓

════════════════════════════════════════════════════════════
  📅 2026-04-03 05:56:09
  🏦 OKX | XPL/USDT | FUTURES | TF: 15m
  💲 Цена: 0.120320
────────────────────────────────────────────────────────────
  🚀 LONG | Уверенность: 110% | СИЛЬНЫЙ 🟢
  🛑 Stop-Loss:   0.116458
  🎯 Take-Profit: 0.128045
────────────────────────────────────────────────────────────
  ▲ ЛОНГ сигналы:
    ✓ MA тренд ВВЕРХ (0.11918>0.11794)
    ✓ MACD гистограмма+ (0.000289)
════════════════════════════════════════════════════════════

════════════════════════════════════════════════════════════
  📅 2026-04-03 05:56:09
  🏦 OKX | XPL/USDT | FUTURES | TF: 1h
  💲 Цена: 0.120290
────────────────────────────────────────────────────────────
  🚀 LONG | Уверенность: 76% | СИЛЬНЫЙ 🟢
  🛑 Stop-Loss:   0.110342
  🎯 Take-Profit: 0.140186
────────────────────────────────────────────────────────────
  ▲ ЛОНГ сигналы:
    ✓ Stoch RSI перепродан (<20)
    ✓ MA тренд ВВЕРХ (0.11940>0.11067)
  ▼ ШОРТ сигналы:
    ✓ MACD гистограмма- (-0.000526)
════════════════════════════════════════════════════════════

════════════════════════════════════════════════════════════
  📅 2026-04-03 05:56:09
  🏦 OKX | XPL/USDT | FUTURES | TF: 4h
  💲 Цена: 0.120320
────────────────────────────────────────────────────────────
  🚀 LONG | Уверенность: 110% | СИЛЬНЫЙ 🟢
  🛑 Stop-Loss:   0.106912
  🎯 Take-Profit: 0.147135
────────────────────────────────────────────────────────────
  ▲ ЛОНГ сигналы:
    ✓ MA тренд ВВЕРХ (0.10438>0.09592)
    ✓ MACD гистограмма+ (0.001553)
    ✓ Скрытая бычья дивергенция: цена ↑ (0.10937→0.11383), RSI ↓ (72.0→61.8) — продолжение роста
════════════════════════════════════════════════════════════

▓▓▓▓▓▓▓▓▓▓▓▓▓▓▓▓▓▓▓▓▓▓▓▓▓▓▓▓▓▓▓▓▓▓▓▓▓▓▓▓▓▓▓▓▓▓▓▓▓▓▓▓▓▓▓▓▓▓▓▓
  📊 МУЛЬТИ-ТАЙМФРЕЙМ АНАЛИЗ
  📅 2026-04-03 05:56:09 | OKX | XPL/USDT | FUTURES
────────────────────────────────────────────────────────────
  15m → LONG (110%)
  1h → LONG (76%)
  4h → LONG (110%)
────────────────────────────────────────────────────────────
  🏆 ИТОГ: LONG | Уверенность: 100%
▓▓▓▓▓▓▓▓▓▓▓▓▓▓▓▓▓▓▓▓▓▓▓▓▓▓▓▓▓▓▓▓▓▓▓▓▓▓▓▓▓▓▓▓▓▓▓▓▓▓▓▓▓▓▓▓▓▓▓▓

════════════════════════════════════════════════════════════
  📅 2026-04-03 05:57:10
  🏦 OKX | XPL/USDT | FUTURES | TF: 15m
  💲 Цена: 0.120450
────────────────────────────────────────────────────────────
  🚀 LONG | Уверенность: 110% | СИЛЬНЫЙ 🟢
  🛑 Stop-Loss:   0.116588
  🎯 Take-Profit: 0.128175
────────────────────────────────────────────────────────────
  ▲ ЛОНГ сигналы:
    ✓ MA тренд ВВЕРХ (0.11918>0.11795)
    ✓ MACD гистограмма+ (0.000297)
════════════════════════════════════════════════════════════

════════════════════════════════════════════════════════════
  📅 2026-04-03 05:57:10
  🏦 OKX | XPL/USDT | FUTURES | TF: 1h
  💲 Цена: 0.120420
────────────────────────────────────────────────────────────
  🚀 LONG | Уверенность: 76% | СИЛЬНЫЙ 🟢
  🛑 Stop-Loss:   0.110472
  🎯 Take-Profit: 0.140316
────────────────────────────────────────────────────────────
  ▲ ЛОНГ сигналы:
    ✓ Stoch RSI перепродан (<20)
    ✓ MA тренд ВВЕРХ (0.11941>0.11067)
  ▼ ШОРТ сигналы:
    ✓ MACD гистограмма- (-0.000518)
════════════════════════════════════════════════════════════

════════════════════════════════════════════════════════════
  📅 2026-04-03 05:57:10
  🏦 OKX | XPL/USDT | FUTURES | TF: 4h
  💲 Цена: 0.120450
────────────────────────────────────────────────────────────
  🚀 LONG | Уверенность: 110% | СИЛЬНЫЙ 🟢
  🛑 Stop-Loss:   0.107042
  🎯 Take-Profit: 0.147265
────────────────────────────────────────────────────────────
  ▲ ЛОНГ сигналы:
    ✓ MA тренд ВВЕРХ (0.10439>0.09593)
    ✓ MACD гистограмма+ (0.001561)
    ✓ Скрытая бычья дивергенция: цена ↑ (0.10937→0.11383), RSI ↓ (72.0→61.8) — продолжение роста
════════════════════════════════════════════════════════════

▓▓▓▓▓▓▓▓▓▓▓▓▓▓▓▓▓▓▓▓▓▓▓▓▓▓▓▓▓▓▓▓▓▓▓▓▓▓▓▓▓▓▓▓▓▓▓▓▓▓▓▓▓▓▓▓▓▓▓▓
  📊 МУЛЬТИ-ТАЙМФРЕЙМ АНАЛИЗ
  📅 2026-04-03 05:57:10 | OKX | XPL/USDT | FUTURES
────────────────────────────────────────────────────────────
  15m → LONG (110%)
  1h → LONG (76%)
  4h → LONG (110%)
────────────────────────────────────────────────────────────
  🏆 ИТОГ: LONG | Уверенность: 100%
▓▓▓▓▓▓▓▓▓▓▓▓▓▓▓▓▓▓▓▓▓▓▓▓▓▓▓▓▓▓▓▓▓▓▓▓▓▓▓▓▓▓▓▓▓▓▓▓▓▓▓▓▓▓▓▓▓▓▓▓

════════════════════════════════════════════════════════════
  📅 2026-04-03 05:58:11
  🏦 OKX | XPL/USDT | FUTURES | TF: 15m
  💲 Цена: 0.120460
────────────────────────────────────────────────────────────
  🚀 LONG | Уверенность: 110% | СИЛЬНЫЙ 🟢
  🛑 Stop-Loss:   0.116598
  🎯 Take-Profit: 0.128185
────────────────────────────────────────────────────────────
  ▲ ЛОНГ сигналы:
    ✓ MA тренд ВВЕРХ (0.11918>0.11795)
    ✓ MACD гистограмма+ (0.000298)
════════════════════════════════════════════════════════════

════════════════════════════════════════════════════════════
  📅 2026-04-03 05:58:11
  🏦 OKX | XPL/USDT | FUTURES | TF: 1h
  💲 Цена: 0.120420
────────────────────────────────────────────────────────────
  🚀 LONG | Уверенность: 76% | СИЛЬНЫЙ 🟢
  🛑 Stop-Loss:   0.110472
  🎯 Take-Profit: 0.140316
────────────────────────────────────────────────────────────
  ▲ ЛОНГ сигналы:
    ✓ Stoch RSI перепродан (<20)
    ✓ MA тренд ВВЕРХ (0.11941>0.11067)
  ▼ ШОРТ сигналы:
    ✓ MACD гистограмма- (-0.000518)
════════════════════════════════════════════════════════════

════════════════════════════════════════════════════════════
  📅 2026-04-03 05:58:11
  🏦 OKX | XPL/USDT | FUTURES | TF: 4h
  💲 Цена: 0.120460
────────────────────────────────────────────────────────────
  🚀 LONG | Уверенность: 110% | СИЛЬНЫЙ 🟢
  🛑 Stop-Loss:   0.107052
  🎯 Take-Profit: 0.147275
────────────────────────────────────────────────────────────
  ▲ ЛОНГ сигналы:
    ✓ MA тренд ВВЕРХ (0.10439>0.09593)
    ✓ MACD гистограмма+ (0.001562)
    ✓ Скрытая бычья дивергенция: цена ↑ (0.10937→0.11383), RSI ↓ (72.0→61.8) — продолжение роста
════════════════════════════════════════════════════════════

▓▓▓▓▓▓▓▓▓▓▓▓▓▓▓▓▓▓▓▓▓▓▓▓▓▓▓▓▓▓▓▓▓▓▓▓▓▓▓▓▓▓▓▓▓▓▓▓▓▓▓▓▓▓▓▓▓▓▓▓
  📊 МУЛЬТИ-ТАЙМФРЕЙМ АНАЛИЗ
  📅 2026-04-03 05:58:11 | OKX | XPL/USDT | FUTURES
────────────────────────────────────────────────────────────
  15m → LONG (110%)
  1h → LONG (76%)
  4h → LONG (110%)
────────────────────────────────────────────────────────────
  🏆 ИТОГ: LONG | Уверенность: 100%
▓▓▓▓▓▓▓▓▓▓▓▓▓▓▓▓▓▓▓▓▓▓▓▓▓▓▓▓▓▓▓▓▓▓▓▓▓▓▓▓▓▓▓▓▓▓▓▓▓▓▓▓▓▓▓▓▓▓▓▓

════════════════════════════════════════════════════════════
  📅 2026-04-03 05:59:12
  🏦 OKX | XPL/USDT | FUTURES | TF: 15m
  💲 Цена: 0.120660
────────────────────────────────────────────────────────────
  🚀 LONG | Уверенность: 97% | СИЛЬНЫЙ 🟢
  🛑 Stop-Loss:   0.116798
  🎯 Take-Profit: 0.128385
────────────────────────────────────────────────────────────
  🕯️  Паттерны: Doji
────────────────────────────────────────────────────────────
  ▲ ЛОНГ сигналы:
    ✓ MA тренд ВВЕРХ (0.11919>0.11795)
    ✓ MACD гистограмма+ (0.000310)
    ✓ Doji
  ▼ ШОРТ сигналы:
    ✓ Doji
════════════════════════════════════════════════════════════

════════════════════════════════════════════════════════════
  📅 2026-04-03 05:59:12
  🏦 OKX | XPL/USDT | FUTURES | TF: 1h
  💲 Цена: 0.120650
────────────────────────────────────────────────────────────
  🚀 LONG | Уверенность: 76% | СИЛЬНЫЙ 🟢
  🛑 Stop-Loss:   0.110702
  🎯 Take-Profit: 0.140546
────────────────────────────────────────────────────────────
  ▲ ЛОНГ сигналы:
    ✓ Stoch RSI перепродан (<20)
    ✓ MA тренд ВВЕРХ (0.11942>0.11068)
  ▼ ШОРТ сигналы:
    ✓ MACD гистограмма- (-0.000503)
════════════════════════════════════════════════════════════

════════════════════════════════════════════════════════════
  📅 2026-04-03 05:59:12
  🏦 OKX | XPL/USDT | FUTURES | TF: 4h
  💲 Цена: 0.120650
────────────────────────────────────────────────────────────
  🚀 LONG | Уверенность: 110% | СИЛЬНЫЙ 🟢
  🛑 Stop-Loss:   0.107242
  🎯 Take-Profit: 0.147465
────────────────────────────────────────────────────────────
  ▲ ЛОНГ сигналы:
    ✓ MA тренд ВВЕРХ (0.10440>0.09593)
    ✓ MACD гистограмма+ (0.001574)
    ✓ Скрытая бычья дивергенция: цена ↑ (0.10937→0.11383), RSI ↓ (72.0→61.8) — продолжение роста
════════════════════════════════════════════════════════════

▓▓▓▓▓▓▓▓▓▓▓▓▓▓▓▓▓▓▓▓▓▓▓▓▓▓▓▓▓▓▓▓▓▓▓▓▓▓▓▓▓▓▓▓▓▓▓▓▓▓▓▓▓▓▓▓▓▓▓▓
  📊 МУЛЬТИ-ТАЙМФРЕЙМ АНАЛИЗ
  📅 2026-04-03 05:59:12 | OKX | XPL/USDT | FUTURES
────────────────────────────────────────────────────────────
  15m → LONG (97%)
  1h → LONG (76%)
  4h → LONG (110%)
────────────────────────────────────────────────────────────
  🏆 ИТОГ: LONG | Уверенность: 100%
▓▓▓▓▓▓▓▓▓▓▓▓▓▓▓▓▓▓▓▓▓▓▓▓▓▓▓▓▓▓▓▓▓▓▓▓▓▓▓▓▓▓▓▓▓▓▓▓▓▓▓▓▓▓▓▓▓▓▓▓

════════════════════════════════════════════════════════════
  📅 2026-04-03 06:00:13
  🏦 OKX | XPL/USDT | FUTURES | TF: 15m
  💲 Цена: 0.120620
────────────────────────────────────────────────────────────
  🚀 LONG | Уверенность: 110% | СИЛЬНЫЙ 🟢
  🛑 Stop-Loss:   0.116980
  🎯 Take-Profit: 0.127900
────────────────────────────────────────────────────────────
  ▲ ЛОНГ сигналы:
    ✓ MA тренд ВВЕРХ (0.11939>0.11794)
    ✓ MACD гистограмма+ (0.000210)
════════════════════════════════════════════════════════════

════════════════════════════════════════════════════════════
  📅 2026-04-03 06:00:13
  🏦 OKX | XPL/USDT | FUTURES | TF: 1h
  💲 Цена: 0.120740
────────────────────────────────────────────────────────────
  🚀 LONG | Уверенность: 55% | СЛАБЫЙ ⚪
  🛑 Stop-Loss:   0.111478
  🎯 Take-Profit: 0.139264
────────────────────────────────────────────────────────────
  ▲ ЛОНГ сигналы:
    ✓ MA тренд ВВЕРХ (0.11977>0.11119)
  ▼ ШОРТ сигналы:
    ✓ MACD гистограмма- (-0.000406)
════════════════════════════════════════════════════════════

════════════════════════════════════════════════════════════
  📅 2026-04-03 06:00:13
  🏦 OKX | XPL/USDT | FUTURES | TF: 4h
  💲 Цена: 0.120670
────────────────────────────────────────────────────────────
  🚀 LONG | Уверенность: 110% | СИЛЬНЫЙ 🟢
  🛑 Stop-Loss:   0.107262
  🎯 Take-Profit: 0.147485
────────────────────────────────────────────────────────────
  ▲ ЛОНГ сигналы:
    ✓ MA тренд ВВЕРХ (0.10440>0.09593)
    ✓ MACD гистограмма+ (0.001575)
    ✓ Скрытая бычья дивергенция: цена ↑ (0.10937→0.11383), RSI ↓ (72.0→61.8) — продолжение роста
════════════════════════════════════════════════════════════

▓▓▓▓▓▓▓▓▓▓▓▓▓▓▓▓▓▓▓▓▓▓▓▓▓▓▓▓▓▓▓▓▓▓▓▓▓▓▓▓▓▓▓▓▓▓▓▓▓▓▓▓▓▓▓▓▓▓▓▓
  📊 МУЛЬТИ-ТАЙМФРЕЙМ АНАЛИЗ
  📅 2026-04-03 06:00:13 | OKX | XPL/USDT | FUTURES
────────────────────────────────────────────────────────────
  15m → LONG (110%)
  1h → LONG (55%)
  4h → LONG (110%)
────────────────────────────────────────────────────────────
  🏆 ИТОГ: LONG | Уверенность: 100%
▓▓▓▓▓▓▓▓▓▓▓▓▓▓▓▓▓▓▓▓▓▓▓▓▓▓▓▓▓▓▓▓▓▓▓▓▓▓▓▓▓▓▓▓▓▓▓▓▓▓▓▓▓▓▓▓▓▓▓▓

════════════════════════════════════════════════════════════
  📅 2026-04-03 06:01:14
  🏦 OKX | XPL/USDT | FUTURES | TF: 15m
  💲 Цена: 0.120590
────────────────────────────────────────────────────────────
  🚀 LONG | Уверенность: 110% | СИЛЬНЫЙ 🟢
  🛑 Stop-Loss:   0.116913
  🎯 Take-Profit: 0.127945
────────────────────────────────────────────────────────────
  ▲ ЛОНГ сигналы:
    ✓ MA тренд ВВЕРХ (0.11939>0.11794)
    ✓ MACD гистограмма+ (0.000208)
════════════════════════════════════════════════════════════

════════════════════════════════════════════════════════════
  📅 2026-04-03 06:01:14
  🏦 OKX | XPL/USDT | FUTURES | TF: 1h
  💲 Цена: 0.120580
────────────────────────────────────────────────────────────
  🚀 LONG | Уверенность: 55% | СЛАБЫЙ ⚪
  🛑 Stop-Loss:   0.111281
  🎯 Take-Profit: 0.139179
────────────────────────────────────────────────────────────
  ▲ ЛОНГ сигналы:
    ✓ MA тренд ВВЕРХ (0.11977>0.11119)
  ▼ ШОРТ сигналы:
    ✓ MACD гистограмма- (-0.000416)
════════════════════════════════════════════════════════════

════════════════════════════════════════════════════════════
  📅 2026-04-03 06:01:14
  🏦 OKX | XPL/USDT | FUTURES | TF: 4h
  💲 Цена: 0.120590
────────────────────────────────────────────────────────────
  🚀 LONG | Уверенность: 110% | СИЛЬНЫЙ 🟢
  🛑 Stop-Loss:   0.107182
  🎯 Take-Profit: 0.147405
────────────────────────────────────────────────────────────
  ▲ ЛОНГ сигналы:
    ✓ MA тренд ВВЕРХ (0.10439>0.09593)
    ✓ MACD гистограмма+ (0.001570)
    ✓ Скрытая бычья дивергенция: цена ↑ (0.10937→0.11383), RSI ↓ (72.0→61.8) — продолжение роста
════════════════════════════════════════════════════════════

▓▓▓▓▓▓▓▓▓▓▓▓▓▓▓▓▓▓▓▓▓▓▓▓▓▓▓▓▓▓▓▓▓▓▓▓▓▓▓▓▓▓▓▓▓▓▓▓▓▓▓▓▓▓▓▓▓▓▓▓
  📊 МУЛЬТИ-ТАЙМФРЕЙМ АНАЛИЗ
  📅 2026-04-03 06:01:14 | OKX | XPL/USDT | FUTURES
────────────────────────────────────────────────────────────
  15m → LONG (110%)
  1h → LONG (55%)
  4h → LONG (110%)
────────────────────────────────────────────────────────────
  🏆 ИТОГ: LONG | Уверенность: 100%
▓▓▓▓▓▓▓▓▓▓▓▓▓▓▓▓▓▓▓▓▓▓▓▓▓▓▓▓▓▓▓▓▓▓▓▓▓▓▓▓▓▓▓▓▓▓▓▓▓▓▓▓▓▓▓▓▓▓▓▓

════════════════════════════════════════════════════════════
  📅 2026-04-03 06:02:15
  🏦 OKX | XPL/USDT | FUTURES | TF: 15m
  💲 Цена: 0.120360
────────────────────────────────────────────────────────────
  🚀 LONG | Уверенность: 110% | СИЛЬНЫЙ 🟢
  🛑 Stop-Loss:   0.116683
  🎯 Take-Profit: 0.127715
────────────────────────────────────────────────────────────
  ▲ ЛОНГ сигналы:
    ✓ MA тренд ВВЕРХ (0.11938>0.11793)
    ✓ MACD гистограмма+ (0.000194)
════════════════════════════════════════════════════════════

════════════════════════════════════════════════════════════
  📅 2026-04-03 06:02:15
  🏦 OKX | XPL/USDT | FUTURES | TF: 1h
  💲 Цена: 0.120360
────────────────────────────────────────────────────────────
  🚀 LONG | Уверенность: 55% | СЛАБЫЙ ⚪
  🛑 Stop-Loss:   0.111061
  🎯 Take-Profit: 0.138959
────────────────────────────────────────────────────────────
  ▲ ЛОНГ сигналы:
    ✓ MA тренд ВВЕРХ (0.11976>0.11118)
  ▼ ШОРТ сигналы:
    ✓ MACD гистограмма- (-0.000430)
════════════════════════════════════════════════════════════

════════════════════════════════════════════════════════════
  📅 2026-04-03 06:02:15
  🏦 OKX | XPL/USDT | FUTURES | TF: 4h
  💲 Цена: 0.120350
────────────────────────────────────────────────────────────
  🚀 LONG | Уверенность: 110% | СИЛЬНЫЙ 🟢
  🛑 Stop-Loss:   0.106942
  🎯 Take-Profit: 0.147165
────────────────────────────────────────────────────────────
  ▲ ЛОНГ сигналы:
    ✓ MA тренд ВВЕРХ (0.10438>0.09592)
    ✓ MACD гистограмма+ (0.001555)
    ✓ Скрытая бычья дивергенция: цена ↑ (0.10937→0.11383), RSI ↓ (72.0→61.8) — продолжение роста
════════════════════════════════════════════════════════════

▓▓▓▓▓▓▓▓▓▓▓▓▓▓▓▓▓▓▓▓▓▓▓▓▓▓▓▓▓▓▓▓▓▓▓▓▓▓▓▓▓▓▓▓▓▓▓▓▓▓▓▓▓▓▓▓▓▓▓▓
  📊 МУЛЬТИ-ТАЙМФРЕЙМ АНАЛИЗ
  📅 2026-04-03 06:02:15 | OKX | XPL/USDT | FUTURES
────────────────────────────────────────────────────────────
  15m → LONG (110%)
  1h → LONG (55%)
  4h → LONG (110%)
────────────────────────────────────────────────────────────
  🏆 ИТОГ: LONG | Уверенность: 100%
▓▓▓▓▓▓▓▓▓▓▓▓▓▓▓▓▓▓▓▓▓▓▓▓▓▓▓▓▓▓▓▓▓▓▓▓▓▓▓▓▓▓▓▓▓▓▓▓▓▓▓▓▓▓▓▓▓▓▓▓

════════════════════════════════════════════════════════════
  📅 2026-04-03 06:03:15
  🏦 OKX | XPL/USDT | FUTURES | TF: 15m
  💲 Цена: 0.120060
────────────────────────────────────────────────────────────
  🚀 LONG | Уверенность: 110% | СИЛЬНЫЙ 🟢
  🛑 Stop-Loss:   0.116323
  🎯 Take-Profit: 0.127535
────────────────────────────────────────────────────────────
  ▲ ЛОНГ сигналы:
    ✓ MA тренд ВВЕРХ (0.11936>0.11793)
    ✓ MACD гистограмма+ (0.000174)
════════════════════════════════════════════════════════════

════════════════════════════════════════════════════════════
  📅 2026-04-03 06:03:15
  🏦 OKX | XPL/USDT | FUTURES | TF: 1h
  💲 Цена: 0.120090
────────────────────────────────────────────────────────────
  🚀 LONG | Уверенность: 55% | СЛАБЫЙ ⚪
  🛑 Stop-Loss:   0.110731
  🎯 Take-Profit: 0.138809
────────────────────────────────────────────────────────────
  ▲ ЛОНГ сигналы:
    ✓ MA тренд ВВЕРХ (0.11974>0.11118)
  ▼ ШОРТ сигналы:
    ✓ MACD гистограмма- (-0.000448)
════════════════════════════════════════════════════════════

════════════════════════════════════════════════════════════
  📅 2026-04-03 06:03:15
  🏦 OKX | XPL/USDT | FUTURES | TF: 4h
  💲 Цена: 0.120050
────────────────────────────────────────────────────────────
  🚀 LONG | Уверенность: 110% | СИЛЬНЫЙ 🟢
  🛑 Stop-Loss:   0.106642
  🎯 Take-Profit: 0.146865
────────────────────────────────────────────────────────────
  ▲ ЛОНГ сигналы:
    ✓ MA тренд ВВЕРХ (0.10437>0.09592)
    ✓ MACD гистограмма+ (0.001536)
    ✓ Скрытая бычья дивергенция: цена ↑ (0.10937→0.11383), RSI ↓ (72.0→61.8) — продолжение роста
════════════════════════════════════════════════════════════

▓▓▓▓▓▓▓▓▓▓▓▓▓▓▓▓▓▓▓▓▓▓▓▓▓▓▓▓▓▓▓▓▓▓▓▓▓▓▓▓▓▓▓▓▓▓▓▓▓▓▓▓▓▓▓▓▓▓▓▓
  📊 МУЛЬТИ-ТАЙМФРЕЙМ АНАЛИЗ
  📅 2026-04-03 06:03:15 | OKX | XPL/USDT | FUTURES
────────────────────────────────────────────────────────────
  15m → LONG (110%)
  1h → LONG (55%)
  4h → LONG (110%)
────────────────────────────────────────────────────────────
  🏆 ИТОГ: LONG | Уверенность: 100%
▓▓▓▓▓▓▓▓▓▓▓▓▓▓▓▓▓▓▓▓▓▓▓▓▓▓▓▓▓▓▓▓▓▓▓▓▓▓▓▓▓▓▓▓▓▓▓▓▓▓▓▓▓▓▓▓▓▓▓▓

════════════════════════════════════════════════════════════
  📅 2026-04-03 06:04:16
  🏦 OKX | XPL/USDT | FUTURES | TF: 15m
  💲 Цена: 0.119840
────────────────────────────────────────────────────────────
  🚀 LONG | Уверенность: 110% | СИЛЬНЫЙ 🟢
  🛑 Stop-Loss:   0.116103
  🎯 Take-Profit: 0.127315
────────────────────────────────────────────────────────────
  ▲ ЛОНГ сигналы:
    ✓ MA тренд ВВЕРХ (0.11935>0.11792)
    ✓ MACD гистограмма+ (0.000160)
════════════════════════════════════════════════════════════

════════════════════════════════════════════════════════════
  📅 2026-04-03 06:04:16
  🏦 OKX | XPL/USDT | FUTURES | TF: 1h
  💲 Цена: 0.119960
────────────────────────────────────────────────────────────
  🚀 LONG | Уверенность: 55% | СЛАБЫЙ ⚪
  🛑 Stop-Loss:   0.110601
  🎯 Take-Profit: 0.138679
────────────────────────────────────────────────────────────
  ▲ ЛОНГ сигналы:
    ✓ MA тренд ВВЕРХ (0.11974>0.11117)
  ▼ ШОРТ сигналы:
    ✓ MACD гистограмма- (-0.000456)
════════════════════════════════════════════════════════════

════════════════════════════════════════════════════════════
  📅 2026-04-03 06:04:16
  🏦 OKX | XPL/USDT | FUTURES | TF: 4h
  💲 Цена: 0.120010
────────────────────────────────────────────────────────────
  🚀 LONG | Уверенность: 110% | СИЛЬНЫЙ 🟢
  🛑 Stop-Loss:   0.106602
  🎯 Take-Profit: 0.146825
────────────────────────────────────────────────────────────
  ▲ ЛОНГ сигналы:
    ✓ MA тренд ВВЕРХ (0.10437>0.09592)
    ✓ MACD гистограмма+ (0.001533)
    ✓ Скрытая бычья дивергенция: цена ↑ (0.10937→0.11383), RSI ↓ (72.0→61.8) — продолжение роста
════════════════════════════════════════════════════════════

▓▓▓▓▓▓▓▓▓▓▓▓▓▓▓▓▓▓▓▓▓▓▓▓▓▓▓▓▓▓▓▓▓▓▓▓▓▓▓▓▓▓▓▓▓▓▓▓▓▓▓▓▓▓▓▓▓▓▓▓
  📊 МУЛЬТИ-ТАЙМФРЕЙМ АНАЛИЗ
  📅 2026-04-03 06:04:16 | OKX | XPL/USDT | FUTURES
────────────────────────────────────────────────────────────
  15m → LONG (110%)
  1h → LONG (55%)
  4h → LONG (110%)
────────────────────────────────────────────────────────────
  🏆 ИТОГ: LONG | Уверенность: 100%
▓▓▓▓▓▓▓▓▓▓▓▓▓▓▓▓▓▓▓▓▓▓▓▓▓▓▓▓▓▓▓▓▓▓▓▓▓▓▓▓▓▓▓▓▓▓▓▓▓▓▓▓▓▓▓▓▓▓▓▓

════════════════════════════════════════════════════════════
  📅 2026-04-03 06:05:17
  🏦 OKX | XPL/USDT | FUTURES | TF: 15m
  💲 Цена: 0.119890
────────────────────────────────────────────────────────────
  🚀 LONG | Уверенность: 110% | СИЛЬНЫЙ 🟢
  🛑 Stop-Loss:   0.116153
  🎯 Take-Profit: 0.127365
────────────────────────────────────────────────────────────
  ▲ ЛОНГ сигналы:
    ✓ MA тренд ВВЕРХ (0.11935>0.11792)
    ✓ MACD гистограмма+ (0.000164)
════════════════════════════════════════════════════════════

════════════════════════════════════════════════════════════
  📅 2026-04-03 06:05:17
  🏦 OKX | XPL/USDT | FUTURES | TF: 1h
  💲 Цена: 0.119910
────────────────────────────────────────────────────────────
  🚀 LONG | Уверенность: 55% | СЛАБЫЙ ⚪
  🛑 Stop-Loss:   0.110551
  🎯 Take-Profit: 0.138629
────────────────────────────────────────────────────────────
  ▲ ЛОНГ сигналы:
    ✓ MA тренд ВВЕРХ (0.11973>0.11117)
  ▼ ШОРТ сигналы:
    ✓ MACD гистограмма- (-0.000459)
════════════════════════════════════════════════════════════

════════════════════════════════════════════════════════════
  📅 2026-04-03 06:05:17
  🏦 OKX | XPL/USDT | FUTURES | TF: 4h
  💲 Цена: 0.119910
────────────────────────────────────────────────────────────
  🚀 LONG | Уверенность: 110% | СИЛЬНЫЙ 🟢
  🛑 Stop-Loss:   0.106502
  🎯 Take-Profit: 0.146725
────────────────────────────────────────────────────────────
  ▲ ЛОНГ сигналы:
    ✓ MA тренд ВВЕРХ (0.10436>0.09592)
    ✓ MACD гистограмма+ (0.001527)
    ✓ Скрытая бычья дивергенция: цена ↑ (0.10937→0.11383), RSI ↓ (72.0→61.8) — продолжение роста
════════════════════════════════════════════════════════════

▓▓▓▓▓▓▓▓▓▓▓▓▓▓▓▓▓▓▓▓▓▓▓▓▓▓▓▓▓▓▓▓▓▓▓▓▓▓▓▓▓▓▓▓▓▓▓▓▓▓▓▓▓▓▓▓▓▓▓▓
  📊 МУЛЬТИ-ТАЙМФРЕЙМ АНАЛИЗ
  📅 2026-04-03 06:05:17 | OKX | XPL/USDT | FUTURES
────────────────────────────────────────────────────────────
  15m → LONG (110%)
  1h → LONG (55%)
  4h → LONG (110%)
────────────────────────────────────────────────────────────
  🏆 ИТОГ: LONG | Уверенность: 100%
▓▓▓▓▓▓▓▓▓▓▓▓▓▓▓▓▓▓▓▓▓▓▓▓▓▓▓▓▓▓▓▓▓▓▓▓▓▓▓▓▓▓▓▓▓▓▓▓▓▓▓▓▓▓▓▓▓▓▓▓

════════════════════════════════════════════════════════════
  📅 2026-04-03 06:06:18
  🏦 OKX | XPL/USDT | FUTURES | TF: 15m
  💲 Цена: 0.120170
────────────────────────────────────────────────────────────
  🚀 LONG | Уверенность: 110% | СИЛЬНЫЙ 🟢
  🛑 Stop-Loss:   0.116433
  🎯 Take-Profit: 0.127645
────────────────────────────────────────────────────────────
  ▲ ЛОНГ сигналы:
    ✓ MA тренд ВВЕРХ (0.11937>0.11793)
    ✓ MACD гистограмма+ (0.000181)
════════════════════════════════════════════════════════════

════════════════════════════════════════════════════════════
  📅 2026-04-03 06:06:18
  🏦 OKX | XPL/USDT | FUTURES | TF: 1h
  💲 Цена: 0.120170
────────────────────────────────────────────────────────────
  🚀 LONG | Уверенность: 55% | СЛАБЫЙ ⚪
  🛑 Stop-Loss:   0.110811
  🎯 Take-Profit: 0.138889
────────────────────────────────────────────────────────────
  ▲ ЛОНГ сигналы:
    ✓ MA тренд ВВЕРХ (0.11975>0.11118)
  ▼ ШОРТ сигналы:
    ✓ MACD гистограмма- (-0.000442)
════════════════════════════════════════════════════════════

════════════════════════════════════════════════════════════
  📅 2026-04-03 06:06:18
  🏦 OKX | XPL/USDT | FUTURES | TF: 4h
  💲 Цена: 0.120170
────────────────────────────────────────────────────────────
  🚀 LONG | Уверенность: 110% | СИЛЬНЫЙ 🟢
  🛑 Stop-Loss:   0.106762
  🎯 Take-Profit: 0.146985
────────────────────────────────────────────────────────────
  ▲ ЛОНГ сигналы:
    ✓ MA тренд ВВЕРХ (0.10437>0.09592)
    ✓ MACD гистограмма+ (0.001543)
    ✓ Скрытая бычья дивергенция: цена ↑ (0.10937→0.11383), RSI ↓ (72.0→61.8) — продолжение роста
════════════════════════════════════════════════════════════

▓▓▓▓▓▓▓▓▓▓▓▓▓▓▓▓▓▓▓▓▓▓▓▓▓▓▓▓▓▓▓▓▓▓▓▓▓▓▓▓▓▓▓▓▓▓▓▓▓▓▓▓▓▓▓▓▓▓▓▓
  📊 МУЛЬТИ-ТАЙМФРЕЙМ АНАЛИЗ
  📅 2026-04-03 06:06:18 | OKX | XPL/USDT | FUTURES
────────────────────────────────────────────────────────────
  15m → LONG (110%)
  1h → LONG (55%)
  4h → LONG (110%)
────────────────────────────────────────────────────────────
  🏆 ИТОГ: LONG | Уверенность: 100%
▓▓▓▓▓▓▓▓▓▓▓▓▓▓▓▓▓▓▓▓▓▓▓▓▓▓▓▓▓▓▓▓▓▓▓▓▓▓▓▓▓▓▓▓▓▓▓▓▓▓▓▓▓▓▓▓▓▓▓▓

════════════════════════════════════════════════════════════
  📅 2026-04-03 06:07:19
  🏦 OKX | XPL/USDT | FUTURES | TF: 15m
  💲 Цена: 0.120190
────────────────────────────────────────────────────────────
  🚀 LONG | Уверенность: 110% | СИЛЬНЫЙ 🟢
  🛑 Stop-Loss:   0.116453
  🎯 Take-Profit: 0.127665
────────────────────────────────────────────────────────────
  ▲ ЛОНГ сигналы:
    ✓ MA тренд ВВЕРХ (0.11937>0.11793)
    ✓ MACD гистограмма+ (0.000183)
════════════════════════════════════════════════════════════

════════════════════════════════════════════════════════════
  📅 2026-04-03 06:07:19
  🏦 OKX | XPL/USDT | FUTURES | TF: 1h
  💲 Цена: 0.120170
────────────────────────────────────────────────────────────
  🚀 LONG | Уверенность: 55% | СЛАБЫЙ ⚪
  🛑 Stop-Loss:   0.110811
  🎯 Take-Profit: 0.138889
────────────────────────────────────────────────────────────
  ▲ ЛОНГ сигналы:
    ✓ MA тренд ВВЕРХ (0.11975>0.11118)
  ▼ ШОРТ сигналы:
    ✓ MACD гистограмма- (-0.000442)
════════════════════════════════════════════════════════════

════════════════════════════════════════════════════════════
  📅 2026-04-03 06:07:19
  🏦 OKX | XPL/USDT | FUTURES | TF: 4h
  💲 Цена: 0.120260
────────────────────────────────────────────────────────────
  🚀 LONG | Уверенность: 110% | СИЛЬНЫЙ 🟢
  🛑 Stop-Loss:   0.106852
  🎯 Take-Profit: 0.147075
────────────────────────────────────────────────────────────
  ▲ ЛОНГ сигналы:
    ✓ MA тренд ВВЕРХ (0.10438>0.09592)
    ✓ MACD гистограмма+ (0.001549)
    ✓ Скрытая бычья дивергенция: цена ↑ (0.10937→0.11383), RSI ↓ (72.0→61.8) — продолжение роста
════════════════════════════════════════════════════════════

▓▓▓▓▓▓▓▓▓▓▓▓▓▓▓▓▓▓▓▓▓▓▓▓▓▓▓▓▓▓▓▓▓▓▓▓▓▓▓▓▓▓▓▓▓▓▓▓▓▓▓▓▓▓▓▓▓▓▓▓
  📊 МУЛЬТИ-ТАЙМФРЕЙМ АНАЛИЗ
  📅 2026-04-03 06:07:19 | OKX | XPL/USDT | FUTURES
────────────────────────────────────────────────────────────
  15m → LONG (110%)
  1h → LONG (55%)
  4h → LONG (110%)
────────────────────────────────────────────────────────────
  🏆 ИТОГ: LONG | Уверенность: 100%
▓▓▓▓▓▓▓▓▓▓▓▓▓▓▓▓▓▓▓▓▓▓▓▓▓▓▓▓▓▓▓▓▓▓▓▓▓▓▓▓▓▓▓▓▓▓▓▓▓▓▓▓▓▓▓▓▓▓▓▓

════════════════════════════════════════════════════════════
  📅 2026-04-03 06:08:20
  🏦 OKX | XPL/USDT | FUTURES | TF: 15m
  💲 Цена: 0.120150
────────────────────────────────────────────────────────────
  🚀 LONG | Уверенность: 110% | СИЛЬНЫЙ 🟢
  🛑 Stop-Loss:   0.116413
  🎯 Take-Profit: 0.127625
────────────────────────────────────────────────────────────
  ▲ ЛОНГ сигналы:
    ✓ MA тренд ВВЕРХ (0.11937>0.11793)
    ✓ MACD гистограмма+ (0.000180)
════════════════════════════════════════════════════════════

════════════════════════════════════════════════════════════
  📅 2026-04-03 06:08:20
  🏦 OKX | XPL/USDT | FUTURES | TF: 1h
  💲 Цена: 0.120240
────────────────────────────────────────────────────────────
  🚀 LONG | Уверенность: 55% | СЛАБЫЙ ⚪
  🛑 Stop-Loss:   0.110881
  🎯 Take-Profit: 0.138959
────────────────────────────────────────────────────────────
  ▲ ЛОНГ сигналы:
    ✓ MA тренд ВВЕРХ (0.11975>0.11118)
  ▼ ШОРТ сигналы:
    ✓ MACD гистограмма- (-0.000438)
════════════════════════════════════════════════════════════

════════════════════════════════════════════════════════════
  📅 2026-04-03 06:08:20
  🏦 OKX | XPL/USDT | FUTURES | TF: 4h
  💲 Цена: 0.120240
────────────────────────────────────────────────────────────
  🚀 LONG | Уверенность: 110% | СИЛЬНЫЙ 🟢
  🛑 Stop-Loss:   0.106832
  🎯 Take-Profit: 0.147055
────────────────────────────────────────────────────────────
  ▲ ЛОНГ сигналы:
    ✓ MA тренд ВВЕРХ (0.10438>0.09592)
    ✓ MACD гистограмма+ (0.001548)
    ✓ Скрытая бычья дивергенция: цена ↑ (0.10937→0.11383), RSI ↓ (72.0→61.8) — продолжение роста
════════════════════════════════════════════════════════════

▓▓▓▓▓▓▓▓▓▓▓▓▓▓▓▓▓▓▓▓▓▓▓▓▓▓▓▓▓▓▓▓▓▓▓▓▓▓▓▓▓▓▓▓▓▓▓▓▓▓▓▓▓▓▓▓▓▓▓▓
  📊 МУЛЬТИ-ТАЙМФРЕЙМ АНАЛИЗ
  📅 2026-04-03 06:08:20 | OKX | XPL/USDT | FUTURES
────────────────────────────────────────────────────────────
  15m → LONG (110%)
  1h → LONG (55%)
  4h → LONG (110%)
────────────────────────────────────────────────────────────
  🏆 ИТОГ: LONG | Уверенность: 100%
▓▓▓▓▓▓▓▓▓▓▓▓▓▓▓▓▓▓▓▓▓▓▓▓▓▓▓▓▓▓▓▓▓▓▓▓▓▓▓▓▓▓▓▓▓▓▓▓▓▓▓▓▓▓▓▓▓▓▓▓

════════════════════════════════════════════════════════════
  📅 2026-04-03 06:09:21
  🏦 OKX | XPL/USDT | FUTURES | TF: 15m
  💲 Цена: 0.120550
────────────────────────────────────────────────────────────
  🚀 LONG | Уверенность: 110% | СИЛЬНЫЙ 🟢
  🛑 Stop-Loss:   0.116813
  🎯 Take-Profit: 0.128025
────────────────────────────────────────────────────────────
  🕯️  Паттерны: Hammer 🔨
────────────────────────────────────────────────────────────
  ▲ ЛОНГ сигналы:
    ✓ MA тренд ВВЕРХ (0.11939>0.11794)
    ✓ MACD гистограмма+ (0.000206)
    ✓ Hammer 🔨: Бычий молот — сигнал разворота вверх
════════════════════════════════════════════════════════════

════════════════════════════════════════════════════════════
  📅 2026-04-03 06:09:21
  🏦 OKX | XPL/USDT | FUTURES | TF: 1h
  💲 Цена: 0.120540
────────────────────────────────────────────────────────────
  🚀 LONG | Уверенность: 82% | СИЛЬНЫЙ 🟢
  🛑 Stop-Loss:   0.111181
  🎯 Take-Profit: 0.139259
────────────────────────────────────────────────────────────
  🕯️  Паттерны: Hammer 🔨
────────────────────────────────────────────────────────────
  ▲ ЛОНГ сигналы:
    ✓ MA тренд ВВЕРХ (0.11976>0.11119)
    ✓ Hammer 🔨: Бычий молот — сигнал разворота вверх
  ▼ ШОРТ сигналы:
    ✓ MACD гистограмма- (-0.000419)
════════════════════════════════════════════════════════════

════════════════════════════════════════════════════════════
  📅 2026-04-03 06:09:21
  🏦 OKX | XPL/USDT | FUTURES | TF: 4h
  💲 Цена: 0.120550
────────────────────────────────────────────────────────────
  🚀 LONG | Уверенность: 110% | СИЛЬНЫЙ 🟢
  🛑 Stop-Loss:   0.107142
  🎯 Take-Profit: 0.147365
────────────────────────────────────────────────────────────
  ▲ ЛОНГ сигналы:
    ✓ MA тренд ВВЕРХ (0.10439>0.09593)
    ✓ MACD гистограмма+ (0.001568)
    ✓ Скрытая бычья дивергенция: цена ↑ (0.10937→0.11383), RSI ↓ (72.0→61.8) — продолжение роста
════════════════════════════════════════════════════════════

▓▓▓▓▓▓▓▓▓▓▓▓▓▓▓▓▓▓▓▓▓▓▓▓▓▓▓▓▓▓▓▓▓▓▓▓▓▓▓▓▓▓▓▓▓▓▓▓▓▓▓▓▓▓▓▓▓▓▓▓
  📊 МУЛЬТИ-ТАЙМФРЕЙМ АНАЛИЗ
  📅 2026-04-03 06:09:21 | OKX | XPL/USDT | FUTURES
────────────────────────────────────────────────────────────
  15m → LONG (110%)
  1h → LONG (82%)
  4h → LONG (110%)
────────────────────────────────────────────────────────────
  🏆 ИТОГ: LONG | Уверенность: 100%
▓▓▓▓▓▓▓▓▓▓▓▓▓▓▓▓▓▓▓▓▓▓▓▓▓▓▓▓▓▓▓▓▓▓▓▓▓▓▓▓▓▓▓▓▓▓▓▓▓▓▓▓▓▓▓▓▓▓▓▓

════════════════════════════════════════════════════════════
  📅 2026-04-03 06:10:22
  🏦 OKX | XPL/USDT | FUTURES | TF: 15m
  💲 Цена: 0.120890
────────────────────────────────────────────────────────────
  🚀 LONG | Уверенность: 103% | СИЛЬНЫЙ 🟢
  🛑 Stop-Loss:   0.117145
  🎯 Take-Profit: 0.128380
────────────────────────────────────────────────────────────
  🕯️  Паттерны: Doji, Hammer 🔨
────────────────────────────────────────────────────────────
  ▲ ЛОНГ сигналы:
    ✓ MA тренд ВВЕРХ (0.11940>0.11794)
    ✓ MACD гистограмма+ (0.000227)
    ✓ Doji
    ✓ Hammer 🔨: Бычий молот — сигнал разворота вверх
  ▼ ШОРТ сигналы:
    ✓ Doji
════════════════════════════════════════════════════════════

════════════════════════════════════════════════════════════
  📅 2026-04-03 06:10:22
  🏦 OKX | XPL/USDT | FUTURES | TF: 1h
  💲 Цена: 0.120890
────────────────────────────────────────────────────────────
  🚀 LONG | Уверенность: 79% | СИЛЬНЫЙ 🟢
  🛑 Stop-Loss:   0.111525
  🎯 Take-Profit: 0.139620
────────────────────────────────────────────────────────────
  🕯️  Паттерны: Doji, Hammer 🔨
────────────────────────────────────────────────────────────
  ▲ ЛОНГ сигналы:
    ✓ MA тренд ВВЕРХ (0.11978>0.11119)
    ✓ Doji
    ✓ Hammer 🔨: Бычий молот — сигнал разворота вверх
  ▼ ШОРТ сигналы:
    ✓ MACD гистограмма- (-0.000397)
    ✓ Doji
════════════════════════════════════════════════════════════

════════════════════════════════════════════════════════════
  📅 2026-04-03 06:10:22
  🏦 OKX | XPL/USDT | FUTURES | TF: 4h
  💲 Цена: 0.120890
────────────────────────────────────────────────────────────
  🚀 LONG | Уверенность: 110% | СИЛЬНЫЙ 🟢
  🛑 Stop-Loss:   0.107482
  🎯 Take-Profit: 0.147705
────────────────────────────────────────────────────────────
  ▲ ЛОНГ сигналы:
    ✓ MA тренд ВВЕРХ (0.10441>0.09594)
    ✓ MACD гистограмма+ (0.001589)
    ✓ Скрытая бычья дивергенция: цена ↑ (0.10937→0.11383), RSI ↓ (72.0→61.8) — продолжение роста
════════════════════════════════════════════════════════════

▓▓▓▓▓▓▓▓▓▓▓▓▓▓▓▓▓▓▓▓▓▓▓▓▓▓▓▓▓▓▓▓▓▓▓▓▓▓▓▓▓▓▓▓▓▓▓▓▓▓▓▓▓▓▓▓▓▓▓▓
  📊 МУЛЬТИ-ТАЙМФРЕЙМ АНАЛИЗ
  📅 2026-04-03 06:10:22 | OKX | XPL/USDT | FUTURES
────────────────────────────────────────────────────────────
  15m → LONG (103%)
  1h → LONG (79%)
  4h → LONG (110%)
────────────────────────────────────────────────────────────
  🏆 ИТОГ: LONG | Уверенность: 100%
▓▓▓▓▓▓▓▓▓▓▓▓▓▓▓▓▓▓▓▓▓▓▓▓▓▓▓▓▓▓▓▓▓▓▓▓▓▓▓▓▓▓▓▓▓▓▓▓▓▓▓▓▓▓▓▓▓▓▓▓

════════════════════════════════════════════════════════════
  📅 2026-04-03 06:11:22
  🏦 OKX | XPL/USDT | FUTURES | TF: 15m
  💲 Цена: 0.121300
────────────────────────────────────────────────────────────
  🚀 LONG | Уверенность: 110% | СИЛЬНЫЙ 🟢
  🛑 Stop-Loss:   0.117506
  🎯 Take-Profit: 0.128888
────────────────────────────────────────────────────────────
  🕯️  Паттерны: Hammer 🔨
────────────────────────────────────────────────────────────
  ▲ ЛОНГ сигналы:
    ✓ MA тренд ВВЕРХ (0.11942>0.11795)
    ✓ MACD гистограмма+ (0.000254)
    ✓ Hammer 🔨: Бычий молот — сигнал разворота вверх
════════════════════════════════════════════════════════════

════════════════════════════════════════════════════════════
  📅 2026-04-03 06:11:22
  🏦 OKX | XPL/USDT | FUTURES | TF: 1h
  💲 Цена: 0.121270
────────────────────────────────────────────────────────────
  🚀 LONG | Уверенность: 82% | СИЛЬНЫЙ 🟢
  🛑 Stop-Loss:   0.111854
  🎯 Take-Profit: 0.140102
────────────────────────────────────────────────────────────
  🕯️  Паттерны: Hammer 🔨
────────────────────────────────────────────────────────────
  ▲ ЛОНГ сигналы:
    ✓ MA тренд ВВЕРХ (0.11980>0.11120)
    ✓ Hammer 🔨: Бычий молот — сигнал разворота вверх
  ▼ ШОРТ сигналы:
    ✓ MACD гистограмма- (-0.000372)
════════════════════════════════════════════════════════════

════════════════════════════════════════════════════════════
  📅 2026-04-03 06:11:22
  🏦 OKX | XPL/USDT | FUTURES | TF: 4h
  💲 Цена: 0.121270
────────────────────────────────────────────────────────────
  🚀 LONG | Уверенность: 110% | СИЛЬНЫЙ 🟢
  🛑 Stop-Loss:   0.107862
  🎯 Take-Profit: 0.148085
────────────────────────────────────────────────────────────
  ▲ ЛОНГ сигналы:
    ✓ MA тренд ВВЕРХ (0.10443>0.09594)
    ✓ MACD гистограмма+ (0.001613)
    ✓ Скрытая бычья дивергенция: цена ↑ (0.10937→0.11383), RSI ↓ (72.0→61.8) — продолжение роста
════════════════════════════════════════════════════════════

▓▓▓▓▓▓▓▓▓▓▓▓▓▓▓▓▓▓▓▓▓▓▓▓▓▓▓▓▓▓▓▓▓▓▓▓▓▓▓▓▓▓▓▓▓▓▓▓▓▓▓▓▓▓▓▓▓▓▓▓
  📊 МУЛЬТИ-ТАЙМФРЕЙМ АНАЛИЗ
  📅 2026-04-03 06:11:22 | OKX | XPL/USDT | FUTURES
────────────────────────────────────────────────────────────
  15m → LONG (110%)
  1h → LONG (82%)
  4h → LONG (110%)
────────────────────────────────────────────────────────────
  🏆 ИТОГ: LONG | Уверенность: 100%
▓▓▓▓▓▓▓▓▓▓▓▓▓▓▓▓▓▓▓▓▓▓▓▓▓▓▓▓▓▓▓▓▓▓▓▓▓▓▓▓▓▓▓▓▓▓▓▓▓▓▓▓▓▓▓▓▓▓▓▓

════════════════════════════════════════════════════════════
  📅 2026-04-03 06:12:23
  🏦 OKX | XPL/USDT | FUTURES | TF: 15m
  💲 Цена: 0.120690
────────────────────────────────────────────────────────────
  🚀 LONG | Уверенность: 97% | СИЛЬНЫЙ 🟢
  🛑 Stop-Loss:   0.116896
  🎯 Take-Profit: 0.128278
────────────────────────────────────────────────────────────
  🕯️  Паттерны: Doji
────────────────────────────────────────────────────────────
  ▲ ЛОНГ сигналы:
    ✓ MA тренд ВВЕРХ (0.11939>0.11794)
    ✓ MACD гистограмма+ (0.000215)
    ✓ Doji
  ▼ ШОРТ сигналы:
    ✓ Doji
════════════════════════════════════════════════════════════

════════════════════════════════════════════════════════════
  📅 2026-04-03 06:12:23
  🏦 OKX | XPL/USDT | FUTURES | TF: 1h
  💲 Цена: 0.120770
────────────────────────────────────────────────────────────
  🚀 LONG | Уверенность: 55% | СЛАБЫЙ ⚪
  🛑 Stop-Loss:   0.111354
  🎯 Take-Profit: 0.139602
────────────────────────────────────────────────────────────
  🕯️  Паттерны: Doji
────────────────────────────────────────────────────────────
  ▲ ЛОНГ сигналы:
    ✓ MA тренд ВВЕРХ (0.11978>0.11119)
    ✓ Doji
  ▼ ШОРТ сигналы:
    ✓ MACD гистограмма- (-0.000404)
    ✓ Doji
════════════════════════════════════════════════════════════

════════════════════════════════════════════════════════════
  📅 2026-04-03 06:12:23
  🏦 OKX | XPL/USDT | FUTURES | TF: 4h
  💲 Цена: 0.120770
────────────────────────────────────────────────────────────
  🚀 LONG | Уверенность: 110% | СИЛЬНЫЙ 🟢
  🛑 Stop-Loss:   0.107362
  🎯 Take-Profit: 0.147585
────────────────────────────────────────────────────────────
  ▲ ЛОНГ сигналы:
    ✓ MA тренд ВВЕРХ (0.10440>0.09593)
    ✓ MACD гистограмма+ (0.001582)
    ✓ Скрытая бычья дивергенция: цена ↑ (0.10937→0.11383), RSI ↓ (72.0→61.8) — продолжение роста
════════════════════════════════════════════════════════════

▓▓▓▓▓▓▓▓▓▓▓▓▓▓▓▓▓▓▓▓▓▓▓▓▓▓▓▓▓▓▓▓▓▓▓▓▓▓▓▓▓▓▓▓▓▓▓▓▓▓▓▓▓▓▓▓▓▓▓▓
  📊 МУЛЬТИ-ТАЙМФРЕЙМ АНАЛИЗ
  📅 2026-04-03 06:12:23 | OKX | XPL/USDT | FUTURES
────────────────────────────────────────────────────────────
  15m → LONG (97%)
  1h → LONG (55%)
  4h → LONG (110%)
────────────────────────────────────────────────────────────
  🏆 ИТОГ: LONG | Уверенность: 100%
▓▓▓▓▓▓▓▓▓▓▓▓▓▓▓▓▓▓▓▓▓▓▓▓▓▓▓▓▓▓▓▓▓▓▓▓▓▓▓▓▓▓▓▓▓▓▓▓▓▓▓▓▓▓▓▓▓▓▓▓

════════════════════════════════════════════════════════════
  📅 2026-04-03 06:13:24
  🏦 OKX | XPL/USDT | FUTURES | TF: 15m
  💲 Цена: 0.120120
────────────────────────────────────────────────────────────
  🚀 LONG | Уверенность: 110% | СИЛЬНЫЙ 🟢
  🛑 Stop-Loss:   0.116326
  🎯 Take-Profit: 0.127708
────────────────────────────────────────────────────────────
  ▲ ЛОНГ сигналы:
    ✓ MA тренд ВВЕРХ (0.11936>0.11793)
    ✓ MACD гистограмма+ (0.000178)
════════════════════════════════════════════════════════════

════════════════════════════════════════════════════════════
  📅 2026-04-03 06:13:24
  🏦 OKX | XPL/USDT | FUTURES | TF: 1h
  💲 Цена: 0.120120
────────────────────────────────────────────────────────────
  🚀 LONG | Уверенность: 55% | СЛАБЫЙ ⚪
  🛑 Stop-Loss:   0.110704
  🎯 Take-Profit: 0.138952
────────────────────────────────────────────────────────────
  ▲ ЛОНГ сигналы:
    ✓ MA тренд ВВЕРХ (0.11974>0.11118)
  ▼ ШОРТ сигналы:
    ✓ MACD гистограмма- (-0.000446)
════════════════════════════════════════════════════════════

════════════════════════════════════════════════════════════
  📅 2026-04-03 06:13:24
  🏦 OKX | XPL/USDT | FUTURES | TF: 4h
  💲 Цена: 0.120040
────────────────────────────────────────────────────────────
  🚀 LONG | Уверенность: 110% | СИЛЬНЫЙ 🟢
  🛑 Stop-Loss:   0.106632
  🎯 Take-Profit: 0.146855
────────────────────────────────────────────────────────────
  ▲ ЛОНГ сигналы:
    ✓ MA тренд ВВЕРХ (0.10437>0.09592)
    ✓ MACD гистограмма+ (0.001535)
    ✓ Скрытая бычья дивергенция: цена ↑ (0.10937→0.11383), RSI ↓ (72.0→61.8) — продолжение роста
════════════════════════════════════════════════════════════

▓▓▓▓▓▓▓▓▓▓▓▓▓▓▓▓▓▓▓▓▓▓▓▓▓▓▓▓▓▓▓▓▓▓▓▓▓▓▓▓▓▓▓▓▓▓▓▓▓▓▓▓▓▓▓▓▓▓▓▓
  📊 МУЛЬТИ-ТАЙМФРЕЙМ АНАЛИЗ
  📅 2026-04-03 06:13:24 | OKX | XPL/USDT | FUTURES
────────────────────────────────────────────────────────────
  15m → LONG (110%)
  1h → LONG (55%)
  4h → LONG (110%)
────────────────────────────────────────────────────────────
  🏆 ИТОГ: LONG | Уверенность: 100%
▓▓▓▓▓▓▓▓▓▓▓▓▓▓▓▓▓▓▓▓▓▓▓▓▓▓▓▓▓▓▓▓▓▓▓▓▓▓▓▓▓▓▓▓▓▓▓▓▓▓▓▓▓▓▓▓▓▓▓▓

════════════════════════════════════════════════════════════
  📅 2026-04-03 06:14:25
  🏦 OKX | XPL/USDT | FUTURES | TF: 15m
  💲 Цена: 0.120210
────────────────────────────────────────────────────────────
  🚀 LONG | Уверенность: 110% | СИЛЬНЫЙ 🟢
  🛑 Stop-Loss:   0.116416
  🎯 Take-Profit: 0.127798
────────────────────────────────────────────────────────────
  ▲ ЛОНГ сигналы:
    ✓ MA тренд ВВЕРХ (0.11937>0.11793)
    ✓ MACD гистограмма+ (0.000184)
════════════════════════════════════════════════════════════

════════════════════════════════════════════════════════════
  📅 2026-04-03 06:14:25
  🏦 OKX | XPL/USDT | FUTURES | TF: 1h
  💲 Цена: 0.119770
────────────────────────────────────────────────────────────
  🚀 LONG | Уверенность: 55% | СЛАБЫЙ ⚪
  🛑 Stop-Loss:   0.110354
  🎯 Take-Profit: 0.138602
────────────────────────────────────────────────────────────
  ▲ ЛОНГ сигналы:
    ✓ MA тренд ВВЕРХ (0.11973>0.11117)
  ▼ ШОРТ сигналы:
    ✓ MACD гистограмма- (-0.000468)
════════════════════════════════════════════════════════════

════════════════════════════════════════════════════════════
  📅 2026-04-03 06:14:25
  🏦 OKX | XPL/USDT | FUTURES | TF: 4h
  💲 Цена: 0.120080
────────────────────────────────────────────────────────────
  🚀 LONG | Уверенность: 110% | СИЛЬНЫЙ 🟢
  🛑 Stop-Loss:   0.106672
  🎯 Take-Profit: 0.146895
────────────────────────────────────────────────────────────
  ▲ ЛОНГ сигналы:
    ✓ MA тренд ВВЕРХ (0.10437>0.09592)
    ✓ MACD гистограмма+ (0.001538)
    ✓ Скрытая бычья дивергенция: цена ↑ (0.10937→0.11383), RSI ↓ (72.0→61.8) — продолжение роста
════════════════════════════════════════════════════════════

▓▓▓▓▓▓▓▓▓▓▓▓▓▓▓▓▓▓▓▓▓▓▓▓▓▓▓▓▓▓▓▓▓▓▓▓▓▓▓▓▓▓▓▓▓▓▓▓▓▓▓▓▓▓▓▓▓▓▓▓
  📊 МУЛЬТИ-ТАЙМФРЕЙМ АНАЛИЗ
  📅 2026-04-03 06:14:25 | OKX | XPL/USDT | FUTURES
────────────────────────────────────────────────────────────
  15m → LONG (110%)
  1h → LONG (55%)
  4h → LONG (110%)
────────────────────────────────────────────────────────────
  🏆 ИТОГ: LONG | Уверенность: 100%
▓▓▓▓▓▓▓▓▓▓▓▓▓▓▓▓▓▓▓▓▓▓▓▓▓▓▓▓▓▓▓▓▓▓▓▓▓▓▓▓▓▓▓▓▓▓▓▓▓▓▓▓▓▓▓▓▓▓▓▓

════════════════════════════════════════════════════════════
  📅 2026-04-03 06:15:26
  🏦 OKX | XPL/USDT | FUTURES | TF: 15m
  💲 Цена: 0.119940
────────────────────────────────────────────────────────────
  🚀 LONG | Уверенность: 110% | СИЛЬНЫЙ 🟢
  🛑 Stop-Loss:   0.116387
  🎯 Take-Profit: 0.127046
────────────────────────────────────────────────────────────
  ▲ ЛОНГ сигналы:
    ✓ MA тренд ВВЕРХ (0.11946>0.11799)
    ✓ MACD гистограмма+ (0.000055)
════════════════════════════════════════════════════════════

════════════════════════════════════════════════════════════
  📅 2026-04-03 06:15:26
  🏦 OKX | XPL/USDT | FUTURES | TF: 1h
  💲 Цена: 0.119940
────────────────────────────────────────────────────────────
  🚀 LONG | Уверенность: 55% | СЛАБЫЙ ⚪
  🛑 Stop-Loss:   0.110524
  🎯 Take-Profit: 0.138772
────────────────────────────────────────────────────────────
  ▲ ЛОНГ сигналы:
    ✓ MA тренд ВВЕРХ (0.11973>0.11117)
  ▼ ШОРТ сигналы:
    ✓ MACD гистограмма- (-0.000457)
════════════════════════════════════════════════════════════

════════════════════════════════════════════════════════════
  📅 2026-04-03 06:15:26
  🏦 OKX | XPL/USDT | FUTURES | TF: 4h
  💲 Цена: 0.119940
────────────────────────────────────────────────────────────
  🚀 LONG | Уверенность: 110% | СИЛЬНЫЙ 🟢
  🛑 Stop-Loss:   0.106532
  🎯 Take-Profit: 0.146755
────────────────────────────────────────────────────────────
  ▲ ЛОНГ сигналы:
    ✓ MA тренд ВВЕРХ (0.10436>0.09592)
    ✓ MACD гистограмма+ (0.001529)
    ✓ Скрытая бычья дивергенция: цена ↑ (0.10937→0.11383), RSI ↓ (72.0→61.8) — продолжение роста
════════════════════════════════════════════════════════════

▓▓▓▓▓▓▓▓▓▓▓▓▓▓▓▓▓▓▓▓▓▓▓▓▓▓▓▓▓▓▓▓▓▓▓▓▓▓▓▓▓▓▓▓▓▓▓▓▓▓▓▓▓▓▓▓▓▓▓▓
  📊 МУЛЬТИ-ТАЙМФРЕЙМ АНАЛИЗ
  📅 2026-04-03 06:15:26 | OKX | XPL/USDT | FUTURES
────────────────────────────────────────────────────────────
  15m → LONG (110%)
  1h → LONG (55%)
  4h → LONG (110%)
────────────────────────────────────────────────────────────
  🏆 ИТОГ: LONG | Уверенность: 100%
▓▓▓▓▓▓▓▓▓▓▓▓▓▓▓▓▓▓▓▓▓▓▓▓▓▓▓▓▓▓▓▓▓▓▓▓▓▓▓▓▓▓▓▓▓▓▓▓▓▓▓▓▓▓▓▓▓▓▓▓

════════════════════════════════════════════════════════════
  📅 2026-04-03 06:16:30
  🏦 OKX | XPL/USDT | FUTURES | TF: 15m
  💲 Цена: 0.120070
────────────────────────────────────────────────────────────
  🚀 LONG | Уверенность: 110% | СИЛЬНЫЙ 🟢
  🛑 Stop-Loss:   0.116507
  🎯 Take-Profit: 0.127196
────────────────────────────────────────────────────────────
  ▲ ЛОНГ сигналы:
    ✓ MA тренд ВВЕРХ (0.11946>0.11799)
    ✓ MACD гистограмма+ (0.000064)
════════════════════════════════════════════════════════════

════════════════════════════════════════════════════════════
  📅 2026-04-03 06:16:30
  🏦 OKX | XPL/USDT | FUTURES | TF: 1h
  💲 Цена: 0.120130
────────────────────────────────────────────────────────────
  🚀 LONG | Уверенность: 55% | СЛАБЫЙ ⚪
  🛑 Stop-Loss:   0.110714
  🎯 Take-Profit: 0.138962
────────────────────────────────────────────────────────────
  ▲ ЛОНГ сигналы:
    ✓ MA тренд ВВЕРХ (0.11974>0.11118)
  ▼ ШОРТ сигналы:
    ✓ MACD гистограмма- (-0.000445)
════════════════════════════════════════════════════════════

════════════════════════════════════════════════════════════
  📅 2026-04-03 06:16:30
  🏦 OKX | XPL/USDT | FUTURES | TF: 4h
  💲 Цена: 0.120010
────────────────────────────────────────────────────────────
  🚀 LONG | Уверенность: 110% | СИЛЬНЫЙ 🟢
  🛑 Stop-Loss:   0.106602
  🎯 Take-Profit: 0.146825
────────────────────────────────────────────────────────────
  ▲ ЛОНГ сигналы:
    ✓ MA тренд ВВЕРХ (0.10437>0.09592)
    ✓ MACD гистограмма+ (0.001533)
    ✓ Скрытая бычья дивергенция: цена ↑ (0.10937→0.11383), RSI ↓ (72.0→61.8) — продолжение роста
════════════════════════════════════════════════════════════

▓▓▓▓▓▓▓▓▓▓▓▓▓▓▓▓▓▓▓▓▓▓▓▓▓▓▓▓▓▓▓▓▓▓▓▓▓▓▓▓▓▓▓▓▓▓▓▓▓▓▓▓▓▓▓▓▓▓▓▓
  📊 МУЛЬТИ-ТАЙМФРЕЙМ АНАЛИЗ
  📅 2026-04-03 06:16:30 | OKX | XPL/USDT | FUTURES
────────────────────────────────────────────────────────────
  15m → LONG (110%)
  1h → LONG (55%)
  4h → LONG (110%)
────────────────────────────────────────────────────────────
  🏆 ИТОГ: LONG | Уверенность: 100%
▓▓▓▓▓▓▓▓▓▓▓▓▓▓▓▓▓▓▓▓▓▓▓▓▓▓▓▓▓▓▓▓▓▓▓▓▓▓▓▓▓▓▓▓▓▓▓▓▓▓▓▓▓▓▓▓▓▓▓▓

════════════════════════════════════════════════════════════
  📅 2026-04-03 06:17:31
  🏦 OKX | XPL/USDT | FUTURES | TF: 15m
  💲 Цена: 0.120280
────────────────────────────────────────────────────────────
  🚀 LONG | Уверенность: 110% | СИЛЬНЫЙ 🟢
  🛑 Stop-Loss:   0.116683
  🎯 Take-Profit: 0.127474
────────────────────────────────────────────────────────────
  ▲ ЛОНГ сигналы:
    ✓ MA тренд ВВЕРХ (0.11947>0.11799)
    ✓ MACD гистограмма+ (0.000077)
════════════════════════════════════════════════════════════

════════════════════════════════════════════════════════════
  📅 2026-04-03 06:17:31
  🏦 OKX | XPL/USDT | FUTURES | TF: 1h
  💲 Цена: 0.120280
────────────────────────────────────────────────────────────
  🚀 LONG | Уверенность: 55% | СЛАБЫЙ ⚪
  🛑 Stop-Loss:   0.110864
  🎯 Take-Profit: 0.139112
────────────────────────────────────────────────────────────
  ▲ ЛОНГ сигналы:
    ✓ MA тренд ВВЕРХ (0.11975>0.11118)
  ▼ ШОРТ сигналы:
    ✓ MACD гистограмма- (-0.000435)
════════════════════════════════════════════════════════════

════════════════════════════════════════════════════════════
  📅 2026-04-03 06:17:31
  🏦 OKX | XPL/USDT | FUTURES | TF: 4h
  💲 Цена: 0.120180
────────────────────────────────────────────────────────────
  🚀 LONG | Уверенность: 110% | СИЛЬНЫЙ 🟢
  🛑 Stop-Loss:   0.106772
  🎯 Take-Profit: 0.146995
────────────────────────────────────────────────────────────
  ▲ ЛОНГ сигналы:
    ✓ MA тренд ВВЕРХ (0.10437>0.09592)
    ✓ MACD гистограмма+ (0.001544)
    ✓ Скрытая бычья дивергенция: цена ↑ (0.10937→0.11383), RSI ↓ (72.0→61.8) — продолжение роста
════════════════════════════════════════════════════════════

▓▓▓▓▓▓▓▓▓▓▓▓▓▓▓▓▓▓▓▓▓▓▓▓▓▓▓▓▓▓▓▓▓▓▓▓▓▓▓▓▓▓▓▓▓▓▓▓▓▓▓▓▓▓▓▓▓▓▓▓
  📊 МУЛЬТИ-ТАЙМФРЕЙМ АНАЛИЗ
  📅 2026-04-03 06:17:31 | OKX | XPL/USDT | FUTURES
────────────────────────────────────────────────────────────
  15m → LONG (110%)
  1h → LONG (55%)
  4h → LONG (110%)
────────────────────────────────────────────────────────────
  🏆 ИТОГ: LONG | Уверенность: 100%
▓▓▓▓▓▓▓▓▓▓▓▓▓▓▓▓▓▓▓▓▓▓▓▓▓▓▓▓▓▓▓▓▓▓▓▓▓▓▓▓▓▓▓▓▓▓▓▓▓▓▓▓▓▓▓▓▓▓▓▓

════════════════════════════════════════════════════════════
  📅 2026-04-03 06:18:32
  🏦 OKX | XPL/USDT | FUTURES | TF: 15m
  💲 Цена: 0.120570
────────────────────────────────────────────────────────────
  🚀 LONG | Уверенность: 110% | СИЛЬНЫЙ 🟢
  🛑 Stop-Loss:   0.116899
  🎯 Take-Profit: 0.127912
────────────────────────────────────────────────────────────
  ▲ ЛОНГ сигналы:
    ✓ MA тренд ВВЕРХ (0.11949>0.11800)
    ✓ MACD гистограмма+ (0.000096)
════════════════════════════════════════════════════════════

════════════════════════════════════════════════════════════
  📅 2026-04-03 06:18:32
  🏦 OKX | XPL/USDT | FUTURES | TF: 1h
  💲 Цена: 0.120580
────────────────────────────────────────────────────────────
  🚀 LONG | Уверенность: 55% | СЛАБЫЙ ⚪
  🛑 Stop-Loss:   0.111164
  🎯 Take-Profit: 0.139412
────────────────────────────────────────────────────────────
  ▲ ЛОНГ сигналы:
    ✓ MA тренд ВВЕРХ (0.11977>0.11119)
  ▼ ШОРТ сигналы:
    ✓ MACD гистограмма- (-0.000416)
════════════════════════════════════════════════════════════

════════════════════════════════════════════════════════════
  📅 2026-04-03 06:18:32
  🏦 OKX | XPL/USDT | FUTURES | TF: 4h
  💲 Цена: 0.120560
────────────────────────────────────────────────────────────
  🚀 LONG | Уверенность: 110% | СИЛЬНЫЙ 🟢
  🛑 Stop-Loss:   0.107152
  🎯 Take-Profit: 0.147375
────────────────────────────────────────────────────────────
  ▲ ЛОНГ сигналы:
    ✓ MA тренд ВВЕРХ (0.10439>0.09593)
    ✓ MACD гистограмма+ (0.001568)
    ✓ Скрытая бычья дивергенция: цена ↑ (0.10937→0.11383), RSI ↓ (72.0→61.8) — продолжение роста
════════════════════════════════════════════════════════════

▓▓▓▓▓▓▓▓▓▓▓▓▓▓▓▓▓▓▓▓▓▓▓▓▓▓▓▓▓▓▓▓▓▓▓▓▓▓▓▓▓▓▓▓▓▓▓▓▓▓▓▓▓▓▓▓▓▓▓▓
  📊 МУЛЬТИ-ТАЙМФРЕЙМ АНАЛИЗ
  📅 2026-04-03 06:18:32 | OKX | XPL/USDT | FUTURES
────────────────────────────────────────────────────────────
  15m → LONG (110%)
  1h → LONG (55%)
  4h → LONG (110%)
────────────────────────────────────────────────────────────
  🏆 ИТОГ: LONG | Уверенность: 100%
▓▓▓▓▓▓▓▓▓▓▓▓▓▓▓▓▓▓▓▓▓▓▓▓▓▓▓▓▓▓▓▓▓▓▓▓▓▓▓▓▓▓▓▓▓▓▓▓▓▓▓▓▓▓▓▓▓▓▓▓

════════════════════════════════════════════════════════════
  📅 2026-04-03 06:19:32
  🏦 OKX | XPL/USDT | FUTURES | TF: 15m
  💲 Цена: 0.120610
────────────────────────────────────────────────────────────
  🚀 LONG | Уверенность: 110% | СИЛЬНЫЙ 🟢
  🛑 Stop-Loss:   0.116939
  🎯 Take-Profit: 0.127952
────────────────────────────────────────────────────────────
  ▲ ЛОНГ сигналы:
    ✓ MA тренд ВВЕРХ (0.11949>0.11800)
    ✓ MACD гистограмма+ (0.000098)
════════════════════════════════════════════════════════════

════════════════════════════════════════════════════════════
  📅 2026-04-03 06:19:32
  🏦 OKX | XPL/USDT | FUTURES | TF: 1h
  💲 Цена: 0.120610
────────────────────────────────────────────────────────────
  🚀 LONG | Уверенность: 55% | СЛАБЫЙ ⚪
  🛑 Stop-Loss:   0.111194
  🎯 Take-Profit: 0.139442
────────────────────────────────────────────────────────────
  ▲ ЛОНГ сигналы:
    ✓ MA тренд ВВЕРХ (0.11977>0.11119)
  ▼ ШОРТ сигналы:
    ✓ MACD гистограмма- (-0.000414)
════════════════════════════════════════════════════════════

════════════════════════════════════════════════════════════
  📅 2026-04-03 06:19:32
  🏦 OKX | XPL/USDT | FUTURES | TF: 4h
  💲 Цена: 0.120610
────────────────────────────────────────────────────────────
  🚀 LONG | Уверенность: 110% | СИЛЬНЫЙ 🟢
  🛑 Stop-Loss:   0.107202
  🎯 Take-Profit: 0.147425
────────────────────────────────────────────────────────────
  ▲ ЛОНГ сигналы:
    ✓ MA тренд ВВЕРХ (0.10440>0.09593)
    ✓ MACD гистограмма+ (0.001571)
    ✓ Скрытая бычья дивергенция: цена ↑ (0.10937→0.11383), RSI ↓ (72.0→61.8) — продолжение роста
════════════════════════════════════════════════════════════

▓▓▓▓▓▓▓▓▓▓▓▓▓▓▓▓▓▓▓▓▓▓▓▓▓▓▓▓▓▓▓▓▓▓▓▓▓▓▓▓▓▓▓▓▓▓▓▓▓▓▓▓▓▓▓▓▓▓▓▓
  📊 МУЛЬТИ-ТАЙМФРЕЙМ АНАЛИЗ
  📅 2026-04-03 06:19:32 | OKX | XPL/USDT | FUTURES
────────────────────────────────────────────────────────────
  15m → LONG (110%)
  1h → LONG (55%)
  4h → LONG (110%)
────────────────────────────────────────────────────────────
  🏆 ИТОГ: LONG | Уверенность: 100%
▓▓▓▓▓▓▓▓▓▓▓▓▓▓▓▓▓▓▓▓▓▓▓▓▓▓▓▓▓▓▓▓▓▓▓▓▓▓▓▓▓▓▓▓▓▓▓▓▓▓▓▓▓▓▓▓▓▓▓▓
