
════════════════════════════════════════════════════════════
  📅 2026-02-28 06:06:19
  🏦 OKX | S/USDT | FUTURES | TF: 15m
  💲 Цена: 0.037090
────────────────────────────────────────────────────────────
  🚀 LONG | Уверенность: 68% | СРЕДНИЙ 🟡
  🛑 Stop-Loss:   0.036563
  🎯 Take-Profit: 0.038145
────────────────────────────────────────────────────────────
  🕯️  Паттерны: Bullish Engulfing 🟢
────────────────────────────────────────────────────────────
  ▲ ЛОНГ сигналы:
    ✓ MACD гистограмма+ (0.000061)
    ✓ Bullish Engulfing 🟢: Бычье поглощение — сильный сигнал роста
  ▼ ШОРТ сигналы:
    ✓ MA тренд ВНИЗ (0.03717<0.03861)
════════════════════════════════════════════════════════════

════════════════════════════════════════════════════════════
  📅 2026-02-28 06:06:19
  🏦 OKX | S/USDT | FUTURES | TF: 1h
  💲 Цена: 0.037040
────────────────────────────────────────────────────────────
  🚀 LONG | Уверенность: 68% | СРЕДНИЙ 🟡
  🛑 Stop-Loss:   0.036136
  🎯 Take-Profit: 0.038847
────────────────────────────────────────────────────────────
  🕯️  Паттерны: Bullish Engulfing 🟢
────────────────────────────────────────────────────────────
  ▲ ЛОНГ сигналы:
    ✓ RSI=26.2 перепродан (<30)
    ✓ Bullish Engulfing 🟢: Бычье поглощение — сильный сигнал роста
    ✓ Бычья дивергенция RSI: цена ↓ (0.03694→0.03679), RSI ↑ (17.4→22.0) — сигнал разворота ВВЕРХ
  ▼ ШОРТ сигналы:
    ✓ MA тренд ВНИЗ (0.03899<0.04022)
    ✓ MACD гистограмма- (-0.000243)
════════════════════════════════════════════════════════════

════════════════════════════════════════════════════════════
  📅 2026-02-28 06:06:19
  🏦 OKX | S/USDT | FUTURES | TF: 4h
  💲 Цена: 0.037090
────────────────────────────────────────────────────────────
  🚀 LONG | Уверенность: 50% | СЛАБЫЙ ⚪
  🛑 Stop-Loss:   0.035184
  🎯 Take-Profit: 0.040903
────────────────────────────────────────────────────────────
  ▲ ЛОНГ сигналы:
    ✓ Stoch RSI перепродан (<20)
    ✓ Цена у нижней BB (0.03751)
  ▼ ШОРТ сигналы:
    ✓ MA тренд ВНИЗ (0.04080<0.04120)
    ✓ MACD гистограмма- (-0.000391)
════════════════════════════════════════════════════════════

▓▓▓▓▓▓▓▓▓▓▓▓▓▓▓▓▓▓▓▓▓▓▓▓▓▓▓▓▓▓▓▓▓▓▓▓▓▓▓▓▓▓▓▓▓▓▓▓▓▓▓▓▓▓▓▓▓▓▓▓
  📊 МУЛЬТИ-ТАЙМФРЕЙМ АНАЛИЗ
  📅 2026-02-28 06:06:19 | OKX | S/USDT | FUTURES
────────────────────────────────────────────────────────────
  15m → LONG (68%)
  1h → LONG (68%)
  4h → LONG (50%)
────────────────────────────────────────────────────────────
  🏆 ИТОГ: LONG | Уверенность: 100%
▓▓▓▓▓▓▓▓▓▓▓▓▓▓▓▓▓▓▓▓▓▓▓▓▓▓▓▓▓▓▓▓▓▓▓▓▓▓▓▓▓▓▓▓▓▓▓▓▓▓▓▓▓▓▓▓▓▓▓▓

════════════════════════════════════════════════════════════
  📅 2026-02-28 06:07:20
  🏦 OKX | S/USDT | FUTURES | TF: 15m
  💲 Цена: 0.037150
────────────────────────────────────────────────────────────
  🚀 LONG | Уверенность: 68% | СРЕДНИЙ 🟡
  🛑 Stop-Loss:   0.036610
  🎯 Take-Profit: 0.038231
────────────────────────────────────────────────────────────
  🕯️  Паттерны: Bullish Engulfing 🟢
────────────────────────────────────────────────────────────
  ▲ ЛОНГ сигналы:
    ✓ MACD гистограмма+ (0.000064)
    ✓ Bullish Engulfing 🟢: Бычье поглощение — сильный сигнал роста
  ▼ ШОРТ сигналы:
    ✓ MA тренд ВНИЗ (0.03717<0.03862)
════════════════════════════════════════════════════════════

════════════════════════════════════════════════════════════
  📅 2026-02-28 06:07:20
  🏦 OKX | S/USDT | FUTURES | TF: 1h
  💲 Цена: 0.037150
────────────────────────────────────────────────────────────
  🚀 LONG | Уверенность: 68% | СРЕДНИЙ 🟡
  🛑 Stop-Loss:   0.036231
  🎯 Take-Profit: 0.038987
────────────────────────────────────────────────────────────
  🕯️  Паттерны: Bullish Engulfing 🟢
────────────────────────────────────────────────────────────
  ▲ ЛОНГ сигналы:
    ✓ RSI=27.9 перепродан (<30)
    ✓ Bullish Engulfing 🟢: Бычье поглощение — сильный сигнал роста
    ✓ Бычья дивергенция RSI: цена ↓ (0.03694→0.03679), RSI ↑ (17.4→22.0) — сигнал разворота ВВЕРХ
  ▼ ШОРТ сигналы:
    ✓ MA тренд ВНИЗ (0.03899<0.04022)
    ✓ MACD гистограмма- (-0.000236)
════════════════════════════════════════════════════════════

════════════════════════════════════════════════════════════
  📅 2026-02-28 06:07:20
  🏦 OKX | S/USDT | FUTURES | TF: 4h
  💲 Цена: 0.037150
────────────────────────────────────────────────────────────
  📉 SHORT | Уверенность: 52% | СЛАБЫЙ ⚪
  🛑 Stop-Loss:   0.039056
  🎯 Take-Profit: 0.033337
────────────────────────────────────────────────────────────
  🕯️  Паттерны: Hammer 🔨, Hanging Man 🪢
────────────────────────────────────────────────────────────
  ▲ ЛОНГ сигналы:
    ✓ Stoch RSI перепродан (<20)
    ✓ Цена у нижней BB (0.03753)
    ✓ Hammer 🔨: Бычий молот — сигнал разворота вверх
  ▼ ШОРТ сигналы:
    ✓ MA тренд ВНИЗ (0.04081<0.04120)
    ✓ MACD гистограмма- (-0.000387)
    ✓ Hanging Man 🪢: Висельник — медвежий сигнал на вершине
════════════════════════════════════════════════════════════

▓▓▓▓▓▓▓▓▓▓▓▓▓▓▓▓▓▓▓▓▓▓▓▓▓▓▓▓▓▓▓▓▓▓▓▓▓▓▓▓▓▓▓▓▓▓▓▓▓▓▓▓▓▓▓▓▓▓▓▓
  📊 МУЛЬТИ-ТАЙМФРЕЙМ АНАЛИЗ
  📅 2026-02-28 06:07:20 | OKX | S/USDT | FUTURES
────────────────────────────────────────────────────────────
  15m → LONG (68%)
  1h → LONG (68%)
  4h → SHORT (52%)
────────────────────────────────────────────────────────────
  🏆 ИТОГ: НЕЙТРАЛЬНО | Уверенность: 50%
▓▓▓▓▓▓▓▓▓▓▓▓▓▓▓▓▓▓▓▓▓▓▓▓▓▓▓▓▓▓▓▓▓▓▓▓▓▓▓▓▓▓▓▓▓▓▓▓▓▓▓▓▓▓▓▓▓▓▓▓

════════════════════════════════════════════════════════════
  📅 2026-02-28 06:30:18
  🏦 OKX | S/USDT | FUTURES | TF: 15m
  💲 Цена: 0.037190
────────────────────────────────────────────────────────────
  📉 SHORT | Уверенность: 76% | СИЛЬНЫЙ 🟢
  🛑 Stop-Loss:   0.037696
  🎯 Take-Profit: 0.036178
────────────────────────────────────────────────────────────
  ▲ ЛОНГ сигналы:
    ✓ MACD гистограмма+ (0.000112)
  ▼ ШОРТ сигналы:
    ✓ Stoch RSI перекуплен (>80)
    ✓ MA тренд ВНИЗ (0.03709<0.03852)
════════════════════════════════════════════════════════════

════════════════════════════════════════════════════════════
  📅 2026-02-28 06:30:18
  🏦 OKX | S/USDT | FUTURES | TF: 1h
  💲 Цена: 0.037190
────────────────────────────────────────────────────────────
  🚀 LONG | Уверенность: 68% | СРЕДНИЙ 🟡
  🛑 Stop-Loss:   0.036256
  🎯 Take-Profit: 0.039057
────────────────────────────────────────────────────────────
  🕯️  Паттерны: Bullish Engulfing 🟢
────────────────────────────────────────────────────────────
  ▲ ЛОНГ сигналы:
    ✓ RSI=28.5 перепродан (<30)
    ✓ Bullish Engulfing 🟢: Бычье поглощение — сильный сигнал роста
    ✓ Бычья дивергенция RSI: цена ↓ (0.03694→0.03679), RSI ↑ (17.4→22.0) — сигнал разворота ВВЕРХ
  ▼ ШОРТ сигналы:
    ✓ MA тренд ВНИЗ (0.03900<0.04022)
    ✓ MACD гистограмма- (-0.000233)
════════════════════════════════════════════════════════════

════════════════════════════════════════════════════════════
  📅 2026-02-28 06:30:18
  🏦 OKX | S/USDT | FUTURES | TF: 4h
  💲 Цена: 0.037190
────────────────────────────────────────────────────────────
  📉 SHORT | Уверенность: 52% | СЛАБЫЙ ⚪
  🛑 Stop-Loss:   0.039096
  🎯 Take-Profit: 0.033377
────────────────────────────────────────────────────────────
  🕯️  Паттерны: Hammer 🔨, Hanging Man 🪢
────────────────────────────────────────────────────────────
  ▲ ЛОНГ сигналы:
    ✓ Stoch RSI перепродан (<20)
    ✓ Цена у нижней BB (0.03754)
    ✓ Hammer 🔨: Бычий молот — сигнал разворота вверх
  ▼ ШОРТ сигналы:
    ✓ MA тренд ВНИЗ (0.04081<0.04120)
    ✓ MACD гистограмма- (-0.000384)
    ✓ Hanging Man 🪢: Висельник — медвежий сигнал на вершине
════════════════════════════════════════════════════════════

▓▓▓▓▓▓▓▓▓▓▓▓▓▓▓▓▓▓▓▓▓▓▓▓▓▓▓▓▓▓▓▓▓▓▓▓▓▓▓▓▓▓▓▓▓▓▓▓▓▓▓▓▓▓▓▓▓▓▓▓
  📊 МУЛЬТИ-ТАЙМФРЕЙМ АНАЛИЗ
  📅 2026-02-28 06:30:18 | OKX | S/USDT | FUTURES
────────────────────────────────────────────────────────────
  15m → SHORT (76%)
  1h → LONG (68%)
  4h → SHORT (52%)
────────────────────────────────────────────────────────────
  🏆 ИТОГ: SHORT | Уверенность: 67%
▓▓▓▓▓▓▓▓▓▓▓▓▓▓▓▓▓▓▓▓▓▓▓▓▓▓▓▓▓▓▓▓▓▓▓▓▓▓▓▓▓▓▓▓▓▓▓▓▓▓▓▓▓▓▓▓▓▓▓▓

════════════════════════════════════════════════════════════
  📅 2026-02-28 06:45:19
  🏦 OKX | S/USDT | FUTURES | TF: 15m
  💲 Цена: 0.037070
────────────────────────────────────────────────────────────
  📉 SHORT | Уверенность: 93% | СИЛЬНЫЙ 🟢
  🛑 Stop-Loss:   0.037564
  🎯 Take-Profit: 0.036082
────────────────────────────────────────────────────────────
  🕯️  Паттерны: Three Black Crows 🐦🐦🐦
────────────────────────────────────────────────────────────
  ▲ ЛОНГ сигналы:
    ✓ MACD гистограмма+ (0.000108)
  ▼ ШОРТ сигналы:
    ✓ Stoch RSI перекуплен (>80)
    ✓ Stoch RSI: K пересёк D вниз
    ✓ MA тренд ВНИЗ (0.03709<0.03846)
    ✓ Three Black Crows 🐦🐦🐦: Три чёрные вороны — сильный нисходящий тренд
════════════════════════════════════════════════════════════

════════════════════════════════════════════════════════════
  📅 2026-02-28 06:45:19
  🏦 OKX | S/USDT | FUTURES | TF: 1h
  💲 Цена: 0.037070
────────────────────────────────────────────────────────────
  🚀 LONG | Уверенность: 68% | СРЕДНИЙ 🟡
  🛑 Stop-Loss:   0.036136
  🎯 Take-Profit: 0.038937
────────────────────────────────────────────────────────────
  🕯️  Паттерны: Bullish Engulfing 🟢
────────────────────────────────────────────────────────────
  ▲ ЛОНГ сигналы:
    ✓ RSI=26.7 перепродан (<30)
    ✓ Bullish Engulfing 🟢: Бычье поглощение — сильный сигнал роста
    ✓ Бычья дивергенция RSI: цена ↓ (0.03694→0.03679), RSI ↑ (17.4→22.0) — сигнал разворота ВВЕРХ
  ▼ ШОРТ сигналы:
    ✓ MA тренд ВНИЗ (0.03899<0.04022)
    ✓ MACD гистограмма- (-0.000241)
════════════════════════════════════════════════════════════

════════════════════════════════════════════════════════════
  📅 2026-02-28 06:45:19
  🏦 OKX | S/USDT | FUTURES | TF: 4h
  💲 Цена: 0.037070
────────────────────────────────────────────────────────────
  🚀 LONG | Уверенность: 50% | СЛАБЫЙ ⚪
  🛑 Stop-Loss:   0.035164
  🎯 Take-Profit: 0.040883
────────────────────────────────────────────────────────────
  ▲ ЛОНГ сигналы:
    ✓ Stoch RSI перепродан (<20)
    ✓ Цена у нижней BB (0.03750)
  ▼ ШОРТ сигналы:
    ✓ MA тренд ВНИЗ (0.04080<0.04120)
    ✓ MACD гистограмма- (-0.000392)
════════════════════════════════════════════════════════════

▓▓▓▓▓▓▓▓▓▓▓▓▓▓▓▓▓▓▓▓▓▓▓▓▓▓▓▓▓▓▓▓▓▓▓▓▓▓▓▓▓▓▓▓▓▓▓▓▓▓▓▓▓▓▓▓▓▓▓▓
  📊 МУЛЬТИ-ТАЙМФРЕЙМ АНАЛИЗ
  📅 2026-02-28 06:45:19 | OKX | S/USDT | FUTURES
────────────────────────────────────────────────────────────
  15m → SHORT (93%)
  1h → LONG (68%)
  4h → LONG (50%)
────────────────────────────────────────────────────────────
  🏆 ИТОГ: LONG | Уверенность: 83%
▓▓▓▓▓▓▓▓▓▓▓▓▓▓▓▓▓▓▓▓▓▓▓▓▓▓▓▓▓▓▓▓▓▓▓▓▓▓▓▓▓▓▓▓▓▓▓▓▓▓▓▓▓▓▓▓▓▓▓▓

════════════════════════════════════════════════════════════
  📅 2026-02-28 07:00:20
  🏦 OKX | S/USDT | FUTURES | TF: 15m
  💲 Цена: 0.036970
────────────────────────────────────────────────────────────
  📉 SHORT | Уверенность: 55% | СЛАБЫЙ ⚪
  🛑 Stop-Loss:   0.037447
  🎯 Take-Profit: 0.036017
────────────────────────────────────────────────────────────
  🕯️  Паттерны: Doji
────────────────────────────────────────────────────────────
  ▲ ЛОНГ сигналы:
    ✓ MACD гистограмма+ (0.000098)
    ✓ Doji
  ▼ ШОРТ сигналы:
    ✓ MA тренд ВНИЗ (0.03708<0.03840)
    ✓ Doji
════════════════════════════════════════════════════════════

════════════════════════════════════════════════════════════
  📅 2026-02-28 07:00:20
  🏦 OKX | S/USDT | FUTURES | TF: 1h
  💲 Цена: 0.036970
────────────────────────────────────────────────────────────
  🚀 LONG | Уверенность: 59% | СЛАБЫЙ ⚪
  🛑 Stop-Loss:   0.036102
  🎯 Take-Profit: 0.038706
────────────────────────────────────────────────────────────
  🕯️  Паттерны: Doji
────────────────────────────────────────────────────────────
  ▲ ЛОНГ сигналы:
    ✓ RSI=25.1 перепродан (<30)
    ✓ Doji
    ✓ Бычья дивергенция RSI: цена ↓ (0.03694→0.03679), RSI ↑ (17.4→22.0) — сигнал разворота ВВЕРХ
  ▼ ШОРТ сигналы:
    ✓ MA тренд ВНИЗ (0.03882<0.04012)
    ✓ MACD гистограмма- (-0.000203)
    ✓ Doji
════════════════════════════════════════════════════════════

════════════════════════════════════════════════════════════
  📅 2026-02-28 07:00:20
  🏦 OKX | S/USDT | FUTURES | TF: 4h
  💲 Цена: 0.036970
────────────────────────────────────────────────────────────
  🚀 LONG | Уверенность: 58% | СЛАБЫЙ ⚪
  🛑 Stop-Loss:   0.035199
  🎯 Take-Profit: 0.040512
────────────────────────────────────────────────────────────
  🕯️  Паттерны: Doji
────────────────────────────────────────────────────────────
  ▲ ЛОНГ сигналы:
    ✓ RSI=29.9 перепродан (<30)
    ✓ Stoch RSI перепродан (<20)
    ✓ Stoch RSI: K пересёк D вверх
    ✓ Doji
  ▼ ШОРТ сигналы:
    ✓ MA тренд ВНИЗ (0.04066<0.04107)
    ✓ MACD гистограмма- (-0.000442)
    ✓ Doji
════════════════════════════════════════════════════════════

▓▓▓▓▓▓▓▓▓▓▓▓▓▓▓▓▓▓▓▓▓▓▓▓▓▓▓▓▓▓▓▓▓▓▓▓▓▓▓▓▓▓▓▓▓▓▓▓▓▓▓▓▓▓▓▓▓▓▓▓
  📊 МУЛЬТИ-ТАЙМФРЕЙМ АНАЛИЗ
  📅 2026-02-28 07:00:20 | OKX | S/USDT | FUTURES
────────────────────────────────────────────────────────────
  15m → SHORT (55%)
  1h → LONG (59%)
  4h → LONG (58%)
────────────────────────────────────────────────────────────
  🏆 ИТОГ: LONG | Уверенность: 83%
▓▓▓▓▓▓▓▓▓▓▓▓▓▓▓▓▓▓▓▓▓▓▓▓▓▓▓▓▓▓▓▓▓▓▓▓▓▓▓▓▓▓▓▓▓▓▓▓▓▓▓▓▓▓▓▓▓▓▓▓

════════════════════════════════════════════════════════════
  📅 2026-02-28 07:15:21
  🏦 OKX | S/USDT | FUTURES | TF: 15m
  💲 Цена: 0.037070
────────────────────────────────────────────────────────────
  📉 SHORT | Уверенность: 55% | СЛАБЫЙ ⚪
  🛑 Stop-Loss:   0.037529
  🎯 Take-Profit: 0.036152
────────────────────────────────────────────────────────────
  ▲ ЛОНГ сигналы:
    ✓ MACD гистограмма+ (0.000105)
  ▼ ШОРТ сигналы:
    ✓ MA тренд ВНИЗ (0.03708<0.03834)
════════════════════════════════════════════════════════════

════════════════════════════════════════════════════════════
  📅 2026-02-28 07:15:21
  🏦 OKX | S/USDT | FUTURES | TF: 1h
  💲 Цена: 0.037070
────────────────────────────────────────────────────────────
  🚀 LONG | Уверенность: 60% | СРЕДНИЙ 🟡
  🛑 Stop-Loss:   0.036188
  🎯 Take-Profit: 0.038834
────────────────────────────────────────────────────────────
  ▲ ЛОНГ сигналы:
    ✓ RSI=26.8 перепродан (<30)
    ✓ Бычья дивергенция RSI: цена ↓ (0.03694→0.03679), RSI ↑ (17.4→22.0) — сигнал разворота ВВЕРХ
  ▼ ШОРТ сигналы:
    ✓ MA тренд ВНИЗ (0.03882<0.04013)
    ✓ MACD гистограмма- (-0.000196)
════════════════════════════════════════════════════════════

════════════════════════════════════════════════════════════
  📅 2026-02-28 07:15:21
  🏦 OKX | S/USDT | FUTURES | TF: 4h
  💲 Цена: 0.037070
────────────────────────────────────────────────────────────
  📉 SHORT | Уверенность: 50% | СЛАБЫЙ ⚪
  🛑 Stop-Loss:   0.038855
  🎯 Take-Profit: 0.033500
────────────────────────────────────────────────────────────
  ▲ ЛОНГ сигналы:
    ✓ Stoch RSI перепродан (<20)
    ✓ Stoch RSI: K пересёк D вверх
  ▼ ШОРТ сигналы:
    ✓ MA тренд ВНИЗ (0.04067<0.04107)
    ✓ MACD гистограмма- (-0.000436)
════════════════════════════════════════════════════════════

▓▓▓▓▓▓▓▓▓▓▓▓▓▓▓▓▓▓▓▓▓▓▓▓▓▓▓▓▓▓▓▓▓▓▓▓▓▓▓▓▓▓▓▓▓▓▓▓▓▓▓▓▓▓▓▓▓▓▓▓
  📊 МУЛЬТИ-ТАЙМФРЕЙМ АНАЛИЗ
  📅 2026-02-28 07:15:21 | OKX | S/USDT | FUTURES
────────────────────────────────────────────────────────────
  15m → SHORT (55%)
  1h → LONG (60%)
  4h → SHORT (50%)
────────────────────────────────────────────────────────────
  🏆 ИТОГ: SHORT | Уверенность: 67%
▓▓▓▓▓▓▓▓▓▓▓▓▓▓▓▓▓▓▓▓▓▓▓▓▓▓▓▓▓▓▓▓▓▓▓▓▓▓▓▓▓▓▓▓▓▓▓▓▓▓▓▓▓▓▓▓▓▓▓▓

════════════════════════════════════════════════════════════
  📅 2026-02-28 07:30:22
  🏦 OKX | S/USDT | FUTURES | TF: 15m
  💲 Цена: 0.037020
────────────────────────────────────────────────────────────
  📉 SHORT | Уверенность: 55% | СЛАБЫЙ ⚪
  🛑 Stop-Loss:   0.037467
  🎯 Take-Profit: 0.036125
────────────────────────────────────────────────────────────
  ▲ ЛОНГ сигналы:
    ✓ MACD гистограмма+ (0.000097)
  ▼ ШОРТ сигналы:
    ✓ MA тренд ВНИЗ (0.03704<0.03829)
════════════════════════════════════════════════════════════

════════════════════════════════════════════════════════════
  📅 2026-02-28 07:30:22
  🏦 OKX | S/USDT | FUTURES | TF: 1h
  💲 Цена: 0.036970
────────────────────────────────────────────────────────────
  🚀 LONG | Уверенность: 59% | СЛАБЫЙ ⚪
  🛑 Stop-Loss:   0.036082
  🎯 Take-Profit: 0.038747
────────────────────────────────────────────────────────────
  🕯️  Паттерны: Doji
────────────────────────────────────────────────────────────
  ▲ ЛОНГ сигналы:
    ✓ RSI=25.1 перепродан (<30)
    ✓ Doji
    ✓ Бычья дивергенция RSI: цена ↓ (0.03694→0.03679), RSI ↑ (17.4→22.0) — сигнал разворота ВВЕРХ
  ▼ ШОРТ сигналы:
    ✓ MA тренд ВНИЗ (0.03882<0.04012)
    ✓ MACD гистограмма- (-0.000203)
    ✓ Doji
════════════════════════════════════════════════════════════

════════════════════════════════════════════════════════════
  📅 2026-02-28 07:30:22
  🏦 OKX | S/USDT | FUTURES | TF: 4h
  💲 Цена: 0.037020
────────────────────────────────────────────────────────────
  📉 SHORT | Уверенность: 50% | СЛАБЫЙ ⚪
  🛑 Stop-Loss:   0.038812
  🎯 Take-Profit: 0.033437
────────────────────────────────────────────────────────────
  ▲ ЛОНГ сигналы:
    ✓ Stoch RSI перепродан (<20)
    ✓ Stoch RSI: K пересёк D вверх
  ▼ ШОРТ сигналы:
    ✓ MA тренд ВНИЗ (0.04066<0.04107)
    ✓ MACD гистограмма- (-0.000439)
════════════════════════════════════════════════════════════

▓▓▓▓▓▓▓▓▓▓▓▓▓▓▓▓▓▓▓▓▓▓▓▓▓▓▓▓▓▓▓▓▓▓▓▓▓▓▓▓▓▓▓▓▓▓▓▓▓▓▓▓▓▓▓▓▓▓▓▓
  📊 МУЛЬТИ-ТАЙМФРЕЙМ АНАЛИЗ
  📅 2026-02-28 07:30:22 | OKX | S/USDT | FUTURES
────────────────────────────────────────────────────────────
  15m → SHORT (55%)
  1h → LONG (59%)
  4h → SHORT (50%)
────────────────────────────────────────────────────────────
  🏆 ИТОГ: SHORT | Уверенность: 67%
▓▓▓▓▓▓▓▓▓▓▓▓▓▓▓▓▓▓▓▓▓▓▓▓▓▓▓▓▓▓▓▓▓▓▓▓▓▓▓▓▓▓▓▓▓▓▓▓▓▓▓▓▓▓▓▓▓▓▓▓

════════════════════════════════════════════════════════════
  📅 2026-02-28 07:45:23
  🏦 OKX | S/USDT | FUTURES | TF: 15m
  💲 Цена: 0.037160
────────────────────────────────────────────────────────────
  📉 SHORT | Уверенность: 71% | СРЕДНИЙ 🟡
  🛑 Stop-Loss:   0.037602
  🎯 Take-Profit: 0.036275
────────────────────────────────────────────────────────────
  ▲ ЛОНГ сигналы:
    ✓ MACD гистограмма+ (0.000109)
    ✓ BB сужение — готовится движение
  ▼ ШОРТ сигналы:
    ✓ Stoch RSI перекуплен (>80)
    ✓ MA тренд ВНИЗ (0.03703<0.03824)
    ✓ BB сужение — готовится движение
════════════════════════════════════════════════════════════

════════════════════════════════════════════════════════════
  📅 2026-02-28 07:45:23
  🏦 OKX | S/USDT | FUTURES | TF: 1h
  💲 Цена: 0.037160
────────────────────────────────────────────────────────────
  🚀 LONG | Уверенность: 60% | СРЕДНИЙ 🟡
  🛑 Stop-Loss:   0.036258
  🎯 Take-Profit: 0.038964
────────────────────────────────────────────────────────────
  ▲ ЛОНГ сигналы:
    ✓ RSI=28.3 перепродан (<30)
    ✓ Бычья дивергенция RSI: цена ↓ (0.03694→0.03679), RSI ↑ (17.4→22.0) — сигнал разворота ВВЕРХ
  ▼ ШОРТ сигналы:
    ✓ MA тренд ВНИЗ (0.03883<0.04013)
    ✓ MACD гистограмма- (-0.000190)
════════════════════════════════════════════════════════════

════════════════════════════════════════════════════════════
  📅 2026-02-28 07:45:23
  🏦 OKX | S/USDT | FUTURES | TF: 4h
  💲 Цена: 0.037160
────────────────────────────────────────────────────────────
  📉 SHORT | Уверенность: 50% | СЛАБЫЙ ⚪
  🛑 Stop-Loss:   0.038966
  🎯 Take-Profit: 0.033549
────────────────────────────────────────────────────────────
  ▲ ЛОНГ сигналы:
    ✓ Stoch RSI перепродан (<20)
    ✓ Stoch RSI: K пересёк D вверх
  ▼ ШОРТ сигналы:
    ✓ MA тренд ВНИЗ (0.04067<0.04107)
    ✓ MACD гистограмма- (-0.000430)
════════════════════════════════════════════════════════════

▓▓▓▓▓▓▓▓▓▓▓▓▓▓▓▓▓▓▓▓▓▓▓▓▓▓▓▓▓▓▓▓▓▓▓▓▓▓▓▓▓▓▓▓▓▓▓▓▓▓▓▓▓▓▓▓▓▓▓▓
  📊 МУЛЬТИ-ТАЙМФРЕЙМ АНАЛИЗ
  📅 2026-02-28 07:45:23 | OKX | S/USDT | FUTURES
────────────────────────────────────────────────────────────
  15m → SHORT (71%)
  1h → LONG (60%)
  4h → SHORT (50%)
────────────────────────────────────────────────────────────
  🏆 ИТОГ: SHORT | Уверенность: 67%
▓▓▓▓▓▓▓▓▓▓▓▓▓▓▓▓▓▓▓▓▓▓▓▓▓▓▓▓▓▓▓▓▓▓▓▓▓▓▓▓▓▓▓▓▓▓▓▓▓▓▓▓▓▓▓▓▓▓▓▓

════════════════════════════════════════════════════════════
  📅 2026-02-28 10:00:01
  🏦 OKX | S/USDT | FUTURES | TF: 15m
  💲 Цена: 0.037940
────────────────────────────────────────────────────────────
  📉 SHORT | Уверенность: 55% | СЛАБЫЙ ⚪
  🛑 Stop-Loss:   0.038484
  🎯 Take-Profit: 0.036852
────────────────────────────────────────────────────────────
  ▲ ЛОНГ сигналы:
    ✓ MACD гистограмма+ (0.000162)
  ▼ ШОРТ сигналы:
    ✓ MA тренд ВНИЗ (0.03733<0.03788)
════════════════════════════════════════════════════════════

════════════════════════════════════════════════════════════
  📅 2026-02-28 10:02:02
  🏦 OKX | S/USDT | FUTURES | TF: 1h
  💲 Цена: 0.037900
────────────────────────────────────────────────────────────
  🚀 LONG | Уверенность: 75% | СИЛЬНЫЙ 🟢
  🛑 Stop-Loss:   0.036963
  🎯 Take-Profit: 0.039773
────────────────────────────────────────────────────────────
  ▲ ЛОНГ сигналы:
    ✓ MACD кроссовер ↑
    ✓ MACD гистограмма+ (0.000047)
    ✓ Бычья дивергенция RSI: цена ↓ (0.03694→0.03679), RSI ↑ (17.4→22.0) — сигнал разворота ВВЕРХ
  ▼ ШОРТ сигналы:
    ✓ MA тренд ВНИЗ (0.03849<0.03993)
════════════════════════════════════════════════════════════

════════════════════════════════════════════════════════════
  📅 2026-02-28 10:03:02
  🏦 OKX | S/USDT | FUTURES | TF: 1h
  💲 Цена: 0.037970
────────────────────────────────────────────────────────────
  🚀 LONG | Уверенность: 64% | СРЕДНИЙ 🟡
  🛑 Stop-Loss:   0.037033
  🎯 Take-Profit: 0.039843
────────────────────────────────────────────────────────────
  ▲ ЛОНГ сигналы:
    ✓ MACD кроссовер ↑
    ✓ MACD гистограмма+ (0.000052)
  ▼ ШОРТ сигналы:
    ✓ MA тренд ВНИЗ (0.03849<0.03993)
════════════════════════════════════════════════════════════

════════════════════════════════════════════════════════════
  📅 2026-02-28 10:04:02
  🏦 OKX | S/USDT | FUTURES | TF: 1h
  💲 Цена: 0.037870
────────────────────────────────────────────────────────────
  🚀 LONG | Уверенность: 75% | СИЛЬНЫЙ 🟢
  🛑 Stop-Loss:   0.036930
  🎯 Take-Profit: 0.039750
────────────────────────────────────────────────────────────
  ▲ ЛОНГ сигналы:
    ✓ MACD кроссовер ↑
    ✓ MACD гистограмма+ (0.000045)
    ✓ Бычья дивергенция RSI: цена ↓ (0.03694→0.03679), RSI ↑ (17.4→22.0) — сигнал разворота ВВЕРХ
  ▼ ШОРТ сигналы:
    ✓ MA тренд ВНИЗ (0.03849<0.03992)
════════════════════════════════════════════════════════════

════════════════════════════════════════════════════════════
  📅 2026-02-28 10:05:02
  🏦 OKX | S/USDT | FUTURES | TF: 1h
  💲 Цена: 0.037960
────────────────────────────────────────────────────────────
  🚀 LONG | Уверенность: 64% | СРЕДНИЙ 🟡
  🛑 Stop-Loss:   0.037017
  🎯 Take-Profit: 0.039846
────────────────────────────────────────────────────────────
  ▲ ЛОНГ сигналы:
    ✓ MACD кроссовер ↑
    ✓ MACD гистограмма+ (0.000051)
  ▼ ШОРТ сигналы:
    ✓ MA тренд ВНИЗ (0.03849<0.03993)
════════════════════════════════════════════════════════════

════════════════════════════════════════════════════════════
  📅 2026-02-28 10:06:03
  🏦 OKX | S/USDT | FUTURES | TF: 1h
  💲 Цена: 0.037910
────────────────────────────────────────────────────────────
  🚀 LONG | Уверенность: 64% | СРЕДНИЙ 🟡
  🛑 Stop-Loss:   0.036967
  🎯 Take-Profit: 0.039796
────────────────────────────────────────────────────────────
  ▲ ЛОНГ сигналы:
    ✓ MACD кроссовер ↑
    ✓ MACD гистограмма+ (0.000048)
  ▼ ШОРТ сигналы:
    ✓ MA тренд ВНИЗ (0.03849<0.03993)
════════════════════════════════════════════════════════════

════════════════════════════════════════════════════════════
  📅 2026-02-28 10:07:03
  🏦 OKX | S/USDT | FUTURES | TF: 1h
  💲 Цена: 0.037950
────────────────────────────────────────────────────────────
  🚀 LONG | Уверенность: 64% | СРЕДНИЙ 🟡
  🛑 Stop-Loss:   0.037007
  🎯 Take-Profit: 0.039836
────────────────────────────────────────────────────────────
  ▲ ЛОНГ сигналы:
    ✓ MACD кроссовер ↑
    ✓ MACD гистограмма+ (0.000050)
  ▼ ШОРТ сигналы:
    ✓ MA тренд ВНИЗ (0.03849<0.03993)
════════════════════════════════════════════════════════════

════════════════════════════════════════════════════════════
  📅 2026-02-28 10:08:03
  🏦 OKX | S/USDT | FUTURES | TF: 1h
  💲 Цена: 0.037950
────────────────────────────────────────────────────────────
  🚀 LONG | Уверенность: 64% | СРЕДНИЙ 🟡
  🛑 Stop-Loss:   0.037007
  🎯 Take-Profit: 0.039836
────────────────────────────────────────────────────────────
  ▲ ЛОНГ сигналы:
    ✓ MACD кроссовер ↑
    ✓ MACD гистограмма+ (0.000050)
  ▼ ШОРТ сигналы:
    ✓ MA тренд ВНИЗ (0.03849<0.03993)
════════════════════════════════════════════════════════════

════════════════════════════════════════════════════════════
  📅 2026-02-28 10:09:04
  🏦 OKX | S/USDT | FUTURES | TF: 1h
  💲 Цена: 0.037780
────────────────────────────────────────────────────────────
  🚀 LONG | Уверенность: 75% | СИЛЬНЫЙ 🟢
  🛑 Stop-Loss:   0.036830
  🎯 Take-Profit: 0.039679
────────────────────────────────────────────────────────────
  ▲ ЛОНГ сигналы:
    ✓ MACD кроссовер ↑
    ✓ MACD гистограмма+ (0.000040)
    ✓ Бычья дивергенция RSI: цена ↓ (0.03694→0.03679), RSI ↑ (17.4→22.0) — сигнал разворота ВВЕРХ
  ▼ ШОРТ сигналы:
    ✓ MA тренд ВНИЗ (0.03848<0.03992)
════════════════════════════════════════════════════════════

════════════════════════════════════════════════════════════
  📅 2026-02-28 10:10:04
  🏦 OKX | S/USDT | FUTURES | TF: 1h
  💲 Цена: 0.037820
────────────────────────────────────────────────────────────
  🚀 LONG | Уверенность: 75% | СИЛЬНЫЙ 🟢
  🛑 Stop-Loss:   0.036868
  🎯 Take-Profit: 0.039723
────────────────────────────────────────────────────────────
  ▲ ЛОНГ сигналы:
    ✓ MACD кроссовер ↑
    ✓ MACD гистограмма+ (0.000042)
    ✓ Бычья дивергенция RSI: цена ↓ (0.03694→0.03679), RSI ↑ (17.4→22.0) — сигнал разворота ВВЕРХ
  ▼ ШОРТ сигналы:
    ✓ MA тренд ВНИЗ (0.03849<0.03992)
════════════════════════════════════════════════════════════

════════════════════════════════════════════════════════════
  📅 2026-02-28 10:11:04
  🏦 OKX | S/USDT | FUTURES | TF: 1h
  💲 Цена: 0.037820
────────────────────────────────────────────────────────────
  🚀 LONG | Уверенность: 75% | СИЛЬНЫЙ 🟢
  🛑 Stop-Loss:   0.036868
  🎯 Take-Profit: 0.039723
────────────────────────────────────────────────────────────
  ▲ ЛОНГ сигналы:
    ✓ MACD кроссовер ↑
    ✓ MACD гистограмма+ (0.000042)
    ✓ Бычья дивергенция RSI: цена ↓ (0.03694→0.03679), RSI ↑ (17.4→22.0) — сигнал разворота ВВЕРХ
  ▼ ШОРТ сигналы:
    ✓ MA тренд ВНИЗ (0.03849<0.03992)
════════════════════════════════════════════════════════════

════════════════════════════════════════════════════════════
  📅 2026-02-28 10:12:05
  🏦 OKX | S/USDT | FUTURES | TF: 1h
  💲 Цена: 0.037750
────────────────────────────────────────────────────────────
  🚀 LONG | Уверенность: 75% | СИЛЬНЫЙ 🟢
  🛑 Stop-Loss:   0.036797
  🎯 Take-Profit: 0.039655
────────────────────────────────────────────────────────────
  ▲ ЛОНГ сигналы:
    ✓ MACD кроссовер ↑
    ✓ MACD гистограмма+ (0.000038)
    ✓ Бычья дивергенция RSI: цена ↓ (0.03694→0.03679), RSI ↑ (17.4→22.0) — сигнал разворота ВВЕРХ
  ▼ ШОРТ сигналы:
    ✓ MA тренд ВНИЗ (0.03848<0.03992)
════════════════════════════════════════════════════════════

════════════════════════════════════════════════════════════
  📅 2026-02-28 10:13:12
  🏦 OKX | S/USDT | FUTURES | TF: 1h
  💲 Цена: 0.037770
────────────────────────────────────────────────────────────
  🚀 LONG | Уверенность: 75% | СИЛЬНЫЙ 🟢
  🛑 Stop-Loss:   0.036815
  🎯 Take-Profit: 0.039680
────────────────────────────────────────────────────────────
  ▲ ЛОНГ сигналы:
    ✓ MACD кроссовер ↑
    ✓ MACD гистограмма+ (0.000039)
    ✓ Бычья дивергенция RSI: цена ↓ (0.03694→0.03679), RSI ↑ (17.4→22.0) — сигнал разворота ВВЕРХ
  ▼ ШОРТ сигналы:
    ✓ MA тренд ВНИЗ (0.03848<0.03992)
════════════════════════════════════════════════════════════

════════════════════════════════════════════════════════════
  📅 2026-02-28 10:14:12
  🏦 OKX | S/USDT | FUTURES | TF: 1h
  💲 Цена: 0.037740
────────────────────────────────────────────────────────────
  🚀 LONG | Уверенность: 75% | СИЛЬНЫЙ 🟢
  🛑 Stop-Loss:   0.036785
  🎯 Take-Profit: 0.039650
────────────────────────────────────────────────────────────
  ▲ ЛОНГ сигналы:
    ✓ MACD кроссовер ↑
    ✓ MACD гистограмма+ (0.000037)
    ✓ Бычья дивергенция RSI: цена ↓ (0.03694→0.03679), RSI ↑ (17.4→22.0) — сигнал разворота ВВЕРХ
  ▼ ШОРТ сигналы:
    ✓ MA тренд ВНИЗ (0.03848<0.03992)
════════════════════════════════════════════════════════════

════════════════════════════════════════════════════════════
  📅 2026-02-28 10:15:01
  🏦 OKX | S/USDT | FUTURES | TF: 15m
  💲 Цена: 0.037580
────────────────────────────────────────────────────────────
  📉 SHORT | Уверенность: 55% | СЛАБЫЙ ⚪
  🛑 Stop-Loss:   0.038124
  🎯 Take-Profit: 0.036491
────────────────────────────────────────────────────────────
  ▲ ЛОНГ сигналы:
    ✓ MACD гистограмма+ (0.000105)
  ▼ ШОРТ сигналы:
    ✓ MA тренд ВНИЗ (0.03735<0.03783)
════════════════════════════════════════════════════════════

════════════════════════════════════════════════════════════
  📅 2026-02-28 10:15:13
  🏦 OKX | S/USDT | FUTURES | TF: 1h
  💲 Цена: 0.037600
────────────────────────────────────────────────────────────
  🚀 LONG | Уверенность: 75% | СИЛЬНЫЙ 🟢
  🛑 Stop-Loss:   0.036627
  🎯 Take-Profit: 0.039546
────────────────────────────────────────────────────────────
  ▲ ЛОНГ сигналы:
    ✓ MACD кроссовер ↑
    ✓ MACD гистограмма+ (0.000028)
    ✓ Бычья дивергенция RSI: цена ↓ (0.03694→0.03679), RSI ↑ (17.4→22.0) — сигнал разворота ВВЕРХ
  ▼ ШОРТ сигналы:
    ✓ MA тренд ВНИЗ (0.03848<0.03992)
════════════════════════════════════════════════════════════

════════════════════════════════════════════════════════════
  📅 2026-02-28 10:16:13
  🏦 OKX | S/USDT | FUTURES | TF: 1h
  💲 Цена: 0.037670
────────────────────────────────────────────────────────────
  🚀 LONG | Уверенность: 75% | СИЛЬНЫЙ 🟢
  🛑 Stop-Loss:   0.036697
  🎯 Take-Profit: 0.039616
────────────────────────────────────────────────────────────
  ▲ ЛОНГ сигналы:
    ✓ MACD кроссовер ↑
    ✓ MACD гистограмма+ (0.000033)
    ✓ Бычья дивергенция RSI: цена ↓ (0.03694→0.03679), RSI ↑ (17.4→22.0) — сигнал разворота ВВЕРХ
  ▼ ШОРТ сигналы:
    ✓ MA тренд ВНИЗ (0.03848<0.03992)
════════════════════════════════════════════════════════════

════════════════════════════════════════════════════════════
  📅 2026-02-28 10:17:13
  🏦 OKX | S/USDT | FUTURES | TF: 1h
  💲 Цена: 0.037670
────────────────────────────────────────────────────────────
  🚀 LONG | Уверенность: 75% | СИЛЬНЫЙ 🟢
  🛑 Stop-Loss:   0.036697
  🎯 Take-Profit: 0.039616
────────────────────────────────────────────────────────────
  ▲ ЛОНГ сигналы:
    ✓ MACD кроссовер ↑
    ✓ MACD гистограмма+ (0.000033)
    ✓ Бычья дивергенция RSI: цена ↓ (0.03694→0.03679), RSI ↑ (17.4→22.0) — сигнал разворота ВВЕРХ
  ▼ ШОРТ сигналы:
    ✓ MA тренд ВНИЗ (0.03848<0.03992)
════════════════════════════════════════════════════════════

════════════════════════════════════════════════════════════
  📅 2026-02-28 10:18:14
  🏦 OKX | S/USDT | FUTURES | TF: 1h
  💲 Цена: 0.037670
────────────────────────────────────────────────────────────
  🚀 LONG | Уверенность: 75% | СИЛЬНЫЙ 🟢
  🛑 Stop-Loss:   0.036697
  🎯 Take-Profit: 0.039616
────────────────────────────────────────────────────────────
  ▲ ЛОНГ сигналы:
    ✓ MACD кроссовер ↑
    ✓ MACD гистограмма+ (0.000033)
    ✓ Бычья дивергенция RSI: цена ↓ (0.03694→0.03679), RSI ↑ (17.4→22.0) — сигнал разворота ВВЕРХ
  ▼ ШОРТ сигналы:
    ✓ MA тренд ВНИЗ (0.03848<0.03992)
════════════════════════════════════════════════════════════

════════════════════════════════════════════════════════════
  📅 2026-02-28 10:19:14
  🏦 OKX | S/USDT | FUTURES | TF: 1h
  💲 Цена: 0.037680
────────────────────────────────────────────────────────────
  🚀 LONG | Уверенность: 75% | СИЛЬНЫЙ 🟢
  🛑 Stop-Loss:   0.036707
  🎯 Take-Profit: 0.039626
────────────────────────────────────────────────────────────
  ▲ ЛОНГ сигналы:
    ✓ MACD кроссовер ↑
    ✓ MACD гистограмма+ (0.000033)
    ✓ Бычья дивергенция RSI: цена ↓ (0.03694→0.03679), RSI ↑ (17.4→22.0) — сигнал разворота ВВЕРХ
  ▼ ШОРТ сигналы:
    ✓ MA тренд ВНИЗ (0.03848<0.03992)
════════════════════════════════════════════════════════════

════════════════════════════════════════════════════════════
  📅 2026-02-28 10:20:14
  🏦 OKX | S/USDT | FUTURES | TF: 1h
  💲 Цена: 0.037740
────────────────────────────────────────────────────────────
  🚀 LONG | Уверенность: 75% | СИЛЬНЫЙ 🟢
  🛑 Stop-Loss:   0.036767
  🎯 Take-Profit: 0.039686
────────────────────────────────────────────────────────────
  ▲ ЛОНГ сигналы:
    ✓ MACD кроссовер ↑
    ✓ MACD гистограмма+ (0.000037)
    ✓ Бычья дивергенция RSI: цена ↓ (0.03694→0.03679), RSI ↑ (17.4→22.0) — сигнал разворота ВВЕРХ
  ▼ ШОРТ сигналы:
    ✓ MA тренд ВНИЗ (0.03848<0.03992)
════════════════════════════════════════════════════════════

════════════════════════════════════════════════════════════
  📅 2026-02-28 10:21:14
  🏦 OKX | S/USDT | FUTURES | TF: 1h
  💲 Цена: 0.037730
────────────────────────────────────────────────────────────
  🚀 LONG | Уверенность: 75% | СИЛЬНЫЙ 🟢
  🛑 Stop-Loss:   0.036757
  🎯 Take-Profit: 0.039676
────────────────────────────────────────────────────────────
  ▲ ЛОНГ сигналы:
    ✓ MACD кроссовер ↑
    ✓ MACD гистограмма+ (0.000036)
    ✓ Бычья дивергенция RSI: цена ↓ (0.03694→0.03679), RSI ↑ (17.4→22.0) — сигнал разворота ВВЕРХ
  ▼ ШОРТ сигналы:
    ✓ MA тренд ВНИЗ (0.03848<0.03992)
════════════════════════════════════════════════════════════

════════════════════════════════════════════════════════════
  📅 2026-02-28 10:22:15
  🏦 OKX | S/USDT | FUTURES | TF: 1h
  💲 Цена: 0.037740
────────────────────────────────────────────────────────────
  🚀 LONG | Уверенность: 75% | СИЛЬНЫЙ 🟢
  🛑 Stop-Loss:   0.036767
  🎯 Take-Profit: 0.039686
────────────────────────────────────────────────────────────
  ▲ ЛОНГ сигналы:
    ✓ MACD кроссовер ↑
    ✓ MACD гистограмма+ (0.000037)
    ✓ Бычья дивергенция RSI: цена ↓ (0.03694→0.03679), RSI ↑ (17.4→22.0) — сигнал разворота ВВЕРХ
  ▼ ШОРТ сигналы:
    ✓ MA тренд ВНИЗ (0.03848<0.03992)
════════════════════════════════════════════════════════════

════════════════════════════════════════════════════════════
  📅 2026-02-28 10:23:15
  🏦 OKX | S/USDT | FUTURES | TF: 1h
  💲 Цена: 0.037840
────────────────────────────────────────────────────────────
  🚀 LONG | Уверенность: 75% | СИЛЬНЫЙ 🟢
  🛑 Stop-Loss:   0.036867
  🎯 Take-Profit: 0.039786
────────────────────────────────────────────────────────────
  ▲ ЛОНГ сигналы:
    ✓ MACD кроссовер ↑
    ✓ MACD гистограмма+ (0.000043)
    ✓ Бычья дивергенция RSI: цена ↓ (0.03694→0.03679), RSI ↑ (17.4→22.0) — сигнал разворота ВВЕРХ
  ▼ ШОРТ сигналы:
    ✓ MA тренд ВНИЗ (0.03849<0.03992)
════════════════════════════════════════════════════════════

════════════════════════════════════════════════════════════
  📅 2026-02-28 10:24:15
  🏦 OKX | S/USDT | FUTURES | TF: 1h
  💲 Цена: 0.037880
────────────────────────────────────────────────────────────
  🚀 LONG | Уверенность: 75% | СИЛЬНЫЙ 🟢
  🛑 Stop-Loss:   0.036907
  🎯 Take-Profit: 0.039826
────────────────────────────────────────────────────────────
  ▲ ЛОНГ сигналы:
    ✓ MACD кроссовер ↑
    ✓ MACD гистограмма+ (0.000046)
    ✓ Бычья дивергенция RSI: цена ↓ (0.03694→0.03679), RSI ↑ (17.4→22.0) — сигнал разворота ВВЕРХ
  ▼ ШОРТ сигналы:
    ✓ MA тренд ВНИЗ (0.03849<0.03992)
════════════════════════════════════════════════════════════

════════════════════════════════════════════════════════════
  📅 2026-02-28 10:25:16
  🏦 OKX | S/USDT | FUTURES | TF: 1h
  💲 Цена: 0.037840
────────────────────────────────────────────────────────────
  🚀 LONG | Уверенность: 75% | СИЛЬНЫЙ 🟢
  🛑 Stop-Loss:   0.036867
  🎯 Take-Profit: 0.039786
────────────────────────────────────────────────────────────
  ▲ ЛОНГ сигналы:
    ✓ MACD кроссовер ↑
    ✓ MACD гистограмма+ (0.000043)
    ✓ Бычья дивергенция RSI: цена ↓ (0.03694→0.03679), RSI ↑ (17.4→22.0) — сигнал разворота ВВЕРХ
  ▼ ШОРТ сигналы:
    ✓ MA тренд ВНИЗ (0.03849<0.03992)
════════════════════════════════════════════════════════════

════════════════════════════════════════════════════════════
  📅 2026-02-28 10:26:16
  🏦 OKX | S/USDT | FUTURES | TF: 1h
  💲 Цена: 0.037770
────────────────────────────────────────────────────────────
  🚀 LONG | Уверенность: 75% | СИЛЬНЫЙ 🟢
  🛑 Stop-Loss:   0.036797
  🎯 Take-Profit: 0.039716
────────────────────────────────────────────────────────────
  ▲ ЛОНГ сигналы:
    ✓ MACD кроссовер ↑
    ✓ MACD гистограмма+ (0.000039)
    ✓ Бычья дивергенция RSI: цена ↓ (0.03694→0.03679), RSI ↑ (17.4→22.0) — сигнал разворота ВВЕРХ
  ▼ ШОРТ сигналы:
    ✓ MA тренд ВНИЗ (0.03848<0.03992)
════════════════════════════════════════════════════════════

════════════════════════════════════════════════════════════
  📅 2026-02-28 10:27:16
  🏦 OKX | S/USDT | FUTURES | TF: 1h
  💲 Цена: 0.037790
────────────────────────────────────────────────────────────
  🚀 LONG | Уверенность: 75% | СИЛЬНЫЙ 🟢
  🛑 Stop-Loss:   0.036817
  🎯 Take-Profit: 0.039736
────────────────────────────────────────────────────────────
  ▲ ЛОНГ сигналы:
    ✓ MACD кроссовер ↑
    ✓ MACD гистограмма+ (0.000040)
    ✓ Бычья дивергенция RSI: цена ↓ (0.03694→0.03679), RSI ↑ (17.4→22.0) — сигнал разворота ВВЕРХ
  ▼ ШОРТ сигналы:
    ✓ MA тренд ВНИЗ (0.03848<0.03992)
════════════════════════════════════════════════════════════

════════════════════════════════════════════════════════════
  📅 2026-02-28 10:28:17
  🏦 OKX | S/USDT | FUTURES | TF: 1h
  💲 Цена: 0.037990
────────────────────────────────────────────────────────────
  🚀 LONG | Уверенность: 64% | СРЕДНИЙ 🟡
  🛑 Stop-Loss:   0.037006
  🎯 Take-Profit: 0.039958
────────────────────────────────────────────────────────────
  ▲ ЛОНГ сигналы:
    ✓ MACD кроссовер ↑
    ✓ MACD гистограмма+ (0.000053)
  ▼ ШОРТ сигналы:
    ✓ MA тренд ВНИЗ (0.03849<0.03993)
════════════════════════════════════════════════════════════

════════════════════════════════════════════════════════════
  📅 2026-02-28 10:29:17
  🏦 OKX | S/USDT | FUTURES | TF: 1h
  💲 Цена: 0.037990
────────────────────────────────────────────────────────────
  🚀 LONG | Уверенность: 64% | СРЕДНИЙ 🟡
  🛑 Stop-Loss:   0.037006
  🎯 Take-Profit: 0.039958
────────────────────────────────────────────────────────────
  ▲ ЛОНГ сигналы:
    ✓ MACD кроссовер ↑
    ✓ MACD гистограмма+ (0.000053)
  ▼ ШОРТ сигналы:
    ✓ MA тренд ВНИЗ (0.03849<0.03993)
════════════════════════════════════════════════════════════

════════════════════════════════════════════════════════════
  📅 2026-02-28 10:30:02
  🏦 OKX | S/USDT | FUTURES | TF: 15m
  💲 Цена: 0.037950
────────────────────────────────────────────────────────────
  📉 SHORT | Уверенность: 55% | СЛАБЫЙ ⚪
  🛑 Stop-Loss:   0.038547
  🎯 Take-Profit: 0.036756
────────────────────────────────────────────────────────────
  ▲ ЛОНГ сигналы:
    ✓ MACD гистограмма+ (0.000128)
  ▼ ШОРТ сигналы:
    ✓ MA тренд ВНИЗ (0.03737<0.03784)
════════════════════════════════════════════════════════════

════════════════════════════════════════════════════════════
  📅 2026-02-28 10:30:18
  🏦 OKX | S/USDT | FUTURES | TF: 1h
  💲 Цена: 0.037950
────────────────────────────────────────────────────────────
  🚀 LONG | Уверенность: 61% | СРЕДНИЙ 🟡
  🛑 Stop-Loss:   0.036966
  🎯 Take-Profit: 0.039918
────────────────────────────────────────────────────────────
  🕯️  Паттерны: Doji
────────────────────────────────────────────────────────────
  ▲ ЛОНГ сигналы:
    ✓ MACD кроссовер ↑
    ✓ MACD гистограмма+ (0.000050)
    ✓ Doji
  ▼ ШОРТ сигналы:
    ✓ MA тренд ВНИЗ (0.03849<0.03993)
    ✓ Doji
════════════════════════════════════════════════════════════

════════════════════════════════════════════════════════════
  📅 2026-02-28 10:31:18
  🏦 OKX | S/USDT | FUTURES | TF: 1h
  💲 Цена: 0.037940
────────────────────────────────────────────────────────────
  🚀 LONG | Уверенность: 61% | СРЕДНИЙ 🟡
  🛑 Stop-Loss:   0.036956
  🎯 Take-Profit: 0.039908
────────────────────────────────────────────────────────────
  🕯️  Паттерны: Doji
────────────────────────────────────────────────────────────
  ▲ ЛОНГ сигналы:
    ✓ MACD кроссовер ↑
    ✓ MACD гистограмма+ (0.000050)
    ✓ Doji
  ▼ ШОРТ сигналы:
    ✓ MA тренд ВНИЗ (0.03849<0.03993)
    ✓ Doji
════════════════════════════════════════════════════════════

════════════════════════════════════════════════════════════
  📅 2026-02-28 10:32:18
  🏦 OKX | S/USDT | FUTURES | TF: 1h
  💲 Цена: 0.037970
────────────────────────────────────────────────────────────
  🚀 LONG | Уверенность: 61% | СРЕДНИЙ 🟡
  🛑 Stop-Loss:   0.036986
  🎯 Take-Profit: 0.039938
────────────────────────────────────────────────────────────
  🕯️  Паттерны: Doji
────────────────────────────────────────────────────────────
  ▲ ЛОНГ сигналы:
    ✓ MACD кроссовер ↑
    ✓ MACD гистограмма+ (0.000052)
    ✓ Doji
  ▼ ШОРТ сигналы:
    ✓ MA тренд ВНИЗ (0.03849<0.03993)
    ✓ Doji
════════════════════════════════════════════════════════════

════════════════════════════════════════════════════════════
  📅 2026-02-28 10:33:18
  🏦 OKX | S/USDT | FUTURES | TF: 1h
  💲 Цена: 0.038010
────────────────────────────────────────────────────────────
  🚀 LONG | Уверенность: 64% | СРЕДНИЙ 🟡
  🛑 Stop-Loss:   0.037026
  🎯 Take-Profit: 0.039978
────────────────────────────────────────────────────────────
  ▲ ЛОНГ сигналы:
    ✓ MACD кроссовер ↑
    ✓ MACD гистограмма+ (0.000054)
  ▼ ШОРТ сигналы:
    ✓ MA тренд ВНИЗ (0.03850<0.03993)
════════════════════════════════════════════════════════════

════════════════════════════════════════════════════════════
  📅 2026-02-28 10:34:19
  🏦 OKX | S/USDT | FUTURES | TF: 1h
  💲 Цена: 0.037990
────────────────────────────────────────────────────────────
  🚀 LONG | Уверенность: 64% | СРЕДНИЙ 🟡
  🛑 Stop-Loss:   0.037006
  🎯 Take-Profit: 0.039958
────────────────────────────────────────────────────────────
  ▲ ЛОНГ сигналы:
    ✓ MACD кроссовер ↑
    ✓ MACD гистограмма+ (0.000053)
  ▼ ШОРТ сигналы:
    ✓ MA тренд ВНИЗ (0.03849<0.03993)
════════════════════════════════════════════════════════════

════════════════════════════════════════════════════════════
  📅 2026-02-28 10:35:19
  🏦 OKX | S/USDT | FUTURES | TF: 1h
  💲 Цена: 0.038030
────────────────────────────────────────────────────────────
  🚀 LONG | Уверенность: 64% | СРЕДНИЙ 🟡
  🛑 Stop-Loss:   0.037046
  🎯 Take-Profit: 0.039998
────────────────────────────────────────────────────────────
  ▲ ЛОНГ сигналы:
    ✓ MACD кроссовер ↑
    ✓ MACD гистограмма+ (0.000055)
  ▼ ШОРТ сигналы:
    ✓ MA тренд ВНИЗ (0.03850<0.03993)
════════════════════════════════════════════════════════════

════════════════════════════════════════════════════════════
  📅 2026-02-28 10:36:19
  🏦 OKX | S/USDT | FUTURES | TF: 1h
  💲 Цена: 0.038090
────────────────────────────────────────────────────────────
  🚀 LONG | Уверенность: 60% | СРЕДНИЙ 🟡
  🛑 Stop-Loss:   0.037104
  🎯 Take-Profit: 0.040062
────────────────────────────────────────────────────────────
  🕯️  Паттерны: Hammer 🔨
────────────────────────────────────────────────────────────
  ▲ ЛОНГ сигналы:
    ✓ MACD кроссовер ↑
    ✓ MACD гистограмма+ (0.000059)
    ✓ Hammer 🔨: Бычий молот — сигнал разворота вверх
  ▼ ШОРТ сигналы:
    ✓ Stoch RSI перекуплен (>80)
    ✓ MA тренд ВНИЗ (0.03850<0.03993)
════════════════════════════════════════════════════════════

════════════════════════════════════════════════════════════
  📅 2026-02-28 10:37:20
  🏦 OKX | S/USDT | FUTURES | TF: 1h
  💲 Цена: 0.037930
────────────────────────────────────────────────────────────
  🚀 LONG | Уверенность: 61% | СРЕДНИЙ 🟡
  🛑 Stop-Loss:   0.036942
  🎯 Take-Profit: 0.039906
────────────────────────────────────────────────────────────
  🕯️  Паттерны: Doji
────────────────────────────────────────────────────────────
  ▲ ЛОНГ сигналы:
    ✓ MACD кроссовер ↑
    ✓ MACD гистограмма+ (0.000049)
    ✓ Doji
  ▼ ШОРТ сигналы:
    ✓ MA тренд ВНИЗ (0.03849<0.03993)
    ✓ Doji
════════════════════════════════════════════════════════════

════════════════════════════════════════════════════════════
  📅 2026-02-28 10:38:20
  🏦 OKX | S/USDT | FUTURES | TF: 1h
  💲 Цена: 0.037960
────────────────────────────────────────────────────────────
  🚀 LONG | Уверенность: 61% | СРЕДНИЙ 🟡
  🛑 Stop-Loss:   0.036972
  🎯 Take-Profit: 0.039936
────────────────────────────────────────────────────────────
  🕯️  Паттерны: Doji
────────────────────────────────────────────────────────────
  ▲ ЛОНГ сигналы:
    ✓ MACD кроссовер ↑
    ✓ MACD гистограмма+ (0.000051)
    ✓ Doji
  ▼ ШОРТ сигналы:
    ✓ MA тренд ВНИЗ (0.03849<0.03993)
    ✓ Doji
════════════════════════════════════════════════════════════

════════════════════════════════════════════════════════════
  📅 2026-02-28 10:39:20
  🏦 OKX | S/USDT | FUTURES | TF: 1h
  💲 Цена: 0.037940
────────────────────────────────────────────────────────────
  🚀 LONG | Уверенность: 61% | СРЕДНИЙ 🟡
  🛑 Stop-Loss:   0.036952
  🎯 Take-Profit: 0.039916
────────────────────────────────────────────────────────────
  🕯️  Паттерны: Doji
────────────────────────────────────────────────────────────
  ▲ ЛОНГ сигналы:
    ✓ MACD кроссовер ↑
    ✓ MACD гистограмма+ (0.000050)
    ✓ Doji
  ▼ ШОРТ сигналы:
    ✓ MA тренд ВНИЗ (0.03849<0.03993)
    ✓ Doji
════════════════════════════════════════════════════════════

════════════════════════════════════════════════════════════
  📅 2026-02-28 10:40:21
  🏦 OKX | S/USDT | FUTURES | TF: 1h
  💲 Цена: 0.037930
────────────────────────────────────────────────────────────
  🚀 LONG | Уверенность: 61% | СРЕДНИЙ 🟡
  🛑 Stop-Loss:   0.036942
  🎯 Take-Profit: 0.039906
────────────────────────────────────────────────────────────
  🕯️  Паттерны: Doji
────────────────────────────────────────────────────────────
  ▲ ЛОНГ сигналы:
    ✓ MACD кроссовер ↑
    ✓ MACD гистограмма+ (0.000049)
    ✓ Doji
  ▼ ШОРТ сигналы:
    ✓ MA тренд ВНИЗ (0.03849<0.03993)
    ✓ Doji
════════════════════════════════════════════════════════════

════════════════════════════════════════════════════════════
  📅 2026-02-28 10:41:21
  🏦 OKX | S/USDT | FUTURES | TF: 1h
  💲 Цена: 0.037960
────────────────────────────────────────────────────────────
  🚀 LONG | Уверенность: 61% | СРЕДНИЙ 🟡
  🛑 Stop-Loss:   0.036972
  🎯 Take-Profit: 0.039936
────────────────────────────────────────────────────────────
  🕯️  Паттерны: Doji
────────────────────────────────────────────────────────────
  ▲ ЛОНГ сигналы:
    ✓ MACD кроссовер ↑
    ✓ MACD гистограмма+ (0.000051)
    ✓ Doji
  ▼ ШОРТ сигналы:
    ✓ MA тренд ВНИЗ (0.03849<0.03993)
    ✓ Doji
════════════════════════════════════════════════════════════

════════════════════════════════════════════════════════════
  📅 2026-02-28 10:42:21
  🏦 OKX | S/USDT | FUTURES | TF: 1h
  💲 Цена: 0.037940
────────────────────────────────────────────────────────────
  🚀 LONG | Уверенность: 61% | СРЕДНИЙ 🟡
  🛑 Stop-Loss:   0.036952
  🎯 Take-Profit: 0.039916
────────────────────────────────────────────────────────────
  🕯️  Паттерны: Doji
────────────────────────────────────────────────────────────
  ▲ ЛОНГ сигналы:
    ✓ MACD кроссовер ↑
    ✓ MACD гистограмма+ (0.000050)
    ✓ Doji
  ▼ ШОРТ сигналы:
    ✓ MA тренд ВНИЗ (0.03849<0.03993)
    ✓ Doji
════════════════════════════════════════════════════════════

════════════════════════════════════════════════════════════
  📅 2026-02-28 10:43:21
  🏦 OKX | S/USDT | FUTURES | TF: 1h
  💲 Цена: 0.037900
────────────────────────────────────────────────────────────
  🚀 LONG | Уверенность: 72% | СРЕДНИЙ 🟡
  🛑 Stop-Loss:   0.036912
  🎯 Take-Profit: 0.039876
────────────────────────────────────────────────────────────
  🕯️  Паттерны: Doji
────────────────────────────────────────────────────────────
  ▲ ЛОНГ сигналы:
    ✓ MACD кроссовер ↑
    ✓ MACD гистограмма+ (0.000047)
    ✓ Doji
    ✓ Бычья дивергенция RSI: цена ↓ (0.03694→0.03679), RSI ↑ (17.4→22.0) — сигнал разворота ВВЕРХ
  ▼ ШОРТ сигналы:
    ✓ MA тренд ВНИЗ (0.03849<0.03993)
    ✓ Doji
════════════════════════════════════════════════════════════

════════════════════════════════════════════════════════════
  📅 2026-02-28 10:44:22
  🏦 OKX | S/USDT | FUTURES | TF: 1h
  💲 Цена: 0.037930
────────────────────────────────────────────────────────────
  🚀 LONG | Уверенность: 61% | СРЕДНИЙ 🟡
  🛑 Stop-Loss:   0.036942
  🎯 Take-Profit: 0.039906
────────────────────────────────────────────────────────────
  🕯️  Паттерны: Doji
────────────────────────────────────────────────────────────
  ▲ ЛОНГ сигналы:
    ✓ MACD кроссовер ↑
    ✓ MACD гистограмма+ (0.000049)
    ✓ Doji
  ▼ ШОРТ сигналы:
    ✓ MA тренд ВНИЗ (0.03849<0.03993)
    ✓ Doji
════════════════════════════════════════════════════════════

════════════════════════════════════════════════════════════
  📅 2026-02-28 10:45:02
  🏦 OKX | S/USDT | FUTURES | TF: 15m
  💲 Цена: 0.037930
────────────────────────────────────────────────────────────
  📉 SHORT | Уверенность: 55% | СЛАБЫЙ ⚪
  🛑 Stop-Loss:   0.038465
  🎯 Take-Profit: 0.036859
────────────────────────────────────────────────────────────
  ▲ ЛОНГ сигналы:
    ✓ MACD гистограмма+ (0.000101)
  ▼ ШОРТ сигналы:
    ✓ MA тренд ВНИЗ (0.03748<0.03777)
════════════════════════════════════════════════════════════

════════════════════════════════════════════════════════════
  📅 2026-02-28 10:45:22
  🏦 OKX | S/USDT | FUTURES | TF: 1h
  💲 Цена: 0.037960
────────────────────────────────────────────────────────────
  🚀 LONG | Уверенность: 61% | СРЕДНИЙ 🟡
  🛑 Stop-Loss:   0.036972
  🎯 Take-Profit: 0.039936
────────────────────────────────────────────────────────────
  🕯️  Паттерны: Doji
────────────────────────────────────────────────────────────
  ▲ ЛОНГ сигналы:
    ✓ MACD кроссовер ↑
    ✓ MACD гистограмма+ (0.000051)
    ✓ Doji
  ▼ ШОРТ сигналы:
    ✓ MA тренд ВНИЗ (0.03849<0.03993)
    ✓ Doji
════════════════════════════════════════════════════════════

════════════════════════════════════════════════════════════
  📅 2026-02-28 10:46:22
  🏦 OKX | S/USDT | FUTURES | TF: 1h
  💲 Цена: 0.037920
────────────────────────────────────────────────────────────
  🚀 LONG | Уверенность: 61% | СРЕДНИЙ 🟡
  🛑 Stop-Loss:   0.036932
  🎯 Take-Profit: 0.039896
────────────────────────────────────────────────────────────
  🕯️  Паттерны: Doji
────────────────────────────────────────────────────────────
  ▲ ЛОНГ сигналы:
    ✓ MACD кроссовер ↑
    ✓ MACD гистограмма+ (0.000048)
    ✓ Doji
  ▼ ШОРТ сигналы:
    ✓ MA тренд ВНИЗ (0.03849<0.03993)
    ✓ Doji
════════════════════════════════════════════════════════════

════════════════════════════════════════════════════════════
  📅 2026-02-28 10:47:23
  🏦 OKX | S/USDT | FUTURES | TF: 1h
  💲 Цена: 0.037940
────────────────────────────────────────────────────────────
  🚀 LONG | Уверенность: 61% | СРЕДНИЙ 🟡
  🛑 Stop-Loss:   0.036952
  🎯 Take-Profit: 0.039916
────────────────────────────────────────────────────────────
  🕯️  Паттерны: Doji
────────────────────────────────────────────────────────────
  ▲ ЛОНГ сигналы:
    ✓ MACD кроссовер ↑
    ✓ MACD гистограмма+ (0.000050)
    ✓ Doji
  ▼ ШОРТ сигналы:
    ✓ MA тренд ВНИЗ (0.03849<0.03993)
    ✓ Doji
════════════════════════════════════════════════════════════

════════════════════════════════════════════════════════════
  📅 2026-02-28 10:48:23
  🏦 OKX | S/USDT | FUTURES | TF: 1h
  💲 Цена: 0.037920
────────────────────────────────────────────────────────────
  🚀 LONG | Уверенность: 61% | СРЕДНИЙ 🟡
  🛑 Stop-Loss:   0.036932
  🎯 Take-Profit: 0.039896
────────────────────────────────────────────────────────────
  🕯️  Паттерны: Doji
────────────────────────────────────────────────────────────
  ▲ ЛОНГ сигналы:
    ✓ MACD кроссовер ↑
    ✓ MACD гистограмма+ (0.000048)
    ✓ Doji
  ▼ ШОРТ сигналы:
    ✓ MA тренд ВНИЗ (0.03849<0.03993)
    ✓ Doji
════════════════════════════════════════════════════════════

════════════════════════════════════════════════════════════
  📅 2026-02-28 10:49:23
  🏦 OKX | S/USDT | FUTURES | TF: 1h
  💲 Цена: 0.037910
────────────────────────────────────────────────────────────
  🚀 LONG | Уверенность: 61% | СРЕДНИЙ 🟡
  🛑 Stop-Loss:   0.036922
  🎯 Take-Profit: 0.039886
────────────────────────────────────────────────────────────
  🕯️  Паттерны: Doji
────────────────────────────────────────────────────────────
  ▲ ЛОНГ сигналы:
    ✓ MACD кроссовер ↑
    ✓ MACD гистограмма+ (0.000048)
    ✓ Doji
  ▼ ШОРТ сигналы:
    ✓ MA тренд ВНИЗ (0.03849<0.03993)
    ✓ Doji
════════════════════════════════════════════════════════════

════════════════════════════════════════════════════════════
  📅 2026-02-28 10:50:23
  🏦 OKX | S/USDT | FUTURES | TF: 1h
  💲 Цена: 0.037960
────────────────────────────────────────────────────────────
  🚀 LONG | Уверенность: 61% | СРЕДНИЙ 🟡
  🛑 Stop-Loss:   0.036972
  🎯 Take-Profit: 0.039936
────────────────────────────────────────────────────────────
  🕯️  Паттерны: Doji
────────────────────────────────────────────────────────────
  ▲ ЛОНГ сигналы:
    ✓ MACD кроссовер ↑
    ✓ MACD гистограмма+ (0.000051)
    ✓ Doji
  ▼ ШОРТ сигналы:
    ✓ MA тренд ВНИЗ (0.03849<0.03993)
    ✓ Doji
════════════════════════════════════════════════════════════

════════════════════════════════════════════════════════════
  📅 2026-02-28 10:51:24
  🏦 OKX | S/USDT | FUTURES | TF: 1h
  💲 Цена: 0.037970
────────────────────────────────────────────────────────────
  🚀 LONG | Уверенность: 61% | СРЕДНИЙ 🟡
  🛑 Stop-Loss:   0.036982
  🎯 Take-Profit: 0.039946
────────────────────────────────────────────────────────────
  🕯️  Паттерны: Doji
────────────────────────────────────────────────────────────
  ▲ ЛОНГ сигналы:
    ✓ MACD кроссовер ↑
    ✓ MACD гистограмма+ (0.000052)
    ✓ Doji
  ▼ ШОРТ сигналы:
    ✓ MA тренд ВНИЗ (0.03849<0.03993)
    ✓ Doji
════════════════════════════════════════════════════════════

════════════════════════════════════════════════════════════
  📅 2026-02-28 10:52:24
  🏦 OKX | S/USDT | FUTURES | TF: 1h
  💲 Цена: 0.037960
────────────────────────────────────────────────────────────
  🚀 LONG | Уверенность: 61% | СРЕДНИЙ 🟡
  🛑 Stop-Loss:   0.036972
  🎯 Take-Profit: 0.039936
────────────────────────────────────────────────────────────
  🕯️  Паттерны: Doji
────────────────────────────────────────────────────────────
  ▲ ЛОНГ сигналы:
    ✓ MACD кроссовер ↑
    ✓ MACD гистограмма+ (0.000051)
    ✓ Doji
  ▼ ШОРТ сигналы:
    ✓ MA тренд ВНИЗ (0.03849<0.03993)
    ✓ Doji
════════════════════════════════════════════════════════════

════════════════════════════════════════════════════════════
  📅 2026-02-28 10:53:24
  🏦 OKX | S/USDT | FUTURES | TF: 1h
  💲 Цена: 0.037860
────────────────────────────────────────────────────────────
  🚀 LONG | Уверенность: 75% | СИЛЬНЫЙ 🟢
  🛑 Stop-Loss:   0.036872
  🎯 Take-Profit: 0.039836
────────────────────────────────────────────────────────────
  ▲ ЛОНГ сигналы:
    ✓ MACD кроссовер ↑
    ✓ MACD гистограмма+ (0.000045)
    ✓ Бычья дивергенция RSI: цена ↓ (0.03694→0.03679), RSI ↑ (17.4→22.0) — сигнал разворота ВВЕРХ
  ▼ ШОРТ сигналы:
    ✓ MA тренд ВНИЗ (0.03849<0.03992)
════════════════════════════════════════════════════════════

════════════════════════════════════════════════════════════
  📅 2026-02-28 10:54:25
  🏦 OKX | S/USDT | FUTURES | TF: 1h
  💲 Цена: 0.037900
────────────────────────────────────────────────────────────
  🚀 LONG | Уверенность: 72% | СРЕДНИЙ 🟡
  🛑 Stop-Loss:   0.036912
  🎯 Take-Profit: 0.039876
────────────────────────────────────────────────────────────
  🕯️  Паттерны: Doji
────────────────────────────────────────────────────────────
  ▲ ЛОНГ сигналы:
    ✓ MACD кроссовер ↑
    ✓ MACD гистограмма+ (0.000047)
    ✓ Doji
    ✓ Бычья дивергенция RSI: цена ↓ (0.03694→0.03679), RSI ↑ (17.4→22.0) — сигнал разворота ВВЕРХ
  ▼ ШОРТ сигналы:
    ✓ MA тренд ВНИЗ (0.03849<0.03993)
    ✓ Doji
════════════════════════════════════════════════════════════

════════════════════════════════════════════════════════════
  📅 2026-02-28 10:55:25
  🏦 OKX | S/USDT | FUTURES | TF: 1h
  💲 Цена: 0.037910
────────────────────────────────────────────────────────────
  🚀 LONG | Уверенность: 61% | СРЕДНИЙ 🟡
  🛑 Stop-Loss:   0.036922
  🎯 Take-Profit: 0.039886
────────────────────────────────────────────────────────────
  🕯️  Паттерны: Doji
────────────────────────────────────────────────────────────
  ▲ ЛОНГ сигналы:
    ✓ MACD кроссовер ↑
    ✓ MACD гистограмма+ (0.000048)
    ✓ Doji
  ▼ ШОРТ сигналы:
    ✓ MA тренд ВНИЗ (0.03849<0.03993)
    ✓ Doji
════════════════════════════════════════════════════════════

════════════════════════════════════════════════════════════
  📅 2026-02-28 10:56:25
  🏦 OKX | S/USDT | FUTURES | TF: 1h
  💲 Цена: 0.037980
────────────────────────────────────────────────────────────
  🚀 LONG | Уверенность: 61% | СРЕДНИЙ 🟡
  🛑 Stop-Loss:   0.036992
  🎯 Take-Profit: 0.039956
────────────────────────────────────────────────────────────
  🕯️  Паттерны: Doji
────────────────────────────────────────────────────────────
  ▲ ЛОНГ сигналы:
    ✓ MACD кроссовер ↑
    ✓ MACD гистограмма+ (0.000052)
    ✓ Doji
  ▼ ШОРТ сигналы:
    ✓ MA тренд ВНИЗ (0.03849<0.03993)
    ✓ Doji
════════════════════════════════════════════════════════════

════════════════════════════════════════════════════════════
  📅 2026-02-28 10:57:25
  🏦 OKX | S/USDT | FUTURES | TF: 1h
  💲 Цена: 0.037940
────────────────────────────────────────────────────────────
  🚀 LONG | Уверенность: 61% | СРЕДНИЙ 🟡
  🛑 Stop-Loss:   0.036952
  🎯 Take-Profit: 0.039916
────────────────────────────────────────────────────────────
  🕯️  Паттерны: Doji
────────────────────────────────────────────────────────────
  ▲ ЛОНГ сигналы:
    ✓ MACD кроссовер ↑
    ✓ MACD гистограмма+ (0.000050)
    ✓ Doji
  ▼ ШОРТ сигналы:
    ✓ MA тренд ВНИЗ (0.03849<0.03993)
    ✓ Doji
════════════════════════════════════════════════════════════

════════════════════════════════════════════════════════════
  📅 2026-02-28 10:58:26
  🏦 OKX | S/USDT | FUTURES | TF: 1h
  💲 Цена: 0.037920
────────────────────────────────────────────────────────────
  🚀 LONG | Уверенность: 61% | СРЕДНИЙ 🟡
  🛑 Stop-Loss:   0.036932
  🎯 Take-Profit: 0.039896
────────────────────────────────────────────────────────────
  🕯️  Паттерны: Doji
────────────────────────────────────────────────────────────
  ▲ ЛОНГ сигналы:
    ✓ MACD кроссовер ↑
    ✓ MACD гистограмма+ (0.000048)
    ✓ Doji
  ▼ ШОРТ сигналы:
    ✓ MA тренд ВНИЗ (0.03849<0.03993)
    ✓ Doji
════════════════════════════════════════════════════════════

════════════════════════════════════════════════════════════
  📅 2026-02-28 10:59:26
  🏦 OKX | S/USDT | FUTURES | TF: 1h
  💲 Цена: 0.037930
────────────────────────────────────────────────────────────
  🚀 LONG | Уверенность: 61% | СРЕДНИЙ 🟡
  🛑 Stop-Loss:   0.036942
  🎯 Take-Profit: 0.039906
────────────────────────────────────────────────────────────
  🕯️  Паттерны: Doji
────────────────────────────────────────────────────────────
  ▲ ЛОНГ сигналы:
    ✓ MACD кроссовер ↑
    ✓ MACD гистограмма+ (0.000049)
    ✓ Doji
  ▼ ШОРТ сигналы:
    ✓ MA тренд ВНИЗ (0.03849<0.03993)
    ✓ Doji
════════════════════════════════════════════════════════════

════════════════════════════════════════════════════════════
  📅 2026-02-28 11:00:03
  🏦 OKX | S/USDT | FUTURES | TF: 15m
  💲 Цена: 0.037950
────────────────────────────────────────────────────────────
  📉 SHORT | Уверенность: 79% | СИЛЬНЫЙ 🟢
  🛑 Stop-Loss:   0.038462
  🎯 Take-Profit: 0.036925
────────────────────────────────────────────────────────────
  ▲ ЛОНГ сигналы:
    ✓ MACD гистограмма+ (0.000087)
  ▼ ШОРТ сигналы:
    ✓ MA тренд ВНИЗ (0.03751<0.03774)
    ✓ Цена у сопротивления 0.03805 (0.28%)
════════════════════════════════════════════════════════════

════════════════════════════════════════════════════════════
  📅 2026-02-28 11:00:26
  🏦 OKX | S/USDT | FUTURES | TF: 1h
  💲 Цена: 0.037880
────────────────────────────────────────────────────────────
  📉 SHORT | Уверенность: 76% | СИЛЬНЫЙ 🟢
  🛑 Stop-Loss:   0.038805
  🎯 Take-Profit: 0.036030
────────────────────────────────────────────────────────────
  ▲ ЛОНГ сигналы:
    ✓ MACD гистограмма+ (0.000083)
  ▼ ШОРТ сигналы:
    ✓ Stoch RSI перекуплен (>80)
    ✓ MA тренд ВНИЗ (0.03837<0.03986)
════════════════════════════════════════════════════════════

════════════════════════════════════════════════════════════
  📅 2026-02-28 11:01:27
  🏦 OKX | S/USDT | FUTURES | TF: 1h
  💲 Цена: 0.037860
────────────────────────────────────────────────────────────
  📉 SHORT | Уверенность: 76% | СИЛЬНЫЙ 🟢
  🛑 Stop-Loss:   0.038790
  🎯 Take-Profit: 0.035999
────────────────────────────────────────────────────────────
  ▲ ЛОНГ сигналы:
    ✓ MACD гистограмма+ (0.000082)
  ▼ ШОРТ сигналы:
    ✓ Stoch RSI перекуплен (>80)
    ✓ MA тренд ВНИЗ (0.03837<0.03986)
════════════════════════════════════════════════════════════

════════════════════════════════════════════════════════════
  📅 2026-02-28 11:02:27
  🏦 OKX | S/USDT | FUTURES | TF: 1h
  💲 Цена: 0.037820
────────────────────────────────────────────────────────────
  📉 SHORT | Уверенность: 76% | СИЛЬНЫЙ 🟢
  🛑 Stop-Loss:   0.038754
  🎯 Take-Profit: 0.035953
────────────────────────────────────────────────────────────
  ▲ ЛОНГ сигналы:
    ✓ MACD гистограмма+ (0.000080)
  ▼ ШОРТ сигналы:
    ✓ Stoch RSI перекуплен (>80)
    ✓ MA тренд ВНИЗ (0.03837<0.03986)
════════════════════════════════════════════════════════════

════════════════════════════════════════════════════════════
  📅 2026-02-28 11:03:27
  🏦 OKX | S/USDT | FUTURES | TF: 1h
  💲 Цена: 0.037810
────────────────────────────────────────────────────────────
  📉 SHORT | Уверенность: 76% | СИЛЬНЫЙ 🟢
  🛑 Stop-Loss:   0.038744
  🎯 Take-Profit: 0.035943
────────────────────────────────────────────────────────────
  ▲ ЛОНГ сигналы:
    ✓ MACD гистограмма+ (0.000079)
  ▼ ШОРТ сигналы:
    ✓ Stoch RSI перекуплен (>80)
    ✓ MA тренд ВНИЗ (0.03837<0.03986)
════════════════════════════════════════════════════════════

════════════════════════════════════════════════════════════
  📅 2026-02-28 11:04:27
  🏦 OKX | S/USDT | FUTURES | TF: 1h
  💲 Цена: 0.037750
────────────────────────────────────────────────────────────
  📉 SHORT | Уверенность: 76% | СИЛЬНЫЙ 🟢
  🛑 Stop-Loss:   0.038691
  🎯 Take-Profit: 0.035868
────────────────────────────────────────────────────────────
  ▲ ЛОНГ сигналы:
    ✓ MACD гистограмма+ (0.000075)
  ▼ ШОРТ сигналы:
    ✓ Stoch RSI перекуплен (>80)
    ✓ MA тренд ВНИЗ (0.03837<0.03986)
════════════════════════════════════════════════════════════

════════════════════════════════════════════════════════════
  📅 2026-02-28 11:05:28
  🏦 OKX | S/USDT | FUTURES | TF: 1h
  💲 Цена: 0.037780
────────────────────────────────────────────────────────────
  📉 SHORT | Уверенность: 76% | СИЛЬНЫЙ 🟢
  🛑 Stop-Loss:   0.038721
  🎯 Take-Profit: 0.035898
────────────────────────────────────────────────────────────
  ▲ ЛОНГ сигналы:
    ✓ MACD гистограмма+ (0.000077)
  ▼ ШОРТ сигналы:
    ✓ Stoch RSI перекуплен (>80)
    ✓ MA тренд ВНИЗ (0.03837<0.03986)
════════════════════════════════════════════════════════════

════════════════════════════════════════════════════════════
  📅 2026-02-28 11:06:28
  🏦 OKX | S/USDT | FUTURES | TF: 1h
  💲 Цена: 0.037770
────────────────────────────────────────────────────────────
  📉 SHORT | Уверенность: 76% | СИЛЬНЫЙ 🟢
  🛑 Stop-Loss:   0.038712
  🎯 Take-Profit: 0.035886
────────────────────────────────────────────────────────────
  ▲ ЛОНГ сигналы:
    ✓ MACD гистограмма+ (0.000076)
  ▼ ШОРТ сигналы:
    ✓ Stoch RSI перекуплен (>80)
    ✓ MA тренд ВНИЗ (0.03837<0.03986)
════════════════════════════════════════════════════════════

════════════════════════════════════════════════════════════
  📅 2026-02-28 11:07:30
  🏦 OKX | S/USDT | FUTURES | TF: 1h
  💲 Цена: 0.037750
────────────────────────────────────────────────────────────
  📉 SHORT | Уверенность: 76% | СИЛЬНЫЙ 🟢
  🛑 Stop-Loss:   0.038692
  🎯 Take-Profit: 0.035866
────────────────────────────────────────────────────────────
  ▲ ЛОНГ сигналы:
    ✓ MACD гистограмма+ (0.000075)
  ▼ ШОРТ сигналы:
    ✓ Stoch RSI перекуплен (>80)
    ✓ MA тренд ВНИЗ (0.03837<0.03986)
════════════════════════════════════════════════════════════

════════════════════════════════════════════════════════════
  📅 2026-02-28 11:08:30
  🏦 OKX | S/USDT | FUTURES | TF: 1h
  💲 Цена: 0.037800
────────────────────────────────────────────────────────────
  📉 SHORT | Уверенность: 76% | СИЛЬНЫЙ 🟢
  🛑 Stop-Loss:   0.038742
  🎯 Take-Profit: 0.035916
────────────────────────────────────────────────────────────
  ▲ ЛОНГ сигналы:
    ✓ MACD гистограмма+ (0.000078)
  ▼ ШОРТ сигналы:
    ✓ Stoch RSI перекуплен (>80)
    ✓ MA тренд ВНИЗ (0.03837<0.03986)
════════════════════════════════════════════════════════════

════════════════════════════════════════════════════════════
  📅 2026-02-28 11:09:30
  🏦 OKX | S/USDT | FUTURES | TF: 1h
  💲 Цена: 0.037840
────────────────────────────────────────────────────────────
  📉 SHORT | Уверенность: 76% | СИЛЬНЫЙ 🟢
  🛑 Stop-Loss:   0.038782
  🎯 Take-Profit: 0.035956
────────────────────────────────────────────────────────────
  ▲ ЛОНГ сигналы:
    ✓ MACD гистограмма+ (0.000081)
  ▼ ШОРТ сигналы:
    ✓ Stoch RSI перекуплен (>80)
    ✓ MA тренд ВНИЗ (0.03837<0.03986)
════════════════════════════════════════════════════════════

════════════════════════════════════════════════════════════
  📅 2026-02-28 11:10:31
  🏦 OKX | S/USDT | FUTURES | TF: 1h
  💲 Цена: 0.037800
────────────────────────────────────────────────────────────
  📉 SHORT | Уверенность: 76% | СИЛЬНЫЙ 🟢
  🛑 Stop-Loss:   0.038742
  🎯 Take-Profit: 0.035916
────────────────────────────────────────────────────────────
  ▲ ЛОНГ сигналы:
    ✓ MACD гистограмма+ (0.000078)
  ▼ ШОРТ сигналы:
    ✓ Stoch RSI перекуплен (>80)
    ✓ MA тренд ВНИЗ (0.03837<0.03986)
════════════════════════════════════════════════════════════

════════════════════════════════════════════════════════════
  📅 2026-02-28 11:11:31
  🏦 OKX | S/USDT | FUTURES | TF: 1h
  💲 Цена: 0.037810
────────────────────────────────────────────────────────────
  📉 SHORT | Уверенность: 76% | СИЛЬНЫЙ 🟢
  🛑 Stop-Loss:   0.038752
  🎯 Take-Profit: 0.035926
────────────────────────────────────────────────────────────
  ▲ ЛОНГ сигналы:
    ✓ MACD гистограмма+ (0.000079)
  ▼ ШОРТ сигналы:
    ✓ Stoch RSI перекуплен (>80)
    ✓ MA тренд ВНИЗ (0.03837<0.03986)
════════════════════════════════════════════════════════════

════════════════════════════════════════════════════════════
  📅 2026-02-28 11:12:31
  🏦 OKX | S/USDT | FUTURES | TF: 1h
  💲 Цена: 0.037790
────────────────────────────────────────────────────────────
  📉 SHORT | Уверенность: 76% | СИЛЬНЫЙ 🟢
  🛑 Stop-Loss:   0.038732
  🎯 Take-Profit: 0.035906
────────────────────────────────────────────────────────────
  ▲ ЛОНГ сигналы:
    ✓ MACD гистограмма+ (0.000078)
  ▼ ШОРТ сигналы:
    ✓ Stoch RSI перекуплен (>80)
    ✓ MA тренд ВНИЗ (0.03837<0.03986)
════════════════════════════════════════════════════════════

════════════════════════════════════════════════════════════
  📅 2026-02-28 11:13:32
  🏦 OKX | S/USDT | FUTURES | TF: 1h
  💲 Цена: 0.037790
────────────────────────────────────────────────────────────
  📉 SHORT | Уверенность: 76% | СИЛЬНЫЙ 🟢
  🛑 Stop-Loss:   0.038732
  🎯 Take-Profit: 0.035906
────────────────────────────────────────────────────────────
  ▲ ЛОНГ сигналы:
    ✓ MACD гистограмма+ (0.000078)
  ▼ ШОРТ сигналы:
    ✓ Stoch RSI перекуплен (>80)
    ✓ MA тренд ВНИЗ (0.03837<0.03986)
════════════════════════════════════════════════════════════

════════════════════════════════════════════════════════════
  📅 2026-02-28 11:14:32
  🏦 OKX | S/USDT | FUTURES | TF: 1h
  💲 Цена: 0.037780
────────────────────────────────────────────────────────────
  📉 SHORT | Уверенность: 76% | СИЛЬНЫЙ 🟢
  🛑 Stop-Loss:   0.038722
  🎯 Take-Profit: 0.035896
────────────────────────────────────────────────────────────
  ▲ ЛОНГ сигналы:
    ✓ MACD гистограмма+ (0.000077)
  ▼ ШОРТ сигналы:
    ✓ Stoch RSI перекуплен (>80)
    ✓ MA тренд ВНИЗ (0.03837<0.03986)
════════════════════════════════════════════════════════════

════════════════════════════════════════════════════════════
  📅 2026-02-28 11:15:03
  🏦 OKX | S/USDT | FUTURES | TF: 15m
  💲 Цена: 0.037790
────────────────────────────────────────────────────────────
  📉 SHORT | Уверенность: 55% | СЛАБЫЙ ⚪
  🛑 Stop-Loss:   0.038288
  🎯 Take-Profit: 0.036794
────────────────────────────────────────────────────────────
  ▲ ЛОНГ сигналы:
    ✓ MACD гистограмма+ (0.000058)
  ▼ ШОРТ сигналы:
    ✓ MA тренд ВНИЗ (0.03753<0.03770)
════════════════════════════════════════════════════════════

════════════════════════════════════════════════════════════
  📅 2026-02-28 11:15:32
  🏦 OKX | S/USDT | FUTURES | TF: 1h
  💲 Цена: 0.037780
────────────────────────────────────────────────────────────
  📉 SHORT | Уверенность: 76% | СИЛЬНЫЙ 🟢
  🛑 Stop-Loss:   0.038722
  🎯 Take-Profit: 0.035896
────────────────────────────────────────────────────────────
  ▲ ЛОНГ сигналы:
    ✓ MACD гистограмма+ (0.000077)
  ▼ ШОРТ сигналы:
    ✓ Stoch RSI перекуплен (>80)
    ✓ MA тренд ВНИЗ (0.03837<0.03986)
════════════════════════════════════════════════════════════

════════════════════════════════════════════════════════════
  📅 2026-02-28 11:16:32
  🏦 OKX | S/USDT | FUTURES | TF: 1h
  💲 Цена: 0.037750
────────────────────────────────────────────────────────────
  📉 SHORT | Уверенность: 76% | СИЛЬНЫЙ 🟢
  🛑 Stop-Loss:   0.038692
  🎯 Take-Profit: 0.035866
────────────────────────────────────────────────────────────
  ▲ ЛОНГ сигналы:
    ✓ MACD гистограмма+ (0.000075)
  ▼ ШОРТ сигналы:
    ✓ Stoch RSI перекуплен (>80)
    ✓ MA тренд ВНИЗ (0.03837<0.03986)
════════════════════════════════════════════════════════════

════════════════════════════════════════════════════════════
  📅 2026-02-28 11:17:33
  🏦 OKX | S/USDT | FUTURES | TF: 1h
  💲 Цена: 0.037670
────────────────────────────────────────────────────────────
  📉 SHORT | Уверенность: 76% | СИЛЬНЫЙ 🟢
  🛑 Stop-Loss:   0.038618
  🎯 Take-Profit: 0.035775
────────────────────────────────────────────────────────────
  ▲ ЛОНГ сигналы:
    ✓ MACD гистограмма+ (0.000070)
  ▼ ШОРТ сигналы:
    ✓ Stoch RSI перекуплен (>80)
    ✓ MA тренд ВНИЗ (0.03836<0.03986)
════════════════════════════════════════════════════════════

════════════════════════════════════════════════════════════
  📅 2026-02-28 11:18:33
  🏦 OKX | S/USDT | FUTURES | TF: 1h
  💲 Цена: 0.037680
────────────────────────────────────────────────────────────
  📉 SHORT | Уверенность: 76% | СИЛЬНЫЙ 🟢
  🛑 Stop-Loss:   0.038628
  🎯 Take-Profit: 0.035785
────────────────────────────────────────────────────────────
  ▲ ЛОНГ сигналы:
    ✓ MACD гистограмма+ (0.000071)
  ▼ ШОРТ сигналы:
    ✓ Stoch RSI перекуплен (>80)
    ✓ MA тренд ВНИЗ (0.03836<0.03986)
════════════════════════════════════════════════════════════

════════════════════════════════════════════════════════════
  📅 2026-02-28 11:19:33
  🏦 OKX | S/USDT | FUTURES | TF: 1h
  💲 Цена: 0.037700
────────────────────────────────────────────────────────────
  📉 SHORT | Уверенность: 76% | СИЛЬНЫЙ 🟢
  🛑 Stop-Loss:   0.038648
  🎯 Take-Profit: 0.035805
────────────────────────────────────────────────────────────
  ▲ ЛОНГ сигналы:
    ✓ MACD гистограмма+ (0.000072)
  ▼ ШОРТ сигналы:
    ✓ Stoch RSI перекуплен (>80)
    ✓ MA тренд ВНИЗ (0.03837<0.03986)
════════════════════════════════════════════════════════════

════════════════════════════════════════════════════════════
  📅 2026-02-28 11:20:34
  🏦 OKX | S/USDT | FUTURES | TF: 1h
  💲 Цена: 0.037710
────────────────────────────────────────────────────────────
  📉 SHORT | Уверенность: 76% | СИЛЬНЫЙ 🟢
  🛑 Stop-Loss:   0.038658
  🎯 Take-Profit: 0.035815
────────────────────────────────────────────────────────────
  ▲ ЛОНГ сигналы:
    ✓ MACD гистограмма+ (0.000073)
  ▼ ШОРТ сигналы:
    ✓ Stoch RSI перекуплен (>80)
    ✓ MA тренд ВНИЗ (0.03837<0.03986)
════════════════════════════════════════════════════════════

════════════════════════════════════════════════════════════
  📅 2026-02-28 11:21:34
  🏦 OKX | S/USDT | FUTURES | TF: 1h
  💲 Цена: 0.037790
────────────────────────────────────────────────────────────
  📉 SHORT | Уверенность: 76% | СИЛЬНЫЙ 🟢
  🛑 Stop-Loss:   0.038738
  🎯 Take-Profit: 0.035895
────────────────────────────────────────────────────────────
  ▲ ЛОНГ сигналы:
    ✓ MACD гистограмма+ (0.000078)
  ▼ ШОРТ сигналы:
    ✓ Stoch RSI перекуплен (>80)
    ✓ MA тренд ВНИЗ (0.03837<0.03986)
════════════════════════════════════════════════════════════

════════════════════════════════════════════════════════════
  📅 2026-02-28 11:22:34
  🏦 OKX | S/USDT | FUTURES | TF: 1h
  💲 Цена: 0.037930
────────────────────────────────────────────────────────────
  📉 SHORT | Уверенность: 63% | СРЕДНИЙ 🟡
  🛑 Stop-Loss:   0.038878
  🎯 Take-Profit: 0.036035
────────────────────────────────────────────────────────────
  🕯️  Паттерны: Doji, Hammer 🔨, Hanging Man 🪢
────────────────────────────────────────────────────────────
  ▲ ЛОНГ сигналы:
    ✓ MACD гистограмма+ (0.000087)
    ✓ Doji
    ✓ Hammer 🔨: Бычий молот — сигнал разворота вверх
  ▼ ШОРТ сигналы:
    ✓ Stoch RSI перекуплен (>80)
    ✓ MA тренд ВНИЗ (0.03838<0.03986)
    ✓ Doji
    ✓ Hanging Man 🪢: Висельник — медвежий сигнал на вершине
════════════════════════════════════════════════════════════

════════════════════════════════════════════════════════════
  📅 2026-02-28 11:23:35
  🏦 OKX | S/USDT | FUTURES | TF: 1h
  💲 Цена: 0.037970
────────────────────────────────────────────────────────────
  📉 SHORT | Уверенность: 72% | СРЕДНИЙ 🟡
  🛑 Stop-Loss:   0.038922
  🎯 Take-Profit: 0.036066
────────────────────────────────────────────────────────────
  🕯️  Паттерны: Doji
────────────────────────────────────────────────────────────
  ▲ ЛОНГ сигналы:
    ✓ MACD гистограмма+ (0.000089)
    ✓ Doji
  ▼ ШОРТ сигналы:
    ✓ Stoch RSI перекуплен (>80)
    ✓ MA тренд ВНИЗ (0.03838<0.03986)
    ✓ Doji
════════════════════════════════════════════════════════════

════════════════════════════════════════════════════════════
  📅 2026-02-28 11:24:35
  🏦 OKX | S/USDT | FUTURES | TF: 1h
  💲 Цена: 0.037980
────────────────────────────────────────────────────────────
  📉 SHORT | Уверенность: 72% | СРЕДНИЙ 🟡
  🛑 Stop-Loss:   0.038934
  🎯 Take-Profit: 0.036072
────────────────────────────────────────────────────────────
  🕯️  Паттерны: Doji
────────────────────────────────────────────────────────────
  ▲ ЛОНГ сигналы:
    ✓ MACD гистограмма+ (0.000090)
    ✓ Doji
  ▼ ШОРТ сигналы:
    ✓ Stoch RSI перекуплен (>80)
    ✓ MA тренд ВНИЗ (0.03838<0.03986)
    ✓ Doji
════════════════════════════════════════════════════════════

════════════════════════════════════════════════════════════
  📅 2026-02-28 11:25:35
  🏦 OKX | S/USDT | FUTURES | TF: 1h
  💲 Цена: 0.038000
────────────────────────────────────────────────────────────
  📉 SHORT | Уверенность: 64% | СРЕДНИЙ 🟡
  🛑 Stop-Loss:   0.038954
  🎯 Take-Profit: 0.036092
────────────────────────────────────────────────────────────
  🕯️  Паттерны: Hammer 🔨, Hanging Man 🪢
────────────────────────────────────────────────────────────
  ▲ ЛОНГ сигналы:
    ✓ MACD гистограмма+ (0.000091)
    ✓ Hammer 🔨: Бычий молот — сигнал разворота вверх
  ▼ ШОРТ сигналы:
    ✓ Stoch RSI перекуплен (>80)
    ✓ MA тренд ВНИЗ (0.03838<0.03986)
    ✓ Hanging Man 🪢: Висельник — медвежий сигнал на вершине
════════════════════════════════════════════════════════════

════════════════════════════════════════════════════════════
  📅 2026-02-28 11:26:35
  🏦 OKX | S/USDT | FUTURES | TF: 1h
  💲 Цена: 0.037960
────────────────────────────────────────────────────────────
  📉 SHORT | Уверенность: 72% | СРЕДНИЙ 🟡
  🛑 Stop-Loss:   0.038915
  🎯 Take-Profit: 0.036050
────────────────────────────────────────────────────────────
  🕯️  Паттерны: Doji
────────────────────────────────────────────────────────────
  ▲ ЛОНГ сигналы:
    ✓ MACD гистограмма+ (0.000089)
    ✓ Doji
  ▼ ШОРТ сигналы:
    ✓ Stoch RSI перекуплен (>80)
    ✓ MA тренд ВНИЗ (0.03838<0.03986)
    ✓ Doji
════════════════════════════════════════════════════════════

════════════════════════════════════════════════════════════
  📅 2026-02-28 11:27:36
  🏦 OKX | S/USDT | FUTURES | TF: 1h
  💲 Цена: 0.037970
────────────────────────────────────────────────────────────
  📉 SHORT | Уверенность: 72% | СРЕДНИЙ 🟡
  🛑 Stop-Loss:   0.038925
  🎯 Take-Profit: 0.036060
────────────────────────────────────────────────────────────
  🕯️  Паттерны: Doji
────────────────────────────────────────────────────────────
  ▲ ЛОНГ сигналы:
    ✓ MACD гистограмма+ (0.000089)
    ✓ Doji
  ▼ ШОРТ сигналы:
    ✓ Stoch RSI перекуплен (>80)
    ✓ MA тренд ВНИЗ (0.03838<0.03986)
    ✓ Doji
════════════════════════════════════════════════════════════

════════════════════════════════════════════════════════════
  📅 2026-02-28 11:28:36
  🏦 OKX | S/USDT | FUTURES | TF: 1h
  💲 Цена: 0.038010
────────────────────────────────────────────────────────────
  📉 SHORT | Уверенность: 64% | СРЕДНИЙ 🟡
  🛑 Stop-Loss:   0.038965
  🎯 Take-Profit: 0.036100
────────────────────────────────────────────────────────────
  🕯️  Паттерны: Hammer 🔨, Hanging Man 🪢
────────────────────────────────────────────────────────────
  ▲ ЛОНГ сигналы:
    ✓ MACD гистограмма+ (0.000092)
    ✓ Hammer 🔨: Бычий молот — сигнал разворота вверх
  ▼ ШОРТ сигналы:
    ✓ Stoch RSI перекуплен (>80)
    ✓ MA тренд ВНИЗ (0.03838<0.03986)
    ✓ Hanging Man 🪢: Висельник — медвежий сигнал на вершине
════════════════════════════════════════════════════════════

════════════════════════════════════════════════════════════
  📅 2026-02-28 11:29:36
  🏦 OKX | S/USDT | FUTURES | TF: 1h
  💲 Цена: 0.038010
────────────────────────────────────────────────────────────
  📉 SHORT | Уверенность: 76% | СИЛЬНЫЙ 🟢
  🛑 Stop-Loss:   0.038966
  🎯 Take-Profit: 0.036098
────────────────────────────────────────────────────────────
  ▲ ЛОНГ сигналы:
    ✓ MACD гистограмма+ (0.000092)
  ▼ ШОРТ сигналы:
    ✓ Stoch RSI перекуплен (>80)
    ✓ MA тренд ВНИЗ (0.03838<0.03986)
════════════════════════════════════════════════════════════

════════════════════════════════════════════════════════════
  📅 2026-02-28 11:30:04
  🏦 OKX | S/USDT | FUTURES | TF: 15m
  💲 Цена: 0.038010
────────────────────────────────────────────────────────────
  📉 SHORT | Уверенность: 79% | СИЛЬНЫЙ 🟢
  🛑 Stop-Loss:   0.038508
  🎯 Take-Profit: 0.037014
────────────────────────────────────────────────────────────
  ▲ ЛОНГ сигналы:
    ✓ MACD гистограмма+ (0.000066)
  ▼ ШОРТ сигналы:
    ✓ MA тренд ВНИЗ (0.03759<0.03768)
    ✓ Цена у сопротивления 0.03805 (0.12%)
════════════════════════════════════════════════════════════

════════════════════════════════════════════════════════════
  📅 2026-02-28 11:30:37
  🏦 OKX | S/USDT | FUTURES | TF: 1h
  💲 Цена: 0.038030
────────────────────────────────────────────────────────────
  📉 SHORT | Уверенность: 64% | СРЕДНИЙ 🟡
  🛑 Stop-Loss:   0.038986
  🎯 Take-Profit: 0.036118
────────────────────────────────────────────────────────────
  🕯️  Паттерны: Hammer 🔨, Hanging Man 🪢
────────────────────────────────────────────────────────────
  ▲ ЛОНГ сигналы:
    ✓ MACD гистограмма+ (0.000093)
    ✓ Hammer 🔨: Бычий молот — сигнал разворота вверх
  ▼ ШОРТ сигналы:
    ✓ Stoch RSI перекуплен (>80)
    ✓ MA тренд ВНИЗ (0.03838<0.03986)
    ✓ Hanging Man 🪢: Висельник — медвежий сигнал на вершине
════════════════════════════════════════════════════════════

════════════════════════════════════════════════════════════
  📅 2026-02-28 11:31:37
  🏦 OKX | S/USDT | FUTURES | TF: 1h
  💲 Цена: 0.038020
────────────────────────────────────────────────────────────
  📉 SHORT | Уверенность: 64% | СРЕДНИЙ 🟡
  🛑 Stop-Loss:   0.038977
  🎯 Take-Profit: 0.036106
────────────────────────────────────────────────────────────
  🕯️  Паттерны: Hammer 🔨, Hanging Man 🪢
────────────────────────────────────────────────────────────
  ▲ ЛОНГ сигналы:
    ✓ MACD гистограмма+ (0.000092)
    ✓ Hammer 🔨: Бычий молот — сигнал разворота вверх
  ▼ ШОРТ сигналы:
    ✓ Stoch RSI перекуплен (>80)
    ✓ MA тренд ВНИЗ (0.03838<0.03986)
    ✓ Hanging Man 🪢: Висельник — медвежий сигнал на вершине
════════════════════════════════════════════════════════════

════════════════════════════════════════════════════════════
  📅 2026-02-28 11:32:37
  🏦 OKX | S/USDT | FUTURES | TF: 1h
  💲 Цена: 0.038050
────────────────────────────────────────────────────────────
  📉 SHORT | Уверенность: 64% | СРЕДНИЙ 🟡
  🛑 Stop-Loss:   0.039008
  🎯 Take-Profit: 0.036134
────────────────────────────────────────────────────────────
  🕯️  Паттерны: Hammer 🔨, Hanging Man 🪢
────────────────────────────────────────────────────────────
  ▲ ЛОНГ сигналы:
    ✓ MACD гистограмма+ (0.000094)
    ✓ Hammer 🔨: Бычий молот — сигнал разворота вверх
  ▼ ШОРТ сигналы:
    ✓ Stoch RSI перекуплен (>80)
    ✓ MA тренд ВНИЗ (0.03838<0.03986)
    ✓ Hanging Man 🪢: Висельник — медвежий сигнал на вершине
════════════════════════════════════════════════════════════

════════════════════════════════════════════════════════════
  📅 2026-02-28 11:33:38
  🏦 OKX | S/USDT | FUTURES | TF: 1h
  💲 Цена: 0.038160
────────────────────────────────────────────────────────────
  🚀 LONG | Уверенность: 52% | СЛАБЫЙ ⚪
  🛑 Stop-Loss:   0.037190
  🎯 Take-Profit: 0.040100
────────────────────────────────────────────────────────────
  🕯️  Паттерны: Morning Star 🌅
────────────────────────────────────────────────────────────
  ▲ ЛОНГ сигналы:
    ✓ MACD гистограмма+ (0.000101)
    ✓ Morning Star 🌅: Утренняя звезда — сильный бычий разворот
  ▼ ШОРТ сигналы:
    ✓ Stoch RSI перекуплен (>80)
    ✓ MA тренд ВНИЗ (0.03839<0.03987)
════════════════════════════════════════════════════════════

════════════════════════════════════════════════════════════
  📅 2026-02-28 11:34:38
  🏦 OKX | S/USDT | FUTURES | TF: 1h
  💲 Цена: 0.038000
────────────────────────────────────────────────────────────
  📉 SHORT | Уверенность: 72% | СРЕДНИЙ 🟡
  🛑 Stop-Loss:   0.038972
  🎯 Take-Profit: 0.036056
────────────────────────────────────────────────────────────
  🕯️  Паттерны: Doji
────────────────────────────────────────────────────────────
  ▲ ЛОНГ сигналы:
    ✓ MACD гистограмма+ (0.000091)
    ✓ Doji
  ▼ ШОРТ сигналы:
    ✓ Stoch RSI перекуплен (>80)
    ✓ MA тренд ВНИЗ (0.03838<0.03986)
    ✓ Doji
════════════════════════════════════════════════════════════

════════════════════════════════════════════════════════════
  📅 2026-02-28 11:35:38
  🏦 OKX | S/USDT | FUTURES | TF: 1h
  💲 Цена: 0.037990
────────────────────────────────────────────────────────────
  📉 SHORT | Уверенность: 72% | СРЕДНИЙ 🟡
  🛑 Stop-Loss:   0.038962
  🎯 Take-Profit: 0.036046
────────────────────────────────────────────────────────────
  🕯️  Паттерны: Doji
────────────────────────────────────────────────────────────
  ▲ ЛОНГ сигналы:
    ✓ MACD гистограмма+ (0.000090)
    ✓ Doji
  ▼ ШОРТ сигналы:
    ✓ Stoch RSI перекуплен (>80)
    ✓ MA тренд ВНИЗ (0.03838<0.03986)
    ✓ Doji
════════════════════════════════════════════════════════════

════════════════════════════════════════════════════════════
  📅 2026-02-28 11:36:38
  🏦 OKX | S/USDT | FUTURES | TF: 1h
  💲 Цена: 0.037870
────────────────────────────────────────────────────────────
  📉 SHORT | Уверенность: 76% | СИЛЬНЫЙ 🟢
  🛑 Stop-Loss:   0.038842
  🎯 Take-Profit: 0.035926
────────────────────────────────────────────────────────────
  ▲ ЛОНГ сигналы:
    ✓ MACD гистограмма+ (0.000083)
  ▼ ШОРТ сигналы:
    ✓ Stoch RSI перекуплен (>80)
    ✓ MA тренд ВНИЗ (0.03837<0.03986)
════════════════════════════════════════════════════════════

════════════════════════════════════════════════════════════
  📅 2026-02-28 11:37:39
  🏦 OKX | S/USDT | FUTURES | TF: 1h
  💲 Цена: 0.037850
────────────────────────────────────────────────────────────
  📉 SHORT | Уверенность: 76% | СИЛЬНЫЙ 🟢
  🛑 Stop-Loss:   0.038822
  🎯 Take-Profit: 0.035906
────────────────────────────────────────────────────────────
  ▲ ЛОНГ сигналы:
    ✓ MACD гистограмма+ (0.000082)
  ▼ ШОРТ сигналы:
    ✓ Stoch RSI перекуплен (>80)
    ✓ MA тренд ВНИЗ (0.03837<0.03986)
════════════════════════════════════════════════════════════

════════════════════════════════════════════════════════════
  📅 2026-02-28 11:38:39
  🏦 OKX | S/USDT | FUTURES | TF: 1h
  💲 Цена: 0.037840
────────────────────────────────────────────────────────────
  📉 SHORT | Уверенность: 76% | СИЛЬНЫЙ 🟢
  🛑 Stop-Loss:   0.038812
  🎯 Take-Profit: 0.035896
────────────────────────────────────────────────────────────
  ▲ ЛОНГ сигналы:
    ✓ MACD гистограмма+ (0.000081)
  ▼ ШОРТ сигналы:
    ✓ Stoch RSI перекуплен (>80)
    ✓ MA тренд ВНИЗ (0.03837<0.03986)
════════════════════════════════════════════════════════════
