
════════════════════════════════════════════════════════════
  📅 2026-03-02 15:50:19
  🏦 OKX | S/USDT | SPOT | TF: 15m
  💲 Цена: 0.040940
────────────────────────────────────────────────────────────
  🚀 LONG | Уверенность: 55% | СЛАБЫЙ ⚪
  🛑 Stop-Loss:   0.040438
  🎯 Take-Profit: 0.041944
────────────────────────────────────────────────────────────
  ▲ ЛОНГ сигналы:
    ✓ MA тренд ВВЕРХ (0.04118>0.04031)
  ▼ ШОРТ сигналы:
    ✓ MACD гистограмма- (-0.000088)
════════════════════════════════════════════════════════════

════════════════════════════════════════════════════════════
  📅 2026-03-02 15:51:01
  🏦 OKX | S/USDT | SPOT | TF: 15m
  💲 Цена: 0.040900
────────────────────────────────────────────────────────────
  🚀 LONG | Уверенность: 55% | СЛАБЫЙ ⚪
  🛑 Stop-Loss:   0.040396
  🎯 Take-Profit: 0.041909
────────────────────────────────────────────────────────────
  ▲ ЛОНГ сигналы:
    ✓ MA тренд ВВЕРХ (0.04118>0.04031)
  ▼ ШОРТ сигналы:
    ✓ MACD гистограмма- (-0.000091)
════════════════════════════════════════════════════════════

════════════════════════════════════════════════════════════
  📅 2026-03-02 15:51:01
  🏦 OKX | S/USDT | SPOT | TF: 1h
  💲 Цена: 0.040940
────────────────────────────────────────────────────────────
  🚀 LONG | Уверенность: 110% | СИЛЬНЫЙ 🟢
  🛑 Stop-Loss:   0.039884
  🎯 Take-Profit: 0.043053
────────────────────────────────────────────────────────────
  ▲ ЛОНГ сигналы:
    ✓ MA тренд ВВЕРХ (0.04012>0.04001)
    ✓ MACD гистограмма+ (0.000153)
════════════════════════════════════════════════════════════

════════════════════════════════════════════════════════════
  📅 2026-03-02 15:51:01
  🏦 OKX | S/USDT | SPOT | TF: 4h
  💲 Цена: 0.040880
────────────────────────────────────────────────────────────
  📉 SHORT | Уверенность: 76% | СИЛЬНЫЙ 🟢
  🛑 Stop-Loss:   0.042964
  🎯 Take-Profit: 0.036713
────────────────────────────────────────────────────────────
  ▲ ЛОНГ сигналы:
    ✓ MACD гистограмма+ (0.000231)
  ▼ ШОРТ сигналы:
    ✓ Stoch RSI перекуплен (>80)
    ✓ MA тренд ВНИЗ (0.03968<0.04027)
════════════════════════════════════════════════════════════

▓▓▓▓▓▓▓▓▓▓▓▓▓▓▓▓▓▓▓▓▓▓▓▓▓▓▓▓▓▓▓▓▓▓▓▓▓▓▓▓▓▓▓▓▓▓▓▓▓▓▓▓▓▓▓▓▓▓▓▓
  📊 МУЛЬТИ-ТАЙМФРЕЙМ АНАЛИЗ
  📅 2026-03-02 15:51:01 | OKX | S/USDT | SPOT
────────────────────────────────────────────────────────────
  15m → LONG (55%)
  1h → LONG (110%)
  4h → SHORT (76%)
────────────────────────────────────────────────────────────
  🏆 ИТОГ: НЕЙТРАЛЬНО | Уверенность: 50%
▓▓▓▓▓▓▓▓▓▓▓▓▓▓▓▓▓▓▓▓▓▓▓▓▓▓▓▓▓▓▓▓▓▓▓▓▓▓▓▓▓▓▓▓▓▓▓▓▓▓▓▓▓▓▓▓▓▓▓▓

════════════════════════════════════════════════════════════
  📅 2026-03-02 15:51:20
  🏦 OKX | S/USDT | SPOT | TF: 15m
  💲 Цена: 0.040880
────────────────────────────────────────────────────────────
  🚀 LONG | Уверенность: 76% | СИЛЬНЫЙ 🟢
  🛑 Stop-Loss:   0.040374
  🎯 Take-Profit: 0.041893
────────────────────────────────────────────────────────────
  ▲ ЛОНГ сигналы:
    ✓ Stoch RSI перепродан (<20)
    ✓ MA тренд ВВЕРХ (0.04118>0.04031)
  ▼ ШОРТ сигналы:
    ✓ MACD гистограмма- (-0.000092)
════════════════════════════════════════════════════════════

════════════════════════════════════════════════════════════
  📅 2026-03-02 15:52:02
  🏦 OKX | S/USDT | SPOT | TF: 15m
  💲 Цена: 0.040880
────────────────────────────────────────────────────────────
  🚀 LONG | Уверенность: 76% | СИЛЬНЫЙ 🟢
  🛑 Stop-Loss:   0.040374
  🎯 Take-Profit: 0.041893
────────────────────────────────────────────────────────────
  ▲ ЛОНГ сигналы:
    ✓ Stoch RSI перепродан (<20)
    ✓ MA тренд ВВЕРХ (0.04118>0.04031)
  ▼ ШОРТ сигналы:
    ✓ MACD гистограмма- (-0.000092)
════════════════════════════════════════════════════════════

════════════════════════════════════════════════════════════
  📅 2026-03-02 15:52:02
  🏦 OKX | S/USDT | SPOT | TF: 1h
  💲 Цена: 0.040880
────────────────────────────────────────────────────────────
  🚀 LONG | Уверенность: 110% | СИЛЬНЫЙ 🟢
  🛑 Stop-Loss:   0.039824
  🎯 Take-Profit: 0.042993
────────────────────────────────────────────────────────────
  ▲ ЛОНГ сигналы:
    ✓ MA тренд ВВЕРХ (0.04011>0.04001)
    ✓ MACD гистограмма+ (0.000149)
════════════════════════════════════════════════════════════

════════════════════════════════════════════════════════════
  📅 2026-03-02 15:52:02
  🏦 OKX | S/USDT | SPOT | TF: 4h
  💲 Цена: 0.040880
────────────────────────────────────────────────────────────
  📉 SHORT | Уверенность: 76% | СИЛЬНЫЙ 🟢
  🛑 Stop-Loss:   0.042964
  🎯 Take-Profit: 0.036713
────────────────────────────────────────────────────────────
  ▲ ЛОНГ сигналы:
    ✓ MACD гистограмма+ (0.000231)
  ▼ ШОРТ сигналы:
    ✓ Stoch RSI перекуплен (>80)
    ✓ MA тренд ВНИЗ (0.03968<0.04027)
════════════════════════════════════════════════════════════

▓▓▓▓▓▓▓▓▓▓▓▓▓▓▓▓▓▓▓▓▓▓▓▓▓▓▓▓▓▓▓▓▓▓▓▓▓▓▓▓▓▓▓▓▓▓▓▓▓▓▓▓▓▓▓▓▓▓▓▓
  📊 МУЛЬТИ-ТАЙМФРЕЙМ АНАЛИЗ
  📅 2026-03-02 15:52:02 | OKX | S/USDT | SPOT
────────────────────────────────────────────────────────────
  15m → LONG (76%)
  1h → LONG (110%)
  4h → SHORT (76%)
────────────────────────────────────────────────────────────
  🏆 ИТОГ: НЕЙТРАЛЬНО | Уверенность: 50%
▓▓▓▓▓▓▓▓▓▓▓▓▓▓▓▓▓▓▓▓▓▓▓▓▓▓▓▓▓▓▓▓▓▓▓▓▓▓▓▓▓▓▓▓▓▓▓▓▓▓▓▓▓▓▓▓▓▓▓▓

════════════════════════════════════════════════════════════
  📅 2026-03-02 15:52:20
  🏦 OKX | S/USDT | SPOT | TF: 15m
  💲 Цена: 0.040880
────────────────────────────────────────────────────────────
  🚀 LONG | Уверенность: 76% | СИЛЬНЫЙ 🟢
  🛑 Stop-Loss:   0.040374
  🎯 Take-Profit: 0.041893
────────────────────────────────────────────────────────────
  ▲ ЛОНГ сигналы:
    ✓ Stoch RSI перепродан (<20)
    ✓ MA тренд ВВЕРХ (0.04118>0.04031)
  ▼ ШОРТ сигналы:
    ✓ MACD гистограмма- (-0.000092)
════════════════════════════════════════════════════════════

════════════════════════════════════════════════════════════
  📅 2026-03-02 15:53:03
  🏦 OKX | S/USDT | SPOT | TF: 15m
  💲 Цена: 0.040880
────────────────────────────────────────────────────────────
  🚀 LONG | Уверенность: 76% | СИЛЬНЫЙ 🟢
  🛑 Stop-Loss:   0.040374
  🎯 Take-Profit: 0.041893
────────────────────────────────────────────────────────────
  ▲ ЛОНГ сигналы:
    ✓ Stoch RSI перепродан (<20)
    ✓ MA тренд ВВЕРХ (0.04118>0.04031)
  ▼ ШОРТ сигналы:
    ✓ MACD гистограмма- (-0.000092)
════════════════════════════════════════════════════════════

════════════════════════════════════════════════════════════
  📅 2026-03-02 15:53:03
  🏦 OKX | S/USDT | SPOT | TF: 1h
  💲 Цена: 0.040880
────────────────────────────────────────────────────────────
  🚀 LONG | Уверенность: 110% | СИЛЬНЫЙ 🟢
  🛑 Stop-Loss:   0.039824
  🎯 Take-Profit: 0.042993
────────────────────────────────────────────────────────────
  ▲ ЛОНГ сигналы:
    ✓ MA тренд ВВЕРХ (0.04011>0.04001)
    ✓ MACD гистограмма+ (0.000149)
════════════════════════════════════════════════════════════

════════════════════════════════════════════════════════════
  📅 2026-03-02 15:53:03
  🏦 OKX | S/USDT | SPOT | TF: 4h
  💲 Цена: 0.040880
────────────────────────────────────────────────────────────
  📉 SHORT | Уверенность: 76% | СИЛЬНЫЙ 🟢
  🛑 Stop-Loss:   0.042964
  🎯 Take-Profit: 0.036713
────────────────────────────────────────────────────────────
  ▲ ЛОНГ сигналы:
    ✓ MACD гистограмма+ (0.000231)
  ▼ ШОРТ сигналы:
    ✓ Stoch RSI перекуплен (>80)
    ✓ MA тренд ВНИЗ (0.03968<0.04027)
════════════════════════════════════════════════════════════

▓▓▓▓▓▓▓▓▓▓▓▓▓▓▓▓▓▓▓▓▓▓▓▓▓▓▓▓▓▓▓▓▓▓▓▓▓▓▓▓▓▓▓▓▓▓▓▓▓▓▓▓▓▓▓▓▓▓▓▓
  📊 МУЛЬТИ-ТАЙМФРЕЙМ АНАЛИЗ
  📅 2026-03-02 15:53:03 | OKX | S/USDT | SPOT
────────────────────────────────────────────────────────────
  15m → LONG (76%)
  1h → LONG (110%)
  4h → SHORT (76%)
────────────────────────────────────────────────────────────
  🏆 ИТОГ: НЕЙТРАЛЬНО | Уверенность: 50%
▓▓▓▓▓▓▓▓▓▓▓▓▓▓▓▓▓▓▓▓▓▓▓▓▓▓▓▓▓▓▓▓▓▓▓▓▓▓▓▓▓▓▓▓▓▓▓▓▓▓▓▓▓▓▓▓▓▓▓▓

════════════════════════════════════════════════════════════
  📅 2026-03-02 15:53:20
  🏦 OKX | S/USDT | SPOT | TF: 15m
  💲 Цена: 0.040880
────────────────────────────────────────────────────────────
  🚀 LONG | Уверенность: 76% | СИЛЬНЫЙ 🟢
  🛑 Stop-Loss:   0.040374
  🎯 Take-Profit: 0.041893
────────────────────────────────────────────────────────────
  ▲ ЛОНГ сигналы:
    ✓ Stoch RSI перепродан (<20)
    ✓ MA тренд ВВЕРХ (0.04118>0.04031)
  ▼ ШОРТ сигналы:
    ✓ MACD гистограмма- (-0.000092)
════════════════════════════════════════════════════════════

════════════════════════════════════════════════════════════
  📅 2026-03-02 15:54:04
  🏦 OKX | S/USDT | SPOT | TF: 15m
  💲 Цена: 0.040880
────────────────────────────────────────────────────────────
  🚀 LONG | Уверенность: 76% | СИЛЬНЫЙ 🟢
  🛑 Stop-Loss:   0.040374
  🎯 Take-Profit: 0.041893
────────────────────────────────────────────────────────────
  ▲ ЛОНГ сигналы:
    ✓ Stoch RSI перепродан (<20)
    ✓ MA тренд ВВЕРХ (0.04118>0.04031)
  ▼ ШОРТ сигналы:
    ✓ MACD гистограмма- (-0.000092)
════════════════════════════════════════════════════════════

════════════════════════════════════════════════════════════
  📅 2026-03-02 15:54:04
  🏦 OKX | S/USDT | SPOT | TF: 1h
  💲 Цена: 0.040880
────────────────────────────────────────────────────────────
  🚀 LONG | Уверенность: 110% | СИЛЬНЫЙ 🟢
  🛑 Stop-Loss:   0.039824
  🎯 Take-Profit: 0.042993
────────────────────────────────────────────────────────────
  ▲ ЛОНГ сигналы:
    ✓ MA тренд ВВЕРХ (0.04011>0.04001)
    ✓ MACD гистограмма+ (0.000149)
════════════════════════════════════════════════════════════

════════════════════════════════════════════════════════════
  📅 2026-03-02 15:54:04
  🏦 OKX | S/USDT | SPOT | TF: 4h
  💲 Цена: 0.040880
────────────────────────────────────────────────────────────
  📉 SHORT | Уверенность: 76% | СИЛЬНЫЙ 🟢
  🛑 Stop-Loss:   0.042964
  🎯 Take-Profit: 0.036713
────────────────────────────────────────────────────────────
  ▲ ЛОНГ сигналы:
    ✓ MACD гистограмма+ (0.000231)
  ▼ ШОРТ сигналы:
    ✓ Stoch RSI перекуплен (>80)
    ✓ MA тренд ВНИЗ (0.03968<0.04027)
════════════════════════════════════════════════════════════

▓▓▓▓▓▓▓▓▓▓▓▓▓▓▓▓▓▓▓▓▓▓▓▓▓▓▓▓▓▓▓▓▓▓▓▓▓▓▓▓▓▓▓▓▓▓▓▓▓▓▓▓▓▓▓▓▓▓▓▓
  📊 МУЛЬТИ-ТАЙМФРЕЙМ АНАЛИЗ
  📅 2026-03-02 15:54:04 | OKX | S/USDT | SPOT
────────────────────────────────────────────────────────────
  15m → LONG (76%)
  1h → LONG (110%)
  4h → SHORT (76%)
────────────────────────────────────────────────────────────
  🏆 ИТОГ: НЕЙТРАЛЬНО | Уверенность: 50%
▓▓▓▓▓▓▓▓▓▓▓▓▓▓▓▓▓▓▓▓▓▓▓▓▓▓▓▓▓▓▓▓▓▓▓▓▓▓▓▓▓▓▓▓▓▓▓▓▓▓▓▓▓▓▓▓▓▓▓▓

════════════════════════════════════════════════════════════
  📅 2026-03-02 15:54:21
  🏦 OKX | S/USDT | SPOT | TF: 15m
  💲 Цена: 0.040880
────────────────────────────────────────────────────────────
  🚀 LONG | Уверенность: 76% | СИЛЬНЫЙ 🟢
  🛑 Stop-Loss:   0.040374
  🎯 Take-Profit: 0.041893
────────────────────────────────────────────────────────────
  ▲ ЛОНГ сигналы:
    ✓ Stoch RSI перепродан (<20)
    ✓ MA тренд ВВЕРХ (0.04118>0.04031)
  ▼ ШОРТ сигналы:
    ✓ MACD гистограмма- (-0.000092)
════════════════════════════════════════════════════════════

════════════════════════════════════════════════════════════
  📅 2026-03-02 15:55:05
  🏦 OKX | S/USDT | SPOT | TF: 15m
  💲 Цена: 0.040870
────────────────────────────────────────────────────────────
  🚀 LONG | Уверенность: 76% | СИЛЬНЫЙ 🟢
  🛑 Stop-Loss:   0.040362
  🎯 Take-Profit: 0.041885
────────────────────────────────────────────────────────────
  ▲ ЛОНГ сигналы:
    ✓ Stoch RSI перепродан (<20)
    ✓ MA тренд ВВЕРХ (0.04118>0.04031)
  ▼ ШОРТ сигналы:
    ✓ MACD гистограмма- (-0.000093)
════════════════════════════════════════════════════════════

════════════════════════════════════════════════════════════
  📅 2026-03-02 15:55:05
  🏦 OKX | S/USDT | SPOT | TF: 1h
  💲 Цена: 0.040870
────────────────────────────────────────────────────────────
  🚀 LONG | Уверенность: 110% | СИЛЬНЫЙ 🟢
  🛑 Stop-Loss:   0.039814
  🎯 Take-Profit: 0.042983
────────────────────────────────────────────────────────────
  ▲ ЛОНГ сигналы:
    ✓ MA тренд ВВЕРХ (0.04011>0.04001)
    ✓ MACD гистограмма+ (0.000148)
════════════════════════════════════════════════════════════

════════════════════════════════════════════════════════════
  📅 2026-03-02 15:55:05
  🏦 OKX | S/USDT | SPOT | TF: 4h
  💲 Цена: 0.040870
────────────────────────────────────────────────────────────
  📉 SHORT | Уверенность: 76% | СИЛЬНЫЙ 🟢
  🛑 Stop-Loss:   0.042954
  🎯 Take-Profit: 0.036703
────────────────────────────────────────────────────────────
  ▲ ЛОНГ сигналы:
    ✓ MACD гистограмма+ (0.000231)
  ▼ ШОРТ сигналы:
    ✓ Stoch RSI перекуплен (>80)
    ✓ MA тренд ВНИЗ (0.03968<0.04027)
════════════════════════════════════════════════════════════

▓▓▓▓▓▓▓▓▓▓▓▓▓▓▓▓▓▓▓▓▓▓▓▓▓▓▓▓▓▓▓▓▓▓▓▓▓▓▓▓▓▓▓▓▓▓▓▓▓▓▓▓▓▓▓▓▓▓▓▓
  📊 МУЛЬТИ-ТАЙМФРЕЙМ АНАЛИЗ
  📅 2026-03-02 15:55:05 | OKX | S/USDT | SPOT
────────────────────────────────────────────────────────────
  15m → LONG (76%)
  1h → LONG (110%)
  4h → SHORT (76%)
────────────────────────────────────────────────────────────
  🏆 ИТОГ: НЕЙТРАЛЬНО | Уверенность: 50%
▓▓▓▓▓▓▓▓▓▓▓▓▓▓▓▓▓▓▓▓▓▓▓▓▓▓▓▓▓▓▓▓▓▓▓▓▓▓▓▓▓▓▓▓▓▓▓▓▓▓▓▓▓▓▓▓▓▓▓▓

════════════════════════════════════════════════════════════
  📅 2026-03-02 15:55:21
  🏦 OKX | S/USDT | SPOT | TF: 15m
  💲 Цена: 0.040880
────────────────────────────────────────────────────────────
  🚀 LONG | Уверенность: 76% | СИЛЬНЫЙ 🟢
  🛑 Stop-Loss:   0.040372
  🎯 Take-Profit: 0.041895
────────────────────────────────────────────────────────────
  ▲ ЛОНГ сигналы:
    ✓ Stoch RSI перепродан (<20)
    ✓ MA тренд ВВЕРХ (0.04118>0.04031)
  ▼ ШОРТ сигналы:
    ✓ MACD гистограмма- (-0.000092)
════════════════════════════════════════════════════════════

════════════════════════════════════════════════════════════
  📅 2026-03-02 15:56:06
  🏦 OKX | S/USDT | SPOT | TF: 15m
  💲 Цена: 0.040880
────────────────────────────────────────────────────────────
  🚀 LONG | Уверенность: 76% | СИЛЬНЫЙ 🟢
  🛑 Stop-Loss:   0.040372
  🎯 Take-Profit: 0.041895
────────────────────────────────────────────────────────────
  ▲ ЛОНГ сигналы:
    ✓ Stoch RSI перепродан (<20)
    ✓ MA тренд ВВЕРХ (0.04118>0.04031)
  ▼ ШОРТ сигналы:
    ✓ MACD гистограмма- (-0.000092)
════════════════════════════════════════════════════════════

════════════════════════════════════════════════════════════
  📅 2026-03-02 15:56:06
  🏦 OKX | S/USDT | SPOT | TF: 1h
  💲 Цена: 0.040880
────────────────────────────────────────────────────────────
  🚀 LONG | Уверенность: 110% | СИЛЬНЫЙ 🟢
  🛑 Stop-Loss:   0.039824
  🎯 Take-Profit: 0.042993
────────────────────────────────────────────────────────────
  ▲ ЛОНГ сигналы:
    ✓ MA тренд ВВЕРХ (0.04011>0.04001)
    ✓ MACD гистограмма+ (0.000149)
════════════════════════════════════════════════════════════

════════════════════════════════════════════════════════════
  📅 2026-03-02 15:56:06
  🏦 OKX | S/USDT | SPOT | TF: 4h
  💲 Цена: 0.040880
────────────────────────────────────────────────────────────
  📉 SHORT | Уверенность: 76% | СИЛЬНЫЙ 🟢
  🛑 Stop-Loss:   0.042964
  🎯 Take-Profit: 0.036713
────────────────────────────────────────────────────────────
  ▲ ЛОНГ сигналы:
    ✓ MACD гистограмма+ (0.000231)
  ▼ ШОРТ сигналы:
    ✓ Stoch RSI перекуплен (>80)
    ✓ MA тренд ВНИЗ (0.03968<0.04027)
════════════════════════════════════════════════════════════

▓▓▓▓▓▓▓▓▓▓▓▓▓▓▓▓▓▓▓▓▓▓▓▓▓▓▓▓▓▓▓▓▓▓▓▓▓▓▓▓▓▓▓▓▓▓▓▓▓▓▓▓▓▓▓▓▓▓▓▓
  📊 МУЛЬТИ-ТАЙМФРЕЙМ АНАЛИЗ
  📅 2026-03-02 15:56:06 | OKX | S/USDT | SPOT
────────────────────────────────────────────────────────────
  15m → LONG (76%)
  1h → LONG (110%)
  4h → SHORT (76%)
────────────────────────────────────────────────────────────
  🏆 ИТОГ: НЕЙТРАЛЬНО | Уверенность: 50%
▓▓▓▓▓▓▓▓▓▓▓▓▓▓▓▓▓▓▓▓▓▓▓▓▓▓▓▓▓▓▓▓▓▓▓▓▓▓▓▓▓▓▓▓▓▓▓▓▓▓▓▓▓▓▓▓▓▓▓▓

════════════════════════════════════════════════════════════
  📅 2026-03-02 15:56:21
  🏦 OKX | S/USDT | SPOT | TF: 15m
  💲 Цена: 0.040880
────────────────────────────────────────────────────────────
  🚀 LONG | Уверенность: 76% | СИЛЬНЫЙ 🟢
  🛑 Stop-Loss:   0.040372
  🎯 Take-Profit: 0.041895
────────────────────────────────────────────────────────────
  ▲ ЛОНГ сигналы:
    ✓ Stoch RSI перепродан (<20)
    ✓ MA тренд ВВЕРХ (0.04118>0.04031)
  ▼ ШОРТ сигналы:
    ✓ MACD гистограмма- (-0.000092)
════════════════════════════════════════════════════════════

════════════════════════════════════════════════════════════
  📅 2026-03-02 15:57:07
  🏦 OKX | S/USDT | SPOT | TF: 15m
  💲 Цена: 0.040830
────────────────────────────────────────────────────────────
  🚀 LONG | Уверенность: 87% | СИЛЬНЫЙ 🟢
  🛑 Stop-Loss:   0.040318
  🎯 Take-Profit: 0.041854
────────────────────────────────────────────────────────────
  ▲ ЛОНГ сигналы:
    ✓ Stoch RSI перепродан (<20)
    ✓ MA тренд ВВЕРХ (0.04118>0.04031)
    ✓ Цена у поддержки 0.04064 (0.46%)
  ▼ ШОРТ сигналы:
    ✓ MACD гистограмма- (-0.000096)
════════════════════════════════════════════════════════════

════════════════════════════════════════════════════════════
  📅 2026-03-02 15:57:07
  🏦 OKX | S/USDT | SPOT | TF: 1h
  💲 Цена: 0.040830
────────────────────────────────────────────────────────────
  🚀 LONG | Уверенность: 110% | СИЛЬНЫЙ 🟢
  🛑 Stop-Loss:   0.039774
  🎯 Take-Profit: 0.042943
────────────────────────────────────────────────────────────
  ▲ ЛОНГ сигналы:
    ✓ MA тренд ВВЕРХ (0.04011>0.04001)
    ✓ MACD гистограмма+ (0.000146)
════════════════════════════════════════════════════════════

════════════════════════════════════════════════════════════
  📅 2026-03-02 15:57:07
  🏦 OKX | S/USDT | SPOT | TF: 4h
  💲 Цена: 0.040830
────────────────────────────────────────────────────────────
  📉 SHORT | Уверенность: 76% | СИЛЬНЫЙ 🟢
  🛑 Stop-Loss:   0.042914
  🎯 Take-Profit: 0.036663
────────────────────────────────────────────────────────────
  ▲ ЛОНГ сигналы:
    ✓ MACD гистограмма+ (0.000228)
  ▼ ШОРТ сигналы:
    ✓ Stoch RSI перекуплен (>80)
    ✓ MA тренд ВНИЗ (0.03968<0.04027)
════════════════════════════════════════════════════════════

▓▓▓▓▓▓▓▓▓▓▓▓▓▓▓▓▓▓▓▓▓▓▓▓▓▓▓▓▓▓▓▓▓▓▓▓▓▓▓▓▓▓▓▓▓▓▓▓▓▓▓▓▓▓▓▓▓▓▓▓
  📊 МУЛЬТИ-ТАЙМФРЕЙМ АНАЛИЗ
  📅 2026-03-02 15:57:07 | OKX | S/USDT | SPOT
────────────────────────────────────────────────────────────
  15m → LONG (87%)
  1h → LONG (110%)
  4h → SHORT (76%)
────────────────────────────────────────────────────────────
  🏆 ИТОГ: НЕЙТРАЛЬНО | Уверенность: 50%
▓▓▓▓▓▓▓▓▓▓▓▓▓▓▓▓▓▓▓▓▓▓▓▓▓▓▓▓▓▓▓▓▓▓▓▓▓▓▓▓▓▓▓▓▓▓▓▓▓▓▓▓▓▓▓▓▓▓▓▓

════════════════════════════════════════════════════════════
  📅 2026-03-02 15:57:22
  🏦 OKX | S/USDT | SPOT | TF: 15m
  💲 Цена: 0.040830
────────────────────────────────────────────────────────────
  🚀 LONG | Уверенность: 87% | СИЛЬНЫЙ 🟢
  🛑 Stop-Loss:   0.040318
  🎯 Take-Profit: 0.041854
────────────────────────────────────────────────────────────
  ▲ ЛОНГ сигналы:
    ✓ Stoch RSI перепродан (<20)
    ✓ MA тренд ВВЕРХ (0.04118>0.04031)
    ✓ Цена у поддержки 0.04064 (0.46%)
  ▼ ШОРТ сигналы:
    ✓ MACD гистограмма- (-0.000096)
════════════════════════════════════════════════════════════

════════════════════════════════════════════════════════════
  📅 2026-03-02 15:58:08
  🏦 OKX | S/USDT | SPOT | TF: 15m
  💲 Цена: 0.040860
────────────────────────────────────────────────────────────
  🚀 LONG | Уверенность: 76% | СИЛЬНЫЙ 🟢
  🛑 Stop-Loss:   0.040348
  🎯 Take-Profit: 0.041884
────────────────────────────────────────────────────────────
  ▲ ЛОНГ сигналы:
    ✓ Stoch RSI перепродан (<20)
    ✓ MA тренд ВВЕРХ (0.04118>0.04031)
  ▼ ШОРТ сигналы:
    ✓ MACD гистограмма- (-0.000094)
════════════════════════════════════════════════════════════

════════════════════════════════════════════════════════════
  📅 2026-03-02 15:58:08
  🏦 OKX | S/USDT | SPOT | TF: 1h
  💲 Цена: 0.040860
────────────────────────────────────────────────────────────
  🚀 LONG | Уверенность: 110% | СИЛЬНЫЙ 🟢
  🛑 Stop-Loss:   0.039804
  🎯 Take-Profit: 0.042973
────────────────────────────────────────────────────────────
  ▲ ЛОНГ сигналы:
    ✓ MA тренд ВВЕРХ (0.04011>0.04001)
    ✓ MACD гистограмма+ (0.000148)
════════════════════════════════════════════════════════════

════════════════════════════════════════════════════════════
  📅 2026-03-02 15:58:08
  🏦 OKX | S/USDT | SPOT | TF: 4h
  💲 Цена: 0.040860
────────────────────────────────────────────────────────────
  📉 SHORT | Уверенность: 76% | СИЛЬНЫЙ 🟢
  🛑 Stop-Loss:   0.042944
  🎯 Take-Profit: 0.036693
────────────────────────────────────────────────────────────
  ▲ ЛОНГ сигналы:
    ✓ MACD гистограмма+ (0.000230)
  ▼ ШОРТ сигналы:
    ✓ Stoch RSI перекуплен (>80)
    ✓ MA тренд ВНИЗ (0.03968<0.04027)
════════════════════════════════════════════════════════════

▓▓▓▓▓▓▓▓▓▓▓▓▓▓▓▓▓▓▓▓▓▓▓▓▓▓▓▓▓▓▓▓▓▓▓▓▓▓▓▓▓▓▓▓▓▓▓▓▓▓▓▓▓▓▓▓▓▓▓▓
  📊 МУЛЬТИ-ТАЙМФРЕЙМ АНАЛИЗ
  📅 2026-03-02 15:58:08 | OKX | S/USDT | SPOT
────────────────────────────────────────────────────────────
  15m → LONG (76%)
  1h → LONG (110%)
  4h → SHORT (76%)
────────────────────────────────────────────────────────────
  🏆 ИТОГ: НЕЙТРАЛЬНО | Уверенность: 50%
▓▓▓▓▓▓▓▓▓▓▓▓▓▓▓▓▓▓▓▓▓▓▓▓▓▓▓▓▓▓▓▓▓▓▓▓▓▓▓▓▓▓▓▓▓▓▓▓▓▓▓▓▓▓▓▓▓▓▓▓

════════════════════════════════════════════════════════════
  📅 2026-03-02 15:58:22
  🏦 OKX | S/USDT | SPOT | TF: 15m
  💲 Цена: 0.040860
────────────────────────────────────────────────────────────
  🚀 LONG | Уверенность: 76% | СИЛЬНЫЙ 🟢
  🛑 Stop-Loss:   0.040348
  🎯 Take-Profit: 0.041884
────────────────────────────────────────────────────────────
  ▲ ЛОНГ сигналы:
    ✓ Stoch RSI перепродан (<20)
    ✓ MA тренд ВВЕРХ (0.04118>0.04031)
  ▼ ШОРТ сигналы:
    ✓ MACD гистограмма- (-0.000094)
════════════════════════════════════════════════════════════

════════════════════════════════════════════════════════════
  📅 2026-03-02 15:59:08
  🏦 OKX | S/USDT | SPOT | TF: 15m
  💲 Цена: 0.040800
────────────────────────────────────────────────────────────
  🚀 LONG | Уверенность: 87% | СИЛЬНЫЙ 🟢
  🛑 Stop-Loss:   0.040285
  🎯 Take-Profit: 0.041830
────────────────────────────────────────────────────────────
  ▲ ЛОНГ сигналы:
    ✓ Stoch RSI перепродан (<20)
    ✓ MA тренд ВВЕРХ (0.04117>0.04031)
    ✓ Цена у поддержки 0.04064 (0.38%)
  ▼ ШОРТ сигналы:
    ✓ MACD гистограмма- (-0.000097)
════════════════════════════════════════════════════════════

════════════════════════════════════════════════════════════
  📅 2026-03-02 15:59:09
  🏦 OKX | S/USDT | SPOT | TF: 1h
  💲 Цена: 0.040800
────────────────────────────────────────────────────────────
  🚀 LONG | Уверенность: 110% | СИЛЬНЫЙ 🟢
  🛑 Stop-Loss:   0.039744
  🎯 Take-Profit: 0.042913
────────────────────────────────────────────────────────────
  ▲ ЛОНГ сигналы:
    ✓ MA тренд ВВЕРХ (0.04011>0.04001)
    ✓ MACD гистограмма+ (0.000144)
════════════════════════════════════════════════════════════

════════════════════════════════════════════════════════════
  📅 2026-03-02 15:59:09
  🏦 OKX | S/USDT | SPOT | TF: 4h
  💲 Цена: 0.040800
────────────────────────────────────────────────────────────
  📉 SHORT | Уверенность: 76% | СИЛЬНЫЙ 🟢
  🛑 Stop-Loss:   0.042884
  🎯 Take-Profit: 0.036633
────────────────────────────────────────────────────────────
  ▲ ЛОНГ сигналы:
    ✓ MACD гистограмма+ (0.000226)
  ▼ ШОРТ сигналы:
    ✓ Stoch RSI перекуплен (>80)
    ✓ MA тренд ВНИЗ (0.03968<0.04026)
════════════════════════════════════════════════════════════

▓▓▓▓▓▓▓▓▓▓▓▓▓▓▓▓▓▓▓▓▓▓▓▓▓▓▓▓▓▓▓▓▓▓▓▓▓▓▓▓▓▓▓▓▓▓▓▓▓▓▓▓▓▓▓▓▓▓▓▓
  📊 МУЛЬТИ-ТАЙМФРЕЙМ АНАЛИЗ
  📅 2026-03-02 15:59:09 | OKX | S/USDT | SPOT
────────────────────────────────────────────────────────────
  15m → LONG (87%)
  1h → LONG (110%)
  4h → SHORT (76%)
────────────────────────────────────────────────────────────
  🏆 ИТОГ: НЕЙТРАЛЬНО | Уверенность: 50%
▓▓▓▓▓▓▓▓▓▓▓▓▓▓▓▓▓▓▓▓▓▓▓▓▓▓▓▓▓▓▓▓▓▓▓▓▓▓▓▓▓▓▓▓▓▓▓▓▓▓▓▓▓▓▓▓▓▓▓▓

════════════════════════════════════════════════════════════
  📅 2026-03-02 15:59:22
  🏦 OKX | S/USDT | SPOT | TF: 15m
  💲 Цена: 0.040800
────────────────────────────────────────────────────────────
  🚀 LONG | Уверенность: 87% | СИЛЬНЫЙ 🟢
  🛑 Stop-Loss:   0.040285
  🎯 Take-Profit: 0.041830
────────────────────────────────────────────────────────────
  ▲ ЛОНГ сигналы:
    ✓ Stoch RSI перепродан (<20)
    ✓ MA тренд ВВЕРХ (0.04117>0.04031)
    ✓ Цена у поддержки 0.04064 (0.38%)
  ▼ ШОРТ сигналы:
    ✓ MACD гистограмма- (-0.000097)
════════════════════════════════════════════════════════════
