
════════════════════════════════════════════════════════════
  📅 2026-03-06 10:35:31
  🏦 OKX | MSTR/USDT | FUTURES | TF: 15m
  💲 Цена: 134.910000
────────────────────────────────────────────────────────────
  📉 SHORT | Уверенность: 68% | СРЕДНИЙ 🟡
  🛑 Stop-Loss:   136.595151
  🎯 Take-Profit: 131.539699
────────────────────────────────────────────────────────────
  🕯️  Паттерны: Shooting Star ⭐
────────────────────────────────────────────────────────────
  ▲ ЛОНГ сигналы:
    ✓ Бычья дивергенция RSI: цена ↓ (134.46000→133.80000), RSI ↑ (19.3→23.5) — сигнал разворота ВВЕРХ
  ▼ ШОРТ сигналы:
    ✓ MA тренд ВНИЗ (136.68400<138.65820)
    ✓ MACD гистограмма- (-0.153040)
    ✓ Shooting Star ⭐: Падающая звезда — сигнал разворота вниз
════════════════════════════════════════════════════════════

════════════════════════════════════════════════════════════
  📅 2026-03-06 10:35:31
  🏦 OKX | MSTR/USDT | FUTURES | TF: 1h
  💲 Цена: 134.940000
────────────────────────────────────────────────────────────
  📉 SHORT | Уверенность: 63% | СРЕДНИЙ 🟡
  🛑 Stop-Loss:   137.662867
  🎯 Take-Profit: 129.494267
────────────────────────────────────────────────────────────
  ▲ ЛОНГ сигналы:
    ✓ Stoch RSI перепродан (<20)
    ✓ Stoch RSI: K пересёк D вверх
  ▼ ШОРТ сигналы:
    ✓ MA тренд ВНИЗ (139.03450<142.80820)
    ✓ MACD гистограмма- (-0.523416)
    ✓ Высокий объём 2.2x — подтверждает падение
════════════════════════════════════════════════════════════

════════════════════════════════════════════════════════════
  📅 2026-03-06 10:35:31
  🏦 OKX | MSTR/USDT | FUTURES | TF: 4h
  💲 Цена: 134.940000
────────────────────────────────────────────────────────────
  🚀 LONG | Уверенность: 85% | СИЛЬНЫЙ 🟢
  🛑 Stop-Loss:   128.786775
  🎯 Take-Profit: 147.246450
────────────────────────────────────────────────────────────
  ▲ ЛОНГ сигналы:
    ✓ Stoch RSI перепродан (<20)
    ✓ MA тренд ВВЕРХ (139.95600>135.08640)
    ✓ Высокий объём 1.6x — подтверждает рост
  ▼ ШОРТ сигналы:
    ✓ MACD гистограмма- (-1.019505)
════════════════════════════════════════════════════════════

▓▓▓▓▓▓▓▓▓▓▓▓▓▓▓▓▓▓▓▓▓▓▓▓▓▓▓▓▓▓▓▓▓▓▓▓▓▓▓▓▓▓▓▓▓▓▓▓▓▓▓▓▓▓▓▓▓▓▓▓
  📊 МУЛЬТИ-ТАЙМФРЕЙМ АНАЛИЗ
  📅 2026-03-06 10:35:31 | OKX | MSTR/USDT | FUTURES
────────────────────────────────────────────────────────────
  15m → SHORT (68%)
  1h → SHORT (63%)
  4h → LONG (85%)
────────────────────────────────────────────────────────────
  🏆 ИТОГ: НЕЙТРАЛЬНО | Уверенность: 50%
▓▓▓▓▓▓▓▓▓▓▓▓▓▓▓▓▓▓▓▓▓▓▓▓▓▓▓▓▓▓▓▓▓▓▓▓▓▓▓▓▓▓▓▓▓▓▓▓▓▓▓▓▓▓▓▓▓▓▓▓

════════════════════════════════════════════════════════════
  📅 2026-03-06 10:36:32
  🏦 OKX | MSTR/USDT | FUTURES | TF: 15m
  💲 Цена: 134.880000
────────────────────────────────────────────────────────────
  📉 SHORT | Уверенность: 68% | СРЕДНИЙ 🟡
  🛑 Stop-Loss:   136.565151
  🎯 Take-Profit: 131.509699
────────────────────────────────────────────────────────────
  🕯️  Паттерны: Shooting Star ⭐
────────────────────────────────────────────────────────────
  ▲ ЛОНГ сигналы:
    ✓ Бычья дивергенция RSI: цена ↓ (134.46000→133.80000), RSI ↑ (19.3→23.5) — сигнал разворота ВВЕРХ
  ▼ ШОРТ сигналы:
    ✓ MA тренд ВНИЗ (136.68250<138.65760)
    ✓ MACD гистограмма- (-0.154955)
    ✓ Shooting Star ⭐: Падающая звезда — сигнал разворота вниз
════════════════════════════════════════════════════════════

════════════════════════════════════════════════════════════
  📅 2026-03-06 10:36:32
  🏦 OKX | MSTR/USDT | FUTURES | TF: 1h
  💲 Цена: 134.880000
────────────────────────────────────────────────────────────
  📉 SHORT | Уверенность: 62% | СРЕДНИЙ 🟡
  🛑 Stop-Loss:   137.602867
  🎯 Take-Profit: 129.434267
────────────────────────────────────────────────────────────
  ▲ ЛОНГ сигналы:
    ✓ Stoch RSI перепродан (<20)
    ✓ Stoch RSI: K пересёк D вверх
    ✓ Цена у нижней BB (134.88684)
  ▼ ШОРТ сигналы:
    ✓ MA тренд ВНИЗ (139.03150<142.80700)
    ✓ MACD гистограмма- (-0.527245)
    ✓ Высокий объём 2.3x — подтверждает падение
    ✓ Цена у сопротивления 134.89500 (0.01%)
════════════════════════════════════════════════════════════

════════════════════════════════════════════════════════════
  📅 2026-03-06 10:36:32
  🏦 OKX | MSTR/USDT | FUTURES | TF: 4h
  💲 Цена: 134.970000
────────────────────────────────────────────────────────────
  🚀 LONG | Уверенность: 85% | СИЛЬНЫЙ 🟢
  🛑 Stop-Loss:   128.816775
  🎯 Take-Profit: 147.276450
────────────────────────────────────────────────────────────
  ▲ ЛОНГ сигналы:
    ✓ Stoch RSI перепродан (<20)
    ✓ MA тренд ВВЕРХ (139.95750>135.08700)
    ✓ Высокий объём 1.6x — подтверждает рост
  ▼ ШОРТ сигналы:
    ✓ MACD гистограмма- (-1.017591)
════════════════════════════════════════════════════════════

▓▓▓▓▓▓▓▓▓▓▓▓▓▓▓▓▓▓▓▓▓▓▓▓▓▓▓▓▓▓▓▓▓▓▓▓▓▓▓▓▓▓▓▓▓▓▓▓▓▓▓▓▓▓▓▓▓▓▓▓
  📊 МУЛЬТИ-ТАЙМФРЕЙМ АНАЛИЗ
  📅 2026-03-06 10:36:32 | OKX | MSTR/USDT | FUTURES
────────────────────────────────────────────────────────────
  15m → SHORT (68%)
  1h → SHORT (62%)
  4h → LONG (85%)
────────────────────────────────────────────────────────────
  🏆 ИТОГ: НЕЙТРАЛЬНО | Уверенность: 50%
▓▓▓▓▓▓▓▓▓▓▓▓▓▓▓▓▓▓▓▓▓▓▓▓▓▓▓▓▓▓▓▓▓▓▓▓▓▓▓▓▓▓▓▓▓▓▓▓▓▓▓▓▓▓▓▓▓▓▓▓

════════════════════════════════════════════════════════════
  📅 2026-03-06 10:37:33
  🏦 OKX | MSTR/USDT | FUTURES | TF: 15m
  💲 Цена: 134.930000
────────────────────────────────────────────────────────────
  📉 SHORT | Уверенность: 68% | СРЕДНИЙ 🟡
  🛑 Stop-Loss:   136.615151
  🎯 Take-Profit: 131.559699
────────────────────────────────────────────────────────────
  🕯️  Паттерны: Shooting Star ⭐
────────────────────────────────────────────────────────────
  ▲ ЛОНГ сигналы:
    ✓ Бычья дивергенция RSI: цена ↓ (134.46000→133.80000), RSI ↑ (19.3→23.5) — сигнал разворота ВВЕРХ
  ▼ ШОРТ сигналы:
    ✓ MA тренд ВНИЗ (136.68500<138.65860)
    ✓ MACD гистограмма- (-0.151764)
    ✓ Shooting Star ⭐: Падающая звезда — сигнал разворота вниз
════════════════════════════════════════════════════════════

════════════════════════════════════════════════════════════
  📅 2026-03-06 10:37:33
  🏦 OKX | MSTR/USDT | FUTURES | TF: 1h
  💲 Цена: 134.880000
────────────────────────────────────────────────────────────
  📉 SHORT | Уверенность: 62% | СРЕДНИЙ 🟡
  🛑 Stop-Loss:   137.602867
  🎯 Take-Profit: 129.434267
────────────────────────────────────────────────────────────
  ▲ ЛОНГ сигналы:
    ✓ Stoch RSI перепродан (<20)
    ✓ Stoch RSI: K пересёк D вверх
    ✓ Цена у нижней BB (134.88684)
  ▼ ШОРТ сигналы:
    ✓ MA тренд ВНИЗ (139.03150<142.80700)
    ✓ MACD гистограмма- (-0.527245)
    ✓ Высокий объём 2.3x — подтверждает падение
    ✓ Цена у сопротивления 134.89500 (0.01%)
════════════════════════════════════════════════════════════

════════════════════════════════════════════════════════════
  📅 2026-03-06 10:37:33
  🏦 OKX | MSTR/USDT | FUTURES | TF: 4h
  💲 Цена: 134.930000
────────────────────────────────────────────────────────────
  🚀 LONG | Уверенность: 85% | СИЛЬНЫЙ 🟢
  🛑 Stop-Loss:   128.776775
  🎯 Take-Profit: 147.236450
────────────────────────────────────────────────────────────
  ▲ ЛОНГ сигналы:
    ✓ Stoch RSI перепродан (<20)
    ✓ MA тренд ВВЕРХ (139.95550>135.08620)
    ✓ Высокий объём 1.6x — подтверждает рост
  ▼ ШОРТ сигналы:
    ✓ MACD гистограмма- (-1.020143)
════════════════════════════════════════════════════════════

▓▓▓▓▓▓▓▓▓▓▓▓▓▓▓▓▓▓▓▓▓▓▓▓▓▓▓▓▓▓▓▓▓▓▓▓▓▓▓▓▓▓▓▓▓▓▓▓▓▓▓▓▓▓▓▓▓▓▓▓
  📊 МУЛЬТИ-ТАЙМФРЕЙМ АНАЛИЗ
  📅 2026-03-06 10:37:33 | OKX | MSTR/USDT | FUTURES
────────────────────────────────────────────────────────────
  15m → SHORT (68%)
  1h → SHORT (62%)
  4h → LONG (85%)
────────────────────────────────────────────────────────────
  🏆 ИТОГ: НЕЙТРАЛЬНО | Уверенность: 50%
▓▓▓▓▓▓▓▓▓▓▓▓▓▓▓▓▓▓▓▓▓▓▓▓▓▓▓▓▓▓▓▓▓▓▓▓▓▓▓▓▓▓▓▓▓▓▓▓▓▓▓▓▓▓▓▓▓▓▓▓

════════════════════════════════════════════════════════════
  📅 2026-03-06 10:38:34
  🏦 OKX | MSTR/USDT | FUTURES | TF: 15m
  💲 Цена: 135.450000
────────────────────────────────────────────────────────────
  🚀 LONG | Уверенность: 50% | СЛАБЫЙ ⚪
  🛑 Stop-Loss:   133.751992
  🎯 Take-Profit: 138.846016
────────────────────────────────────────────────────────────
  ▲ ЛОНГ сигналы:
    ✓ Бычья дивергенция RSI: цена ↓ (134.46000→133.80000), RSI ↑ (19.3→23.5) — сигнал разворота ВВЕРХ
  ▼ ШОРТ сигналы:
    ✓ MA тренд ВНИЗ (136.71100<138.66900)
    ✓ MACD гистограмма- (-0.118579)
════════════════════════════════════════════════════════════

════════════════════════════════════════════════════════════
  📅 2026-03-06 10:38:34
  🏦 OKX | MSTR/USDT | FUTURES | TF: 1h
  💲 Цена: 135.450000
────────────────────────────────────────────────────────────
  📉 SHORT | Уверенность: 73% | СРЕДНИЙ 🟡
  🛑 Stop-Loss:   138.172867
  🎯 Take-Profit: 130.004267
────────────────────────────────────────────────────────────
  ▲ ЛОНГ сигналы:
    ✓ Stoch RSI перепродан (<20)
    ✓ Stoch RSI: K пересёк D вверх
  ▼ ШОРТ сигналы:
    ✓ MA тренд ВНИЗ (139.06000<142.81840)
    ✓ MACD гистограмма- (-0.490869)
    ✓ Высокий объём 2.3x — подтверждает падение
    ✓ Цена у сопротивления 135.72667 (0.20%)
════════════════════════════════════════════════════════════

════════════════════════════════════════════════════════════
  📅 2026-03-06 10:38:34
  🏦 OKX | MSTR/USDT | FUTURES | TF: 4h
  💲 Цена: 135.450000
────────────────────────────────────────────────────────────
  🚀 LONG | Уверенность: 85% | СИЛЬНЫЙ 🟢
  🛑 Stop-Loss:   129.296775
  🎯 Take-Profit: 147.756450
────────────────────────────────────────────────────────────
  ▲ ЛОНГ сигналы:
    ✓ Stoch RSI перепродан (<20)
    ✓ MA тренд ВВЕРХ (139.98150>135.09660)
    ✓ Высокий объём 1.6x — подтверждает рост
  ▼ ШОРТ сигналы:
    ✓ MACD гистограмма- (-0.986958)
════════════════════════════════════════════════════════════

▓▓▓▓▓▓▓▓▓▓▓▓▓▓▓▓▓▓▓▓▓▓▓▓▓▓▓▓▓▓▓▓▓▓▓▓▓▓▓▓▓▓▓▓▓▓▓▓▓▓▓▓▓▓▓▓▓▓▓▓
  📊 МУЛЬТИ-ТАЙМФРЕЙМ АНАЛИЗ
  📅 2026-03-06 10:38:34 | OKX | MSTR/USDT | FUTURES
────────────────────────────────────────────────────────────
  15m → LONG (50%)
  1h → SHORT (73%)
  4h → LONG (85%)
────────────────────────────────────────────────────────────
  🏆 ИТОГ: LONG | Уверенность: 67%
▓▓▓▓▓▓▓▓▓▓▓▓▓▓▓▓▓▓▓▓▓▓▓▓▓▓▓▓▓▓▓▓▓▓▓▓▓▓▓▓▓▓▓▓▓▓▓▓▓▓▓▓▓▓▓▓▓▓▓▓

════════════════════════════════════════════════════════════
  📅 2026-03-06 10:39:34
  🏦 OKX | MSTR/USDT | FUTURES | TF: 15m
  💲 Цена: 135.100000
────────────────────────────────────────────────────────────
  🚀 LONG | Уверенность: 50% | СЛАБЫЙ ⚪
  🛑 Stop-Loss:   133.401992
  🎯 Take-Profit: 138.496016
────────────────────────────────────────────────────────────
  ▲ ЛОНГ сигналы:
    ✓ Бычья дивергенция RSI: цена ↓ (134.46000→133.80000), RSI ↑ (19.3→23.5) — сигнал разворота ВВЕРХ
  ▼ ШОРТ сигналы:
    ✓ MA тренд ВНИЗ (136.69350<138.66200)
    ✓ MACD гистограмма- (-0.140915)
════════════════════════════════════════════════════════════

════════════════════════════════════════════════════════════
  📅 2026-03-06 10:39:34
  🏦 OKX | MSTR/USDT | FUTURES | TF: 1h
  💲 Цена: 135.100000
────────────────────────────────────────────────────────────
  📉 SHORT | Уверенность: 73% | СРЕДНИЙ 🟡
  🛑 Stop-Loss:   137.822867
  🎯 Take-Profit: 129.654267
────────────────────────────────────────────────────────────
  ▲ ЛОНГ сигналы:
    ✓ Stoch RSI перепродан (<20)
    ✓ Stoch RSI: K пересёк D вверх
  ▼ ШОРТ сигналы:
    ✓ MA тренд ВНИЗ (139.04250<142.81140)
    ✓ MACD гистограмма- (-0.513205)
    ✓ Высокий объём 2.4x — подтверждает падение
    ✓ Цена у сопротивления 135.72667 (0.46%)
════════════════════════════════════════════════════════════

════════════════════════════════════════════════════════════
  📅 2026-03-06 10:39:34
  🏦 OKX | MSTR/USDT | FUTURES | TF: 4h
  💲 Цена: 135.100000
────────────────────────────────────────────────────────────
  🚀 LONG | Уверенность: 85% | СИЛЬНЫЙ 🟢
  🛑 Stop-Loss:   128.946775
  🎯 Take-Profit: 147.406450
────────────────────────────────────────────────────────────
  ▲ ЛОНГ сигналы:
    ✓ Stoch RSI перепродан (<20)
    ✓ MA тренд ВВЕРХ (139.96400>135.08960)
    ✓ Высокий объём 1.6x — подтверждает рост
  ▼ ШОРТ сигналы:
    ✓ MACD гистограмма- (-1.009294)
════════════════════════════════════════════════════════════

▓▓▓▓▓▓▓▓▓▓▓▓▓▓▓▓▓▓▓▓▓▓▓▓▓▓▓▓▓▓▓▓▓▓▓▓▓▓▓▓▓▓▓▓▓▓▓▓▓▓▓▓▓▓▓▓▓▓▓▓
  📊 МУЛЬТИ-ТАЙМФРЕЙМ АНАЛИЗ
  📅 2026-03-06 10:39:34 | OKX | MSTR/USDT | FUTURES
────────────────────────────────────────────────────────────
  15m → LONG (50%)
  1h → SHORT (73%)
  4h → LONG (85%)
────────────────────────────────────────────────────────────
  🏆 ИТОГ: LONG | Уверенность: 67%
▓▓▓▓▓▓▓▓▓▓▓▓▓▓▓▓▓▓▓▓▓▓▓▓▓▓▓▓▓▓▓▓▓▓▓▓▓▓▓▓▓▓▓▓▓▓▓▓▓▓▓▓▓▓▓▓▓▓▓▓
